2025-04-03 11:48:00 - INFO - Arctaris rename_statements.py:1982 - setup_logging - Logging initialized at level INFO
2025-04-03 11:48:00 - INFO - Arctaris rename_statements.py:1983 - setup_logging - Log file: C:\Users\Christian\OneDrive - Arctaris Michigan Partners, LLC\Desktop\Bank Automation\Codes\Bank Statements\logs\pdf_processor_20250403_114800.log
2025-04-03 11:48:00 - INFO - Arctaris rename_statements.py:2048 - main - Starting PDF rename script (version 2.0)
2025-04-03 11:48:00 - INFO - Arctaris rename_statements.py:2049 - main - Input folder: C:\Users\Christian\OneDrive - Arctaris Michigan Partners, LLC\Desktop\Bank Automation\input_statements
2025-04-03 11:48:00 - INFO - Arctaris rename_statements.py:2050 - main - Output folder: C:\Users\Christian\OneDrive - Arctaris Michigan Partners, LLC\Desktop\Bank Automation\processed_statements
2025-04-03 11:48:00 - INFO - Arctaris rename_statements.py:2068 - main - Found 4 repaired files that will be skipped
2025-04-03 11:48:00 - INFO - Arctaris rename_statements.py:2083 - main - Found 110 PDF file(s) to process
2025-04-03 11:48:00 - INFO - Arctaris rename_statements.py:1718 - find_duplicate_files - Duplicate group - Original: dxweb (26).pdf, Duplicates: dxweb (27).pdf
2025-04-03 11:48:00 - INFO - Arctaris rename_statements.py:1718 - find_duplicate_files - Duplicate group - Original: dxweb (32).pdf, Duplicates: dxweb (33).pdf
2025-04-03 11:48:00 - WARNING - Arctaris rename_statements.py:2091 - main - Found 2 groups of duplicate files:
2025-04-03 11:48:00 - WARNING - Arctaris rename_statements.py:2093 - main -   Duplicate group (2 files):
2025-04-03 11:48:00 - WARNING - Arctaris rename_statements.py:2096 - main -     - dxweb (26).pdf
2025-04-03 11:48:00 - WARNING - Arctaris rename_statements.py:2096 - main -     - dxweb (27).pdf
2025-04-03 11:48:00 - INFO - Arctaris rename_statements.py:2101 - main -   Original: dxweb (26).pdf, Duplicates: dxweb (27).pdf
2025-04-03 11:48:00 - WARNING - Arctaris rename_statements.py:2093 - main -   Duplicate group (2 files):
2025-04-03 11:48:00 - WARNING - Arctaris rename_statements.py:2096 - main -     - dxweb (32).pdf
2025-04-03 11:48:00 - WARNING - Arctaris rename_statements.py:2096 - main -     - dxweb (33).pdf
2025-04-03 11:48:00 - INFO - Arctaris rename_statements.py:2101 - main -   Original: dxweb (32).pdf, Duplicates: dxweb (33).pdf
2025-04-03 11:48:00 - INFO - Arctaris rename_statements.py:2120 - main - 
=== PREVIEW MODE ===
2025-04-03 11:48:00 - INFO - Arctaris rename_statements.py:2128 - main - Verifying PDF files...
2025-04-03 11:48:01 - INFO - Arctaris rename_statements.py:2165 - main - 110 files verified and ready for processing
2025-04-03 11:48:01 - INFO - Arctaris rename_statements.py:2174 - main - 
Processing batch 1 (1-20 of 110)
2025-04-03 11:48:01 - INFO - Arctaris rename_statements.py:2179 - main - [1/110] Processing file: dxweb (10).pdf
2025-04-03 11:48:01 - INFO - Arctaris rename_statements.py:270 - process_pdf - Processing dxweb file as BankUnited: dxweb (10).pdf
2025-04-03 11:48:01 - ERROR - Arctaris rename_statements.py:456 - process_pdf - Error processing PDF 'C:\Users\Christian\OneDrive - Arctaris Michigan Partners, LLC\Desktop\Bank Automation\input_statements\dxweb (10).pdf': name 'match' is not defined
2025-04-03 11:48:01 - WARNING - Arctaris rename_statements.py:2188 - main - Could not extract information from dxweb (10).pdf
2025-04-03 11:48:01 - INFO - Arctaris rename_statements.py:270 - process_pdf - Processing dxweb file as BankUnited: dxweb (10).pdf
2025-04-03 11:48:01 - ERROR - Arctaris rename_statements.py:456 - process_pdf - Error processing PDF 'C:\Users\Christian\OneDrive - Arctaris Michigan Partners, LLC\Desktop\Bank Automation\input_statements\dxweb (10).pdf': name 'match' is not defined
2025-04-03 11:48:01 - ERROR - Arctaris rename_statements.py:2201 - main - Failed to extract information from dxweb (10).pdf
2025-04-03 11:48:01 - INFO - Arctaris rename_statements.py:2179 - main - [2/110] Processing file: dxweb (11).pdf
2025-04-03 11:48:01 - INFO - Arctaris rename_statements.py:270 - process_pdf - Processing dxweb file as BankUnited: dxweb (11).pdf
2025-04-03 11:48:01 - ERROR - Arctaris rename_statements.py:456 - process_pdf - Error processing PDF 'C:\Users\Christian\OneDrive - Arctaris Michigan Partners, LLC\Desktop\Bank Automation\input_statements\dxweb (11).pdf': name 'match' is not defined
2025-04-03 11:48:01 - WARNING - Arctaris rename_statements.py:2188 - main - Could not extract information from dxweb (11).pdf
2025-04-03 11:48:01 - INFO - Arctaris rename_statements.py:270 - process_pdf - Processing dxweb file as BankUnited: dxweb (11).pdf
2025-04-03 11:48:01 - ERROR - Arctaris rename_statements.py:456 - process_pdf - Error processing PDF 'C:\Users\Christian\OneDrive - Arctaris Michigan Partners, LLC\Desktop\Bank Automation\input_statements\dxweb (11).pdf': name 'match' is not defined
2025-04-03 11:48:01 - ERROR - Arctaris rename_statements.py:2201 - main - Failed to extract information from dxweb (11).pdf
2025-04-03 11:48:01 - INFO - Arctaris rename_statements.py:2179 - main - [3/110] Processing file: dxweb (12).pdf
2025-04-03 11:48:01 - INFO - Arctaris rename_statements.py:270 - process_pdf - Processing dxweb file as BankUnited: dxweb (12).pdf
2025-04-03 11:48:01 - ERROR - Arctaris rename_statements.py:456 - process_pdf - Error processing PDF 'C:\Users\Christian\OneDrive - Arctaris Michigan Partners, LLC\Desktop\Bank Automation\input_statements\dxweb (12).pdf': name 'match' is not defined
2025-04-03 11:48:01 - WARNING - Arctaris rename_statements.py:2188 - main - Could not extract information from dxweb (12).pdf
2025-04-03 11:48:01 - INFO - Arctaris rename_statements.py:270 - process_pdf - Processing dxweb file as BankUnited: dxweb (12).pdf
2025-04-03 11:48:01 - ERROR - Arctaris rename_statements.py:456 - process_pdf - Error processing PDF 'C:\Users\Christian\OneDrive - Arctaris Michigan Partners, LLC\Desktop\Bank Automation\input_statements\dxweb (12).pdf': name 'match' is not defined
2025-04-03 11:48:01 - ERROR - Arctaris rename_statements.py:2201 - main - Failed to extract information from dxweb (12).pdf
2025-04-03 11:48:01 - INFO - Arctaris rename_statements.py:2179 - main - [4/110] Processing file: dxweb (13).pdf
2025-04-03 11:48:01 - INFO - Arctaris rename_statements.py:270 - process_pdf - Processing dxweb file as BankUnited: dxweb (13).pdf
2025-04-03 11:48:01 - ERROR - Arctaris rename_statements.py:456 - process_pdf - Error processing PDF 'C:\Users\Christian\OneDrive - Arctaris Michigan Partners, LLC\Desktop\Bank Automation\input_statements\dxweb (13).pdf': name 'match' is not defined
2025-04-03 11:48:01 - WARNING - Arctaris rename_statements.py:2188 - main - Could not extract information from dxweb (13).pdf
2025-04-03 11:48:01 - INFO - Arctaris rename_statements.py:270 - process_pdf - Processing dxweb file as BankUnited: dxweb (13).pdf
2025-04-03 11:48:01 - ERROR - Arctaris rename_statements.py:456 - process_pdf - Error processing PDF 'C:\Users\Christian\OneDrive - Arctaris Michigan Partners, LLC\Desktop\Bank Automation\input_statements\dxweb (13).pdf': name 'match' is not defined
2025-04-03 11:48:01 - ERROR - Arctaris rename_statements.py:2201 - main - Failed to extract information from dxweb (13).pdf
2025-04-03 11:48:01 - INFO - Arctaris rename_statements.py:2179 - main - [5/110] Processing file: dxweb (14).pdf
2025-04-03 11:48:01 - INFO - Arctaris rename_statements.py:270 - process_pdf - Processing dxweb file as BankUnited: dxweb (14).pdf
2025-04-03 11:48:01 - ERROR - Arctaris rename_statements.py:456 - process_pdf - Error processing PDF 'C:\Users\Christian\OneDrive - Arctaris Michigan Partners, LLC\Desktop\Bank Automation\input_statements\dxweb (14).pdf': name 'match' is not defined
2025-04-03 11:48:01 - WARNING - Arctaris rename_statements.py:2188 - main - Could not extract information from dxweb (14).pdf
2025-04-03 11:48:01 - INFO - Arctaris rename_statements.py:270 - process_pdf - Processing dxweb file as BankUnited: dxweb (14).pdf
2025-04-03 11:48:01 - ERROR - Arctaris rename_statements.py:456 - process_pdf - Error processing PDF 'C:\Users\Christian\OneDrive - Arctaris Michigan Partners, LLC\Desktop\Bank Automation\input_statements\dxweb (14).pdf': name 'match' is not defined
2025-04-03 11:48:01 - ERROR - Arctaris rename_statements.py:2201 - main - Failed to extract information from dxweb (14).pdf
2025-04-03 11:48:01 - INFO - Arctaris rename_statements.py:2179 - main - [6/110] Processing file: dxweb (15).pdf
2025-04-03 11:48:01 - INFO - Arctaris rename_statements.py:270 - process_pdf - Processing dxweb file as BankUnited: dxweb (15).pdf
2025-04-03 11:48:01 - ERROR - Arctaris rename_statements.py:456 - process_pdf - Error processing PDF 'C:\Users\Christian\OneDrive - Arctaris Michigan Partners, LLC\Desktop\Bank Automation\input_statements\dxweb (15).pdf': name 'match' is not defined
2025-04-03 11:48:01 - WARNING - Arctaris rename_statements.py:2188 - main - Could not extract information from dxweb (15).pdf
2025-04-03 11:48:01 - INFO - Arctaris rename_statements.py:270 - process_pdf - Processing dxweb file as BankUnited: dxweb (15).pdf
2025-04-03 11:48:01 - ERROR - Arctaris rename_statements.py:456 - process_pdf - Error processing PDF 'C:\Users\Christian\OneDrive - Arctaris Michigan Partners, LLC\Desktop\Bank Automation\input_statements\dxweb (15).pdf': name 'match' is not defined
2025-04-03 11:48:01 - ERROR - Arctaris rename_statements.py:2201 - main - Failed to extract information from dxweb (15).pdf
2025-04-03 11:48:01 - INFO - Arctaris rename_statements.py:2179 - main - [7/110] Processing file: dxweb (16).pdf
2025-04-03 11:48:01 - INFO - Arctaris rename_statements.py:270 - process_pdf - Processing dxweb file as BankUnited: dxweb (16).pdf
2025-04-03 11:48:01 - ERROR - Arctaris rename_statements.py:456 - process_pdf - Error processing PDF 'C:\Users\Christian\OneDrive - Arctaris Michigan Partners, LLC\Desktop\Bank Automation\input_statements\dxweb (16).pdf': name 'match' is not defined
2025-04-03 11:48:01 - WARNING - Arctaris rename_statements.py:2188 - main - Could not extract information from dxweb (16).pdf
2025-04-03 11:48:01 - INFO - Arctaris rename_statements.py:270 - process_pdf - Processing dxweb file as BankUnited: dxweb (16).pdf
2025-04-03 11:48:01 - ERROR - Arctaris rename_statements.py:456 - process_pdf - Error processing PDF 'C:\Users\Christian\OneDrive - Arctaris Michigan Partners, LLC\Desktop\Bank Automation\input_statements\dxweb (16).pdf': name 'match' is not defined
2025-04-03 11:48:01 - ERROR - Arctaris rename_statements.py:2201 - main - Failed to extract information from dxweb (16).pdf
2025-04-03 11:48:01 - INFO - Arctaris rename_statements.py:2179 - main - [8/110] Processing file: dxweb (17).pdf
2025-04-03 11:48:01 - INFO - Arctaris rename_statements.py:270 - process_pdf - Processing dxweb file as BankUnited: dxweb (17).pdf
2025-04-03 11:48:01 - ERROR - Arctaris rename_statements.py:456 - process_pdf - Error processing PDF 'C:\Users\Christian\OneDrive - Arctaris Michigan Partners, LLC\Desktop\Bank Automation\input_statements\dxweb (17).pdf': name 'match' is not defined
2025-04-03 11:48:01 - WARNING - Arctaris rename_statements.py:2188 - main - Could not extract information from dxweb (17).pdf
2025-04-03 11:48:01 - INFO - Arctaris rename_statements.py:270 - process_pdf - Processing dxweb file as BankUnited: dxweb (17).pdf
2025-04-03 11:48:01 - ERROR - Arctaris rename_statements.py:456 - process_pdf - Error processing PDF 'C:\Users\Christian\OneDrive - Arctaris Michigan Partners, LLC\Desktop\Bank Automation\input_statements\dxweb (17).pdf': name 'match' is not defined
2025-04-03 11:48:01 - ERROR - Arctaris rename_statements.py:2201 - main - Failed to extract information from dxweb (17).pdf
2025-04-03 11:48:01 - INFO - Arctaris rename_statements.py:2179 - main - [9/110] Processing file: dxweb (18).pdf
2025-04-03 11:48:01 - INFO - Arctaris rename_statements.py:270 - process_pdf - Processing dxweb file as BankUnited: dxweb (18).pdf
2025-04-03 11:48:01 - ERROR - Arctaris rename_statements.py:456 - process_pdf - Error processing PDF 'C:\Users\Christian\OneDrive - Arctaris Michigan Partners, LLC\Desktop\Bank Automation\input_statements\dxweb (18).pdf': name 'match' is not defined
2025-04-03 11:48:01 - WARNING - Arctaris rename_statements.py:2188 - main - Could not extract information from dxweb (18).pdf
2025-04-03 11:48:01 - INFO - Arctaris rename_statements.py:270 - process_pdf - Processing dxweb file as BankUnited: dxweb (18).pdf
2025-04-03 11:48:01 - ERROR - Arctaris rename_statements.py:456 - process_pdf - Error processing PDF 'C:\Users\Christian\OneDrive - Arctaris Michigan Partners, LLC\Desktop\Bank Automation\input_statements\dxweb (18).pdf': name 'match' is not defined
2025-04-03 11:48:01 - ERROR - Arctaris rename_statements.py:2201 - main - Failed to extract information from dxweb (18).pdf
2025-04-03 11:48:01 - INFO - Arctaris rename_statements.py:2179 - main - [10/110] Processing file: dxweb (19).pdf
2025-04-03 11:48:01 - INFO - Arctaris rename_statements.py:270 - process_pdf - Processing dxweb file as BankUnited: dxweb (19).pdf
2025-04-03 11:48:01 - ERROR - Arctaris rename_statements.py:456 - process_pdf - Error processing PDF 'C:\Users\Christian\OneDrive - Arctaris Michigan Partners, LLC\Desktop\Bank Automation\input_statements\dxweb (19).pdf': name 'match' is not defined
2025-04-03 11:48:01 - WARNING - Arctaris rename_statements.py:2188 - main - Could not extract information from dxweb (19).pdf
2025-04-03 11:48:01 - INFO - Arctaris rename_statements.py:270 - process_pdf - Processing dxweb file as BankUnited: dxweb (19).pdf
2025-04-03 11:48:01 - ERROR - Arctaris rename_statements.py:456 - process_pdf - Error processing PDF 'C:\Users\Christian\OneDrive - Arctaris Michigan Partners, LLC\Desktop\Bank Automation\input_statements\dxweb (19).pdf': name 'match' is not defined
2025-04-03 11:48:01 - ERROR - Arctaris rename_statements.py:2201 - main - Failed to extract information from dxweb (19).pdf
2025-04-03 11:48:01 - INFO - Arctaris rename_statements.py:2179 - main - [11/110] Processing file: dxweb (20).pdf
2025-04-03 11:48:01 - INFO - Arctaris rename_statements.py:270 - process_pdf - Processing dxweb file as BankUnited: dxweb (20).pdf
2025-04-03 11:48:01 - ERROR - Arctaris rename_statements.py:456 - process_pdf - Error processing PDF 'C:\Users\Christian\OneDrive - Arctaris Michigan Partners, LLC\Desktop\Bank Automation\input_statements\dxweb (20).pdf': name 'match' is not defined
2025-04-03 11:48:01 - WARNING - Arctaris rename_statements.py:2188 - main - Could not extract information from dxweb (20).pdf
2025-04-03 11:48:01 - INFO - Arctaris rename_statements.py:270 - process_pdf - Processing dxweb file as BankUnited: dxweb (20).pdf
2025-04-03 11:48:01 - ERROR - Arctaris rename_statements.py:456 - process_pdf - Error processing PDF 'C:\Users\Christian\OneDrive - Arctaris Michigan Partners, LLC\Desktop\Bank Automation\input_statements\dxweb (20).pdf': name 'match' is not defined
2025-04-03 11:48:01 - ERROR - Arctaris rename_statements.py:2201 - main - Failed to extract information from dxweb (20).pdf
2025-04-03 11:48:01 - INFO - Arctaris rename_statements.py:2179 - main - [12/110] Processing file: dxweb (21).pdf
2025-04-03 11:48:01 - INFO - Arctaris rename_statements.py:270 - process_pdf - Processing dxweb file as BankUnited: dxweb (21).pdf
2025-04-03 11:48:01 - ERROR - Arctaris rename_statements.py:456 - process_pdf - Error processing PDF 'C:\Users\Christian\OneDrive - Arctaris Michigan Partners, LLC\Desktop\Bank Automation\input_statements\dxweb (21).pdf': name 'match' is not defined
2025-04-03 11:48:01 - WARNING - Arctaris rename_statements.py:2188 - main - Could not extract information from dxweb (21).pdf
2025-04-03 11:48:01 - INFO - Arctaris rename_statements.py:270 - process_pdf - Processing dxweb file as BankUnited: dxweb (21).pdf
2025-04-03 11:48:01 - ERROR - Arctaris rename_statements.py:456 - process_pdf - Error processing PDF 'C:\Users\Christian\OneDrive - Arctaris Michigan Partners, LLC\Desktop\Bank Automation\input_statements\dxweb (21).pdf': name 'match' is not defined
2025-04-03 11:48:01 - ERROR - Arctaris rename_statements.py:2201 - main - Failed to extract information from dxweb (21).pdf
2025-04-03 11:48:01 - INFO - Arctaris rename_statements.py:2179 - main - [13/110] Processing file: dxweb (22).pdf
2025-04-03 11:48:01 - INFO - Arctaris rename_statements.py:270 - process_pdf - Processing dxweb file as BankUnited: dxweb (22).pdf
2025-04-03 11:48:01 - ERROR - Arctaris rename_statements.py:456 - process_pdf - Error processing PDF 'C:\Users\Christian\OneDrive - Arctaris Michigan Partners, LLC\Desktop\Bank Automation\input_statements\dxweb (22).pdf': name 'match' is not defined
2025-04-03 11:48:01 - WARNING - Arctaris rename_statements.py:2188 - main - Could not extract information from dxweb (22).pdf
2025-04-03 11:48:01 - INFO - Arctaris rename_statements.py:270 - process_pdf - Processing dxweb file as BankUnited: dxweb (22).pdf
2025-04-03 11:48:01 - ERROR - Arctaris rename_statements.py:456 - process_pdf - Error processing PDF 'C:\Users\Christian\OneDrive - Arctaris Michigan Partners, LLC\Desktop\Bank Automation\input_statements\dxweb (22).pdf': name 'match' is not defined
2025-04-03 11:48:01 - ERROR - Arctaris rename_statements.py:2201 - main - Failed to extract information from dxweb (22).pdf
2025-04-03 11:48:01 - INFO - Arctaris rename_statements.py:2179 - main - [14/110] Processing file: dxweb (23).pdf
2025-04-03 11:48:01 - INFO - Arctaris rename_statements.py:270 - process_pdf - Processing dxweb file as BankUnited: dxweb (23).pdf
2025-04-03 11:48:01 - ERROR - Arctaris rename_statements.py:456 - process_pdf - Error processing PDF 'C:\Users\Christian\OneDrive - Arctaris Michigan Partners, LLC\Desktop\Bank Automation\input_statements\dxweb (23).pdf': name 'match' is not defined
2025-04-03 11:48:01 - WARNING - Arctaris rename_statements.py:2188 - main - Could not extract information from dxweb (23).pdf
2025-04-03 11:48:01 - INFO - Arctaris rename_statements.py:270 - process_pdf - Processing dxweb file as BankUnited: dxweb (23).pdf
2025-04-03 11:48:01 - ERROR - Arctaris rename_statements.py:456 - process_pdf - Error processing PDF 'C:\Users\Christian\OneDrive - Arctaris Michigan Partners, LLC\Desktop\Bank Automation\input_statements\dxweb (23).pdf': name 'match' is not defined
2025-04-03 11:48:01 - ERROR - Arctaris rename_statements.py:2201 - main - Failed to extract information from dxweb (23).pdf
2025-04-03 11:48:01 - INFO - Arctaris rename_statements.py:2179 - main - [15/110] Processing file: dxweb (24).pdf
2025-04-03 11:48:01 - INFO - Arctaris rename_statements.py:270 - process_pdf - Processing dxweb file as BankUnited: dxweb (24).pdf
2025-04-03 11:48:01 - ERROR - Arctaris rename_statements.py:456 - process_pdf - Error processing PDF 'C:\Users\Christian\OneDrive - Arctaris Michigan Partners, LLC\Desktop\Bank Automation\input_statements\dxweb (24).pdf': name 'match' is not defined
2025-04-03 11:48:01 - WARNING - Arctaris rename_statements.py:2188 - main - Could not extract information from dxweb (24).pdf
2025-04-03 11:48:01 - INFO - Arctaris rename_statements.py:270 - process_pdf - Processing dxweb file as BankUnited: dxweb (24).pdf
2025-04-03 11:48:01 - ERROR - Arctaris rename_statements.py:456 - process_pdf - Error processing PDF 'C:\Users\Christian\OneDrive - Arctaris Michigan Partners, LLC\Desktop\Bank Automation\input_statements\dxweb (24).pdf': name 'match' is not defined
2025-04-03 11:48:01 - ERROR - Arctaris rename_statements.py:2201 - main - Failed to extract information from dxweb (24).pdf
2025-04-03 11:48:01 - INFO - Arctaris rename_statements.py:2179 - main - [16/110] Processing file: dxweb (25).pdf
2025-04-03 11:48:01 - INFO - Arctaris rename_statements.py:270 - process_pdf - Processing dxweb file as BankUnited: dxweb (25).pdf
2025-04-03 11:48:01 - ERROR - Arctaris rename_statements.py:456 - process_pdf - Error processing PDF 'C:\Users\Christian\OneDrive - Arctaris Michigan Partners, LLC\Desktop\Bank Automation\input_statements\dxweb (25).pdf': name 'match' is not defined
2025-04-03 11:48:01 - WARNING - Arctaris rename_statements.py:2188 - main - Could not extract information from dxweb (25).pdf
2025-04-03 11:48:01 - INFO - Arctaris rename_statements.py:270 - process_pdf - Processing dxweb file as BankUnited: dxweb (25).pdf
2025-04-03 11:48:01 - ERROR - Arctaris rename_statements.py:456 - process_pdf - Error processing PDF 'C:\Users\Christian\OneDrive - Arctaris Michigan Partners, LLC\Desktop\Bank Automation\input_statements\dxweb (25).pdf': name 'match' is not defined
2025-04-03 11:48:01 - ERROR - Arctaris rename_statements.py:2201 - main - Failed to extract information from dxweb (25).pdf
2025-04-03 11:48:01 - INFO - Arctaris rename_statements.py:2179 - main - [17/110] Processing file: dxweb (26).pdf
2025-04-03 11:48:01 - INFO - Arctaris rename_statements.py:270 - process_pdf - Processing dxweb file as BankUnited: dxweb (26).pdf
2025-04-03 11:48:01 - ERROR - Arctaris rename_statements.py:456 - process_pdf - Error processing PDF 'C:\Users\Christian\OneDrive - Arctaris Michigan Partners, LLC\Desktop\Bank Automation\input_statements\dxweb (26).pdf': name 'match' is not defined
2025-04-03 11:48:01 - WARNING - Arctaris rename_statements.py:2188 - main - Could not extract information from dxweb (26).pdf
2025-04-03 11:48:01 - INFO - Arctaris rename_statements.py:270 - process_pdf - Processing dxweb file as BankUnited: dxweb (26).pdf
2025-04-03 11:48:01 - ERROR - Arctaris rename_statements.py:456 - process_pdf - Error processing PDF 'C:\Users\Christian\OneDrive - Arctaris Michigan Partners, LLC\Desktop\Bank Automation\input_statements\dxweb (26).pdf': name 'match' is not defined
2025-04-03 11:48:01 - ERROR - Arctaris rename_statements.py:2201 - main - Failed to extract information from dxweb (26).pdf
2025-04-03 11:48:01 - INFO - Arctaris rename_statements.py:2179 - main - [18/110] Processing file: dxweb (27).pdf
2025-04-03 11:48:01 - INFO - Arctaris rename_statements.py:270 - process_pdf - Processing dxweb file as BankUnited: dxweb (27).pdf
2025-04-03 11:48:01 - ERROR - Arctaris rename_statements.py:456 - process_pdf - Error processing PDF 'C:\Users\Christian\OneDrive - Arctaris Michigan Partners, LLC\Desktop\Bank Automation\input_statements\dxweb (27).pdf': name 'match' is not defined
2025-04-03 11:48:01 - WARNING - Arctaris rename_statements.py:2188 - main - Could not extract information from dxweb (27).pdf
2025-04-03 11:48:01 - INFO - Arctaris rename_statements.py:270 - process_pdf - Processing dxweb file as BankUnited: dxweb (27).pdf
2025-04-03 11:48:01 - ERROR - Arctaris rename_statements.py:456 - process_pdf - Error processing PDF 'C:\Users\Christian\OneDrive - Arctaris Michigan Partners, LLC\Desktop\Bank Automation\input_statements\dxweb (27).pdf': name 'match' is not defined
2025-04-03 11:48:01 - ERROR - Arctaris rename_statements.py:2201 - main - Failed to extract information from dxweb (27).pdf
2025-04-03 11:48:01 - INFO - Arctaris rename_statements.py:2179 - main - [19/110] Processing file: dxweb (28).pdf
2025-04-03 11:48:01 - INFO - Arctaris rename_statements.py:270 - process_pdf - Processing dxweb file as BankUnited: dxweb (28).pdf
2025-04-03 11:48:01 - ERROR - Arctaris rename_statements.py:456 - process_pdf - Error processing PDF 'C:\Users\Christian\OneDrive - Arctaris Michigan Partners, LLC\Desktop\Bank Automation\input_statements\dxweb (28).pdf': name 'match' is not defined
2025-04-03 11:48:01 - WARNING - Arctaris rename_statements.py:2188 - main - Could not extract information from dxweb (28).pdf
2025-04-03 11:48:01 - INFO - Arctaris rename_statements.py:270 - process_pdf - Processing dxweb file as BankUnited: dxweb (28).pdf
2025-04-03 11:48:01 - ERROR - Arctaris rename_statements.py:456 - process_pdf - Error processing PDF 'C:\Users\Christian\OneDrive - Arctaris Michigan Partners, LLC\Desktop\Bank Automation\input_statements\dxweb (28).pdf': name 'match' is not defined
2025-04-03 11:48:01 - ERROR - Arctaris rename_statements.py:2201 - main - Failed to extract information from dxweb (28).pdf
2025-04-03 11:48:01 - INFO - Arctaris rename_statements.py:2179 - main - [20/110] Processing file: dxweb (29).pdf
2025-04-03 11:48:01 - INFO - Arctaris rename_statements.py:270 - process_pdf - Processing dxweb file as BankUnited: dxweb (29).pdf
2025-04-03 11:48:01 - ERROR - Arctaris rename_statements.py:456 - process_pdf - Error processing PDF 'C:\Users\Christian\OneDrive - Arctaris Michigan Partners, LLC\Desktop\Bank Automation\input_statements\dxweb (29).pdf': name 'match' is not defined
2025-04-03 11:48:01 - WARNING - Arctaris rename_statements.py:2188 - main - Could not extract information from dxweb (29).pdf
2025-04-03 11:48:01 - INFO - Arctaris rename_statements.py:270 - process_pdf - Processing dxweb file as BankUnited: dxweb (29).pdf
2025-04-03 11:48:01 - ERROR - Arctaris rename_statements.py:456 - process_pdf - Error processing PDF 'C:\Users\Christian\OneDrive - Arctaris Michigan Partners, LLC\Desktop\Bank Automation\input_statements\dxweb (29).pdf': name 'match' is not defined
2025-04-03 11:48:01 - ERROR - Arctaris rename_statements.py:2201 - main - Failed to extract information from dxweb (29).pdf
2025-04-03 11:48:01 - INFO - Arctaris rename_statements.py:2174 - main - 
Processing batch 2 (21-40 of 110)
2025-04-03 11:48:01 - INFO - Arctaris rename_statements.py:2179 - main - [21/110] Processing file: dxweb (30).pdf
2025-04-03 11:48:01 - INFO - Arctaris rename_statements.py:270 - process_pdf - Processing dxweb file as BankUnited: dxweb (30).pdf
2025-04-03 11:48:01 - ERROR - Arctaris rename_statements.py:456 - process_pdf - Error processing PDF 'C:\Users\Christian\OneDrive - Arctaris Michigan Partners, LLC\Desktop\Bank Automation\input_statements\dxweb (30).pdf': name 'match' is not defined
2025-04-03 11:48:01 - WARNING - Arctaris rename_statements.py:2188 - main - Could not extract information from dxweb (30).pdf
2025-04-03 11:48:01 - INFO - Arctaris rename_statements.py:270 - process_pdf - Processing dxweb file as BankUnited: dxweb (30).pdf
2025-04-03 11:48:01 - ERROR - Arctaris rename_statements.py:456 - process_pdf - Error processing PDF 'C:\Users\Christian\OneDrive - Arctaris Michigan Partners, LLC\Desktop\Bank Automation\input_statements\dxweb (30).pdf': name 'match' is not defined
2025-04-03 11:48:01 - ERROR - Arctaris rename_statements.py:2201 - main - Failed to extract information from dxweb (30).pdf
2025-04-03 11:48:01 - INFO - Arctaris rename_statements.py:2179 - main - [22/110] Processing file: dxweb (31).pdf
2025-04-03 11:48:01 - INFO - Arctaris rename_statements.py:270 - process_pdf - Processing dxweb file as BankUnited: dxweb (31).pdf
2025-04-03 11:48:01 - ERROR - Arctaris rename_statements.py:456 - process_pdf - Error processing PDF 'C:\Users\Christian\OneDrive - Arctaris Michigan Partners, LLC\Desktop\Bank Automation\input_statements\dxweb (31).pdf': name 'match' is not defined
2025-04-03 11:48:01 - WARNING - Arctaris rename_statements.py:2188 - main - Could not extract information from dxweb (31).pdf
2025-04-03 11:48:01 - INFO - Arctaris rename_statements.py:270 - process_pdf - Processing dxweb file as BankUnited: dxweb (31).pdf
2025-04-03 11:48:01 - ERROR - Arctaris rename_statements.py:456 - process_pdf - Error processing PDF 'C:\Users\Christian\OneDrive - Arctaris Michigan Partners, LLC\Desktop\Bank Automation\input_statements\dxweb (31).pdf': name 'match' is not defined
2025-04-03 11:48:01 - ERROR - Arctaris rename_statements.py:2201 - main - Failed to extract information from dxweb (31).pdf
2025-04-03 11:48:01 - INFO - Arctaris rename_statements.py:2179 - main - [23/110] Processing file: dxweb (32).pdf
2025-04-03 11:48:01 - INFO - Arctaris rename_statements.py:270 - process_pdf - Processing dxweb file as BankUnited: dxweb (32).pdf
2025-04-03 11:48:01 - ERROR - Arctaris rename_statements.py:456 - process_pdf - Error processing PDF 'C:\Users\Christian\OneDrive - Arctaris Michigan Partners, LLC\Desktop\Bank Automation\input_statements\dxweb (32).pdf': name 'match' is not defined
2025-04-03 11:48:01 - WARNING - Arctaris rename_statements.py:2188 - main - Could not extract information from dxweb (32).pdf
2025-04-03 11:48:01 - INFO - Arctaris rename_statements.py:270 - process_pdf - Processing dxweb file as BankUnited: dxweb (32).pdf
2025-04-03 11:48:01 - ERROR - Arctaris rename_statements.py:456 - process_pdf - Error processing PDF 'C:\Users\Christian\OneDrive - Arctaris Michigan Partners, LLC\Desktop\Bank Automation\input_statements\dxweb (32).pdf': name 'match' is not defined
2025-04-03 11:48:01 - ERROR - Arctaris rename_statements.py:2201 - main - Failed to extract information from dxweb (32).pdf
2025-04-03 11:48:01 - INFO - Arctaris rename_statements.py:2179 - main - [24/110] Processing file: dxweb (33).pdf
2025-04-03 11:48:01 - INFO - Arctaris rename_statements.py:270 - process_pdf - Processing dxweb file as BankUnited: dxweb (33).pdf
2025-04-03 11:48:01 - ERROR - Arctaris rename_statements.py:456 - process_pdf - Error processing PDF 'C:\Users\Christian\OneDrive - Arctaris Michigan Partners, LLC\Desktop\Bank Automation\input_statements\dxweb (33).pdf': name 'match' is not defined
2025-04-03 11:48:01 - WARNING - Arctaris rename_statements.py:2188 - main - Could not extract information from dxweb (33).pdf
2025-04-03 11:48:01 - INFO - Arctaris rename_statements.py:270 - process_pdf - Processing dxweb file as BankUnited: dxweb (33).pdf
2025-04-03 11:48:01 - ERROR - Arctaris rename_statements.py:456 - process_pdf - Error processing PDF 'C:\Users\Christian\OneDrive - Arctaris Michigan Partners, LLC\Desktop\Bank Automation\input_statements\dxweb (33).pdf': name 'match' is not defined
2025-04-03 11:48:01 - ERROR - Arctaris rename_statements.py:2201 - main - Failed to extract information from dxweb (33).pdf
2025-04-03 11:48:01 - INFO - Arctaris rename_statements.py:2179 - main - [25/110] Processing file: dxweb (34).pdf
2025-04-03 11:48:01 - INFO - Arctaris rename_statements.py:270 - process_pdf - Processing dxweb file as BankUnited: dxweb (34).pdf
2025-04-03 11:48:01 - ERROR - Arctaris rename_statements.py:456 - process_pdf - Error processing PDF 'C:\Users\Christian\OneDrive - Arctaris Michigan Partners, LLC\Desktop\Bank Automation\input_statements\dxweb (34).pdf': name 'match' is not defined
2025-04-03 11:48:01 - WARNING - Arctaris rename_statements.py:2188 - main - Could not extract information from dxweb (34).pdf
2025-04-03 11:48:01 - INFO - Arctaris rename_statements.py:270 - process_pdf - Processing dxweb file as BankUnited: dxweb (34).pdf
2025-04-03 11:48:01 - ERROR - Arctaris rename_statements.py:456 - process_pdf - Error processing PDF 'C:\Users\Christian\OneDrive - Arctaris Michigan Partners, LLC\Desktop\Bank Automation\input_statements\dxweb (34).pdf': name 'match' is not defined
2025-04-03 11:48:01 - ERROR - Arctaris rename_statements.py:2201 - main - Failed to extract information from dxweb (34).pdf
2025-04-03 11:48:01 - INFO - Arctaris rename_statements.py:2179 - main - [26/110] Processing file: dxweb (35).pdf
2025-04-03 11:48:01 - INFO - Arctaris rename_statements.py:270 - process_pdf - Processing dxweb file as BankUnited: dxweb (35).pdf
2025-04-03 11:48:01 - ERROR - Arctaris rename_statements.py:456 - process_pdf - Error processing PDF 'C:\Users\Christian\OneDrive - Arctaris Michigan Partners, LLC\Desktop\Bank Automation\input_statements\dxweb (35).pdf': name 'match' is not defined
2025-04-03 11:48:01 - WARNING - Arctaris rename_statements.py:2188 - main - Could not extract information from dxweb (35).pdf
2025-04-03 11:48:01 - INFO - Arctaris rename_statements.py:270 - process_pdf - Processing dxweb file as BankUnited: dxweb (35).pdf
2025-04-03 11:48:01 - ERROR - Arctaris rename_statements.py:456 - process_pdf - Error processing PDF 'C:\Users\Christian\OneDrive - Arctaris Michigan Partners, LLC\Desktop\Bank Automation\input_statements\dxweb (35).pdf': name 'match' is not defined
2025-04-03 11:48:01 - ERROR - Arctaris rename_statements.py:2201 - main - Failed to extract information from dxweb (35).pdf
2025-04-03 11:48:01 - INFO - Arctaris rename_statements.py:2179 - main - [27/110] Processing file: dxweb (8).pdf
2025-04-03 11:48:01 - INFO - Arctaris rename_statements.py:270 - process_pdf - Processing dxweb file as BankUnited: dxweb (8).pdf
2025-04-03 11:48:01 - ERROR - Arctaris rename_statements.py:456 - process_pdf - Error processing PDF 'C:\Users\Christian\OneDrive - Arctaris Michigan Partners, LLC\Desktop\Bank Automation\input_statements\dxweb (8).pdf': name 'match' is not defined
2025-04-03 11:48:01 - WARNING - Arctaris rename_statements.py:2188 - main - Could not extract information from dxweb (8).pdf
2025-04-03 11:48:01 - INFO - Arctaris rename_statements.py:270 - process_pdf - Processing dxweb file as BankUnited: dxweb (8).pdf
2025-04-03 11:48:01 - ERROR - Arctaris rename_statements.py:456 - process_pdf - Error processing PDF 'C:\Users\Christian\OneDrive - Arctaris Michigan Partners, LLC\Desktop\Bank Automation\input_statements\dxweb (8).pdf': name 'match' is not defined
2025-04-03 11:48:01 - ERROR - Arctaris rename_statements.py:2201 - main - Failed to extract information from dxweb (8).pdf
2025-04-03 11:48:01 - INFO - Arctaris rename_statements.py:2179 - main - [28/110] Processing file: dxweb (9).pdf
2025-04-03 11:48:01 - INFO - Arctaris rename_statements.py:270 - process_pdf - Processing dxweb file as BankUnited: dxweb (9).pdf
2025-04-03 11:48:01 - ERROR - Arctaris rename_statements.py:456 - process_pdf - Error processing PDF 'C:\Users\Christian\OneDrive - Arctaris Michigan Partners, LLC\Desktop\Bank Automation\input_statements\dxweb (9).pdf': name 'match' is not defined
2025-04-03 11:48:01 - WARNING - Arctaris rename_statements.py:2188 - main - Could not extract information from dxweb (9).pdf
2025-04-03 11:48:01 - INFO - Arctaris rename_statements.py:270 - process_pdf - Processing dxweb file as BankUnited: dxweb (9).pdf
2025-04-03 11:48:01 - ERROR - Arctaris rename_statements.py:456 - process_pdf - Error processing PDF 'C:\Users\Christian\OneDrive - Arctaris Michigan Partners, LLC\Desktop\Bank Automation\input_statements\dxweb (9).pdf': name 'match' is not defined
2025-04-03 11:48:01 - ERROR - Arctaris rename_statements.py:2201 - main - Failed to extract information from dxweb (9).pdf
2025-04-03 11:48:01 - INFO - Arctaris rename_statements.py:2179 - main - [29/110] Processing file: NewStatement (1).pdf
2025-04-03 11:48:01 - WARNING - Arctaris rename_statements.py:346 - process_pdf - Limited text extracted from newstatement (1).pdf, attempting filename-based detection
2025-04-03 11:48:01 - INFO - Arctaris rename_statements.py:376 - process_pdf - Using filename-based detection: Classified as Berkshire
2025-04-03 11:48:01 - INFO - Arctaris rename_statements.py:2186 - main - Extracted information: <__main__.StatementInfo object at 0x000001F04E3B22D0>
2025-04-03 11:48:01 - WARNING - Arctaris rename_statements.py:346 - process_pdf - Limited text extracted from newstatement (1).pdf, attempting filename-based detection
2025-04-03 11:48:01 - INFO - Arctaris rename_statements.py:376 - process_pdf - Using filename-based detection: Classified as Berkshire
2025-04-03 11:48:01 - INFO - Arctaris rename_statements.py:2199 - main - Would rename to: Berkshire\2025-04\4519-ARCTARIS OPPORTUNITY ZONE FUND 2020, LLC-20250403.pdf
2025-04-03 11:48:01 - INFO - Arctaris rename_statements.py:2179 - main - [30/110] Processing file: NewStatement (2).pdf
2025-04-03 11:48:01 - WARNING - Arctaris rename_statements.py:346 - process_pdf - Limited text extracted from newstatement (2).pdf, attempting filename-based detection
2025-04-03 11:48:01 - INFO - Arctaris rename_statements.py:376 - process_pdf - Using filename-based detection: Classified as Berkshire
2025-04-03 11:48:01 - INFO - Arctaris rename_statements.py:2186 - main - Extracted information: <__main__.StatementInfo object at 0x000001F04E828E90>
2025-04-03 11:48:01 - WARNING - Arctaris rename_statements.py:346 - process_pdf - Limited text extracted from newstatement (2).pdf, attempting filename-based detection
2025-04-03 11:48:01 - INFO - Arctaris rename_statements.py:376 - process_pdf - Using filename-based detection: Classified as Berkshire
2025-04-03 11:48:01 - INFO - Arctaris rename_statements.py:2199 - main - Would rename to: Berkshire\2025-04\7076-ARCTARIS INCOME FUND LP-20250403.pdf
2025-04-03 11:48:01 - INFO - Arctaris rename_statements.py:2179 - main - [31/110] Processing file: NewStatement (3).pdf
2025-04-03 11:48:01 - WARNING - Arctaris rename_statements.py:346 - process_pdf - Limited text extracted from newstatement (3).pdf, attempting filename-based detection
2025-04-03 11:48:01 - INFO - Arctaris rename_statements.py:376 - process_pdf - Using filename-based detection: Classified as Berkshire
2025-04-03 11:48:01 - INFO - Arctaris rename_statements.py:2186 - main - Extracted information: <__main__.StatementInfo object at 0x000001F04E848950>
2025-04-03 11:48:01 - WARNING - Arctaris rename_statements.py:346 - process_pdf - Limited text extracted from newstatement (3).pdf, attempting filename-based detection
2025-04-03 11:48:01 - INFO - Arctaris rename_statements.py:376 - process_pdf - Using filename-based detection: Classified as Berkshire
2025-04-03 11:48:01 - INFO - Arctaris rename_statements.py:2199 - main - Would rename to: Berkshire\2025-04\8430-ARCTARIS OPPORTUNITY ZONE FUND 2022, LLC-20250403.pdf
2025-04-03 11:48:01 - INFO - Arctaris rename_statements.py:2179 - main - [32/110] Processing file: NewStatement.pdf
2025-04-03 11:48:01 - WARNING - Arctaris rename_statements.py:346 - process_pdf - Limited text extracted from newstatement.pdf, attempting filename-based detection
2025-04-03 11:48:01 - INFO - Arctaris rename_statements.py:376 - process_pdf - Using filename-based detection: Classified as Berkshire
2025-04-03 11:48:01 - INFO - Arctaris rename_statements.py:2186 - main - Extracted information: <__main__.StatementInfo object at 0x000001F04E89FDD0>
2025-04-03 11:48:01 - WARNING - Arctaris rename_statements.py:346 - process_pdf - Limited text extracted from newstatement.pdf, attempting filename-based detection
2025-04-03 11:48:01 - INFO - Arctaris rename_statements.py:376 - process_pdf - Using filename-based detection: Classified as Berkshire
2025-04-03 11:48:01 - INFO - Arctaris rename_statements.py:2199 - main - Would rename to: Berkshire\2025-04\1396-ARCTARIS OPPORTUNITY ZONE FUND 2019 LLC-20250403.pdf
2025-04-03 11:48:01 - INFO - Arctaris rename_statements.py:2179 - main - [33/110] Processing file: Online Statements_2025-02-28 (1).pdf
2025-04-03 11:48:01 - INFO - Arctaris rename_statements.py:170 - process_pdf - Processing Online Statements file as Cambridge: Online Statements_2025-02-28 (1).pdf
2025-04-03 11:48:01 - INFO - Arctaris rename_statements.py:2186 - main - Extracted information: <__main__.StatementInfo object at 0x000001F04E38F9B0>
2025-04-03 11:48:01 - INFO - Arctaris rename_statements.py:170 - process_pdf - Processing Online Statements file as Cambridge: Online Statements_2025-02-28 (1).pdf
2025-04-03 11:48:01 - INFO - Arctaris rename_statements.py:2199 - main - Would rename to: Cambridge\2025-02\ARCTARIS IMPACT INVESTORS, LLC 3346 Cambridge Savings February 2025.pdf
2025-04-03 11:48:01 - INFO - Arctaris rename_statements.py:2179 - main - [34/110] Processing file: Online Statements_2025-02-28 (10).pdf
2025-04-03 11:48:01 - INFO - Arctaris rename_statements.py:170 - process_pdf - Processing Online Statements file as Cambridge: Online Statements_2025-02-28 (10).pdf
2025-04-03 11:48:01 - INFO - Arctaris rename_statements.py:2186 - main - Extracted information: <__main__.StatementInfo object at 0x000001F04E3D31A0>
2025-04-03 11:48:01 - INFO - Arctaris rename_statements.py:170 - process_pdf - Processing Online Statements file as Cambridge: Online Statements_2025-02-28 (10).pdf
2025-04-03 11:48:01 - INFO - Arctaris rename_statements.py:2199 - main - Would rename to: Cambridge\2025-02\WEST COAST COMMERCIAL DEVELOPMENT LLC 3495 Cambridge Savings February 2025.pdf
2025-04-03 11:48:01 - INFO - Arctaris rename_statements.py:2179 - main - [35/110] Processing file: Online Statements_2025-02-28 (11).pdf
2025-04-03 11:48:01 - INFO - Arctaris rename_statements.py:170 - process_pdf - Processing Online Statements file as Cambridge: Online Statements_2025-02-28 (11).pdf
2025-04-03 11:48:01 - INFO - Arctaris rename_statements.py:2186 - main - Extracted information: <__main__.StatementInfo object at 0x000001F04E3B1670>
2025-04-03 11:48:01 - INFO - Arctaris rename_statements.py:170 - process_pdf - Processing Online Statements file as Cambridge: Online Statements_2025-02-28 (11).pdf
2025-04-03 11:48:01 - INFO - Arctaris rename_statements.py:2199 - main - Would rename to: Cambridge\2025-02\EAST COAST INDUSTRIAL, LLC 3502 Cambridge Savings February 2025.pdf
2025-04-03 11:48:01 - INFO - Arctaris rename_statements.py:2179 - main - [36/110] Processing file: Online Statements_2025-02-28 (12).pdf
2025-04-03 11:48:01 - INFO - Arctaris rename_statements.py:170 - process_pdf - Processing Online Statements file as Cambridge: Online Statements_2025-02-28 (12).pdf
2025-04-03 11:48:01 - INFO - Arctaris rename_statements.py:2186 - main - Extracted information: <__main__.StatementInfo object at 0x000001F04E82A180>
2025-04-03 11:48:01 - INFO - Arctaris rename_statements.py:170 - process_pdf - Processing Online Statements file as Cambridge: Online Statements_2025-02-28 (12).pdf
2025-04-03 11:48:01 - INFO - Arctaris rename_statements.py:2199 - main - Would rename to: Cambridge\2025-02\EAST COAST INDUSTRIAL, LLC 3510 Cambridge Savings February 2025.pdf
2025-04-03 11:48:01 - INFO - Arctaris rename_statements.py:2179 - main - [37/110] Processing file: Online Statements_2025-02-28 (13).pdf
2025-04-03 11:48:01 - INFO - Arctaris rename_statements.py:170 - process_pdf - Processing Online Statements file as Cambridge: Online Statements_2025-02-28 (13).pdf
2025-04-03 11:48:01 - INFO - Arctaris rename_statements.py:2186 - main - Extracted information: <__main__.StatementInfo object at 0x000001F04E829D90>
2025-04-03 11:48:01 - INFO - Arctaris rename_statements.py:170 - process_pdf - Processing Online Statements file as Cambridge: Online Statements_2025-02-28 (13).pdf
2025-04-03 11:48:01 - INFO - Arctaris rename_statements.py:2199 - main - Would rename to: Cambridge\2025-02\ARCTARIS OPPORTUNITY ZONE FUND 2024,LLC 3528 Cambridge Savings February 2025.pdf
2025-04-03 11:48:01 - INFO - Arctaris rename_statements.py:2179 - main - [38/110] Processing file: Online Statements_2025-02-28 (2).pdf
2025-04-03 11:48:01 - INFO - Arctaris rename_statements.py:170 - process_pdf - Processing Online Statements file as Cambridge: Online Statements_2025-02-28 (2).pdf
2025-04-03 11:48:01 - INFO - Arctaris rename_statements.py:2186 - main - Extracted information: <__main__.StatementInfo object at 0x000001F04E82A7E0>
2025-04-03 11:48:01 - INFO - Arctaris rename_statements.py:170 - process_pdf - Processing Online Statements file as Cambridge: Online Statements_2025-02-28 (2).pdf
2025-04-03 11:48:01 - INFO - Arctaris rename_statements.py:2199 - main - Would rename to: Cambridge\2025-02\ARCTARIS IMPACT FUND, LP 3354 Cambridge Savings February 2025.pdf
2025-04-03 11:48:01 - INFO - Arctaris rename_statements.py:2179 - main - [39/110] Processing file: Online Statements_2025-02-28 (3).pdf
2025-04-03 11:48:01 - INFO - Arctaris rename_statements.py:170 - process_pdf - Processing Online Statements file as Cambridge: Online Statements_2025-02-28 (3).pdf
2025-04-03 11:48:01 - INFO - Arctaris rename_statements.py:2186 - main - Extracted information: <__main__.StatementInfo object at 0x000001F04E829FD0>
2025-04-03 11:48:01 - INFO - Arctaris rename_statements.py:170 - process_pdf - Processing Online Statements file as Cambridge: Online Statements_2025-02-28 (3).pdf
2025-04-03 11:48:01 - INFO - Arctaris rename_statements.py:2199 - main - Would rename to: Cambridge\2025-02\ARCTARIS IMPACT FUND, LP 3362 Cambridge Savings February 2025.pdf
2025-04-03 11:48:01 - INFO - Arctaris rename_statements.py:2179 - main - [40/110] Processing file: Online Statements_2025-02-28 (4).pdf
2025-04-03 11:48:01 - INFO - Arctaris rename_statements.py:170 - process_pdf - Processing Online Statements file as Cambridge: Online Statements_2025-02-28 (4).pdf
2025-04-03 11:48:01 - INFO - Arctaris rename_statements.py:2186 - main - Extracted information: <__main__.StatementInfo object at 0x000001F04E82A390>
2025-04-03 11:48:01 - INFO - Arctaris rename_statements.py:170 - process_pdf - Processing Online Statements file as Cambridge: Online Statements_2025-02-28 (4).pdf
2025-04-03 11:48:01 - INFO - Arctaris rename_statements.py:2199 - main - Would rename to: Cambridge\2025-02\ARCTARIS OPPORTUNITY ZONE 2022, LLC 3396 Cambridge Savings February 2025.pdf
2025-04-03 11:48:01 - INFO - Arctaris rename_statements.py:2174 - main - 
Processing batch 3 (41-60 of 110)
2025-04-03 11:48:01 - INFO - Arctaris rename_statements.py:2179 - main - [41/110] Processing file: Online Statements_2025-02-28 (5).pdf
2025-04-03 11:48:01 - INFO - Arctaris rename_statements.py:170 - process_pdf - Processing Online Statements file as Cambridge: Online Statements_2025-02-28 (5).pdf
2025-04-03 11:48:01 - INFO - Arctaris rename_statements.py:2186 - main - Extracted information: <__main__.StatementInfo object at 0x000001F04E82A660>
2025-04-03 11:48:01 - INFO - Arctaris rename_statements.py:170 - process_pdf - Processing Online Statements file as Cambridge: Online Statements_2025-02-28 (5).pdf
2025-04-03 11:48:01 - INFO - Arctaris rename_statements.py:2199 - main - Would rename to: Cambridge\2025-02\ARCTARIS OPPORTUNITY ZONE 2022, LLC 3403 Cambridge Savings February 2025.pdf
2025-04-03 11:48:01 - INFO - Arctaris rename_statements.py:2179 - main - [42/110] Processing file: Online Statements_2025-02-28 (6).pdf
2025-04-03 11:48:01 - INFO - Arctaris rename_statements.py:170 - process_pdf - Processing Online Statements file as Cambridge: Online Statements_2025-02-28 (6).pdf
2025-04-03 11:48:01 - INFO - Arctaris rename_statements.py:2186 - main - Extracted information: <__main__.StatementInfo object at 0x000001F04E82A6C0>
2025-04-03 11:48:01 - INFO - Arctaris rename_statements.py:170 - process_pdf - Processing Online Statements file as Cambridge: Online Statements_2025-02-28 (6).pdf
2025-04-03 11:48:01 - INFO - Arctaris rename_statements.py:2199 - main - Would rename to: Cambridge\2025-02\OHIO INCLUSIVE HOUSING, LLC 3445 Cambridge Savings February 2025.pdf
2025-04-03 11:48:01 - INFO - Arctaris rename_statements.py:2179 - main - [43/110] Processing file: Online Statements_2025-02-28 (7).pdf
2025-04-03 11:48:01 - INFO - Arctaris rename_statements.py:170 - process_pdf - Processing Online Statements file as Cambridge: Online Statements_2025-02-28 (7).pdf
2025-04-03 11:48:01 - INFO - Arctaris rename_statements.py:2186 - main - Extracted information: <__main__.StatementInfo object at 0x000001F04E21E510>
2025-04-03 11:48:01 - INFO - Arctaris rename_statements.py:170 - process_pdf - Processing Online Statements file as Cambridge: Online Statements_2025-02-28 (7).pdf
2025-04-03 11:48:01 - INFO - Arctaris rename_statements.py:2199 - main - Would rename to: Cambridge\2025-02\OHIO INCLUSIVE HOUSING, LLC 3453 Cambridge Savings February 2025.pdf
2025-04-03 11:48:01 - INFO - Arctaris rename_statements.py:2179 - main - [44/110] Processing file: Online Statements_2025-02-28 (8).pdf
2025-04-03 11:48:01 - INFO - Arctaris rename_statements.py:170 - process_pdf - Processing Online Statements file as Cambridge: Online Statements_2025-02-28 (8).pdf
2025-04-03 11:48:01 - INFO - Arctaris rename_statements.py:2186 - main - Extracted information: <__main__.StatementInfo object at 0x000001F04E82A4B0>
2025-04-03 11:48:01 - INFO - Arctaris rename_statements.py:170 - process_pdf - Processing Online Statements file as Cambridge: Online Statements_2025-02-28 (8).pdf
2025-04-03 11:48:01 - INFO - Arctaris rename_statements.py:2199 - main - Would rename to: Cambridge\2025-02\MIDWEST COMMERCIAL DEVELOPMENT, LLC 3479 Cambridge Savings February 2025.pdf
2025-04-03 11:48:01 - INFO - Arctaris rename_statements.py:2179 - main - [45/110] Processing file: Online Statements_2025-02-28 (9).pdf
2025-04-03 11:48:01 - INFO - Arctaris rename_statements.py:170 - process_pdf - Processing Online Statements file as Cambridge: Online Statements_2025-02-28 (9).pdf
2025-04-03 11:48:01 - INFO - Arctaris rename_statements.py:2186 - main - Extracted information: <__main__.StatementInfo object at 0x000001F04E82A6F0>
2025-04-03 11:48:01 - INFO - Arctaris rename_statements.py:170 - process_pdf - Processing Online Statements file as Cambridge: Online Statements_2025-02-28 (9).pdf
2025-04-03 11:48:01 - INFO - Arctaris rename_statements.py:2199 - main - Would rename to: Cambridge\2025-02\WEST COAST COMMERCIAL DEVELOPMENT LLC 3487 Cambridge Savings February 2025.pdf
2025-04-03 11:48:01 - INFO - Arctaris rename_statements.py:2179 - main - [46/110] Processing file: Online Statements_2025-02-28.pdf
2025-04-03 11:48:01 - INFO - Arctaris rename_statements.py:170 - process_pdf - Processing Online Statements file as Cambridge: Online Statements_2025-02-28.pdf
2025-04-03 11:48:01 - INFO - Arctaris rename_statements.py:2186 - main - Extracted information: <__main__.StatementInfo object at 0x000001F04E82BE90>
2025-04-03 11:48:01 - INFO - Arctaris rename_statements.py:170 - process_pdf - Processing Online Statements file as Cambridge: Online Statements_2025-02-28.pdf
2025-04-03 11:48:01 - INFO - Arctaris rename_statements.py:2199 - main - Would rename to: Cambridge\2025-02\ARCTARIS IMPACT INVESTORS, LLC 3346 Cambridge Savings February 2025.pdf
2025-04-03 11:48:01 - INFO - Arctaris rename_statements.py:2179 - main - [47/110] Processing file: Online Statements_2025-03-31 (1).pdf
2025-04-03 11:48:01 - INFO - Arctaris rename_statements.py:170 - process_pdf - Processing Online Statements file as Cambridge: Online Statements_2025-03-31 (1).pdf
2025-04-03 11:48:01 - INFO - Arctaris rename_statements.py:2186 - main - Extracted information: <__main__.StatementInfo object at 0x000001F04E82BC50>
2025-04-03 11:48:01 - INFO - Arctaris rename_statements.py:170 - process_pdf - Processing Online Statements file as Cambridge: Online Statements_2025-03-31 (1).pdf
2025-04-03 11:48:01 - INFO - Arctaris rename_statements.py:2199 - main - Would rename to: Cambridge\2025-03\ARCTARIS IMPACT INVESTORS, LLC 3346 Cambridge Savings March 2025.pdf
2025-04-03 11:48:01 - INFO - Arctaris rename_statements.py:2179 - main - [48/110] Processing file: Online Statements_2025-03-31 (10).pdf
2025-04-03 11:48:01 - INFO - Arctaris rename_statements.py:170 - process_pdf - Processing Online Statements file as Cambridge: Online Statements_2025-03-31 (10).pdf
2025-04-03 11:48:01 - INFO - Arctaris rename_statements.py:2186 - main - Extracted information: <__main__.StatementInfo object at 0x000001F04E82BD70>
2025-04-03 11:48:01 - INFO - Arctaris rename_statements.py:170 - process_pdf - Processing Online Statements file as Cambridge: Online Statements_2025-03-31 (10).pdf
2025-04-03 11:48:01 - INFO - Arctaris rename_statements.py:2199 - main - Would rename to: Cambridge\2025-03\WEST COAST COMMERCIAL DEVELOPMENT LLC 3495 Cambridge Savings March 2025.pdf
2025-04-03 11:48:01 - INFO - Arctaris rename_statements.py:2179 - main - [49/110] Processing file: Online Statements_2025-03-31 (11).pdf
2025-04-03 11:48:01 - INFO - Arctaris rename_statements.py:170 - process_pdf - Processing Online Statements file as Cambridge: Online Statements_2025-03-31 (11).pdf
2025-04-03 11:48:01 - INFO - Arctaris rename_statements.py:2186 - main - Extracted information: <__main__.StatementInfo object at 0x000001F04E82BCB0>
2025-04-03 11:48:01 - INFO - Arctaris rename_statements.py:170 - process_pdf - Processing Online Statements file as Cambridge: Online Statements_2025-03-31 (11).pdf
2025-04-03 11:48:01 - INFO - Arctaris rename_statements.py:2199 - main - Would rename to: Cambridge\2025-03\EAST COAST INDUSTRIAL, LLC 3502 Cambridge Savings March 2025.pdf
2025-04-03 11:48:01 - INFO - Arctaris rename_statements.py:2179 - main - [50/110] Processing file: Online Statements_2025-03-31 (12).pdf
2025-04-03 11:48:01 - INFO - Arctaris rename_statements.py:170 - process_pdf - Processing Online Statements file as Cambridge: Online Statements_2025-03-31 (12).pdf
2025-04-03 11:48:01 - INFO - Arctaris rename_statements.py:2186 - main - Extracted information: <__main__.StatementInfo object at 0x000001F04E82BE30>
2025-04-03 11:48:01 - INFO - Arctaris rename_statements.py:170 - process_pdf - Processing Online Statements file as Cambridge: Online Statements_2025-03-31 (12).pdf
2025-04-03 11:48:01 - INFO - Arctaris rename_statements.py:2199 - main - Would rename to: Cambridge\2025-03\EAST COAST INDUSTRIAL, LLC 3510 Cambridge Savings March 2025.pdf
2025-04-03 11:48:01 - INFO - Arctaris rename_statements.py:2179 - main - [51/110] Processing file: Online Statements_2025-03-31 (13).pdf
2025-04-03 11:48:01 - INFO - Arctaris rename_statements.py:170 - process_pdf - Processing Online Statements file as Cambridge: Online Statements_2025-03-31 (13).pdf
2025-04-03 11:48:01 - INFO - Arctaris rename_statements.py:2186 - main - Extracted information: <__main__.StatementInfo object at 0x000001F04E82BDD0>
2025-04-03 11:48:01 - INFO - Arctaris rename_statements.py:170 - process_pdf - Processing Online Statements file as Cambridge: Online Statements_2025-03-31 (13).pdf
2025-04-03 11:48:01 - INFO - Arctaris rename_statements.py:2199 - main - Would rename to: Cambridge\2025-03\ARCTARIS OPPORTUNITY ZONE FUND 2024,LLC 3528 Cambridge Savings March 2025.pdf
2025-04-03 11:48:01 - INFO - Arctaris rename_statements.py:2179 - main - [52/110] Processing file: Online Statements_2025-03-31 (2).pdf
2025-04-03 11:48:01 - INFO - Arctaris rename_statements.py:170 - process_pdf - Processing Online Statements file as Cambridge: Online Statements_2025-03-31 (2).pdf
2025-04-03 11:48:01 - INFO - Arctaris rename_statements.py:2186 - main - Extracted information: <__main__.StatementInfo object at 0x000001F04E82BCE0>
2025-04-03 11:48:01 - INFO - Arctaris rename_statements.py:170 - process_pdf - Processing Online Statements file as Cambridge: Online Statements_2025-03-31 (2).pdf
2025-04-03 11:48:01 - INFO - Arctaris rename_statements.py:2199 - main - Would rename to: Cambridge\2025-03\ARCTARIS IMPACT FUND, LP 3354 Cambridge Savings March 2025.pdf
2025-04-03 11:48:01 - INFO - Arctaris rename_statements.py:2179 - main - [53/110] Processing file: Online Statements_2025-03-31 (3).pdf
2025-04-03 11:48:01 - INFO - Arctaris rename_statements.py:170 - process_pdf - Processing Online Statements file as Cambridge: Online Statements_2025-03-31 (3).pdf
2025-04-03 11:48:01 - INFO - Arctaris rename_statements.py:2186 - main - Extracted information: <__main__.StatementInfo object at 0x000001F04E82BBF0>
2025-04-03 11:48:01 - INFO - Arctaris rename_statements.py:170 - process_pdf - Processing Online Statements file as Cambridge: Online Statements_2025-03-31 (3).pdf
2025-04-03 11:48:01 - INFO - Arctaris rename_statements.py:2199 - main - Would rename to: Cambridge\2025-03\ARCTARIS IMPACT FUND, LP 3362 Cambridge Savings March 2025.pdf
2025-04-03 11:48:01 - INFO - Arctaris rename_statements.py:2179 - main - [54/110] Processing file: Online Statements_2025-03-31 (4).pdf
2025-04-03 11:48:01 - INFO - Arctaris rename_statements.py:170 - process_pdf - Processing Online Statements file as Cambridge: Online Statements_2025-03-31 (4).pdf
2025-04-03 11:48:01 - INFO - Arctaris rename_statements.py:2186 - main - Extracted information: <__main__.StatementInfo object at 0x000001F04E82BE00>
2025-04-03 11:48:01 - INFO - Arctaris rename_statements.py:170 - process_pdf - Processing Online Statements file as Cambridge: Online Statements_2025-03-31 (4).pdf
2025-04-03 11:48:01 - INFO - Arctaris rename_statements.py:2199 - main - Would rename to: Cambridge\2025-03\ARCTARIS OPPORTUNITY ZONE 2022, LLC 3396 Cambridge Savings March 2025.pdf
2025-04-03 11:48:01 - INFO - Arctaris rename_statements.py:2179 - main - [55/110] Processing file: Online Statements_2025-03-31 (5).pdf
2025-04-03 11:48:01 - INFO - Arctaris rename_statements.py:170 - process_pdf - Processing Online Statements file as Cambridge: Online Statements_2025-03-31 (5).pdf
2025-04-03 11:48:01 - INFO - Arctaris rename_statements.py:2186 - main - Extracted information: <__main__.StatementInfo object at 0x000001F04E82A540>
2025-04-03 11:48:01 - INFO - Arctaris rename_statements.py:170 - process_pdf - Processing Online Statements file as Cambridge: Online Statements_2025-03-31 (5).pdf
2025-04-03 11:48:01 - INFO - Arctaris rename_statements.py:2199 - main - Would rename to: Cambridge\2025-03\ARCTARIS OPPORTUNITY ZONE 2022, LLC 3403 Cambridge Savings March 2025.pdf
2025-04-03 11:48:01 - INFO - Arctaris rename_statements.py:2179 - main - [56/110] Processing file: Online Statements_2025-03-31 (6).pdf
2025-04-03 11:48:01 - INFO - Arctaris rename_statements.py:170 - process_pdf - Processing Online Statements file as Cambridge: Online Statements_2025-03-31 (6).pdf
2025-04-03 11:48:01 - INFO - Arctaris rename_statements.py:2186 - main - Extracted information: <__main__.StatementInfo object at 0x000001F04E82BBC0>
2025-04-03 11:48:01 - INFO - Arctaris rename_statements.py:170 - process_pdf - Processing Online Statements file as Cambridge: Online Statements_2025-03-31 (6).pdf
2025-04-03 11:48:01 - INFO - Arctaris rename_statements.py:2199 - main - Would rename to: Cambridge\2025-03\OHIO INCLUSIVE HOUSING, LLC 3445 Cambridge Savings March 2025.pdf
2025-04-03 11:48:01 - INFO - Arctaris rename_statements.py:2179 - main - [57/110] Processing file: Online Statements_2025-03-31 (7).pdf
2025-04-03 11:48:01 - INFO - Arctaris rename_statements.py:170 - process_pdf - Processing Online Statements file as Cambridge: Online Statements_2025-03-31 (7).pdf
2025-04-03 11:48:01 - INFO - Arctaris rename_statements.py:2186 - main - Extracted information: <__main__.StatementInfo object at 0x000001F04E82BB90>
2025-04-03 11:48:01 - INFO - Arctaris rename_statements.py:170 - process_pdf - Processing Online Statements file as Cambridge: Online Statements_2025-03-31 (7).pdf
2025-04-03 11:48:01 - INFO - Arctaris rename_statements.py:2199 - main - Would rename to: Cambridge\2025-03\OHIO INCLUSIVE HOUSING, LLC 3453 Cambridge Savings March 2025.pdf
2025-04-03 11:48:01 - INFO - Arctaris rename_statements.py:2179 - main - [58/110] Processing file: Online Statements_2025-03-31 (8).pdf
2025-04-03 11:48:01 - INFO - Arctaris rename_statements.py:170 - process_pdf - Processing Online Statements file as Cambridge: Online Statements_2025-03-31 (8).pdf
2025-04-03 11:48:01 - INFO - Arctaris rename_statements.py:2186 - main - Extracted information: <__main__.StatementInfo object at 0x000001F04E311F10>
2025-04-03 11:48:01 - INFO - Arctaris rename_statements.py:170 - process_pdf - Processing Online Statements file as Cambridge: Online Statements_2025-03-31 (8).pdf
2025-04-03 11:48:01 - INFO - Arctaris rename_statements.py:2199 - main - Would rename to: Cambridge\2025-03\MIDWEST COMMERCIAL DEVELOPMENT, LLC 3479 Cambridge Savings March 2025.pdf
2025-04-03 11:48:01 - INFO - Arctaris rename_statements.py:2179 - main - [59/110] Processing file: Online Statements_2025-03-31 (9).pdf
2025-04-03 11:48:01 - INFO - Arctaris rename_statements.py:170 - process_pdf - Processing Online Statements file as Cambridge: Online Statements_2025-03-31 (9).pdf
2025-04-03 11:48:01 - INFO - Arctaris rename_statements.py:2186 - main - Extracted information: <__main__.StatementInfo object at 0x000001F04E261310>
2025-04-03 11:48:01 - INFO - Arctaris rename_statements.py:170 - process_pdf - Processing Online Statements file as Cambridge: Online Statements_2025-03-31 (9).pdf
2025-04-03 11:48:01 - INFO - Arctaris rename_statements.py:2199 - main - Would rename to: Cambridge\2025-03\WEST COAST COMMERCIAL DEVELOPMENT LLC 3487 Cambridge Savings March 2025.pdf
2025-04-03 11:48:01 - INFO - Arctaris rename_statements.py:2179 - main - [60/110] Processing file: Online Statements_2025-03-31.pdf
2025-04-03 11:48:01 - INFO - Arctaris rename_statements.py:170 - process_pdf - Processing Online Statements file as Cambridge: Online Statements_2025-03-31.pdf
2025-04-03 11:48:01 - INFO - Arctaris rename_statements.py:2186 - main - Extracted information: <__main__.StatementInfo object at 0x000001F04CCAA150>
2025-04-03 11:48:01 - INFO - Arctaris rename_statements.py:170 - process_pdf - Processing Online Statements file as Cambridge: Online Statements_2025-03-31.pdf
2025-04-03 11:48:01 - INFO - Arctaris rename_statements.py:2199 - main - Would rename to: Cambridge\2025-03\ARCTARIS IMPACT INVESTORS, LLC 3346 Cambridge Savings March 2025.pdf
2025-04-03 11:48:01 - INFO - Arctaris rename_statements.py:2174 - main - 
Processing batch 4 (61-80 of 110)
2025-04-03 11:48:01 - INFO - Arctaris rename_statements.py:2179 - main - [61/110] Processing file: statement_1092246474_2025-03-31.pdf
2025-04-03 11:48:01 - INFO - Arctaris rename_statements.py:427 - process_pdf - Successfully identified bank type: PNC
2025-04-03 11:48:01 - INFO - Arctaris rename_statements.py:2186 - main - Extracted information: <__main__.StatementInfo object at 0x000001F04E8828D0>
2025-04-03 11:48:01 - INFO - Arctaris rename_statements.py:427 - process_pdf - Successfully identified bank type: PNC
2025-04-03 11:48:01 - INFO - Arctaris rename_statements.py:2199 - main - Would rename to: PNC\2025-03\ARCTARIS IMPACT SUB-CDE 2 LLC statement_1092246474_2025-03-31.pdf
2025-04-03 11:48:01 - INFO - Arctaris rename_statements.py:2179 - main - [62/110] Processing file: statement_4116465916_2025-03-31.pdf
2025-04-03 11:48:01 - INFO - Arctaris rename_statements.py:427 - process_pdf - Successfully identified bank type: PNC
2025-04-03 11:48:01 - INFO - Arctaris rename_statements.py:2186 - main - Extracted information: <__main__.StatementInfo object at 0x000001F04E29EA20>
2025-04-03 11:48:01 - INFO - Arctaris rename_statements.py:427 - process_pdf - Successfully identified bank type: PNC
2025-04-03 11:48:01 - INFO - Arctaris rename_statements.py:2199 - main - Would rename to: PNC\2025-03\MICHIGAN INCOME PRINCIPAL PR statement_4116465916_2025-03-31.pdf
2025-04-03 11:48:01 - INFO - Arctaris rename_statements.py:2179 - main - [63/110] Processing file: statement_4116465932_2025-03-31.pdf
2025-04-03 11:48:01 - INFO - Arctaris rename_statements.py:427 - process_pdf - Successfully identified bank type: PNC
2025-04-03 11:48:01 - INFO - Arctaris rename_statements.py:2186 - main - Extracted information: <__main__.StatementInfo object at 0x000001F04E331E50>
2025-04-03 11:48:01 - INFO - Arctaris rename_statements.py:427 - process_pdf - Successfully identified bank type: PNC
2025-04-03 11:48:01 - INFO - Arctaris rename_statements.py:2199 - main - Would rename to: PNC\2025-03\ARCTARIS MICHIGAN MANAGE statement_4116465932_2025-03-31.pdf
2025-04-03 11:48:01 - INFO - Arctaris rename_statements.py:2179 - main - [64/110] Processing file: statement_4116465959_2025-03-31.pdf
2025-04-03 11:48:01 - INFO - Arctaris rename_statements.py:427 - process_pdf - Successfully identified bank type: PNC
2025-04-03 11:48:01 - INFO - Arctaris rename_statements.py:2186 - main - Extracted information: <__main__.StatementInfo object at 0x000001F04E332CC0>
2025-04-03 11:48:01 - INFO - Arctaris rename_statements.py:427 - process_pdf - Successfully identified bank type: PNC
2025-04-03 11:48:01 - INFO - Arctaris rename_statements.py:2199 - main - Would rename to: PNC\2025-03\ARCTARIS ROYALTY VENTURES CO-I statement_4116465959_2025-03-31.pdf
2025-04-03 11:48:01 - INFO - Arctaris rename_statements.py:2179 - main - [65/110] Processing file: statement_4130261135_2025-03-31.pdf
2025-04-03 11:48:01 - INFO - Arctaris rename_statements.py:427 - process_pdf - Successfully identified bank type: PNC
2025-04-03 11:48:01 - INFO - Arctaris rename_statements.py:2186 - main - Extracted information: <__main__.StatementInfo object at 0x000001F04E82B830>
2025-04-03 11:48:01 - INFO - Arctaris rename_statements.py:427 - process_pdf - Successfully identified bank type: PNC
2025-04-03 11:48:01 - INFO - Arctaris rename_statements.py:2199 - main - Would rename to: PNC\2025-03\ARCTARIS IMPACT FUND statement_4130261135_2025-03-31.pdf
2025-04-03 11:48:01 - INFO - Arctaris rename_statements.py:2179 - main - [66/110] Processing file: statement_4130263798_2025-03-31.pdf
2025-04-03 11:48:01 - INFO - Arctaris rename_statements.py:427 - process_pdf - Successfully identified bank type: PNC
2025-04-03 11:48:01 - INFO - Arctaris rename_statements.py:2186 - main - Extracted information: <__main__.StatementInfo object at 0x000001F04E82A060>
2025-04-03 11:48:01 - INFO - Arctaris rename_statements.py:427 - process_pdf - Successfully identified bank type: PNC
2025-04-03 11:48:01 - INFO - Arctaris rename_statements.py:2199 - main - Would rename to: PNC\2025-03\ARP MANAGEMENT statement_4130263798_2025-03-31.pdf
2025-04-03 11:48:01 - INFO - Arctaris rename_statements.py:2179 - main - [67/110] Processing file: statement_4130272854_2025-03-31.pdf
2025-04-03 11:48:01 - INFO - Arctaris rename_statements.py:427 - process_pdf - Successfully identified bank type: PNC
2025-04-03 11:48:01 - INFO - Arctaris rename_statements.py:2186 - main - Extracted information: <__main__.StatementInfo object at 0x000001F04E1DABD0>
2025-04-03 11:48:01 - INFO - Arctaris rename_statements.py:427 - process_pdf - Successfully identified bank type: PNC
2025-04-03 11:48:01 - INFO - Arctaris rename_statements.py:2199 - main - Would rename to: PNC\2025-04\ARCTARIS OZ MAN statement_4130272854_2025-03-31.pdf
2025-04-03 11:48:01 - INFO - Arctaris rename_statements.py:2179 - main - [68/110] Processing file: statement_4130275895_2025-03-31.pdf
2025-04-03 11:48:02 - INFO - Arctaris rename_statements.py:427 - process_pdf - Successfully identified bank type: PNC
2025-04-03 11:48:02 - INFO - Arctaris rename_statements.py:2186 - main - Extracted information: <__main__.StatementInfo object at 0x000001F04E82B4D0>
2025-04-03 11:48:02 - INFO - Arctaris rename_statements.py:427 - process_pdf - Successfully identified bank type: PNC
2025-04-03 11:48:02 - INFO - Arctaris rename_statements.py:2199 - main - Would rename to: PNC\2025-03\ARCTARIS SADDLEBACK SKI OPERAT statement_4130275895_2025-03-31.pdf
2025-04-03 11:48:02 - INFO - Arctaris rename_statements.py:2179 - main - [69/110] Processing file: statement_4130279968_2025-03-31.pdf
2025-04-03 11:48:02 - INFO - Arctaris rename_statements.py:427 - process_pdf - Successfully identified bank type: PNC
2025-04-03 11:48:02 - INFO - Arctaris rename_statements.py:2186 - main - Extracted information: <__main__.StatementInfo object at 0x000001F04E21D040>
2025-04-03 11:48:02 - INFO - Arctaris rename_statements.py:427 - process_pdf - Successfully identified bank type: PNC
2025-04-03 11:48:02 - INFO - Arctaris rename_statements.py:2199 - main - Would rename to: PNC\2025-03\ARC-IMPACT PROGRAM ERIE LLC statement_4130279968_2025-03-31.pdf
2025-04-03 11:48:02 - INFO - Arctaris rename_statements.py:2179 - main - [70/110] Processing file: statement_4130281339_2025-03-31.pdf
2025-04-03 11:48:02 - INFO - Arctaris rename_statements.py:427 - process_pdf - Successfully identified bank type: PNC
2025-04-03 11:48:02 - INFO - Arctaris rename_statements.py:2186 - main - Extracted information: <__main__.StatementInfo object at 0x000001F04E82A870>
2025-04-03 11:48:02 - INFO - Arctaris rename_statements.py:427 - process_pdf - Successfully identified bank type: PNC
2025-04-03 11:48:02 - INFO - Arctaris rename_statements.py:2199 - main - Would rename to: PNC\2025-03\ARCTARIS BROADBAND statement_4130281339_2025-03-31.pdf
2025-04-03 11:48:02 - INFO - Arctaris rename_statements.py:2179 - main - [71/110] Processing file: statement_4130281355_2025-03-31.pdf
2025-04-03 11:48:02 - INFO - Arctaris rename_statements.py:427 - process_pdf - Successfully identified bank type: PNC
2025-04-03 11:48:02 - INFO - Arctaris rename_statements.py:2186 - main - Extracted information: <__main__.StatementInfo object at 0x000001F04E247650>
2025-04-03 11:48:02 - INFO - Arctaris rename_statements.py:427 - process_pdf - Successfully identified bank type: PNC
2025-04-03 11:48:02 - INFO - Arctaris rename_statements.py:2199 - main - Would rename to: PNC\2025-03\ARCTARIS OZ FUND 2020 statement_4130281355_2025-03-31.pdf
2025-04-03 11:48:02 - INFO - Arctaris rename_statements.py:2179 - main - [72/110] Processing file: statement_4130283078_2025-03-31.pdf
2025-04-03 11:48:02 - INFO - Arctaris rename_statements.py:427 - process_pdf - Successfully identified bank type: PNC
2025-04-03 11:48:02 - INFO - Arctaris rename_statements.py:2186 - main - Extracted information: <__main__.StatementInfo object at 0x000001F04E3D1D60>
2025-04-03 11:48:02 - INFO - Arctaris rename_statements.py:427 - process_pdf - Successfully identified bank type: PNC
2025-04-03 11:48:02 - INFO - Arctaris rename_statements.py:2199 - main - Would rename to: PNC\2025-03\ARCTARIS IMPACT INVESTORS LLC statement_4130283078_2025-03-31.pdf
2025-04-03 11:48:02 - INFO - Arctaris rename_statements.py:2179 - main - [73/110] Processing file: statement_4130283369_2025-03-31.pdf
2025-04-03 11:48:02 - INFO - Arctaris rename_statements.py:427 - process_pdf - Successfully identified bank type: PNC
2025-04-03 11:48:02 - INFO - Arctaris rename_statements.py:2186 - main - Extracted information: <__main__.StatementInfo object at 0x000001F04E37FAD0>
2025-04-03 11:48:02 - INFO - Arctaris rename_statements.py:427 - process_pdf - Successfully identified bank type: PNC
2025-04-03 11:48:02 - INFO - Arctaris rename_statements.py:2199 - main - Would rename to: PNC\2025-03\ARC-IMPACT-PROGRAM SWPA LLC statement_4130283369_2025-03-31.pdf
2025-04-03 11:48:02 - INFO - Arctaris rename_statements.py:2179 - main - [74/110] Processing file: statement_4130283633_2025-03-31.pdf
2025-04-03 11:48:02 - INFO - Arctaris rename_statements.py:427 - process_pdf - Successfully identified bank type: PNC
2025-04-03 11:48:02 - INFO - Arctaris rename_statements.py:2186 - main - Extracted information: <__main__.StatementInfo object at 0x000001F04E37C860>
2025-04-03 11:48:02 - INFO - Arctaris rename_statements.py:427 - process_pdf - Successfully identified bank type: PNC
2025-04-03 11:48:02 - INFO - Arctaris rename_statements.py:2199 - main - Would rename to: PNC\2025-03\ARC-IMPACT PROGRAM CUYAHOGA LLC statement_4130283633_2025-03-31.pdf
2025-04-03 11:48:02 - INFO - Arctaris rename_statements.py:2179 - main - [75/110] Processing file: statement_4130290884_2025-03-31.pdf
2025-04-03 11:48:02 - INFO - Arctaris rename_statements.py:427 - process_pdf - Successfully identified bank type: PNC
2025-04-03 11:48:02 - INFO - Arctaris rename_statements.py:2186 - main - Extracted information: <__main__.StatementInfo object at 0x000001F04C6154C0>
2025-04-03 11:48:02 - INFO - Arctaris rename_statements.py:427 - process_pdf - Successfully identified bank type: PNC
2025-04-03 11:48:02 - INFO - Arctaris rename_statements.py:2199 - main - Would rename to: PNC\2025-03\ARCTARIS INCOME FUND LP statement_4130290884_2025-03-31.pdf
2025-04-03 11:48:02 - INFO - Arctaris rename_statements.py:2179 - main - [76/110] Processing file: statement_4130293022_2025-03-31.pdf
2025-04-03 11:48:02 - INFO - Arctaris rename_statements.py:427 - process_pdf - Successfully identified bank type: PNC
2025-04-03 11:48:02 - INFO - Arctaris rename_statements.py:2186 - main - Extracted information: <__main__.StatementInfo object at 0x000001F04E11FB00>
2025-04-03 11:48:02 - INFO - Arctaris rename_statements.py:427 - process_pdf - Successfully identified bank type: PNC
2025-04-03 11:48:02 - INFO - Arctaris rename_statements.py:2199 - main - Would rename to: PNC\2025-03\OZ 2022 FUND statement_4130293022_2025-03-31.pdf
2025-04-03 11:48:02 - INFO - Arctaris rename_statements.py:2179 - main - [77/110] Processing file: statement_4130294324_2025-03-31.pdf
2025-04-03 11:48:02 - INFO - Arctaris rename_statements.py:427 - process_pdf - Successfully identified bank type: PNC
2025-04-03 11:48:02 - INFO - Arctaris rename_statements.py:2186 - main - Extracted information: <__main__.StatementInfo object at 0x000001F04E21DEB0>
2025-04-03 11:48:02 - INFO - Arctaris rename_statements.py:427 - process_pdf - Successfully identified bank type: PNC
2025-04-03 11:48:02 - INFO - Arctaris rename_statements.py:2199 - main - Would rename to: PNC\2025-03\ARC-IMPACT-PROGRAM BUFFALO LLC statement_4130294324_2025-03-31.pdf
2025-04-03 11:48:02 - INFO - Arctaris rename_statements.py:2179 - main - [78/110] Processing file: statement_4130294332_2025-03-31.pdf
2025-04-03 11:48:02 - INFO - Arctaris rename_statements.py:427 - process_pdf - Successfully identified bank type: PNC
2025-04-03 11:48:02 - INFO - Arctaris rename_statements.py:2186 - main - Extracted information: <__main__.StatementInfo object at 0x000001F04E848D10>
2025-04-03 11:48:02 - INFO - Arctaris rename_statements.py:427 - process_pdf - Successfully identified bank type: PNC
2025-04-03 11:48:02 - INFO - Arctaris rename_statements.py:2199 - main - Would rename to: PNC\2025-03\ARC-IMPACT-PROGRAM HARTFORD LL statement_4130294332_2025-03-31.pdf
2025-04-03 11:48:02 - INFO - Arctaris rename_statements.py:2179 - main - [79/110] Processing file: statement_4130294359_2025-03-31.pdf
2025-04-03 11:48:02 - INFO - Arctaris rename_statements.py:427 - process_pdf - Successfully identified bank type: PNC
2025-04-03 11:48:02 - INFO - Arctaris rename_statements.py:2186 - main - Extracted information: <__main__.StatementInfo object at 0x000001F04E849310>
2025-04-03 11:48:02 - INFO - Arctaris rename_statements.py:427 - process_pdf - Successfully identified bank type: PNC
2025-04-03 11:48:02 - INFO - Arctaris rename_statements.py:2199 - main - Would rename to: PNC\2025-04\ARC-IMPACT-PROGRAM LIMA LLC statement_4130294359_2025-03-31.pdf
2025-04-03 11:48:02 - INFO - Arctaris rename_statements.py:2179 - main - [80/110] Processing file: statement_4130294367_2025-03-31.pdf
2025-04-03 11:48:02 - INFO - Arctaris rename_statements.py:427 - process_pdf - Successfully identified bank type: PNC
2025-04-03 11:48:02 - INFO - Arctaris rename_statements.py:2186 - main - Extracted information: <__main__.StatementInfo object at 0x000001F04E84BC20>
2025-04-03 11:48:02 - INFO - Arctaris rename_statements.py:427 - process_pdf - Successfully identified bank type: PNC
2025-04-03 11:48:02 - INFO - Arctaris rename_statements.py:2199 - main - Would rename to: PNC\2025-03\ARC-IMPACT-PROGRAM PITTSBURGH statement_4130294367_2025-03-31.pdf
2025-04-03 11:48:02 - INFO - Arctaris rename_statements.py:2174 - main - 
Processing batch 5 (81-100 of 110)
2025-04-03 11:48:02 - INFO - Arctaris rename_statements.py:2179 - main - [81/110] Processing file: statement_4130294383_2025-03-31.pdf
2025-04-03 11:48:02 - INFO - Arctaris rename_statements.py:427 - process_pdf - Successfully identified bank type: PNC
2025-04-03 11:48:02 - INFO - Arctaris rename_statements.py:2186 - main - Extracted information: <__main__.StatementInfo object at 0x000001F04E332CF0>
2025-04-03 11:48:02 - INFO - Arctaris rename_statements.py:427 - process_pdf - Successfully identified bank type: PNC
2025-04-03 11:48:02 - INFO - Arctaris rename_statements.py:2199 - main - Would rename to: PNC\2025-03\PHASE 1B HOLDINGS statement_4130294383_2025-03-31.pdf
2025-04-03 11:48:02 - INFO - Arctaris rename_statements.py:2179 - main - [82/110] Processing file: statement_4130294412_2025-03-31.pdf
2025-04-03 11:48:02 - INFO - Arctaris rename_statements.py:427 - process_pdf - Successfully identified bank type: PNC
2025-04-03 11:48:02 - INFO - Arctaris rename_statements.py:2186 - main - Extracted information: <__main__.StatementInfo object at 0x000001F04E363B00>
2025-04-03 11:48:02 - INFO - Arctaris rename_statements.py:427 - process_pdf - Successfully identified bank type: PNC
2025-04-03 11:48:02 - INFO - Arctaris rename_statements.py:2199 - main - Would rename to: PNC\2025-03\ARCTARIS PRODUCT DEV IV statement_4130294412_2025-03-31.pdf
2025-04-03 11:48:02 - INFO - Arctaris rename_statements.py:2179 - main - [83/110] Processing file: statement_4130294447_2025-03-31.pdf
2025-04-03 11:48:02 - INFO - Arctaris rename_statements.py:427 - process_pdf - Successfully identified bank type: PNC
2025-04-03 11:48:02 - INFO - Arctaris rename_statements.py:2186 - main - Extracted information: <__main__.StatementInfo object at 0x000001F04E848620>
2025-04-03 11:48:02 - INFO - Arctaris rename_statements.py:427 - process_pdf - Successfully identified bank type: PNC
2025-04-03 11:48:02 - INFO - Arctaris rename_statements.py:2199 - main - Would rename to: PNC\2025-03\ARCTARIS PRODUCT DEV VI statement_4130294447_2025-03-31.pdf
2025-04-03 11:48:02 - INFO - Arctaris rename_statements.py:2179 - main - [84/110] Processing file: statement_4130294455_2025-03-31.pdf
2025-04-03 11:48:02 - INFO - Arctaris rename_statements.py:427 - process_pdf - Successfully identified bank type: PNC
2025-04-03 11:48:02 - INFO - Arctaris rename_statements.py:2186 - main - Extracted information: <__main__.StatementInfo object at 0x000001F04E331E80>
2025-04-03 11:48:02 - INFO - Arctaris rename_statements.py:427 - process_pdf - Successfully identified bank type: PNC
2025-04-03 11:48:02 - INFO - Arctaris rename_statements.py:2199 - main - Would rename to: PNC\2025-04\ARCTARIS PRODUCT DEV VII statement_4130294455_2025-03-31.pdf
2025-04-03 11:48:02 - INFO - Arctaris rename_statements.py:2179 - main - [85/110] Processing file: statement_4130297058_2025-03-31.pdf
2025-04-03 11:48:02 - INFO - Arctaris rename_statements.py:427 - process_pdf - Successfully identified bank type: PNC
2025-04-03 11:48:02 - INFO - Arctaris rename_statements.py:2186 - main - Extracted information: <__main__.StatementInfo object at 0x000001F04E8833B0>
2025-04-03 11:48:03 - INFO - Arctaris rename_statements.py:427 - process_pdf - Successfully identified bank type: PNC
2025-04-03 11:48:03 - INFO - Arctaris rename_statements.py:2199 - main - Would rename to: PNC\2025-03\NORTHEAST REAL ESTATE statement_4130297058_2025-03-31.pdf
2025-04-03 11:48:03 - INFO - Arctaris rename_statements.py:2179 - main - [86/110] Processing file: statement_4130297779_2025-03-31.pdf
2025-04-03 11:48:03 - INFO - Arctaris rename_statements.py:427 - process_pdf - Successfully identified bank type: PNC
2025-04-03 11:48:03 - INFO - Arctaris rename_statements.py:2186 - main - Extracted information: <__main__.StatementInfo object at 0x000001F04E21E360>
2025-04-03 11:48:03 - INFO - Arctaris rename_statements.py:427 - process_pdf - Successfully identified bank type: PNC
2025-04-03 11:48:03 - INFO - Arctaris rename_statements.py:2199 - main - Would rename to: PNC\2025-03\ARCTARIS IMPACT CDC LLC statement_4130297779_2025-03-31.pdf
2025-04-03 11:48:03 - INFO - Arctaris rename_statements.py:2179 - main - [87/110] Processing file: statement_4130300931_2025-03-31.pdf
2025-04-03 11:48:03 - INFO - Arctaris rename_statements.py:427 - process_pdf - Successfully identified bank type: PNC
2025-04-03 11:48:03 - INFO - Arctaris rename_statements.py:2186 - main - Extracted information: <__main__.StatementInfo object at 0x000001F04E1DAB40>
2025-04-03 11:48:03 - INFO - Arctaris rename_statements.py:427 - process_pdf - Successfully identified bank type: PNC
2025-04-03 11:48:03 - INFO - Arctaris rename_statements.py:2199 - main - Would rename to: PNC\2025-03\ARCTARIS ROYALTY PARTNERS LLC statement_4130300931_2025-03-31.pdf
2025-04-03 11:48:03 - INFO - Arctaris rename_statements.py:2179 - main - [88/110] Processing file: statement_4130301336_2025-03-31.pdf
2025-04-03 11:48:03 - INFO - Arctaris rename_statements.py:427 - process_pdf - Successfully identified bank type: PNC
2025-04-03 11:48:03 - INFO - Arctaris rename_statements.py:2186 - main - Extracted information: <__main__.StatementInfo object at 0x000001F04E1B8800>
2025-04-03 11:48:03 - INFO - Arctaris rename_statements.py:427 - process_pdf - Successfully identified bank type: PNC
2025-04-03 11:48:03 - INFO - Arctaris rename_statements.py:2199 - main - Would rename to: PNC\2025-03\DETROIT AFFORDABLE HOUSING statement_4130301336_2025-03-31.pdf
2025-04-03 11:48:03 - INFO - Arctaris rename_statements.py:2179 - main - [89/110] Processing file: statement_4130301344_2025-03-31.pdf
2025-04-03 11:48:03 - INFO - Arctaris rename_statements.py:427 - process_pdf - Successfully identified bank type: PNC
2025-04-03 11:48:03 - INFO - Arctaris rename_statements.py:2186 - main - Extracted information: <__main__.StatementInfo object at 0x000001F04E332030>
2025-04-03 11:48:04 - INFO - Arctaris rename_statements.py:427 - process_pdf - Successfully identified bank type: PNC
2025-04-03 11:48:04 - INFO - Arctaris rename_statements.py:2199 - main - Would rename to: PNC\2025-03\BRADDOCK FLEX statement_4130301344_2025-03-31.pdf
2025-04-03 11:48:04 - INFO - Arctaris rename_statements.py:2179 - main - [90/110] Processing file: statement_4130301694_2025-03-31.pdf
2025-04-03 11:48:04 - INFO - Arctaris rename_statements.py:427 - process_pdf - Successfully identified bank type: PNC
2025-04-03 11:48:04 - INFO - Arctaris rename_statements.py:2186 - main - Extracted information: <__main__.StatementInfo object at 0x000001F04E332C60>
2025-04-03 11:48:04 - INFO - Arctaris rename_statements.py:427 - process_pdf - Successfully identified bank type: PNC
2025-04-03 11:48:04 - INFO - Arctaris rename_statements.py:2199 - main - Would rename to: PNC\2025-03\SADDLEBACK SERVICES LLC statement_4130301694_2025-03-31.pdf
2025-04-03 11:48:04 - INFO - Arctaris rename_statements.py:2179 - main - [91/110] Processing file: statement_4130301889_2025-03-31.pdf
2025-04-03 11:48:04 - INFO - Arctaris rename_statements.py:427 - process_pdf - Successfully identified bank type: PNC
2025-04-03 11:48:04 - INFO - Arctaris rename_statements.py:2186 - main - Extracted information: <__main__.StatementInfo object at 0x000001F04E82AAB0>
2025-04-03 11:48:04 - INFO - Arctaris rename_statements.py:427 - process_pdf - Successfully identified bank type: PNC
2025-04-03 11:48:04 - INFO - Arctaris rename_statements.py:2199 - main - Would rename to: PNC\2025-03\NEW ENGLAND INCLUSIVE HOUSING statement_4130301889_2025-03-31.pdf
2025-04-03 11:48:04 - INFO - Arctaris rename_statements.py:2179 - main - [92/110] Processing file: statement_4130301897_2025-03-31.pdf
2025-04-03 11:48:04 - INFO - Arctaris rename_statements.py:427 - process_pdf - Successfully identified bank type: PNC
2025-04-03 11:48:04 - INFO - Arctaris rename_statements.py:2186 - main - Extracted information: <__main__.StatementInfo object at 0x000001F04E363F80>
2025-04-03 11:48:04 - INFO - Arctaris rename_statements.py:427 - process_pdf - Successfully identified bank type: PNC
2025-04-03 11:48:04 - INFO - Arctaris rename_statements.py:2199 - main - Would rename to: PNC\2025-03\MIDWESTERN DEVELOPMENT I statement_4130301897_2025-03-31.pdf
2025-04-03 11:48:04 - INFO - Arctaris rename_statements.py:2179 - main - [93/110] Processing file: statement_4130301918_2025-03-31.pdf
2025-04-03 11:48:04 - INFO - Arctaris rename_statements.py:427 - process_pdf - Successfully identified bank type: PNC
2025-04-03 11:48:04 - INFO - Arctaris rename_statements.py:2186 - main - Extracted information: <__main__.StatementInfo object at 0x000001F04E3D0500>
2025-04-03 11:48:04 - INFO - Arctaris rename_statements.py:427 - process_pdf - Successfully identified bank type: PNC
2025-04-03 11:48:04 - INFO - Arctaris rename_statements.py:2199 - main - Would rename to: PNC\2025-03\MID ATLANTIC INCLUSIVE HOUSING statement_4130301918_2025-03-31.pdf
2025-04-03 11:48:04 - INFO - Arctaris rename_statements.py:2179 - main - [94/110] Processing file: statement_4130301926_2025-03-31.pdf
2025-04-03 11:48:04 - INFO - Arctaris rename_statements.py:427 - process_pdf - Successfully identified bank type: PNC
2025-04-03 11:48:04 - INFO - Arctaris rename_statements.py:2186 - main - Extracted information: <__main__.StatementInfo object at 0x000001F04E84B4A0>
2025-04-03 11:48:04 - INFO - Arctaris rename_statements.py:427 - process_pdf - Successfully identified bank type: PNC
2025-04-03 11:48:04 - INFO - Arctaris rename_statements.py:2199 - main - Would rename to: PNC\2025-03\SOUTH EAST DEVELOPMENT statement_4130301926_2025-03-31.pdf
2025-04-03 11:48:04 - INFO - Arctaris rename_statements.py:2179 - main - [95/110] Processing file: statement_4130301934_2025-03-31.pdf
2025-04-03 11:48:04 - INFO - Arctaris rename_statements.py:427 - process_pdf - Successfully identified bank type: PNC
2025-04-03 11:48:04 - INFO - Arctaris rename_statements.py:2186 - main - Extracted information: <__main__.StatementInfo object at 0x000001F04CD089B0>
2025-04-03 11:48:04 - INFO - Arctaris rename_statements.py:427 - process_pdf - Successfully identified bank type: PNC
2025-04-03 11:48:04 - INFO - Arctaris rename_statements.py:2199 - main - Would rename to: PNC\2025-03\PENN INCLUSIVE HOUSING statement_4130301934_2025-03-31.pdf
2025-04-03 11:48:04 - INFO - Arctaris rename_statements.py:2179 - main - [96/110] Processing file: statement_4130302128_2025-03-31.pdf
2025-04-03 11:48:04 - INFO - Arctaris rename_statements.py:427 - process_pdf - Successfully identified bank type: PNC
2025-04-03 11:48:04 - INFO - Arctaris rename_statements.py:2186 - main - Extracted information: <__main__.StatementInfo object at 0x000001F04E8836E0>
2025-04-03 11:48:04 - INFO - Arctaris rename_statements.py:427 - process_pdf - Successfully identified bank type: PNC
2025-04-03 11:48:04 - INFO - Arctaris rename_statements.py:2199 - main - Would rename to: PNC\2025-03\EASTERN DEVELOPMENT HOUSING statement_4130302128_2025-03-31.pdf
2025-04-03 11:48:04 - INFO - Arctaris rename_statements.py:2179 - main - [97/110] Processing file: statement_4175623128_2025-03-31.pdf
2025-04-03 11:48:04 - INFO - Arctaris rename_statements.py:427 - process_pdf - Successfully identified bank type: PNC
2025-04-03 11:48:04 - INFO - Arctaris rename_statements.py:2186 - main - Extracted information: <__main__.StatementInfo object at 0x000001F04E3D2450>
2025-04-03 11:48:04 - INFO - Arctaris rename_statements.py:427 - process_pdf - Successfully identified bank type: PNC
2025-04-03 11:48:04 - INFO - Arctaris rename_statements.py:2199 - main - Would rename to: PNC\2025-03\ARCTARIS OZ FUND 2024 statement_4175623128_2025-03-31.pdf
2025-04-03 11:48:04 - INFO - Arctaris rename_statements.py:2179 - main - [98/110] Processing file: statement_4176547892_2025-03-31.pdf
2025-04-03 11:48:04 - INFO - Arctaris rename_statements.py:427 - process_pdf - Successfully identified bank type: PNC
2025-04-03 11:48:04 - INFO - Arctaris rename_statements.py:2186 - main - Extracted information: <__main__.StatementInfo object at 0x000001F04E3D3FE0>
2025-04-03 11:48:04 - INFO - Arctaris rename_statements.py:427 - process_pdf - Successfully identified bank type: PNC
2025-04-03 11:48:04 - INFO - Arctaris rename_statements.py:2199 - main - Would rename to: PNC\2025-03\SSP HOLDCO LLC statement_4176547892_2025-03-31.pdf
2025-04-03 11:48:04 - INFO - Arctaris rename_statements.py:2179 - main - [99/110] Processing file: statement_4176565548_2025-03-31.pdf
2025-04-03 11:48:05 - INFO - Arctaris rename_statements.py:427 - process_pdf - Successfully identified bank type: PNC
2025-04-03 11:48:05 - INFO - Arctaris rename_statements.py:2186 - main - Extracted information: <__main__.StatementInfo object at 0x000001F04E2B9BE0>
2025-04-03 11:48:05 - INFO - Arctaris rename_statements.py:427 - process_pdf - Successfully identified bank type: PNC
2025-04-03 11:48:05 - INFO - Arctaris rename_statements.py:2199 - main - Would rename to: PNC\2025-03\ARCTARIS EAST COAST DEVELOPMEN statement_4176565548_2025-03-31.pdf
2025-04-03 11:48:05 - INFO - Arctaris rename_statements.py:2179 - main - [100/110] Processing file: statement_4176641344_2025-03-31.pdf
2025-04-03 11:48:05 - INFO - Arctaris rename_statements.py:427 - process_pdf - Successfully identified bank type: PNC
2025-04-03 11:48:05 - INFO - Arctaris rename_statements.py:2186 - main - Extracted information: <__main__.StatementInfo object at 0x000001F04E2B81D0>
2025-04-03 11:48:05 - INFO - Arctaris rename_statements.py:427 - process_pdf - Successfully identified bank type: PNC
2025-04-03 11:48:05 - INFO - Arctaris rename_statements.py:2199 - main - Would rename to: PNC\2025-03\GREATER ERIE STRATEGIC INVESTM statement_4176641344_2025-03-31.pdf
2025-04-03 11:48:05 - INFO - Arctaris rename_statements.py:2174 - main - 
Processing batch 6 (101-110 of 110)
2025-04-03 11:48:05 - INFO - Arctaris rename_statements.py:2179 - main - [101/110] Processing file: statement_4176706259_2025-03-31.pdf
2025-04-03 11:48:05 - INFO - Arctaris rename_statements.py:427 - process_pdf - Successfully identified bank type: PNC
2025-04-03 11:48:05 - INFO - Arctaris rename_statements.py:2186 - main - Extracted information: <__main__.StatementInfo object at 0x000001F04E3D0F20>
2025-04-03 11:48:05 - INFO - Arctaris rename_statements.py:427 - process_pdf - Successfully identified bank type: PNC
2025-04-03 11:48:05 - INFO - Arctaris rename_statements.py:2199 - main - Would rename to: PNC\2025-03\ARCTARIS ADVISORY HOLDING LLC statement_4176706259_2025-03-31.pdf
2025-04-03 11:48:05 - INFO - Arctaris rename_statements.py:2179 - main - [102/110] Processing file: statement_4176786746_2025-03-31.pdf
2025-04-03 11:48:05 - INFO - Arctaris rename_statements.py:427 - process_pdf - Successfully identified bank type: PNC
2025-04-03 11:48:05 - INFO - Arctaris rename_statements.py:2186 - main - Extracted information: <__main__.StatementInfo object at 0x000001F04E3D2EA0>
2025-04-03 11:48:05 - INFO - Arctaris rename_statements.py:427 - process_pdf - Successfully identified bank type: PNC
2025-04-03 11:48:05 - INFO - Arctaris rename_statements.py:2199 - main - Would rename to: PNC\2025-03\ARC-IMPACT PROGRAM CT LLC statement_4176786746_2025-03-31.pdf
2025-04-03 11:48:05 - INFO - Arctaris rename_statements.py:2179 - main - [103/110] Processing file: statement_4176790542_2025-03-31.pdf
2025-04-03 11:48:05 - INFO - Arctaris rename_statements.py:427 - process_pdf - Successfully identified bank type: PNC
2025-04-03 11:48:05 - INFO - Arctaris rename_statements.py:2186 - main - Extracted information: <__main__.StatementInfo object at 0x000001F04E37CC80>
2025-04-03 11:48:05 - INFO - Arctaris rename_statements.py:427 - process_pdf - Successfully identified bank type: PNC
2025-04-03 11:48:05 - INFO - Arctaris rename_statements.py:2199 - main - Would rename to: PNC\2025-03\ARCTARIS HOLDCO LLC statement_4176790542_2025-03-31.pdf
2025-04-03 11:48:05 - INFO - Arctaris rename_statements.py:2179 - main - [104/110] Processing file: statement_4176790577_2025-03-31.pdf
2025-04-03 11:48:05 - INFO - Arctaris rename_statements.py:427 - process_pdf - Successfully identified bank type: PNC
2025-04-03 11:48:05 - INFO - Arctaris rename_statements.py:2186 - main - Extracted information: <__main__.StatementInfo object at 0x000001F04E82A810>
2025-04-03 11:48:05 - INFO - Arctaris rename_statements.py:427 - process_pdf - Successfully identified bank type: PNC
2025-04-03 11:48:05 - INFO - Arctaris rename_statements.py:2199 - main - Would rename to: PNC\2025-03\TOWER PERSONAL SERVICES LLC statement_4176790577_2025-03-31.pdf
2025-04-03 11:48:05 - INFO - Arctaris rename_statements.py:2179 - main - [105/110] Processing file: statement_4176790593_2025-03-31.pdf
2025-04-03 11:48:05 - INFO - Arctaris rename_statements.py:427 - process_pdf - Successfully identified bank type: PNC
2025-04-03 11:48:05 - INFO - Arctaris rename_statements.py:2186 - main - Extracted information: <__main__.StatementInfo object at 0x000001F04E82A9F0>
2025-04-03 11:48:05 - INFO - Arctaris rename_statements.py:427 - process_pdf - Successfully identified bank type: PNC
2025-04-03 11:48:05 - INFO - Arctaris rename_statements.py:2199 - main - Would rename to: PNC\2025-03\ARCTARIS MANAGEMENT CO LLC statement_4176790593_2025-03-31.pdf
2025-04-03 11:48:05 - INFO - Arctaris rename_statements.py:2179 - main - [106/110] Processing file: statement_4179447491_2025-03-31.pdf
2025-04-03 11:48:05 - INFO - Arctaris rename_statements.py:427 - process_pdf - Successfully identified bank type: PNC
2025-04-03 11:48:05 - INFO - Arctaris rename_statements.py:2186 - main - Extracted information: <__main__.StatementInfo object at 0x000001F04E82A690>
2025-04-03 11:48:05 - INFO - Arctaris rename_statements.py:427 - process_pdf - Successfully identified bank type: PNC
2025-04-03 11:48:05 - INFO - Arctaris rename_statements.py:2199 - main - Would rename to: PNC\2025-03\ARCTARIS MICHIGAN PARTNERS LLC statement_4179447491_2025-03-31.pdf
2025-04-03 11:48:05 - INFO - Arctaris rename_statements.py:2179 - main - [107/110] Processing file: statement_4179559231_2025-03-31.pdf
2025-04-03 11:48:05 - INFO - Arctaris rename_statements.py:427 - process_pdf - Successfully identified bank type: PNC
2025-04-03 11:48:05 - INFO - Arctaris rename_statements.py:2186 - main - Extracted information: <__main__.StatementInfo object at 0x000001F04E84A360>
2025-04-03 11:48:05 - INFO - Arctaris rename_statements.py:427 - process_pdf - Successfully identified bank type: PNC
2025-04-03 11:48:05 - INFO - Arctaris rename_statements.py:2199 - main - Would rename to: PNC\2025-03\ARCTARIS REAL ESTATE MANAGEMEN statement_4179559231_2025-03-31.pdf
2025-04-03 11:48:05 - INFO - Arctaris rename_statements.py:2179 - main - [108/110] Processing file: statement_4179559338_2025-03-31.pdf
2025-04-03 11:48:05 - INFO - Arctaris rename_statements.py:427 - process_pdf - Successfully identified bank type: PNC
2025-04-03 11:48:05 - INFO - Arctaris rename_statements.py:2186 - main - Extracted information: <__main__.StatementInfo object at 0x000001F04E3639E0>
2025-04-03 11:48:05 - INFO - Arctaris rename_statements.py:427 - process_pdf - Successfully identified bank type: PNC
2025-04-03 11:48:05 - INFO - Arctaris rename_statements.py:2199 - main - Would rename to: PNC\2025-03\ARCTARIS HOUSING CO LLC statement_4179559338_2025-03-31.pdf
2025-04-03 11:48:05 - INFO - Arctaris rename_statements.py:2179 - main - [109/110] Processing file: statement_4179667988_2025-03-31.pdf
2025-04-03 11:48:05 - INFO - Arctaris rename_statements.py:427 - process_pdf - Successfully identified bank type: PNC
2025-04-03 11:48:05 - INFO - Arctaris rename_statements.py:2186 - main - Extracted information: <__main__.StatementInfo object at 0x000001F04E82AF00>
2025-04-03 11:48:05 - INFO - Arctaris rename_statements.py:427 - process_pdf - Successfully identified bank type: PNC
2025-04-03 11:48:05 - INFO - Arctaris rename_statements.py:2199 - main - Would rename to: PNC\2025-03\ARCTARIS MIDWEST DEV II statement_4179667988_2025-03-31.pdf
2025-04-03 11:48:05 - INFO - Arctaris rename_statements.py:2179 - main - [110/110] Processing file: statement_4698117603_2025-03-31.pdf
2025-04-03 11:48:05 - INFO - Arctaris rename_statements.py:427 - process_pdf - Successfully identified bank type: PNC
2025-04-03 11:48:05 - INFO - Arctaris rename_statements.py:2186 - main - Extracted information: <__main__.StatementInfo object at 0x000001F04E3631A0>
2025-04-03 11:48:05 - INFO - Arctaris rename_statements.py:427 - process_pdf - Successfully identified bank type: PNC
2025-04-03 11:48:05 - INFO - Arctaris rename_statements.py:2199 - main - Would rename to: PNC\2025-03\ARCTARIS OZ FUND 2019 statement_4698117603_2025-03-31.pdf
2025-04-03 11:48:05 - INFO - Arctaris rename_statements.py:2255 - main - 
Dry run completed in 5.90 seconds.
2025-04-03 11:48:05 - INFO - Arctaris rename_statements.py:2259 - main - Preview checklist saved to: checklists\preview_checklist_20250403_114805.csv
2025-04-03 11:48:05 - INFO - Arctaris rename_statements.py:2263 - main - 82 files would be processed.
