2025-04-03 10:55:21 - INFO - Arctaris rename_statements.py:1784 - setup_logging - Logging initialized at level INFO
2025-04-03 10:55:21 - INFO - Arctaris rename_statements.py:1785 - setup_logging - Log file: C:\Users\Christian\OneDrive - Arctaris Michigan Partners, LLC\Desktop\Bank Automation\Codes\Bank Statements\logs\pdf_processor_20250403_105521.log
2025-04-03 10:55:21 - INFO - Arctaris rename_statements.py:1850 - main - Starting PDF rename script (version 2.0)
2025-04-03 10:55:21 - INFO - Arctaris rename_statements.py:1851 - main - Input folder: C:\Users\Christian\OneDrive - Arctaris Michigan Partners, LLC\Desktop\Bank Automation\input_statements
2025-04-03 10:55:21 - INFO - Arctaris rename_statements.py:1852 - main - Output folder: C:\Users\Christian\OneDrive - Arctaris Michigan Partners, LLC\Desktop\Bank Automation\processed_statements
2025-04-03 10:55:21 - INFO - Arctaris rename_statements.py:1870 - main - Found 4 repaired files that will be skipped
2025-04-03 10:55:21 - INFO - Arctaris rename_statements.py:1885 - main - Found 110 PDF file(s) to process
2025-04-03 10:55:22 - INFO - Arctaris rename_statements.py:1520 - find_duplicate_files - Duplicate group - Original: dxweb (26).pdf, Duplicates: dxweb (27).pdf
2025-04-03 10:55:22 - INFO - Arctaris rename_statements.py:1520 - find_duplicate_files - Duplicate group - Original: dxweb (32).pdf, Duplicates: dxweb (33).pdf
2025-04-03 10:55:22 - WARNING - Arctaris rename_statements.py:1893 - main - Found 2 groups of duplicate files:
2025-04-03 10:55:22 - WARNING - Arctaris rename_statements.py:1895 - main -   Duplicate group (2 files):
2025-04-03 10:55:22 - WARNING - Arctaris rename_statements.py:1898 - main -     - dxweb (26).pdf
2025-04-03 10:55:22 - WARNING - Arctaris rename_statements.py:1898 - main -     - dxweb (27).pdf
2025-04-03 10:55:22 - INFO - Arctaris rename_statements.py:1903 - main -   Original: dxweb (26).pdf, Duplicates: dxweb (27).pdf
2025-04-03 10:55:22 - WARNING - Arctaris rename_statements.py:1895 - main -   Duplicate group (2 files):
2025-04-03 10:55:22 - WARNING - Arctaris rename_statements.py:1898 - main -     - dxweb (32).pdf
2025-04-03 10:55:22 - WARNING - Arctaris rename_statements.py:1898 - main -     - dxweb (33).pdf
2025-04-03 10:55:22 - INFO - Arctaris rename_statements.py:1903 - main -   Original: dxweb (32).pdf, Duplicates: dxweb (33).pdf
2025-04-03 10:55:22 - INFO - Arctaris rename_statements.py:1922 - main - 
=== PREVIEW MODE ===
2025-04-03 10:55:22 - INFO - Arctaris rename_statements.py:1930 - main - Verifying PDF files...
2025-04-03 10:55:22 - INFO - Arctaris rename_statements.py:1967 - main - 110 files verified and ready for processing
2025-04-03 10:55:22 - INFO - Arctaris rename_statements.py:1976 - main - 
Processing batch 1 (1-20 of 110)
2025-04-03 10:55:22 - INFO - Arctaris rename_statements.py:1981 - main - [1/110] Processing file: dxweb (10).pdf
2025-04-03 10:55:22 - INFO - Arctaris rename_statements.py:258 - process_pdf - Processing dxweb file as BankUnited: dxweb (10).pdf
2025-04-03 10:55:22 - INFO - Arctaris rename_statements.py:1988 - main - Extracted information: <__main__.StatementInfo object at 0x000001ACCBB84500>
2025-04-03 10:55:22 - INFO - Arctaris rename_statements.py:258 - process_pdf - Processing dxweb file as BankUnited: dxweb (10).pdf
2025-04-03 10:55:22 - INFO - Arctaris rename_statements.py:2001 - main - Would rename to: BankUnited\2025-04\Bank United Arctaris-10 April 2025 Statement.pdf
2025-04-03 10:55:22 - INFO - Arctaris rename_statements.py:1981 - main - [2/110] Processing file: dxweb (11).pdf
2025-04-03 10:55:22 - INFO - Arctaris rename_statements.py:258 - process_pdf - Processing dxweb file as BankUnited: dxweb (11).pdf
2025-04-03 10:55:22 - INFO - Arctaris rename_statements.py:1988 - main - Extracted information: <__main__.StatementInfo object at 0x000001ACCBB948F0>
2025-04-03 10:55:22 - INFO - Arctaris rename_statements.py:258 - process_pdf - Processing dxweb file as BankUnited: dxweb (11).pdf
2025-04-03 10:55:22 - INFO - Arctaris rename_statements.py:2001 - main - Would rename to: BankUnited\2025-04\Bank United Arctaris-11 April 2025 Statement.pdf
2025-04-03 10:55:22 - INFO - Arctaris rename_statements.py:1981 - main - [3/110] Processing file: dxweb (12).pdf
2025-04-03 10:55:22 - INFO - Arctaris rename_statements.py:258 - process_pdf - Processing dxweb file as BankUnited: dxweb (12).pdf
2025-04-03 10:55:22 - INFO - Arctaris rename_statements.py:1988 - main - Extracted information: <__main__.StatementInfo object at 0x000001ACCBB1D250>
2025-04-03 10:55:22 - INFO - Arctaris rename_statements.py:258 - process_pdf - Processing dxweb file as BankUnited: dxweb (12).pdf
2025-04-03 10:55:22 - INFO - Arctaris rename_statements.py:2001 - main - Would rename to: BankUnited\2025-04\Bank United Arctaris-12 April 2025 Statement.pdf
2025-04-03 10:55:22 - INFO - Arctaris rename_statements.py:1981 - main - [4/110] Processing file: dxweb (13).pdf
2025-04-03 10:55:22 - INFO - Arctaris rename_statements.py:258 - process_pdf - Processing dxweb file as BankUnited: dxweb (13).pdf
2025-04-03 10:55:22 - INFO - Arctaris rename_statements.py:1988 - main - Extracted information: <__main__.StatementInfo object at 0x000001ACCBBBDFD0>
2025-04-03 10:55:22 - INFO - Arctaris rename_statements.py:258 - process_pdf - Processing dxweb file as BankUnited: dxweb (13).pdf
2025-04-03 10:55:22 - INFO - Arctaris rename_statements.py:2001 - main - Would rename to: BankUnited\2025-04\Bank United Arctaris-13 April 2025 Statement.pdf
2025-04-03 10:55:22 - INFO - Arctaris rename_statements.py:1981 - main - [5/110] Processing file: dxweb (14).pdf
2025-04-03 10:55:22 - INFO - Arctaris rename_statements.py:258 - process_pdf - Processing dxweb file as BankUnited: dxweb (14).pdf
2025-04-03 10:55:22 - INFO - Arctaris rename_statements.py:1988 - main - Extracted information: <__main__.StatementInfo object at 0x000001ACCBBBE030>
2025-04-03 10:55:22 - INFO - Arctaris rename_statements.py:258 - process_pdf - Processing dxweb file as BankUnited: dxweb (14).pdf
2025-04-03 10:55:22 - INFO - Arctaris rename_statements.py:2001 - main - Would rename to: BankUnited\2025-04\Bank United Arctaris-14 April 2025 Statement.pdf
2025-04-03 10:55:22 - INFO - Arctaris rename_statements.py:1981 - main - [6/110] Processing file: dxweb (15).pdf
2025-04-03 10:55:22 - INFO - Arctaris rename_statements.py:258 - process_pdf - Processing dxweb file as BankUnited: dxweb (15).pdf
2025-04-03 10:55:22 - INFO - Arctaris rename_statements.py:1988 - main - Extracted information: <__main__.StatementInfo object at 0x000001ACCBBBE090>
2025-04-03 10:55:22 - INFO - Arctaris rename_statements.py:258 - process_pdf - Processing dxweb file as BankUnited: dxweb (15).pdf
2025-04-03 10:55:22 - INFO - Arctaris rename_statements.py:2001 - main - Would rename to: BankUnited\2025-04\Bank United Arctaris-15 April 2025 Statement.pdf
2025-04-03 10:55:22 - INFO - Arctaris rename_statements.py:1981 - main - [7/110] Processing file: dxweb (16).pdf
2025-04-03 10:55:22 - INFO - Arctaris rename_statements.py:258 - process_pdf - Processing dxweb file as BankUnited: dxweb (16).pdf
2025-04-03 10:55:22 - INFO - Arctaris rename_statements.py:1988 - main - Extracted information: <__main__.StatementInfo object at 0x000001ACCBBBE0F0>
2025-04-03 10:55:22 - INFO - Arctaris rename_statements.py:258 - process_pdf - Processing dxweb file as BankUnited: dxweb (16).pdf
2025-04-03 10:55:22 - INFO - Arctaris rename_statements.py:2001 - main - Would rename to: BankUnited\2025-04\Bank United Arctaris-16 April 2025 Statement.pdf
2025-04-03 10:55:22 - INFO - Arctaris rename_statements.py:1981 - main - [8/110] Processing file: dxweb (17).pdf
2025-04-03 10:55:22 - INFO - Arctaris rename_statements.py:258 - process_pdf - Processing dxweb file as BankUnited: dxweb (17).pdf
2025-04-03 10:55:22 - INFO - Arctaris rename_statements.py:1988 - main - Extracted information: <__main__.StatementInfo object at 0x000001ACCBBBE150>
2025-04-03 10:55:22 - INFO - Arctaris rename_statements.py:258 - process_pdf - Processing dxweb file as BankUnited: dxweb (17).pdf
2025-04-03 10:55:22 - INFO - Arctaris rename_statements.py:2001 - main - Would rename to: BankUnited\2025-04\Bank United Arctaris-17 April 2025 Statement.pdf
2025-04-03 10:55:22 - INFO - Arctaris rename_statements.py:1981 - main - [9/110] Processing file: dxweb (18).pdf
2025-04-03 10:55:22 - INFO - Arctaris rename_statements.py:258 - process_pdf - Processing dxweb file as BankUnited: dxweb (18).pdf
2025-04-03 10:55:22 - INFO - Arctaris rename_statements.py:1988 - main - Extracted information: <__main__.StatementInfo object at 0x000001ACCBB96120>
2025-04-03 10:55:22 - INFO - Arctaris rename_statements.py:258 - process_pdf - Processing dxweb file as BankUnited: dxweb (18).pdf
2025-04-03 10:55:22 - INFO - Arctaris rename_statements.py:2001 - main - Would rename to: BankUnited\2025-04\Bank United Arctaris-18 April 2025 Statement.pdf
2025-04-03 10:55:22 - INFO - Arctaris rename_statements.py:1981 - main - [10/110] Processing file: dxweb (19).pdf
2025-04-03 10:55:22 - INFO - Arctaris rename_statements.py:258 - process_pdf - Processing dxweb file as BankUnited: dxweb (19).pdf
2025-04-03 10:55:22 - INFO - Arctaris rename_statements.py:1988 - main - Extracted information: <__main__.StatementInfo object at 0x000001ACCBB94260>
2025-04-03 10:55:22 - INFO - Arctaris rename_statements.py:258 - process_pdf - Processing dxweb file as BankUnited: dxweb (19).pdf
2025-04-03 10:55:22 - INFO - Arctaris rename_statements.py:2001 - main - Would rename to: BankUnited\2025-04\Bank United Arctaris-19 April 2025 Statement.pdf
2025-04-03 10:55:22 - INFO - Arctaris rename_statements.py:1981 - main - [11/110] Processing file: dxweb (20).pdf
2025-04-03 10:55:22 - INFO - Arctaris rename_statements.py:258 - process_pdf - Processing dxweb file as BankUnited: dxweb (20).pdf
2025-04-03 10:55:22 - INFO - Arctaris rename_statements.py:1988 - main - Extracted information: <__main__.StatementInfo object at 0x000001ACCBB94230>
2025-04-03 10:55:22 - INFO - Arctaris rename_statements.py:258 - process_pdf - Processing dxweb file as BankUnited: dxweb (20).pdf
2025-04-03 10:55:22 - INFO - Arctaris rename_statements.py:2001 - main - Would rename to: BankUnited\2025-04\Bank United Arctaris-20 April 2025 Statement.pdf
2025-04-03 10:55:22 - INFO - Arctaris rename_statements.py:1981 - main - [12/110] Processing file: dxweb (21).pdf
2025-04-03 10:55:22 - INFO - Arctaris rename_statements.py:258 - process_pdf - Processing dxweb file as BankUnited: dxweb (21).pdf
2025-04-03 10:55:22 - INFO - Arctaris rename_statements.py:1988 - main - Extracted information: <__main__.StatementInfo object at 0x000001ACCBB96660>
2025-04-03 10:55:22 - INFO - Arctaris rename_statements.py:258 - process_pdf - Processing dxweb file as BankUnited: dxweb (21).pdf
2025-04-03 10:55:22 - INFO - Arctaris rename_statements.py:2001 - main - Would rename to: BankUnited\2025-04\Bank United Arctaris-21 April 2025 Statement.pdf
2025-04-03 10:55:22 - INFO - Arctaris rename_statements.py:1981 - main - [13/110] Processing file: dxweb (22).pdf
2025-04-03 10:55:22 - INFO - Arctaris rename_statements.py:258 - process_pdf - Processing dxweb file as BankUnited: dxweb (22).pdf
2025-04-03 10:55:22 - INFO - Arctaris rename_statements.py:1988 - main - Extracted information: <__main__.StatementInfo object at 0x000001ACCAF4A2D0>
2025-04-03 10:55:22 - INFO - Arctaris rename_statements.py:258 - process_pdf - Processing dxweb file as BankUnited: dxweb (22).pdf
2025-04-03 10:55:22 - INFO - Arctaris rename_statements.py:2001 - main - Would rename to: BankUnited\2025-04\Bank United Arctaris-22 April 2025 Statement.pdf
2025-04-03 10:55:22 - INFO - Arctaris rename_statements.py:1981 - main - [14/110] Processing file: dxweb (23).pdf
2025-04-03 10:55:22 - INFO - Arctaris rename_statements.py:258 - process_pdf - Processing dxweb file as BankUnited: dxweb (23).pdf
2025-04-03 10:55:22 - INFO - Arctaris rename_statements.py:1988 - main - Extracted information: <__main__.StatementInfo object at 0x000001ACCAA587D0>
2025-04-03 10:55:22 - INFO - Arctaris rename_statements.py:258 - process_pdf - Processing dxweb file as BankUnited: dxweb (23).pdf
2025-04-03 10:55:22 - INFO - Arctaris rename_statements.py:2001 - main - Would rename to: BankUnited\2025-04\Bank United Arctaris-23 April 2025 Statement.pdf
2025-04-03 10:55:22 - INFO - Arctaris rename_statements.py:1981 - main - [15/110] Processing file: dxweb (24).pdf
2025-04-03 10:55:22 - INFO - Arctaris rename_statements.py:258 - process_pdf - Processing dxweb file as BankUnited: dxweb (24).pdf
2025-04-03 10:55:22 - INFO - Arctaris rename_statements.py:1988 - main - Extracted information: <__main__.StatementInfo object at 0x000001ACCBB964E0>
2025-04-03 10:55:22 - INFO - Arctaris rename_statements.py:258 - process_pdf - Processing dxweb file as BankUnited: dxweb (24).pdf
2025-04-03 10:55:22 - INFO - Arctaris rename_statements.py:2001 - main - Would rename to: BankUnited\2025-04\Bank United Arctaris-24 April 2025 Statement.pdf
2025-04-03 10:55:22 - INFO - Arctaris rename_statements.py:1981 - main - [16/110] Processing file: dxweb (25).pdf
2025-04-03 10:55:22 - INFO - Arctaris rename_statements.py:258 - process_pdf - Processing dxweb file as BankUnited: dxweb (25).pdf
2025-04-03 10:55:22 - INFO - Arctaris rename_statements.py:1988 - main - Extracted information: <__main__.StatementInfo object at 0x000001ACCBB95820>
2025-04-03 10:55:22 - INFO - Arctaris rename_statements.py:258 - process_pdf - Processing dxweb file as BankUnited: dxweb (25).pdf
2025-04-03 10:55:22 - INFO - Arctaris rename_statements.py:2001 - main - Would rename to: BankUnited\2025-04\Bank United Arctaris-25 April 2025 Statement.pdf
2025-04-03 10:55:22 - INFO - Arctaris rename_statements.py:1981 - main - [17/110] Processing file: dxweb (26).pdf
2025-04-03 10:55:22 - INFO - Arctaris rename_statements.py:258 - process_pdf - Processing dxweb file as BankUnited: dxweb (26).pdf
2025-04-03 10:55:22 - INFO - Arctaris rename_statements.py:1988 - main - Extracted information: <__main__.StatementInfo object at 0x000001ACCBB96F00>
2025-04-03 10:55:22 - INFO - Arctaris rename_statements.py:258 - process_pdf - Processing dxweb file as BankUnited: dxweb (26).pdf
2025-04-03 10:55:22 - INFO - Arctaris rename_statements.py:2001 - main - Would rename to: BankUnited\2025-04\Bank United Arctaris-26 April 2025 Statement.pdf
2025-04-03 10:55:22 - INFO - Arctaris rename_statements.py:1981 - main - [18/110] Processing file: dxweb (27).pdf
2025-04-03 10:55:22 - INFO - Arctaris rename_statements.py:258 - process_pdf - Processing dxweb file as BankUnited: dxweb (27).pdf
2025-04-03 10:55:22 - INFO - Arctaris rename_statements.py:1988 - main - Extracted information: <__main__.StatementInfo object at 0x000001ACCBB45190>
2025-04-03 10:55:22 - INFO - Arctaris rename_statements.py:258 - process_pdf - Processing dxweb file as BankUnited: dxweb (27).pdf
2025-04-03 10:55:22 - INFO - Arctaris rename_statements.py:2001 - main - Would rename to: BankUnited\2025-04\Bank United Arctaris-27 April 2025 Statement.pdf
2025-04-03 10:55:22 - INFO - Arctaris rename_statements.py:1981 - main - [19/110] Processing file: dxweb (28).pdf
2025-04-03 10:55:22 - INFO - Arctaris rename_statements.py:258 - process_pdf - Processing dxweb file as BankUnited: dxweb (28).pdf
2025-04-03 10:55:22 - INFO - Arctaris rename_statements.py:1988 - main - Extracted information: <__main__.StatementInfo object at 0x000001ACCBB95EE0>
2025-04-03 10:55:22 - INFO - Arctaris rename_statements.py:258 - process_pdf - Processing dxweb file as BankUnited: dxweb (28).pdf
2025-04-03 10:55:22 - INFO - Arctaris rename_statements.py:2001 - main - Would rename to: BankUnited\2025-04\Bank United Arctaris-28 April 2025 Statement.pdf
2025-04-03 10:55:22 - INFO - Arctaris rename_statements.py:1981 - main - [20/110] Processing file: dxweb (29).pdf
2025-04-03 10:55:22 - INFO - Arctaris rename_statements.py:258 - process_pdf - Processing dxweb file as BankUnited: dxweb (29).pdf
2025-04-03 10:55:22 - INFO - Arctaris rename_statements.py:1988 - main - Extracted information: <__main__.StatementInfo object at 0x000001ACCBB95940>
2025-04-03 10:55:22 - INFO - Arctaris rename_statements.py:258 - process_pdf - Processing dxweb file as BankUnited: dxweb (29).pdf
2025-04-03 10:55:22 - INFO - Arctaris rename_statements.py:2001 - main - Would rename to: BankUnited\2025-04\Bank United Arctaris-29 April 2025 Statement.pdf
2025-04-03 10:55:22 - INFO - Arctaris rename_statements.py:1976 - main - 
Processing batch 2 (21-40 of 110)
2025-04-03 10:55:22 - INFO - Arctaris rename_statements.py:1981 - main - [21/110] Processing file: dxweb (30).pdf
2025-04-03 10:55:22 - INFO - Arctaris rename_statements.py:258 - process_pdf - Processing dxweb file as BankUnited: dxweb (30).pdf
2025-04-03 10:55:22 - INFO - Arctaris rename_statements.py:1988 - main - Extracted information: <__main__.StatementInfo object at 0x000001ACCBB95CA0>
2025-04-03 10:55:22 - INFO - Arctaris rename_statements.py:258 - process_pdf - Processing dxweb file as BankUnited: dxweb (30).pdf
2025-04-03 10:55:22 - INFO - Arctaris rename_statements.py:2001 - main - Would rename to: BankUnited\2025-04\Bank United Arctaris-30 April 2025 Statement.pdf
2025-04-03 10:55:22 - INFO - Arctaris rename_statements.py:1981 - main - [22/110] Processing file: dxweb (31).pdf
2025-04-03 10:55:22 - INFO - Arctaris rename_statements.py:258 - process_pdf - Processing dxweb file as BankUnited: dxweb (31).pdf
2025-04-03 10:55:22 - INFO - Arctaris rename_statements.py:1988 - main - Extracted information: <__main__.StatementInfo object at 0x000001ACCBB955B0>
2025-04-03 10:55:22 - INFO - Arctaris rename_statements.py:258 - process_pdf - Processing dxweb file as BankUnited: dxweb (31).pdf
2025-04-03 10:55:22 - INFO - Arctaris rename_statements.py:2001 - main - Would rename to: BankUnited\2025-04\Bank United Arctaris-31 April 2025 Statement.pdf
2025-04-03 10:55:22 - INFO - Arctaris rename_statements.py:1981 - main - [23/110] Processing file: dxweb (32).pdf
2025-04-03 10:55:22 - INFO - Arctaris rename_statements.py:258 - process_pdf - Processing dxweb file as BankUnited: dxweb (32).pdf
2025-04-03 10:55:22 - INFO - Arctaris rename_statements.py:1988 - main - Extracted information: <__main__.StatementInfo object at 0x000001ACCBB942C0>
2025-04-03 10:55:22 - INFO - Arctaris rename_statements.py:258 - process_pdf - Processing dxweb file as BankUnited: dxweb (32).pdf
2025-04-03 10:55:22 - INFO - Arctaris rename_statements.py:2001 - main - Would rename to: BankUnited\2025-04\Bank United Arctaris-32 April 2025 Statement.pdf
2025-04-03 10:55:22 - INFO - Arctaris rename_statements.py:1981 - main - [24/110] Processing file: dxweb (33).pdf
2025-04-03 10:55:22 - INFO - Arctaris rename_statements.py:258 - process_pdf - Processing dxweb file as BankUnited: dxweb (33).pdf
2025-04-03 10:55:22 - INFO - Arctaris rename_statements.py:1988 - main - Extracted information: <__main__.StatementInfo object at 0x000001ACCBB944A0>
2025-04-03 10:55:22 - INFO - Arctaris rename_statements.py:258 - process_pdf - Processing dxweb file as BankUnited: dxweb (33).pdf
2025-04-03 10:55:22 - INFO - Arctaris rename_statements.py:2001 - main - Would rename to: BankUnited\2025-04\Bank United Arctaris-33 April 2025 Statement.pdf
2025-04-03 10:55:22 - INFO - Arctaris rename_statements.py:1981 - main - [25/110] Processing file: dxweb (34).pdf
2025-04-03 10:55:22 - INFO - Arctaris rename_statements.py:258 - process_pdf - Processing dxweb file as BankUnited: dxweb (34).pdf
2025-04-03 10:55:22 - INFO - Arctaris rename_statements.py:1988 - main - Extracted information: <__main__.StatementInfo object at 0x000001ACCBB1DFD0>
2025-04-03 10:55:22 - INFO - Arctaris rename_statements.py:258 - process_pdf - Processing dxweb file as BankUnited: dxweb (34).pdf
2025-04-03 10:55:22 - INFO - Arctaris rename_statements.py:2001 - main - Would rename to: BankUnited\2025-04\Bank United Arctaris-34 April 2025 Statement.pdf
2025-04-03 10:55:22 - INFO - Arctaris rename_statements.py:1981 - main - [26/110] Processing file: dxweb (35).pdf
2025-04-03 10:55:22 - INFO - Arctaris rename_statements.py:258 - process_pdf - Processing dxweb file as BankUnited: dxweb (35).pdf
2025-04-03 10:55:22 - INFO - Arctaris rename_statements.py:1988 - main - Extracted information: <__main__.StatementInfo object at 0x000001ACCBB95790>
2025-04-03 10:55:22 - INFO - Arctaris rename_statements.py:258 - process_pdf - Processing dxweb file as BankUnited: dxweb (35).pdf
2025-04-03 10:55:22 - INFO - Arctaris rename_statements.py:2001 - main - Would rename to: BankUnited\2025-04\Bank United Arctaris-35 April 2025 Statement.pdf
2025-04-03 10:55:22 - INFO - Arctaris rename_statements.py:1981 - main - [27/110] Processing file: dxweb (8).pdf
2025-04-03 10:55:22 - INFO - Arctaris rename_statements.py:258 - process_pdf - Processing dxweb file as BankUnited: dxweb (8).pdf
2025-04-03 10:55:22 - INFO - Arctaris rename_statements.py:1988 - main - Extracted information: <__main__.StatementInfo object at 0x000001ACCBB947D0>
2025-04-03 10:55:22 - INFO - Arctaris rename_statements.py:258 - process_pdf - Processing dxweb file as BankUnited: dxweb (8).pdf
2025-04-03 10:55:22 - INFO - Arctaris rename_statements.py:2001 - main - Would rename to: BankUnited\2025-04\Bank United Arctaris-8 April 2025 Statement.pdf
2025-04-03 10:55:22 - INFO - Arctaris rename_statements.py:1981 - main - [28/110] Processing file: dxweb (9).pdf
2025-04-03 10:55:22 - INFO - Arctaris rename_statements.py:258 - process_pdf - Processing dxweb file as BankUnited: dxweb (9).pdf
2025-04-03 10:55:22 - INFO - Arctaris rename_statements.py:1988 - main - Extracted information: <__main__.StatementInfo object at 0x000001ACCBB96270>
2025-04-03 10:55:22 - INFO - Arctaris rename_statements.py:258 - process_pdf - Processing dxweb file as BankUnited: dxweb (9).pdf
2025-04-03 10:55:22 - INFO - Arctaris rename_statements.py:2001 - main - Would rename to: BankUnited\2025-04\Bank United Arctaris-9 April 2025 Statement.pdf
2025-04-03 10:55:22 - INFO - Arctaris rename_statements.py:1981 - main - [29/110] Processing file: NewStatement (1).pdf
2025-04-03 10:55:22 - WARNING - Arctaris rename_statements.py:297 - process_pdf - Limited text extracted from newstatement (1).pdf, attempting filename-based detection
2025-04-03 10:55:22 - INFO - Arctaris rename_statements.py:308 - process_pdf - Using filename-based detection: Classified as Berkshire
2025-04-03 10:55:22 - INFO - Arctaris rename_statements.py:1988 - main - Extracted information: <__main__.StatementInfo object at 0x000001ACCBB1CF50>
2025-04-03 10:55:22 - WARNING - Arctaris rename_statements.py:297 - process_pdf - Limited text extracted from newstatement (1).pdf, attempting filename-based detection
2025-04-03 10:55:22 - INFO - Arctaris rename_statements.py:308 - process_pdf - Using filename-based detection: Classified as Berkshire
2025-04-03 10:55:22 - INFO - Arctaris rename_statements.py:2001 - main - Would rename to: Berkshire\2025-04\0000 - ARCTARIS FUND-20250403.pdf
2025-04-03 10:55:22 - INFO - Arctaris rename_statements.py:1981 - main - [30/110] Processing file: NewStatement (2).pdf
2025-04-03 10:55:22 - WARNING - Arctaris rename_statements.py:297 - process_pdf - Limited text extracted from newstatement (2).pdf, attempting filename-based detection
2025-04-03 10:55:22 - INFO - Arctaris rename_statements.py:308 - process_pdf - Using filename-based detection: Classified as Berkshire
2025-04-03 10:55:22 - INFO - Arctaris rename_statements.py:1988 - main - Extracted information: <__main__.StatementInfo object at 0x000001ACCBBE2540>
2025-04-03 10:55:22 - WARNING - Arctaris rename_statements.py:297 - process_pdf - Limited text extracted from newstatement (2).pdf, attempting filename-based detection
2025-04-03 10:55:22 - INFO - Arctaris rename_statements.py:308 - process_pdf - Using filename-based detection: Classified as Berkshire
2025-04-03 10:55:22 - INFO - Arctaris rename_statements.py:2001 - main - Would rename to: Berkshire\2025-04\0000 - ARCTARIS FUND-20250403.pdf
2025-04-03 10:55:22 - INFO - Arctaris rename_statements.py:1981 - main - [31/110] Processing file: NewStatement (3).pdf
2025-04-03 10:55:22 - WARNING - Arctaris rename_statements.py:297 - process_pdf - Limited text extracted from newstatement (3).pdf, attempting filename-based detection
2025-04-03 10:55:22 - INFO - Arctaris rename_statements.py:308 - process_pdf - Using filename-based detection: Classified as Berkshire
2025-04-03 10:55:22 - INFO - Arctaris rename_statements.py:1988 - main - Extracted information: <__main__.StatementInfo object at 0x000001ACCBCCCC20>
2025-04-03 10:55:22 - WARNING - Arctaris rename_statements.py:297 - process_pdf - Limited text extracted from newstatement (3).pdf, attempting filename-based detection
2025-04-03 10:55:22 - INFO - Arctaris rename_statements.py:308 - process_pdf - Using filename-based detection: Classified as Berkshire
2025-04-03 10:55:22 - INFO - Arctaris rename_statements.py:2001 - main - Would rename to: Berkshire\2025-04\0000 - ARCTARIS FUND-20250403.pdf
2025-04-03 10:55:22 - INFO - Arctaris rename_statements.py:1981 - main - [32/110] Processing file: NewStatement.pdf
2025-04-03 10:55:22 - WARNING - Arctaris rename_statements.py:297 - process_pdf - Limited text extracted from newstatement.pdf, attempting filename-based detection
2025-04-03 10:55:22 - INFO - Arctaris rename_statements.py:308 - process_pdf - Using filename-based detection: Classified as Berkshire
2025-04-03 10:55:22 - INFO - Arctaris rename_statements.py:1988 - main - Extracted information: <__main__.StatementInfo object at 0x000001ACCBD2BC50>
2025-04-03 10:55:22 - WARNING - Arctaris rename_statements.py:297 - process_pdf - Limited text extracted from newstatement.pdf, attempting filename-based detection
2025-04-03 10:55:22 - INFO - Arctaris rename_statements.py:308 - process_pdf - Using filename-based detection: Classified as Berkshire
2025-04-03 10:55:22 - INFO - Arctaris rename_statements.py:2001 - main - Would rename to: Berkshire\2025-04\0000 - ARCTARIS FUND-20250403.pdf
2025-04-03 10:55:22 - INFO - Arctaris rename_statements.py:1981 - main - [33/110] Processing file: Online Statements_2025-02-28 (1).pdf
2025-04-03 10:55:22 - INFO - Arctaris rename_statements.py:170 - process_pdf - Processing Online Statements file as Cambridge: Online Statements_2025-02-28 (1).pdf
2025-04-03 10:55:22 - INFO - Arctaris rename_statements.py:1988 - main - Extracted information: <__main__.StatementInfo object at 0x000001ACCBBBCAA0>
2025-04-03 10:55:22 - INFO - Arctaris rename_statements.py:170 - process_pdf - Processing Online Statements file as Cambridge: Online Statements_2025-02-28 (1).pdf
2025-04-03 10:55:22 - INFO - Arctaris rename_statements.py:2001 - main - Would rename to: Cambridge\2025-02\ARCTARIS IMPACT INVESTORS, LLC 3346 February 2025.pdf
2025-04-03 10:55:22 - INFO - Arctaris rename_statements.py:1981 - main - [34/110] Processing file: Online Statements_2025-02-28 (10).pdf
2025-04-03 10:55:22 - INFO - Arctaris rename_statements.py:170 - process_pdf - Processing Online Statements file as Cambridge: Online Statements_2025-02-28 (10).pdf
2025-04-03 10:55:22 - INFO - Arctaris rename_statements.py:1988 - main - Extracted information: <__main__.StatementInfo object at 0x000001ACCBBE1F70>
2025-04-03 10:55:22 - INFO - Arctaris rename_statements.py:170 - process_pdf - Processing Online Statements file as Cambridge: Online Statements_2025-02-28 (10).pdf
2025-04-03 10:55:22 - INFO - Arctaris rename_statements.py:2001 - main - Would rename to: Cambridge\2025-02\WEST COAST COMMERCIAL DEVELOPMENT LLC 3495 February 2025.pdf
2025-04-03 10:55:22 - INFO - Arctaris rename_statements.py:1981 - main - [35/110] Processing file: Online Statements_2025-02-28 (11).pdf
2025-04-03 10:55:22 - INFO - Arctaris rename_statements.py:170 - process_pdf - Processing Online Statements file as Cambridge: Online Statements_2025-02-28 (11).pdf
2025-04-03 10:55:22 - INFO - Arctaris rename_statements.py:1988 - main - Extracted information: <__main__.StatementInfo object at 0x000001ACCBB72C00>
2025-04-03 10:55:22 - INFO - Arctaris rename_statements.py:170 - process_pdf - Processing Online Statements file as Cambridge: Online Statements_2025-02-28 (11).pdf
2025-04-03 10:55:22 - INFO - Arctaris rename_statements.py:2001 - main - Would rename to: Cambridge\2025-02\EAST COAST INDUSTRIAL, LLC 3502 February 2025.pdf
2025-04-03 10:55:22 - INFO - Arctaris rename_statements.py:1981 - main - [36/110] Processing file: Online Statements_2025-02-28 (12).pdf
2025-04-03 10:55:22 - INFO - Arctaris rename_statements.py:170 - process_pdf - Processing Online Statements file as Cambridge: Online Statements_2025-02-28 (12).pdf
2025-04-03 10:55:22 - INFO - Arctaris rename_statements.py:1988 - main - Extracted information: <__main__.StatementInfo object at 0x000001ACCBCB59D0>
2025-04-03 10:55:22 - INFO - Arctaris rename_statements.py:170 - process_pdf - Processing Online Statements file as Cambridge: Online Statements_2025-02-28 (12).pdf
2025-04-03 10:55:22 - INFO - Arctaris rename_statements.py:2001 - main - Would rename to: Cambridge\2025-02\EAST COAST INDUSTRIAL, LLC 3510 February 2025.pdf
2025-04-03 10:55:22 - INFO - Arctaris rename_statements.py:1981 - main - [37/110] Processing file: Online Statements_2025-02-28 (13).pdf
2025-04-03 10:55:22 - INFO - Arctaris rename_statements.py:170 - process_pdf - Processing Online Statements file as Cambridge: Online Statements_2025-02-28 (13).pdf
2025-04-03 10:55:22 - INFO - Arctaris rename_statements.py:1988 - main - Extracted information: <__main__.StatementInfo object at 0x000001ACCBCB6C30>
2025-04-03 10:55:22 - INFO - Arctaris rename_statements.py:170 - process_pdf - Processing Online Statements file as Cambridge: Online Statements_2025-02-28 (13).pdf
2025-04-03 10:55:22 - INFO - Arctaris rename_statements.py:2001 - main - Would rename to: Cambridge\2025-02\ARCTARIS OPPORTUNITY ZONE FUND 2024,LLC 3528 February 2025.pdf
2025-04-03 10:55:22 - INFO - Arctaris rename_statements.py:1981 - main - [38/110] Processing file: Online Statements_2025-02-28 (2).pdf
2025-04-03 10:55:22 - INFO - Arctaris rename_statements.py:170 - process_pdf - Processing Online Statements file as Cambridge: Online Statements_2025-02-28 (2).pdf
2025-04-03 10:55:22 - INFO - Arctaris rename_statements.py:1988 - main - Extracted information: <__main__.StatementInfo object at 0x000001ACCBCB5D30>
2025-04-03 10:55:22 - INFO - Arctaris rename_statements.py:170 - process_pdf - Processing Online Statements file as Cambridge: Online Statements_2025-02-28 (2).pdf
2025-04-03 10:55:22 - INFO - Arctaris rename_statements.py:2001 - main - Would rename to: Cambridge\2025-02\ARCTARIS IMPACT FUND, LP 3354 February 2025.pdf
2025-04-03 10:55:22 - INFO - Arctaris rename_statements.py:1981 - main - [39/110] Processing file: Online Statements_2025-02-28 (3).pdf
2025-04-03 10:55:22 - INFO - Arctaris rename_statements.py:170 - process_pdf - Processing Online Statements file as Cambridge: Online Statements_2025-02-28 (3).pdf
2025-04-03 10:55:22 - INFO - Arctaris rename_statements.py:1988 - main - Extracted information: <__main__.StatementInfo object at 0x000001ACCBCB5820>
2025-04-03 10:55:22 - INFO - Arctaris rename_statements.py:170 - process_pdf - Processing Online Statements file as Cambridge: Online Statements_2025-02-28 (3).pdf
2025-04-03 10:55:22 - INFO - Arctaris rename_statements.py:2001 - main - Would rename to: Cambridge\2025-02\ARCTARIS IMPACT FUND, LP 3362 February 2025.pdf
2025-04-03 10:55:22 - INFO - Arctaris rename_statements.py:1981 - main - [40/110] Processing file: Online Statements_2025-02-28 (4).pdf
2025-04-03 10:55:22 - INFO - Arctaris rename_statements.py:170 - process_pdf - Processing Online Statements file as Cambridge: Online Statements_2025-02-28 (4).pdf
2025-04-03 10:55:22 - INFO - Arctaris rename_statements.py:1988 - main - Extracted information: <__main__.StatementInfo object at 0x000001ACCBCB6180>
2025-04-03 10:55:22 - INFO - Arctaris rename_statements.py:170 - process_pdf - Processing Online Statements file as Cambridge: Online Statements_2025-02-28 (4).pdf
2025-04-03 10:55:22 - INFO - Arctaris rename_statements.py:2001 - main - Would rename to: Cambridge\2025-02\ARCTARIS OPPORTUNITY ZONE 2022, LLC 3396 February 2025.pdf
2025-04-03 10:55:22 - INFO - Arctaris rename_statements.py:1976 - main - 
Processing batch 3 (41-60 of 110)
2025-04-03 10:55:22 - INFO - Arctaris rename_statements.py:1981 - main - [41/110] Processing file: Online Statements_2025-02-28 (5).pdf
2025-04-03 10:55:22 - INFO - Arctaris rename_statements.py:170 - process_pdf - Processing Online Statements file as Cambridge: Online Statements_2025-02-28 (5).pdf
2025-04-03 10:55:22 - INFO - Arctaris rename_statements.py:1988 - main - Extracted information: <__main__.StatementInfo object at 0x000001ACCBCB5EE0>
2025-04-03 10:55:22 - INFO - Arctaris rename_statements.py:170 - process_pdf - Processing Online Statements file as Cambridge: Online Statements_2025-02-28 (5).pdf
2025-04-03 10:55:22 - INFO - Arctaris rename_statements.py:2001 - main - Would rename to: Cambridge\2025-02\ARCTARIS OPPORTUNITY ZONE 2022, LLC 3403 February 2025.pdf
2025-04-03 10:55:22 - INFO - Arctaris rename_statements.py:1981 - main - [42/110] Processing file: Online Statements_2025-02-28 (6).pdf
2025-04-03 10:55:22 - INFO - Arctaris rename_statements.py:170 - process_pdf - Processing Online Statements file as Cambridge: Online Statements_2025-02-28 (6).pdf
2025-04-03 10:55:22 - INFO - Arctaris rename_statements.py:1988 - main - Extracted information: <__main__.StatementInfo object at 0x000001ACCBCB63C0>
2025-04-03 10:55:22 - INFO - Arctaris rename_statements.py:170 - process_pdf - Processing Online Statements file as Cambridge: Online Statements_2025-02-28 (6).pdf
2025-04-03 10:55:22 - INFO - Arctaris rename_statements.py:2001 - main - Would rename to: Cambridge\2025-02\OHIO INCLUSIVE HOUSING, LLC 3445 February 2025.pdf
2025-04-03 10:55:22 - INFO - Arctaris rename_statements.py:1981 - main - [43/110] Processing file: Online Statements_2025-02-28 (7).pdf
2025-04-03 10:55:22 - INFO - Arctaris rename_statements.py:170 - process_pdf - Processing Online Statements file as Cambridge: Online Statements_2025-02-28 (7).pdf
2025-04-03 10:55:22 - INFO - Arctaris rename_statements.py:1988 - main - Extracted information: <__main__.StatementInfo object at 0x000001ACCBCB6330>
2025-04-03 10:55:22 - INFO - Arctaris rename_statements.py:170 - process_pdf - Processing Online Statements file as Cambridge: Online Statements_2025-02-28 (7).pdf
2025-04-03 10:55:22 - INFO - Arctaris rename_statements.py:2001 - main - Would rename to: Cambridge\2025-02\OHIO INCLUSIVE HOUSING, LLC 3453 February 2025.pdf
2025-04-03 10:55:22 - INFO - Arctaris rename_statements.py:1981 - main - [44/110] Processing file: Online Statements_2025-02-28 (8).pdf
2025-04-03 10:55:22 - INFO - Arctaris rename_statements.py:170 - process_pdf - Processing Online Statements file as Cambridge: Online Statements_2025-02-28 (8).pdf
2025-04-03 10:55:22 - INFO - Arctaris rename_statements.py:1988 - main - Extracted information: <__main__.StatementInfo object at 0x000001ACCBCB62A0>
2025-04-03 10:55:22 - INFO - Arctaris rename_statements.py:170 - process_pdf - Processing Online Statements file as Cambridge: Online Statements_2025-02-28 (8).pdf
2025-04-03 10:55:22 - INFO - Arctaris rename_statements.py:2001 - main - Would rename to: Cambridge\2025-02\MIDWEST COMMERCIAL DEVELOPMENT, LLC 3479 February 2025.pdf
2025-04-03 10:55:22 - INFO - Arctaris rename_statements.py:1981 - main - [45/110] Processing file: Online Statements_2025-02-28 (9).pdf
2025-04-03 10:55:22 - INFO - Arctaris rename_statements.py:170 - process_pdf - Processing Online Statements file as Cambridge: Online Statements_2025-02-28 (9).pdf
2025-04-03 10:55:22 - INFO - Arctaris rename_statements.py:1988 - main - Extracted information: <__main__.StatementInfo object at 0x000001ACCBCB6210>
2025-04-03 10:55:22 - INFO - Arctaris rename_statements.py:170 - process_pdf - Processing Online Statements file as Cambridge: Online Statements_2025-02-28 (9).pdf
2025-04-03 10:55:22 - INFO - Arctaris rename_statements.py:2001 - main - Would rename to: Cambridge\2025-02\WEST COAST COMMERCIAL DEVELOPMENT LLC 3487 February 2025.pdf
2025-04-03 10:55:22 - INFO - Arctaris rename_statements.py:1981 - main - [46/110] Processing file: Online Statements_2025-02-28.pdf
2025-04-03 10:55:22 - INFO - Arctaris rename_statements.py:170 - process_pdf - Processing Online Statements file as Cambridge: Online Statements_2025-02-28.pdf
2025-04-03 10:55:22 - INFO - Arctaris rename_statements.py:1988 - main - Extracted information: <__main__.StatementInfo object at 0x000001ACCBCB6270>
2025-04-03 10:55:22 - INFO - Arctaris rename_statements.py:170 - process_pdf - Processing Online Statements file as Cambridge: Online Statements_2025-02-28.pdf
2025-04-03 10:55:22 - INFO - Arctaris rename_statements.py:2001 - main - Would rename to: Cambridge\2025-02\ARCTARIS 0000 February 2025.pdf
2025-04-03 10:55:22 - INFO - Arctaris rename_statements.py:1981 - main - [47/110] Processing file: Online Statements_2025-03-31 (1).pdf
2025-04-03 10:55:22 - INFO - Arctaris rename_statements.py:170 - process_pdf - Processing Online Statements file as Cambridge: Online Statements_2025-03-31 (1).pdf
2025-04-03 10:55:22 - INFO - Arctaris rename_statements.py:1988 - main - Extracted information: <__main__.StatementInfo object at 0x000001ACCBA19910>
2025-04-03 10:55:22 - INFO - Arctaris rename_statements.py:170 - process_pdf - Processing Online Statements file as Cambridge: Online Statements_2025-03-31 (1).pdf
2025-04-03 10:55:22 - INFO - Arctaris rename_statements.py:2001 - main - Would rename to: Cambridge\2025-03\ARCTARIS IMPACT INVESTORS, LLC 3346 March 2025.pdf
2025-04-03 10:55:22 - INFO - Arctaris rename_statements.py:1981 - main - [48/110] Processing file: Online Statements_2025-03-31 (10).pdf
2025-04-03 10:55:22 - INFO - Arctaris rename_statements.py:170 - process_pdf - Processing Online Statements file as Cambridge: Online Statements_2025-03-31 (10).pdf
2025-04-03 10:55:22 - INFO - Arctaris rename_statements.py:1988 - main - Extracted information: <__main__.StatementInfo object at 0x000001ACCBCB7B60>
2025-04-03 10:55:22 - INFO - Arctaris rename_statements.py:170 - process_pdf - Processing Online Statements file as Cambridge: Online Statements_2025-03-31 (10).pdf
2025-04-03 10:55:22 - INFO - Arctaris rename_statements.py:2001 - main - Would rename to: Cambridge\2025-03\WEST COAST COMMERCIAL DEVELOPMENT LLC 3495 March 2025.pdf
2025-04-03 10:55:22 - INFO - Arctaris rename_statements.py:1981 - main - [49/110] Processing file: Online Statements_2025-03-31 (11).pdf
2025-04-03 10:55:22 - INFO - Arctaris rename_statements.py:170 - process_pdf - Processing Online Statements file as Cambridge: Online Statements_2025-03-31 (11).pdf
2025-04-03 10:55:22 - INFO - Arctaris rename_statements.py:1988 - main - Extracted information: <__main__.StatementInfo object at 0x000001ACCBCB7A70>
2025-04-03 10:55:22 - INFO - Arctaris rename_statements.py:170 - process_pdf - Processing Online Statements file as Cambridge: Online Statements_2025-03-31 (11).pdf
2025-04-03 10:55:22 - INFO - Arctaris rename_statements.py:2001 - main - Would rename to: Cambridge\2025-03\EAST COAST INDUSTRIAL, LLC 3502 March 2025.pdf
2025-04-03 10:55:22 - INFO - Arctaris rename_statements.py:1981 - main - [50/110] Processing file: Online Statements_2025-03-31 (12).pdf
2025-04-03 10:55:22 - INFO - Arctaris rename_statements.py:170 - process_pdf - Processing Online Statements file as Cambridge: Online Statements_2025-03-31 (12).pdf
2025-04-03 10:55:22 - INFO - Arctaris rename_statements.py:1988 - main - Extracted information: <__main__.StatementInfo object at 0x000001ACCBCB7A10>
2025-04-03 10:55:22 - INFO - Arctaris rename_statements.py:170 - process_pdf - Processing Online Statements file as Cambridge: Online Statements_2025-03-31 (12).pdf
2025-04-03 10:55:22 - INFO - Arctaris rename_statements.py:2001 - main - Would rename to: Cambridge\2025-03\EAST COAST INDUSTRIAL, LLC 3510 March 2025.pdf
2025-04-03 10:55:22 - INFO - Arctaris rename_statements.py:1981 - main - [51/110] Processing file: Online Statements_2025-03-31 (13).pdf
2025-04-03 10:55:22 - INFO - Arctaris rename_statements.py:170 - process_pdf - Processing Online Statements file as Cambridge: Online Statements_2025-03-31 (13).pdf
2025-04-03 10:55:22 - INFO - Arctaris rename_statements.py:1988 - main - Extracted information: <__main__.StatementInfo object at 0x000001ACCBCB79B0>
2025-04-03 10:55:22 - INFO - Arctaris rename_statements.py:170 - process_pdf - Processing Online Statements file as Cambridge: Online Statements_2025-03-31 (13).pdf
2025-04-03 10:55:22 - INFO - Arctaris rename_statements.py:2001 - main - Would rename to: Cambridge\2025-03\ARCTARIS OPPORTUNITY ZONE FUND 2024,LLC 3528 March 2025.pdf
2025-04-03 10:55:22 - INFO - Arctaris rename_statements.py:1981 - main - [52/110] Processing file: Online Statements_2025-03-31 (2).pdf
2025-04-03 10:55:22 - INFO - Arctaris rename_statements.py:170 - process_pdf - Processing Online Statements file as Cambridge: Online Statements_2025-03-31 (2).pdf
2025-04-03 10:55:22 - INFO - Arctaris rename_statements.py:1988 - main - Extracted information: <__main__.StatementInfo object at 0x000001ACCBCB7950>
2025-04-03 10:55:22 - INFO - Arctaris rename_statements.py:170 - process_pdf - Processing Online Statements file as Cambridge: Online Statements_2025-03-31 (2).pdf
2025-04-03 10:55:22 - INFO - Arctaris rename_statements.py:2001 - main - Would rename to: Cambridge\2025-03\ARCTARIS IMPACT FUND, LP 3354 March 2025.pdf
2025-04-03 10:55:22 - INFO - Arctaris rename_statements.py:1981 - main - [53/110] Processing file: Online Statements_2025-03-31 (3).pdf
2025-04-03 10:55:22 - INFO - Arctaris rename_statements.py:170 - process_pdf - Processing Online Statements file as Cambridge: Online Statements_2025-03-31 (3).pdf
2025-04-03 10:55:22 - INFO - Arctaris rename_statements.py:1988 - main - Extracted information: <__main__.StatementInfo object at 0x000001ACCBCB78F0>
2025-04-03 10:55:22 - INFO - Arctaris rename_statements.py:170 - process_pdf - Processing Online Statements file as Cambridge: Online Statements_2025-03-31 (3).pdf
2025-04-03 10:55:22 - INFO - Arctaris rename_statements.py:2001 - main - Would rename to: Cambridge\2025-03\ARCTARIS IMPACT FUND, LP 3362 March 2025.pdf
2025-04-03 10:55:22 - INFO - Arctaris rename_statements.py:1981 - main - [54/110] Processing file: Online Statements_2025-03-31 (4).pdf
2025-04-03 10:55:22 - INFO - Arctaris rename_statements.py:170 - process_pdf - Processing Online Statements file as Cambridge: Online Statements_2025-03-31 (4).pdf
2025-04-03 10:55:22 - INFO - Arctaris rename_statements.py:1988 - main - Extracted information: <__main__.StatementInfo object at 0x000001ACCBCB7890>
2025-04-03 10:55:22 - INFO - Arctaris rename_statements.py:170 - process_pdf - Processing Online Statements file as Cambridge: Online Statements_2025-03-31 (4).pdf
2025-04-03 10:55:22 - INFO - Arctaris rename_statements.py:2001 - main - Would rename to: Cambridge\2025-03\ARCTARIS OPPORTUNITY ZONE 2022, LLC 3396 March 2025.pdf
2025-04-03 10:55:22 - INFO - Arctaris rename_statements.py:1981 - main - [55/110] Processing file: Online Statements_2025-03-31 (5).pdf
2025-04-03 10:55:22 - INFO - Arctaris rename_statements.py:170 - process_pdf - Processing Online Statements file as Cambridge: Online Statements_2025-03-31 (5).pdf
2025-04-03 10:55:22 - INFO - Arctaris rename_statements.py:1988 - main - Extracted information: <__main__.StatementInfo object at 0x000001ACCBCB7830>
2025-04-03 10:55:22 - INFO - Arctaris rename_statements.py:170 - process_pdf - Processing Online Statements file as Cambridge: Online Statements_2025-03-31 (5).pdf
2025-04-03 10:55:22 - INFO - Arctaris rename_statements.py:2001 - main - Would rename to: Cambridge\2025-03\ARCTARIS OPPORTUNITY ZONE 2022, LLC 3403 March 2025.pdf
2025-04-03 10:55:22 - INFO - Arctaris rename_statements.py:1981 - main - [56/110] Processing file: Online Statements_2025-03-31 (6).pdf
2025-04-03 10:55:22 - INFO - Arctaris rename_statements.py:170 - process_pdf - Processing Online Statements file as Cambridge: Online Statements_2025-03-31 (6).pdf
2025-04-03 10:55:22 - INFO - Arctaris rename_statements.py:1988 - main - Extracted information: <__main__.StatementInfo object at 0x000001ACCBCB77D0>
2025-04-03 10:55:22 - INFO - Arctaris rename_statements.py:170 - process_pdf - Processing Online Statements file as Cambridge: Online Statements_2025-03-31 (6).pdf
2025-04-03 10:55:22 - INFO - Arctaris rename_statements.py:2001 - main - Would rename to: Cambridge\2025-03\OHIO INCLUSIVE HOUSING, LLC 3445 March 2025.pdf
2025-04-03 10:55:22 - INFO - Arctaris rename_statements.py:1981 - main - [57/110] Processing file: Online Statements_2025-03-31 (7).pdf
2025-04-03 10:55:22 - INFO - Arctaris rename_statements.py:170 - process_pdf - Processing Online Statements file as Cambridge: Online Statements_2025-03-31 (7).pdf
2025-04-03 10:55:22 - INFO - Arctaris rename_statements.py:1988 - main - Extracted information: <__main__.StatementInfo object at 0x000001ACCBCB7770>
2025-04-03 10:55:22 - INFO - Arctaris rename_statements.py:170 - process_pdf - Processing Online Statements file as Cambridge: Online Statements_2025-03-31 (7).pdf
2025-04-03 10:55:22 - INFO - Arctaris rename_statements.py:2001 - main - Would rename to: Cambridge\2025-03\OHIO INCLUSIVE HOUSING, LLC 3453 March 2025.pdf
2025-04-03 10:55:22 - INFO - Arctaris rename_statements.py:1981 - main - [58/110] Processing file: Online Statements_2025-03-31 (8).pdf
2025-04-03 10:55:22 - INFO - Arctaris rename_statements.py:170 - process_pdf - Processing Online Statements file as Cambridge: Online Statements_2025-03-31 (8).pdf
2025-04-03 10:55:22 - INFO - Arctaris rename_statements.py:1988 - main - Extracted information: <__main__.StatementInfo object at 0x000001ACCBCB7710>
2025-04-03 10:55:22 - INFO - Arctaris rename_statements.py:170 - process_pdf - Processing Online Statements file as Cambridge: Online Statements_2025-03-31 (8).pdf
2025-04-03 10:55:22 - INFO - Arctaris rename_statements.py:2001 - main - Would rename to: Cambridge\2025-03\MIDWEST COMMERCIAL DEVELOPMENT, LLC 3479 March 2025.pdf
2025-04-03 10:55:22 - INFO - Arctaris rename_statements.py:1981 - main - [59/110] Processing file: Online Statements_2025-03-31 (9).pdf
2025-04-03 10:55:22 - INFO - Arctaris rename_statements.py:170 - process_pdf - Processing Online Statements file as Cambridge: Online Statements_2025-03-31 (9).pdf
2025-04-03 10:55:22 - INFO - Arctaris rename_statements.py:1988 - main - Extracted information: <__main__.StatementInfo object at 0x000001ACCBCB76B0>
2025-04-03 10:55:22 - INFO - Arctaris rename_statements.py:170 - process_pdf - Processing Online Statements file as Cambridge: Online Statements_2025-03-31 (9).pdf
2025-04-03 10:55:22 - INFO - Arctaris rename_statements.py:2001 - main - Would rename to: Cambridge\2025-03\WEST COAST COMMERCIAL DEVELOPMENT LLC 3487 March 2025.pdf
2025-04-03 10:55:22 - INFO - Arctaris rename_statements.py:1981 - main - [60/110] Processing file: Online Statements_2025-03-31.pdf
2025-04-03 10:55:22 - INFO - Arctaris rename_statements.py:170 - process_pdf - Processing Online Statements file as Cambridge: Online Statements_2025-03-31.pdf
2025-04-03 10:55:22 - INFO - Arctaris rename_statements.py:1988 - main - Extracted information: <__main__.StatementInfo object at 0x000001ACCBCB7650>
2025-04-03 10:55:22 - INFO - Arctaris rename_statements.py:170 - process_pdf - Processing Online Statements file as Cambridge: Online Statements_2025-03-31.pdf
2025-04-03 10:55:22 - INFO - Arctaris rename_statements.py:2001 - main - Would rename to: Cambridge\2025-03\ARCTARIS 0000 March 2025.pdf
2025-04-03 10:55:22 - INFO - Arctaris rename_statements.py:1976 - main - 
Processing batch 4 (61-80 of 110)
2025-04-03 10:55:22 - INFO - Arctaris rename_statements.py:1981 - main - [61/110] Processing file: statement_1092246474_2025-03-31.pdf
2025-04-03 10:55:22 - INFO - Arctaris rename_statements.py:359 - process_pdf - Successfully identified bank type: PNC
2025-04-03 10:55:22 - INFO - Arctaris rename_statements.py:1988 - main - Extracted information: <__main__.StatementInfo object at 0x000001ACCBD0A7B0>
2025-04-03 10:55:23 - INFO - Arctaris rename_statements.py:359 - process_pdf - Successfully identified bank type: PNC
2025-04-03 10:55:23 - INFO - Arctaris rename_statements.py:2001 - main - Would rename to: PNC\2025-03\ARCTARIS IMPACT SUB-CDE 2 LLC statement_1092246474_2025-03-31.pdf
2025-04-03 10:55:23 - INFO - Arctaris rename_statements.py:1981 - main - [62/110] Processing file: statement_4116465916_2025-03-31.pdf
2025-04-03 10:55:23 - INFO - Arctaris rename_statements.py:359 - process_pdf - Successfully identified bank type: PNC
2025-04-03 10:55:23 - INFO - Arctaris rename_statements.py:1988 - main - Extracted information: <__main__.StatementInfo object at 0x000001ACCBD0A600>
2025-04-03 10:55:23 - INFO - Arctaris rename_statements.py:359 - process_pdf - Successfully identified bank type: PNC
2025-04-03 10:55:23 - INFO - Arctaris rename_statements.py:2001 - main - Would rename to: PNC\2025-03\MICHIGAN INCOME PRINCIPAL PR statement_4116465916_2025-03-31.pdf
2025-04-03 10:55:23 - INFO - Arctaris rename_statements.py:1981 - main - [63/110] Processing file: statement_4116465932_2025-03-31.pdf
2025-04-03 10:55:23 - INFO - Arctaris rename_statements.py:359 - process_pdf - Successfully identified bank type: PNC
2025-04-03 10:55:23 - INFO - Arctaris rename_statements.py:1988 - main - Extracted information: <__main__.StatementInfo object at 0x000001ACCAECB380>
2025-04-03 10:55:23 - INFO - Arctaris rename_statements.py:359 - process_pdf - Successfully identified bank type: PNC
2025-04-03 10:55:23 - INFO - Arctaris rename_statements.py:2001 - main - Would rename to: PNC\2025-03\ARCTARIS MICHIGAN MANAGE statement_4116465932_2025-03-31.pdf
2025-04-03 10:55:23 - INFO - Arctaris rename_statements.py:1981 - main - [64/110] Processing file: statement_4116465959_2025-03-31.pdf
2025-04-03 10:55:23 - INFO - Arctaris rename_statements.py:359 - process_pdf - Successfully identified bank type: PNC
2025-04-03 10:55:23 - INFO - Arctaris rename_statements.py:1988 - main - Extracted information: <__main__.StatementInfo object at 0x000001ACCB991460>
2025-04-03 10:55:23 - INFO - Arctaris rename_statements.py:359 - process_pdf - Successfully identified bank type: PNC
2025-04-03 10:55:23 - INFO - Arctaris rename_statements.py:2001 - main - Would rename to: PNC\2025-03\ARCTARIS ROYALTY VENTURES CO-I statement_4116465959_2025-03-31.pdf
2025-04-03 10:55:23 - INFO - Arctaris rename_statements.py:1981 - main - [65/110] Processing file: statement_4130261135_2025-03-31.pdf
2025-04-03 10:55:23 - INFO - Arctaris rename_statements.py:359 - process_pdf - Successfully identified bank type: PNC
2025-04-03 10:55:23 - INFO - Arctaris rename_statements.py:1988 - main - Extracted information: <__main__.StatementInfo object at 0x000001ACCB9ECFE0>
2025-04-03 10:55:23 - INFO - Arctaris rename_statements.py:359 - process_pdf - Successfully identified bank type: PNC
2025-04-03 10:55:23 - INFO - Arctaris rename_statements.py:2001 - main - Would rename to: PNC\2025-03\ARCTARIS IMPACT FUND statement_4130261135_2025-03-31.pdf
2025-04-03 10:55:23 - INFO - Arctaris rename_statements.py:1981 - main - [66/110] Processing file: statement_4130263798_2025-03-31.pdf
2025-04-03 10:55:23 - INFO - Arctaris rename_statements.py:359 - process_pdf - Successfully identified bank type: PNC
2025-04-03 10:55:23 - INFO - Arctaris rename_statements.py:1988 - main - Extracted information: <__main__.StatementInfo object at 0x000001ACCBD08920>
2025-04-03 10:55:23 - INFO - Arctaris rename_statements.py:359 - process_pdf - Successfully identified bank type: PNC
2025-04-03 10:55:23 - INFO - Arctaris rename_statements.py:2001 - main - Would rename to: PNC\2025-03\ARP MANAGEMENT statement_4130263798_2025-03-31.pdf
2025-04-03 10:55:23 - INFO - Arctaris rename_statements.py:1981 - main - [67/110] Processing file: statement_4130272854_2025-03-31.pdf
2025-04-03 10:55:23 - INFO - Arctaris rename_statements.py:359 - process_pdf - Successfully identified bank type: PNC
2025-04-03 10:55:23 - INFO - Arctaris rename_statements.py:1988 - main - Extracted information: <__main__.StatementInfo object at 0x000001ACCBCB6AE0>
2025-04-03 10:55:23 - INFO - Arctaris rename_statements.py:359 - process_pdf - Successfully identified bank type: PNC
2025-04-03 10:55:23 - INFO - Arctaris rename_statements.py:2001 - main - Would rename to: PNC\2025-04\ARCTARIS OZ MAN statement_4130272854_2025-03-31.pdf
2025-04-03 10:55:23 - INFO - Arctaris rename_statements.py:1981 - main - [68/110] Processing file: statement_4130275895_2025-03-31.pdf
2025-04-03 10:55:23 - INFO - Arctaris rename_statements.py:359 - process_pdf - Successfully identified bank type: PNC
2025-04-03 10:55:23 - INFO - Arctaris rename_statements.py:1988 - main - Extracted information: <__main__.StatementInfo object at 0x000001ACCAEFE1B0>
2025-04-03 10:55:23 - INFO - Arctaris rename_statements.py:359 - process_pdf - Successfully identified bank type: PNC
2025-04-03 10:55:23 - INFO - Arctaris rename_statements.py:2001 - main - Would rename to: PNC\2025-03\ARCTARIS SADDLEBACK SKI OPERAT statement_4130275895_2025-03-31.pdf
2025-04-03 10:55:23 - INFO - Arctaris rename_statements.py:1981 - main - [69/110] Processing file: statement_4130279968_2025-03-31.pdf
2025-04-03 10:55:23 - INFO - Arctaris rename_statements.py:359 - process_pdf - Successfully identified bank type: PNC
2025-04-03 10:55:23 - INFO - Arctaris rename_statements.py:1988 - main - Extracted information: <__main__.StatementInfo object at 0x000001ACCBBE2CC0>
2025-04-03 10:55:23 - INFO - Arctaris rename_statements.py:359 - process_pdf - Successfully identified bank type: PNC
2025-04-03 10:55:23 - INFO - Arctaris rename_statements.py:2001 - main - Would rename to: PNC\2025-03\ARC-IMPACT PROGRAM ERIE LLC statement_4130279968_2025-03-31.pdf
2025-04-03 10:55:23 - INFO - Arctaris rename_statements.py:1981 - main - [70/110] Processing file: statement_4130281339_2025-03-31.pdf
2025-04-03 10:55:23 - INFO - Arctaris rename_statements.py:359 - process_pdf - Successfully identified bank type: PNC
2025-04-03 10:55:23 - INFO - Arctaris rename_statements.py:1988 - main - Extracted information: <__main__.StatementInfo object at 0x000001ACCBD08050>
2025-04-03 10:55:23 - INFO - Arctaris rename_statements.py:359 - process_pdf - Successfully identified bank type: PNC
2025-04-03 10:55:23 - INFO - Arctaris rename_statements.py:2001 - main - Would rename to: PNC\2025-03\ARCTARIS BROADBAND statement_4130281339_2025-03-31.pdf
2025-04-03 10:55:23 - INFO - Arctaris rename_statements.py:1981 - main - [71/110] Processing file: statement_4130281355_2025-03-31.pdf
2025-04-03 10:55:23 - INFO - Arctaris rename_statements.py:359 - process_pdf - Successfully identified bank type: PNC
2025-04-03 10:55:23 - INFO - Arctaris rename_statements.py:1988 - main - Extracted information: <__main__.StatementInfo object at 0x000001ACCBCB6090>
2025-04-03 10:55:23 - INFO - Arctaris rename_statements.py:359 - process_pdf - Successfully identified bank type: PNC
2025-04-03 10:55:23 - INFO - Arctaris rename_statements.py:2001 - main - Would rename to: PNC\2025-03\ARCTARIS OZ FUND 2020 statement_4130281355_2025-03-31.pdf
2025-04-03 10:55:23 - INFO - Arctaris rename_statements.py:1981 - main - [72/110] Processing file: statement_4130283078_2025-03-31.pdf
2025-04-03 10:55:23 - INFO - Arctaris rename_statements.py:359 - process_pdf - Successfully identified bank type: PNC
2025-04-03 10:55:23 - INFO - Arctaris rename_statements.py:1988 - main - Extracted information: <__main__.StatementInfo object at 0x000001ACCBCB68D0>
2025-04-03 10:55:23 - INFO - Arctaris rename_statements.py:359 - process_pdf - Successfully identified bank type: PNC
2025-04-03 10:55:23 - INFO - Arctaris rename_statements.py:2001 - main - Would rename to: PNC\2025-03\ARCTARIS IMPACT INVESTORS LLC statement_4130283078_2025-03-31.pdf
2025-04-03 10:55:23 - INFO - Arctaris rename_statements.py:1981 - main - [73/110] Processing file: statement_4130283369_2025-03-31.pdf
2025-04-03 10:55:23 - INFO - Arctaris rename_statements.py:359 - process_pdf - Successfully identified bank type: PNC
2025-04-03 10:55:23 - INFO - Arctaris rename_statements.py:1988 - main - Extracted information: <__main__.StatementInfo object at 0x000001ACCBBBCA10>
2025-04-03 10:55:23 - INFO - Arctaris rename_statements.py:359 - process_pdf - Successfully identified bank type: PNC
2025-04-03 10:55:23 - INFO - Arctaris rename_statements.py:2001 - main - Would rename to: PNC\2025-03\ARC-IMPACT-PROGRAM SWPA LLC statement_4130283369_2025-03-31.pdf
2025-04-03 10:55:23 - INFO - Arctaris rename_statements.py:1981 - main - [74/110] Processing file: statement_4130283633_2025-03-31.pdf
2025-04-03 10:55:23 - INFO - Arctaris rename_statements.py:359 - process_pdf - Successfully identified bank type: PNC
2025-04-03 10:55:23 - INFO - Arctaris rename_statements.py:1988 - main - Extracted information: <__main__.StatementInfo object at 0x000001ACCBA19400>
2025-04-03 10:55:23 - INFO - Arctaris rename_statements.py:359 - process_pdf - Successfully identified bank type: PNC
2025-04-03 10:55:23 - INFO - Arctaris rename_statements.py:2001 - main - Would rename to: PNC\2025-03\ARC-IMPACT PROGRAM CUYAHOGA LLC statement_4130283633_2025-03-31.pdf
2025-04-03 10:55:23 - INFO - Arctaris rename_statements.py:1981 - main - [75/110] Processing file: statement_4130290884_2025-03-31.pdf
2025-04-03 10:55:23 - INFO - Arctaris rename_statements.py:359 - process_pdf - Successfully identified bank type: PNC
2025-04-03 10:55:23 - INFO - Arctaris rename_statements.py:1988 - main - Extracted information: <__main__.StatementInfo object at 0x000001ACCBB94DA0>
2025-04-03 10:55:23 - INFO - Arctaris rename_statements.py:359 - process_pdf - Successfully identified bank type: PNC
2025-04-03 10:55:23 - INFO - Arctaris rename_statements.py:2001 - main - Would rename to: PNC\2025-03\ARCTARIS INCOME FUND LP statement_4130290884_2025-03-31.pdf
2025-04-03 10:55:23 - INFO - Arctaris rename_statements.py:1981 - main - [76/110] Processing file: statement_4130293022_2025-03-31.pdf
2025-04-03 10:55:23 - INFO - Arctaris rename_statements.py:359 - process_pdf - Successfully identified bank type: PNC
2025-04-03 10:55:23 - INFO - Arctaris rename_statements.py:1988 - main - Extracted information: <__main__.StatementInfo object at 0x000001ACCBB44E00>
2025-04-03 10:55:23 - INFO - Arctaris rename_statements.py:359 - process_pdf - Successfully identified bank type: PNC
2025-04-03 10:55:23 - INFO - Arctaris rename_statements.py:2001 - main - Would rename to: PNC\2025-03\OZ 2022 FUND statement_4130293022_2025-03-31.pdf
2025-04-03 10:55:23 - INFO - Arctaris rename_statements.py:1981 - main - [77/110] Processing file: statement_4130294324_2025-03-31.pdf
2025-04-03 10:55:23 - INFO - Arctaris rename_statements.py:359 - process_pdf - Successfully identified bank type: PNC
2025-04-03 10:55:23 - INFO - Arctaris rename_statements.py:1988 - main - Extracted information: <__main__.StatementInfo object at 0x000001ACCBB45340>
2025-04-03 10:55:23 - INFO - Arctaris rename_statements.py:359 - process_pdf - Successfully identified bank type: PNC
2025-04-03 10:55:23 - INFO - Arctaris rename_statements.py:2001 - main - Would rename to: PNC\2025-03\ARC-IMPACT-PROGRAM BUFFALO LLC statement_4130294324_2025-03-31.pdf
2025-04-03 10:55:23 - INFO - Arctaris rename_statements.py:1981 - main - [78/110] Processing file: statement_4130294332_2025-03-31.pdf
2025-04-03 10:55:23 - INFO - Arctaris rename_statements.py:359 - process_pdf - Successfully identified bank type: PNC
2025-04-03 10:55:23 - INFO - Arctaris rename_statements.py:1988 - main - Extracted information: <__main__.StatementInfo object at 0x000001ACCBBBC2F0>
2025-04-03 10:55:23 - INFO - Arctaris rename_statements.py:359 - process_pdf - Successfully identified bank type: PNC
2025-04-03 10:55:23 - INFO - Arctaris rename_statements.py:2001 - main - Would rename to: PNC\2025-03\ARC-IMPACT-PROGRAM HARTFORD LL statement_4130294332_2025-03-31.pdf
2025-04-03 10:55:23 - INFO - Arctaris rename_statements.py:1981 - main - [79/110] Processing file: statement_4130294359_2025-03-31.pdf
2025-04-03 10:55:23 - INFO - Arctaris rename_statements.py:359 - process_pdf - Successfully identified bank type: PNC
2025-04-03 10:55:23 - INFO - Arctaris rename_statements.py:1988 - main - Extracted information: <__main__.StatementInfo object at 0x000001ACCBBBDB50>
2025-04-03 10:55:23 - INFO - Arctaris rename_statements.py:359 - process_pdf - Successfully identified bank type: PNC
2025-04-03 10:55:23 - INFO - Arctaris rename_statements.py:2001 - main - Would rename to: PNC\2025-04\ARC-IMPACT-PROGRAM LIMA LLC statement_4130294359_2025-03-31.pdf
2025-04-03 10:55:23 - INFO - Arctaris rename_statements.py:1981 - main - [80/110] Processing file: statement_4130294367_2025-03-31.pdf
2025-04-03 10:55:23 - INFO - Arctaris rename_statements.py:359 - process_pdf - Successfully identified bank type: PNC
2025-04-03 10:55:23 - INFO - Arctaris rename_statements.py:1988 - main - Extracted information: <__main__.StatementInfo object at 0x000001ACCBBBEED0>
2025-04-03 10:55:23 - INFO - Arctaris rename_statements.py:359 - process_pdf - Successfully identified bank type: PNC
2025-04-03 10:55:23 - INFO - Arctaris rename_statements.py:2001 - main - Would rename to: PNC\2025-03\ARC-IMPACT-PROGRAM PITTSBURGH statement_4130294367_2025-03-31.pdf
2025-04-03 10:55:23 - INFO - Arctaris rename_statements.py:1976 - main - 
Processing batch 5 (81-100 of 110)
2025-04-03 10:55:23 - INFO - Arctaris rename_statements.py:1981 - main - [81/110] Processing file: statement_4130294383_2025-03-31.pdf
2025-04-03 10:55:23 - INFO - Arctaris rename_statements.py:359 - process_pdf - Successfully identified bank type: PNC
2025-04-03 10:55:23 - INFO - Arctaris rename_statements.py:1988 - main - Extracted information: <__main__.StatementInfo object at 0x000001ACCBD0BA10>
2025-04-03 10:55:23 - INFO - Arctaris rename_statements.py:359 - process_pdf - Successfully identified bank type: PNC
2025-04-03 10:55:23 - INFO - Arctaris rename_statements.py:2001 - main - Would rename to: PNC\2025-03\PHASE 1B HOLDINGS statement_4130294383_2025-03-31.pdf
2025-04-03 10:55:23 - INFO - Arctaris rename_statements.py:1981 - main - [82/110] Processing file: statement_4130294412_2025-03-31.pdf
2025-04-03 10:55:23 - INFO - Arctaris rename_statements.py:359 - process_pdf - Successfully identified bank type: PNC
2025-04-03 10:55:23 - INFO - Arctaris rename_statements.py:1988 - main - Extracted information: <__main__.StatementInfo object at 0x000001ACCBB95010>
2025-04-03 10:55:23 - INFO - Arctaris rename_statements.py:359 - process_pdf - Successfully identified bank type: PNC
2025-04-03 10:55:23 - INFO - Arctaris rename_statements.py:2001 - main - Would rename to: PNC\2025-03\ARCTARIS PRODUCT DEV IV statement_4130294412_2025-03-31.pdf
2025-04-03 10:55:23 - INFO - Arctaris rename_statements.py:1981 - main - [83/110] Processing file: statement_4130294447_2025-03-31.pdf
2025-04-03 10:55:23 - INFO - Arctaris rename_statements.py:359 - process_pdf - Successfully identified bank type: PNC
2025-04-03 10:55:23 - INFO - Arctaris rename_statements.py:1988 - main - Extracted information: <__main__.StatementInfo object at 0x000001ACCBBBE630>
2025-04-03 10:55:23 - INFO - Arctaris rename_statements.py:359 - process_pdf - Successfully identified bank type: PNC
2025-04-03 10:55:23 - INFO - Arctaris rename_statements.py:2001 - main - Would rename to: PNC\2025-03\ARCTARIS PRODUCT DEV VI statement_4130294447_2025-03-31.pdf
2025-04-03 10:55:23 - INFO - Arctaris rename_statements.py:1981 - main - [84/110] Processing file: statement_4130294455_2025-03-31.pdf
2025-04-03 10:55:23 - INFO - Arctaris rename_statements.py:359 - process_pdf - Successfully identified bank type: PNC
2025-04-03 10:55:23 - INFO - Arctaris rename_statements.py:1988 - main - Extracted information: <__main__.StatementInfo object at 0x000001ACCBB73080>
2025-04-03 10:55:23 - INFO - Arctaris rename_statements.py:359 - process_pdf - Successfully identified bank type: PNC
2025-04-03 10:55:23 - INFO - Arctaris rename_statements.py:2001 - main - Would rename to: PNC\2025-04\ARCTARIS PRODUCT DEV VII statement_4130294455_2025-03-31.pdf
2025-04-03 10:55:23 - INFO - Arctaris rename_statements.py:1981 - main - [85/110] Processing file: statement_4130297058_2025-03-31.pdf
2025-04-03 10:55:23 - INFO - Arctaris rename_statements.py:359 - process_pdf - Successfully identified bank type: PNC
2025-04-03 10:55:23 - INFO - Arctaris rename_statements.py:1988 - main - Extracted information: <__main__.StatementInfo object at 0x000001ACCBB97920>
2025-04-03 10:55:23 - INFO - Arctaris rename_statements.py:359 - process_pdf - Successfully identified bank type: PNC
2025-04-03 10:55:23 - INFO - Arctaris rename_statements.py:2001 - main - Would rename to: PNC\2025-03\NORTHEAST REAL ESTATE statement_4130297058_2025-03-31.pdf
2025-04-03 10:55:23 - INFO - Arctaris rename_statements.py:1981 - main - [86/110] Processing file: statement_4130297779_2025-03-31.pdf
2025-04-03 10:55:23 - INFO - Arctaris rename_statements.py:359 - process_pdf - Successfully identified bank type: PNC
2025-04-03 10:55:23 - INFO - Arctaris rename_statements.py:1988 - main - Extracted information: <__main__.StatementInfo object at 0x000001ACCB9D62D0>
2025-04-03 10:55:23 - INFO - Arctaris rename_statements.py:359 - process_pdf - Successfully identified bank type: PNC
2025-04-03 10:55:23 - INFO - Arctaris rename_statements.py:2001 - main - Would rename to: PNC\2025-03\ARCTARIS IMPACT CDC LLC statement_4130297779_2025-03-31.pdf
2025-04-03 10:55:23 - INFO - Arctaris rename_statements.py:1981 - main - [87/110] Processing file: statement_4130300931_2025-03-31.pdf
2025-04-03 10:55:23 - INFO - Arctaris rename_statements.py:359 - process_pdf - Successfully identified bank type: PNC
2025-04-03 10:55:23 - INFO - Arctaris rename_statements.py:1988 - main - Extracted information: <__main__.StatementInfo object at 0x000001ACCBB44DD0>
2025-04-03 10:55:23 - INFO - Arctaris rename_statements.py:359 - process_pdf - Successfully identified bank type: PNC
2025-04-03 10:55:23 - INFO - Arctaris rename_statements.py:2001 - main - Would rename to: PNC\2025-03\ARCTARIS ROYALTY PARTNERS LLC statement_4130300931_2025-03-31.pdf
2025-04-03 10:55:23 - INFO - Arctaris rename_statements.py:1981 - main - [88/110] Processing file: statement_4130301336_2025-03-31.pdf
2025-04-03 10:55:24 - INFO - Arctaris rename_statements.py:359 - process_pdf - Successfully identified bank type: PNC
2025-04-03 10:55:24 - INFO - Arctaris rename_statements.py:1988 - main - Extracted information: <__main__.StatementInfo object at 0x000001ACCBB945F0>
2025-04-03 10:55:24 - INFO - Arctaris rename_statements.py:359 - process_pdf - Successfully identified bank type: PNC
2025-04-03 10:55:24 - INFO - Arctaris rename_statements.py:2001 - main - Would rename to: PNC\2025-03\DETROIT AFFORDABLE HOUSING statement_4130301336_2025-03-31.pdf
2025-04-03 10:55:24 - INFO - Arctaris rename_statements.py:1981 - main - [89/110] Processing file: statement_4130301344_2025-03-31.pdf
2025-04-03 10:55:24 - INFO - Arctaris rename_statements.py:359 - process_pdf - Successfully identified bank type: PNC
2025-04-03 10:55:24 - INFO - Arctaris rename_statements.py:1988 - main - Extracted information: <__main__.StatementInfo object at 0x000001ACCBBE3770>
2025-04-03 10:55:24 - INFO - Arctaris rename_statements.py:359 - process_pdf - Successfully identified bank type: PNC
2025-04-03 10:55:24 - INFO - Arctaris rename_statements.py:2001 - main - Would rename to: PNC\2025-03\BRADDOCK FLEX statement_4130301344_2025-03-31.pdf
2025-04-03 10:55:24 - INFO - Arctaris rename_statements.py:1981 - main - [90/110] Processing file: statement_4130301694_2025-03-31.pdf
2025-04-03 10:55:24 - INFO - Arctaris rename_statements.py:359 - process_pdf - Successfully identified bank type: PNC
2025-04-03 10:55:24 - INFO - Arctaris rename_statements.py:1988 - main - Extracted information: <__main__.StatementInfo object at 0x000001ACCBCB64E0>
2025-04-03 10:55:24 - INFO - Arctaris rename_statements.py:359 - process_pdf - Successfully identified bank type: PNC
2025-04-03 10:55:24 - INFO - Arctaris rename_statements.py:2001 - main - Would rename to: PNC\2025-03\SADDLEBACK SERVICES LLC statement_4130301694_2025-03-31.pdf
2025-04-03 10:55:24 - INFO - Arctaris rename_statements.py:1981 - main - [91/110] Processing file: statement_4130301889_2025-03-31.pdf
2025-04-03 10:55:24 - INFO - Arctaris rename_statements.py:359 - process_pdf - Successfully identified bank type: PNC
2025-04-03 10:55:24 - INFO - Arctaris rename_statements.py:1988 - main - Extracted information: <__main__.StatementInfo object at 0x000001ACCBCB7170>
2025-04-03 10:55:24 - INFO - Arctaris rename_statements.py:359 - process_pdf - Successfully identified bank type: PNC
2025-04-03 10:55:24 - INFO - Arctaris rename_statements.py:2001 - main - Would rename to: PNC\2025-03\NEW ENGLAND INCLUSIVE HOUSING statement_4130301889_2025-03-31.pdf
2025-04-03 10:55:24 - INFO - Arctaris rename_statements.py:1981 - main - [92/110] Processing file: statement_4130301897_2025-03-31.pdf
2025-04-03 10:55:24 - INFO - Arctaris rename_statements.py:359 - process_pdf - Successfully identified bank type: PNC
2025-04-03 10:55:24 - INFO - Arctaris rename_statements.py:1988 - main - Extracted information: <__main__.StatementInfo object at 0x000001ACCBCB6360>
2025-04-03 10:55:24 - INFO - Arctaris rename_statements.py:359 - process_pdf - Successfully identified bank type: PNC
2025-04-03 10:55:24 - INFO - Arctaris rename_statements.py:2001 - main - Would rename to: PNC\2025-03\MIDWESTERN DEVELOPMENT I statement_4130301897_2025-03-31.pdf
2025-04-03 10:55:24 - INFO - Arctaris rename_statements.py:1981 - main - [93/110] Processing file: statement_4130301918_2025-03-31.pdf
2025-04-03 10:55:24 - INFO - Arctaris rename_statements.py:359 - process_pdf - Successfully identified bank type: PNC
2025-04-03 10:55:24 - INFO - Arctaris rename_statements.py:1988 - main - Extracted information: <__main__.StatementInfo object at 0x000001ACCBB978F0>
2025-04-03 10:55:24 - INFO - Arctaris rename_statements.py:359 - process_pdf - Successfully identified bank type: PNC
2025-04-03 10:55:24 - INFO - Arctaris rename_statements.py:2001 - main - Would rename to: PNC\2025-03\MID ATLANTIC INCLUSIVE HOUSING statement_4130301918_2025-03-31.pdf
2025-04-03 10:55:24 - INFO - Arctaris rename_statements.py:1981 - main - [94/110] Processing file: statement_4130301926_2025-03-31.pdf
2025-04-03 10:55:24 - INFO - Arctaris rename_statements.py:359 - process_pdf - Successfully identified bank type: PNC
2025-04-03 10:55:24 - INFO - Arctaris rename_statements.py:1988 - main - Extracted information: <__main__.StatementInfo object at 0x000001ACCBBE3800>
2025-04-03 10:55:24 - INFO - Arctaris rename_statements.py:359 - process_pdf - Successfully identified bank type: PNC
2025-04-03 10:55:24 - INFO - Arctaris rename_statements.py:2001 - main - Would rename to: PNC\2025-03\SOUTH EAST DEVELOPMENT statement_4130301926_2025-03-31.pdf
2025-04-03 10:55:24 - INFO - Arctaris rename_statements.py:1981 - main - [95/110] Processing file: statement_4130301934_2025-03-31.pdf
2025-04-03 10:55:24 - INFO - Arctaris rename_statements.py:359 - process_pdf - Successfully identified bank type: PNC
2025-04-03 10:55:24 - INFO - Arctaris rename_statements.py:1988 - main - Extracted information: <__main__.StatementInfo object at 0x000001ACCBCB6570>
2025-04-03 10:55:24 - INFO - Arctaris rename_statements.py:359 - process_pdf - Successfully identified bank type: PNC
2025-04-03 10:55:24 - INFO - Arctaris rename_statements.py:2001 - main - Would rename to: PNC\2025-03\PENN INCLUSIVE HOUSING statement_4130301934_2025-03-31.pdf
2025-04-03 10:55:24 - INFO - Arctaris rename_statements.py:1981 - main - [96/110] Processing file: statement_4130302128_2025-03-31.pdf
2025-04-03 10:55:24 - INFO - Arctaris rename_statements.py:359 - process_pdf - Successfully identified bank type: PNC
2025-04-03 10:55:24 - INFO - Arctaris rename_statements.py:1988 - main - Extracted information: <__main__.StatementInfo object at 0x000001ACCBD08A40>
2025-04-03 10:55:24 - INFO - Arctaris rename_statements.py:359 - process_pdf - Successfully identified bank type: PNC
2025-04-03 10:55:24 - INFO - Arctaris rename_statements.py:2001 - main - Would rename to: PNC\2025-03\EASTERN DEVELOPMENT HOUSING statement_4130302128_2025-03-31.pdf
2025-04-03 10:55:24 - INFO - Arctaris rename_statements.py:1981 - main - [97/110] Processing file: statement_4175623128_2025-03-31.pdf
2025-04-03 10:55:24 - INFO - Arctaris rename_statements.py:359 - process_pdf - Successfully identified bank type: PNC
2025-04-03 10:55:24 - INFO - Arctaris rename_statements.py:1988 - main - Extracted information: <__main__.StatementInfo object at 0x000001ACCBB96C90>
2025-04-03 10:55:24 - INFO - Arctaris rename_statements.py:359 - process_pdf - Successfully identified bank type: PNC
2025-04-03 10:55:24 - INFO - Arctaris rename_statements.py:2001 - main - Would rename to: PNC\2025-03\ARCTARIS OZ FUND 2024 statement_4175623128_2025-03-31.pdf
2025-04-03 10:55:24 - INFO - Arctaris rename_statements.py:1981 - main - [98/110] Processing file: statement_4176547892_2025-03-31.pdf
2025-04-03 10:55:24 - INFO - Arctaris rename_statements.py:359 - process_pdf - Successfully identified bank type: PNC
2025-04-03 10:55:24 - INFO - Arctaris rename_statements.py:1988 - main - Extracted information: <__main__.StatementInfo object at 0x000001ACCB8D3EC0>
2025-04-03 10:55:24 - INFO - Arctaris rename_statements.py:359 - process_pdf - Successfully identified bank type: PNC
2025-04-03 10:55:24 - INFO - Arctaris rename_statements.py:2001 - main - Would rename to: PNC\2025-03\SSP HOLDCO LLC statement_4176547892_2025-03-31.pdf
2025-04-03 10:55:24 - INFO - Arctaris rename_statements.py:1981 - main - [99/110] Processing file: statement_4176565548_2025-03-31.pdf
2025-04-03 10:55:24 - INFO - Arctaris rename_statements.py:359 - process_pdf - Successfully identified bank type: PNC
2025-04-03 10:55:24 - INFO - Arctaris rename_statements.py:1988 - main - Extracted information: <__main__.StatementInfo object at 0x000001ACCBCB7E90>
2025-04-03 10:55:24 - INFO - Arctaris rename_statements.py:359 - process_pdf - Successfully identified bank type: PNC
2025-04-03 10:55:24 - INFO - Arctaris rename_statements.py:2001 - main - Would rename to: PNC\2025-03\ARCTARIS EAST COAST DEVELOPMEN statement_4176565548_2025-03-31.pdf
2025-04-03 10:55:24 - INFO - Arctaris rename_statements.py:1981 - main - [100/110] Processing file: statement_4176641344_2025-03-31.pdf
2025-04-03 10:55:24 - INFO - Arctaris rename_statements.py:359 - process_pdf - Successfully identified bank type: PNC
2025-04-03 10:55:24 - INFO - Arctaris rename_statements.py:1988 - main - Extracted information: <__main__.StatementInfo object at 0x000001ACCBBBFA70>
2025-04-03 10:55:24 - INFO - Arctaris rename_statements.py:359 - process_pdf - Successfully identified bank type: PNC
2025-04-03 10:55:24 - INFO - Arctaris rename_statements.py:2001 - main - Would rename to: PNC\2025-03\GREATER ERIE STRATEGIC INVESTM statement_4176641344_2025-03-31.pdf
2025-04-03 10:55:24 - INFO - Arctaris rename_statements.py:1976 - main - 
Processing batch 6 (101-110 of 110)
2025-04-03 10:55:24 - INFO - Arctaris rename_statements.py:1981 - main - [101/110] Processing file: statement_4176706259_2025-03-31.pdf
2025-04-03 10:55:24 - INFO - Arctaris rename_statements.py:359 - process_pdf - Successfully identified bank type: PNC
2025-04-03 10:55:24 - INFO - Arctaris rename_statements.py:1988 - main - Extracted information: <__main__.StatementInfo object at 0x000001ACCBB72DB0>
2025-04-03 10:55:24 - INFO - Arctaris rename_statements.py:359 - process_pdf - Successfully identified bank type: PNC
2025-04-03 10:55:24 - INFO - Arctaris rename_statements.py:2001 - main - Would rename to: PNC\2025-03\ARCTARIS ADVISORY HOLDING LLC statement_4176706259_2025-03-31.pdf
2025-04-03 10:55:24 - INFO - Arctaris rename_statements.py:1981 - main - [102/110] Processing file: statement_4176786746_2025-03-31.pdf
2025-04-03 10:55:24 - INFO - Arctaris rename_statements.py:359 - process_pdf - Successfully identified bank type: PNC
2025-04-03 10:55:24 - INFO - Arctaris rename_statements.py:1988 - main - Extracted information: <__main__.StatementInfo object at 0x000001ACCBB44F80>
2025-04-03 10:55:24 - INFO - Arctaris rename_statements.py:359 - process_pdf - Successfully identified bank type: PNC
2025-04-03 10:55:24 - INFO - Arctaris rename_statements.py:2001 - main - Would rename to: PNC\2025-03\ARC-IMPACT PROGRAM CT LLC statement_4176786746_2025-03-31.pdf
2025-04-03 10:55:24 - INFO - Arctaris rename_statements.py:1981 - main - [103/110] Processing file: statement_4176790542_2025-03-31.pdf
2025-04-03 10:55:24 - INFO - Arctaris rename_statements.py:359 - process_pdf - Successfully identified bank type: PNC
2025-04-03 10:55:24 - INFO - Arctaris rename_statements.py:1988 - main - Extracted information: <__main__.StatementInfo object at 0x000001ACCBCB69F0>
2025-04-03 10:55:24 - INFO - Arctaris rename_statements.py:359 - process_pdf - Successfully identified bank type: PNC
2025-04-03 10:55:24 - INFO - Arctaris rename_statements.py:2001 - main - Would rename to: PNC\2025-03\ARCTARIS HOLDCO LLC statement_4176790542_2025-03-31.pdf
2025-04-03 10:55:24 - INFO - Arctaris rename_statements.py:1981 - main - [104/110] Processing file: statement_4176790577_2025-03-31.pdf
2025-04-03 10:55:24 - INFO - Arctaris rename_statements.py:359 - process_pdf - Successfully identified bank type: PNC
2025-04-03 10:55:24 - INFO - Arctaris rename_statements.py:1988 - main - Extracted information: <__main__.StatementInfo object at 0x000001ACCBCB6600>
2025-04-03 10:55:24 - INFO - Arctaris rename_statements.py:359 - process_pdf - Successfully identified bank type: PNC
2025-04-03 10:55:24 - INFO - Arctaris rename_statements.py:2001 - main - Would rename to: PNC\2025-03\TOWER PERSONAL SERVICES LLC statement_4176790577_2025-03-31.pdf
2025-04-03 10:55:24 - INFO - Arctaris rename_statements.py:1981 - main - [105/110] Processing file: statement_4176790593_2025-03-31.pdf
2025-04-03 10:55:24 - INFO - Arctaris rename_statements.py:359 - process_pdf - Successfully identified bank type: PNC
2025-04-03 10:55:24 - INFO - Arctaris rename_statements.py:1988 - main - Extracted information: <__main__.StatementInfo object at 0x000001ACCBB73C20>
2025-04-03 10:55:24 - INFO - Arctaris rename_statements.py:359 - process_pdf - Successfully identified bank type: PNC
2025-04-03 10:55:24 - INFO - Arctaris rename_statements.py:2001 - main - Would rename to: PNC\2025-03\ARCTARIS MANAGEMENT CO LLC statement_4176790593_2025-03-31.pdf
2025-04-03 10:55:24 - INFO - Arctaris rename_statements.py:1981 - main - [106/110] Processing file: statement_4179447491_2025-03-31.pdf
2025-04-03 10:55:24 - INFO - Arctaris rename_statements.py:359 - process_pdf - Successfully identified bank type: PNC
2025-04-03 10:55:24 - INFO - Arctaris rename_statements.py:1988 - main - Extracted information: <__main__.StatementInfo object at 0x000001ACCBCB5C10>
2025-04-03 10:55:24 - INFO - Arctaris rename_statements.py:359 - process_pdf - Successfully identified bank type: PNC
2025-04-03 10:55:24 - INFO - Arctaris rename_statements.py:2001 - main - Would rename to: PNC\2025-03\ARCTARIS MICHIGAN PARTNERS LLC statement_4179447491_2025-03-31.pdf
2025-04-03 10:55:24 - INFO - Arctaris rename_statements.py:1981 - main - [107/110] Processing file: statement_4179559231_2025-03-31.pdf
2025-04-03 10:55:24 - INFO - Arctaris rename_statements.py:359 - process_pdf - Successfully identified bank type: PNC
2025-04-03 10:55:24 - INFO - Arctaris rename_statements.py:1988 - main - Extracted information: <__main__.StatementInfo object at 0x000001ACCBB72420>
2025-04-03 10:55:24 - INFO - Arctaris rename_statements.py:359 - process_pdf - Successfully identified bank type: PNC
2025-04-03 10:55:24 - INFO - Arctaris rename_statements.py:2001 - main - Would rename to: PNC\2025-03\ARCTARIS REAL ESTATE MANAGEMEN statement_4179559231_2025-03-31.pdf
2025-04-03 10:55:24 - INFO - Arctaris rename_statements.py:1981 - main - [108/110] Processing file: statement_4179559338_2025-03-31.pdf
2025-04-03 10:55:24 - INFO - Arctaris rename_statements.py:359 - process_pdf - Successfully identified bank type: PNC
2025-04-03 10:55:24 - INFO - Arctaris rename_statements.py:1988 - main - Extracted information: <__main__.StatementInfo object at 0x000001ACCBB1F950>
2025-04-03 10:55:24 - INFO - Arctaris rename_statements.py:359 - process_pdf - Successfully identified bank type: PNC
2025-04-03 10:55:24 - INFO - Arctaris rename_statements.py:2001 - main - Would rename to: PNC\2025-03\ARCTARIS HOUSING CO LLC statement_4179559338_2025-03-31.pdf
2025-04-03 10:55:24 - INFO - Arctaris rename_statements.py:1981 - main - [109/110] Processing file: statement_4179667988_2025-03-31.pdf
2025-04-03 10:55:24 - INFO - Arctaris rename_statements.py:359 - process_pdf - Successfully identified bank type: PNC
2025-04-03 10:55:24 - INFO - Arctaris rename_statements.py:1988 - main - Extracted information: <__main__.StatementInfo object at 0x000001ACCBBBF740>
2025-04-03 10:55:24 - INFO - Arctaris rename_statements.py:359 - process_pdf - Successfully identified bank type: PNC
2025-04-03 10:55:24 - INFO - Arctaris rename_statements.py:2001 - main - Would rename to: PNC\2025-03\ARCTARIS MIDWEST DEV II statement_4179667988_2025-03-31.pdf
2025-04-03 10:55:24 - INFO - Arctaris rename_statements.py:1981 - main - [110/110] Processing file: statement_4698117603_2025-03-31.pdf
2025-04-03 10:55:24 - INFO - Arctaris rename_statements.py:359 - process_pdf - Successfully identified bank type: PNC
2025-04-03 10:55:24 - INFO - Arctaris rename_statements.py:1988 - main - Extracted information: <__main__.StatementInfo object at 0x000001ACCBD09EB0>
2025-04-03 10:55:24 - INFO - Arctaris rename_statements.py:359 - process_pdf - Successfully identified bank type: PNC
2025-04-03 10:55:24 - INFO - Arctaris rename_statements.py:2001 - main - Would rename to: PNC\2025-03\ARCTARIS OZ FUND 2019 statement_4698117603_2025-03-31.pdf
2025-04-03 10:55:24 - INFO - Arctaris rename_statements.py:2057 - main - 
Dry run completed in 2.89 seconds.
2025-04-03 10:55:24 - INFO - Arctaris rename_statements.py:2061 - main - Preview checklist saved to: checklists\preview_checklist_20250403_105524.csv
2025-04-03 10:55:24 - INFO - Arctaris rename_statements.py:2065 - main - 110 files would be processed.
