2025-04-03 12:04:34 - INFO - Arctaris rename_statements.py:1995 - setup_logging - Logging initialized at level INFO
2025-04-03 12:04:34 - INFO - Arctaris rename_statements.py:1996 - setup_logging - Log file: C:\Users\Christian\OneDrive - Arctaris Michigan Partners, LLC\Desktop\Bank Automation\Codes\Bank Statements\logs\pdf_processor_20250403_120434.log
2025-04-03 12:04:34 - INFO - Arctaris rename_statements.py:2061 - main - Starting PDF rename script (version 2.0)
2025-04-03 12:04:34 - INFO - Arctaris rename_statements.py:2062 - main - Input folder: C:\Users\Christian\OneDrive - Arctaris Michigan Partners, LLC\Desktop\Bank Automation\input_statements
2025-04-03 12:04:34 - INFO - Arctaris rename_statements.py:2063 - main - Output folder: C:\Users\Christian\OneDrive - Arctaris Michigan Partners, LLC\Desktop\Bank Automation\processed_statements
2025-04-03 12:04:34 - INFO - Arctaris rename_statements.py:2081 - main - Found 4 repaired files that will be skipped
2025-04-03 12:04:34 - INFO - Arctaris rename_statements.py:2096 - main - Found 110 PDF file(s) to process
2025-04-03 12:04:35 - INFO - Arctaris rename_statements.py:1731 - find_duplicate_files - Duplicate group - Original: dxweb (26).pdf, Duplicates: dxweb (27).pdf
2025-04-03 12:04:35 - INFO - Arctaris rename_statements.py:1731 - find_duplicate_files - Duplicate group - Original: dxweb (32).pdf, Duplicates: dxweb (33).pdf
2025-04-03 12:04:35 - WARNING - Arctaris rename_statements.py:2104 - main - Found 2 groups of duplicate files:
2025-04-03 12:04:35 - WARNING - Arctaris rename_statements.py:2106 - main -   Duplicate group (2 files):
2025-04-03 12:04:35 - WARNING - Arctaris rename_statements.py:2109 - main -     - dxweb (26).pdf
2025-04-03 12:04:35 - WARNING - Arctaris rename_statements.py:2109 - main -     - dxweb (27).pdf
2025-04-03 12:04:35 - INFO - Arctaris rename_statements.py:2114 - main -   Original: dxweb (26).pdf, Duplicates: dxweb (27).pdf
2025-04-03 12:04:35 - WARNING - Arctaris rename_statements.py:2106 - main -   Duplicate group (2 files):
2025-04-03 12:04:35 - WARNING - Arctaris rename_statements.py:2109 - main -     - dxweb (32).pdf
2025-04-03 12:04:35 - WARNING - Arctaris rename_statements.py:2109 - main -     - dxweb (33).pdf
2025-04-03 12:04:35 - INFO - Arctaris rename_statements.py:2114 - main -   Original: dxweb (32).pdf, Duplicates: dxweb (33).pdf
2025-04-03 12:04:35 - INFO - Arctaris rename_statements.py:2133 - main - 
=== PREVIEW MODE ===
2025-04-03 12:04:35 - INFO - Arctaris rename_statements.py:2141 - main - Verifying PDF files...
2025-04-03 12:04:35 - INFO - Arctaris rename_statements.py:2178 - main - 110 files verified and ready for processing
2025-04-03 12:04:35 - INFO - Arctaris rename_statements.py:2187 - main - 
Processing batch 1 (1-20 of 110)
2025-04-03 12:04:35 - INFO - Arctaris rename_statements.py:2192 - main - [1/110] Processing file: dxweb (10).pdf
2025-04-03 12:04:35 - INFO - Arctaris rename_statements.py:271 - process_pdf - Processing dxweb file as BankUnited: dxweb (10).pdf
2025-04-03 12:04:35 - INFO - Arctaris rename_statements.py:2199 - main - Extracted information: <__main__.StatementInfo object at 0x0000017B6AB1C6B0>
2025-04-03 12:04:35 - INFO - Arctaris rename_statements.py:271 - process_pdf - Processing dxweb file as BankUnited: dxweb (10).pdf
2025-04-03 12:04:35 - INFO - Arctaris rename_statements.py:2212 - main - Would rename to: BankUnited\2025-04\Bank United ARC IMPACT-PROGRAM SWPA LLC - 0749 April 2025 Statement.pdf
2025-04-03 12:04:35 - INFO - Arctaris rename_statements.py:2192 - main - [2/110] Processing file: dxweb (11).pdf
2025-04-03 12:04:35 - INFO - Arctaris rename_statements.py:271 - process_pdf - Processing dxweb file as BankUnited: dxweb (11).pdf
2025-04-03 12:04:35 - INFO - Arctaris rename_statements.py:2199 - main - Extracted information: <__main__.StatementInfo object at 0x0000017B6AD96CC0>
2025-04-03 12:04:35 - INFO - Arctaris rename_statements.py:271 - process_pdf - Processing dxweb file as BankUnited: dxweb (11).pdf
2025-04-03 12:04:35 - INFO - Arctaris rename_statements.py:2212 - main - Would rename to: BankUnited\2025-04\Bank United ARC IMPACT-PROGRAM SWPA LLC OPERATING - 0706 April 2025 Statement.pdf
2025-04-03 12:04:35 - INFO - Arctaris rename_statements.py:2192 - main - [3/110] Processing file: dxweb (12).pdf
2025-04-03 12:04:35 - INFO - Arctaris rename_statements.py:271 - process_pdf - Processing dxweb file as BankUnited: dxweb (12).pdf
2025-04-03 12:04:35 - INFO - Arctaris rename_statements.py:2199 - main - Extracted information: <__main__.StatementInfo object at 0x0000017B6ADA5CA0>
2025-04-03 12:04:35 - INFO - Arctaris rename_statements.py:271 - process_pdf - Processing dxweb file as BankUnited: dxweb (12).pdf
2025-04-03 12:04:35 - INFO - Arctaris rename_statements.py:2212 - main - Would rename to: BankUnited\2025-04\Bank United ARCTARIS EASTERN DEVELOP - 7400 April 2025 Statement.pdf
2025-04-03 12:04:35 - INFO - Arctaris rename_statements.py:2192 - main - [4/110] Processing file: dxweb (13).pdf
2025-04-03 12:04:35 - INFO - Arctaris rename_statements.py:271 - process_pdf - Processing dxweb file as BankUnited: dxweb (13).pdf
2025-04-03 12:04:35 - INFO - Arctaris rename_statements.py:2199 - main - Extracted information: <__main__.StatementInfo object at 0x0000017B6ADA7020>
2025-04-03 12:04:35 - INFO - Arctaris rename_statements.py:271 - process_pdf - Processing dxweb file as BankUnited: dxweb (13).pdf
2025-04-03 12:04:35 - INFO - Arctaris rename_statements.py:2212 - main - Would rename to: BankUnited\2025-04\Bank United ARCTARIS EASTERN DEVELOP - 7427 April 2025 Statement.pdf
2025-04-03 12:04:35 - INFO - Arctaris rename_statements.py:2192 - main - [5/110] Processing file: dxweb (14).pdf
2025-04-03 12:04:35 - INFO - Arctaris rename_statements.py:271 - process_pdf - Processing dxweb file as BankUnited: dxweb (14).pdf
2025-04-03 12:04:35 - INFO - Arctaris rename_statements.py:2199 - main - Extracted information: <__main__.StatementInfo object at 0x0000017B6ADA6060>
2025-04-03 12:04:35 - INFO - Arctaris rename_statements.py:271 - process_pdf - Processing dxweb file as BankUnited: dxweb (14).pdf
2025-04-03 12:04:35 - INFO - Arctaris rename_statements.py:2212 - main - Would rename to: BankUnited\2025-04\Bank United ARCTARIS IMPACT INVESTORS LLC COLLATERAL - 8190 April 2025 Statement.pdf
2025-04-03 12:04:35 - INFO - Arctaris rename_statements.py:2192 - main - [6/110] Processing file: dxweb (15).pdf
2025-04-03 12:04:35 - INFO - Arctaris rename_statements.py:271 - process_pdf - Processing dxweb file as BankUnited: dxweb (15).pdf
2025-04-03 12:04:35 - INFO - Arctaris rename_statements.py:2199 - main - Extracted information: <__main__.StatementInfo object at 0x0000017B6ADA66C0>
2025-04-03 12:04:35 - INFO - Arctaris rename_statements.py:271 - process_pdf - Processing dxweb file as BankUnited: dxweb (15).pdf
2025-04-03 12:04:35 - INFO - Arctaris rename_statements.py:2212 - main - Would rename to: BankUnited\2025-04\Bank United ARCTARIS IMPACT INVESTORS LLC MMGNT - 8174 April 2025 Statement.pdf
2025-04-03 12:04:35 - INFO - Arctaris rename_statements.py:2192 - main - [7/110] Processing file: dxweb (16).pdf
2025-04-03 12:04:35 - INFO - Arctaris rename_statements.py:271 - process_pdf - Processing dxweb file as BankUnited: dxweb (16).pdf
2025-04-03 12:04:35 - INFO - Arctaris rename_statements.py:2199 - main - Extracted information: <__main__.StatementInfo object at 0x0000017B6ADA5B20>
2025-04-03 12:04:35 - INFO - Arctaris rename_statements.py:271 - process_pdf - Processing dxweb file as BankUnited: dxweb (16).pdf
2025-04-03 12:04:35 - INFO - Arctaris rename_statements.py:2212 - main - Would rename to: BankUnited\2025-04\Bank United ARCTARIS IMPACT INVESTORS LLC OPER - 3008 April 2025 Statement.pdf
2025-04-03 12:04:35 - INFO - Arctaris rename_statements.py:2192 - main - [8/110] Processing file: dxweb (17).pdf
2025-04-03 12:04:35 - INFO - Arctaris rename_statements.py:271 - process_pdf - Processing dxweb file as BankUnited: dxweb (17).pdf
2025-04-03 12:04:35 - INFO - Arctaris rename_statements.py:2199 - main - Extracted information: <__main__.StatementInfo object at 0x0000017B6ADA4E00>
2025-04-03 12:04:35 - INFO - Arctaris rename_statements.py:271 - process_pdf - Processing dxweb file as BankUnited: dxweb (17).pdf
2025-04-03 12:04:35 - INFO - Arctaris rename_statements.py:2212 - main - Would rename to: BankUnited\2025-04\Bank United ARCTARIS OPPORTUNITY ZONE FUND 2019 COLL - 8298 April 2025 Statement.pdf
2025-04-03 12:04:35 - INFO - Arctaris rename_statements.py:2192 - main - [9/110] Processing file: dxweb (18).pdf
2025-04-03 12:04:35 - INFO - Arctaris rename_statements.py:271 - process_pdf - Processing dxweb file as BankUnited: dxweb (18).pdf
2025-04-03 12:04:35 - INFO - Arctaris rename_statements.py:2199 - main - Extracted information: <__main__.StatementInfo object at 0x0000017B6ADA61B0>
2025-04-03 12:04:35 - INFO - Arctaris rename_statements.py:271 - process_pdf - Processing dxweb file as BankUnited: dxweb (18).pdf
2025-04-03 12:04:35 - INFO - Arctaris rename_statements.py:2212 - main - Would rename to: BankUnited\2025-04\Bank United ARCTARIS OPPORTUNITY ZONE FUND 2019 MM - 8239 April 2025 Statement.pdf
2025-04-03 12:04:35 - INFO - Arctaris rename_statements.py:2192 - main - [10/110] Processing file: dxweb (19).pdf
2025-04-03 12:04:35 - INFO - Arctaris rename_statements.py:271 - process_pdf - Processing dxweb file as BankUnited: dxweb (19).pdf
2025-04-03 12:04:35 - INFO - Arctaris rename_statements.py:2199 - main - Extracted information: <__main__.StatementInfo object at 0x0000017B6ADA65D0>
2025-04-03 12:04:35 - INFO - Arctaris rename_statements.py:271 - process_pdf - Processing dxweb file as BankUnited: dxweb (19).pdf
2025-04-03 12:04:35 - INFO - Arctaris rename_statements.py:2212 - main - Would rename to: BankUnited\2025-04\Bank United ARCTARIS OPPORTUNITY ZONE FUND 2019 OPER - 8220 April 2025 Statement.pdf
2025-04-03 12:04:35 - INFO - Arctaris rename_statements.py:2192 - main - [11/110] Processing file: dxweb (20).pdf
2025-04-03 12:04:35 - INFO - Arctaris rename_statements.py:271 - process_pdf - Processing dxweb file as BankUnited: dxweb (20).pdf
2025-04-03 12:04:35 - INFO - Arctaris rename_statements.py:2199 - main - Extracted information: <__main__.StatementInfo object at 0x0000017B6A076C90>
2025-04-03 12:04:35 - INFO - Arctaris rename_statements.py:271 - process_pdf - Processing dxweb file as BankUnited: dxweb (20).pdf
2025-04-03 12:04:35 - INFO - Arctaris rename_statements.py:2212 - main - Would rename to: BankUnited\2025-04\Bank United ARCTARIS OPPORTUNITY ZONE FUND 2020 COLL - 8441 April 2025 Statement.pdf
2025-04-03 12:04:35 - INFO - Arctaris rename_statements.py:2192 - main - [12/110] Processing file: dxweb (21).pdf
2025-04-03 12:04:35 - INFO - Arctaris rename_statements.py:271 - process_pdf - Processing dxweb file as BankUnited: dxweb (21).pdf
2025-04-03 12:04:35 - INFO - Arctaris rename_statements.py:2199 - main - Extracted information: <__main__.StatementInfo object at 0x0000017B6A736E10>
2025-04-03 12:04:35 - INFO - Arctaris rename_statements.py:271 - process_pdf - Processing dxweb file as BankUnited: dxweb (21).pdf
2025-04-03 12:04:35 - INFO - Arctaris rename_statements.py:2212 - main - Would rename to: BankUnited\2025-04\Bank United ARCTARIS OPPORTUNITY ZONE FUND 2020 LLC - 8425 April 2025 Statement.pdf
2025-04-03 12:04:35 - INFO - Arctaris rename_statements.py:2192 - main - [13/110] Processing file: dxweb (22).pdf
2025-04-03 12:04:35 - INFO - Arctaris rename_statements.py:271 - process_pdf - Processing dxweb file as BankUnited: dxweb (22).pdf
2025-04-03 12:04:35 - INFO - Arctaris rename_statements.py:2199 - main - Extracted information: <__main__.StatementInfo object at 0x0000017B6A64EF90>
2025-04-03 12:04:35 - INFO - Arctaris rename_statements.py:271 - process_pdf - Processing dxweb file as BankUnited: dxweb (22).pdf
2025-04-03 12:04:35 - INFO - Arctaris rename_statements.py:2212 - main - Would rename to: BankUnited\2025-04\Bank United ARCTARIS OPPORTUNITY ZONE FUND 2020 OPER - 8387 April 2025 Statement.pdf
2025-04-03 12:04:35 - INFO - Arctaris rename_statements.py:2192 - main - [14/110] Processing file: dxweb (23).pdf
2025-04-03 12:04:35 - INFO - Arctaris rename_statements.py:271 - process_pdf - Processing dxweb file as BankUnited: dxweb (23).pdf
2025-04-03 12:04:35 - INFO - Arctaris rename_statements.py:2199 - main - Extracted information: <__main__.StatementInfo object at 0x0000017B6ADA7140>
2025-04-03 12:04:35 - INFO - Arctaris rename_statements.py:271 - process_pdf - Processing dxweb file as BankUnited: dxweb (23).pdf
2025-04-03 12:04:35 - INFO - Arctaris rename_statements.py:2212 - main - Would rename to: BankUnited\2025-04\Bank United ARCTARIS OPPORTUNITY ZONE FUND 2022 COLL - 8530 April 2025 Statement.pdf
2025-04-03 12:04:35 - INFO - Arctaris rename_statements.py:2192 - main - [15/110] Processing file: dxweb (24).pdf
2025-04-03 12:04:35 - INFO - Arctaris rename_statements.py:271 - process_pdf - Processing dxweb file as BankUnited: dxweb (24).pdf
2025-04-03 12:04:35 - INFO - Arctaris rename_statements.py:2199 - main - Extracted information: <__main__.StatementInfo object at 0x0000017B6ADA5C40>
2025-04-03 12:04:35 - INFO - Arctaris rename_statements.py:271 - process_pdf - Processing dxweb file as BankUnited: dxweb (24).pdf
2025-04-03 12:04:35 - INFO - Arctaris rename_statements.py:2212 - main - Would rename to: BankUnited\2025-04\Bank United ARCTARIS OPPORTUNITY ZONE FUND 2022 MGMT - 8514 April 2025 Statement.pdf
2025-04-03 12:04:35 - INFO - Arctaris rename_statements.py:2192 - main - [16/110] Processing file: dxweb (25).pdf
2025-04-03 12:04:35 - INFO - Arctaris rename_statements.py:271 - process_pdf - Processing dxweb file as BankUnited: dxweb (25).pdf
2025-04-03 12:04:35 - INFO - Arctaris rename_statements.py:2199 - main - Extracted information: <__main__.StatementInfo object at 0x0000017B6ADA65A0>
2025-04-03 12:04:35 - INFO - Arctaris rename_statements.py:271 - process_pdf - Processing dxweb file as BankUnited: dxweb (25).pdf
2025-04-03 12:04:35 - INFO - Arctaris rename_statements.py:2212 - main - Would rename to: BankUnited\2025-04\Bank United ARCTARIS OPPORTUNITY ZONE FUND 2022 OPER - 8484 April 2025 Statement.pdf
2025-04-03 12:04:35 - INFO - Arctaris rename_statements.py:2192 - main - [17/110] Processing file: dxweb (26).pdf
2025-04-03 12:04:35 - INFO - Arctaris rename_statements.py:271 - process_pdf - Processing dxweb file as BankUnited: dxweb (26).pdf
2025-04-03 12:04:35 - INFO - Arctaris rename_statements.py:2199 - main - Extracted information: <__main__.StatementInfo object at 0x0000017B6ADA5DC0>
2025-04-03 12:04:35 - INFO - Arctaris rename_statements.py:271 - process_pdf - Processing dxweb file as BankUnited: dxweb (26).pdf
2025-04-03 12:04:35 - INFO - Arctaris rename_statements.py:2212 - main - Would rename to: BankUnited\2025-04\Bank United ARCTARIS PRODUCT DEVELOP - 5785 April 2025 Statement.pdf
2025-04-03 12:04:35 - INFO - Arctaris rename_statements.py:2192 - main - [18/110] Processing file: dxweb (27).pdf
2025-04-03 12:04:35 - INFO - Arctaris rename_statements.py:271 - process_pdf - Processing dxweb file as BankUnited: dxweb (27).pdf
2025-04-03 12:04:35 - INFO - Arctaris rename_statements.py:2199 - main - Extracted information: <__main__.StatementInfo object at 0x0000017B6A737710>
2025-04-03 12:04:35 - INFO - Arctaris rename_statements.py:271 - process_pdf - Processing dxweb file as BankUnited: dxweb (27).pdf
2025-04-03 12:04:35 - INFO - Arctaris rename_statements.py:2212 - main - Would rename to: BankUnited\2025-04\Bank United ARCTARIS PRODUCT DEVELOP - 5793 April 2025 Statement.pdf
2025-04-03 12:04:35 - INFO - Arctaris rename_statements.py:2192 - main - [19/110] Processing file: dxweb (28).pdf
2025-04-03 12:04:35 - INFO - Arctaris rename_statements.py:271 - process_pdf - Processing dxweb file as BankUnited: dxweb (28).pdf
2025-04-03 12:04:35 - INFO - Arctaris rename_statements.py:2199 - main - Extracted information: <__main__.StatementInfo object at 0x0000017B6A7084D0>
2025-04-03 12:04:35 - INFO - Arctaris rename_statements.py:271 - process_pdf - Processing dxweb file as BankUnited: dxweb (28).pdf
2025-04-03 12:04:35 - INFO - Arctaris rename_statements.py:2212 - main - Would rename to: BankUnited\2025-04\Bank United ARCTARIS SOUTH EAST DEVELOPMENT LLC - 6075 April 2025 Statement.pdf
2025-04-03 12:04:35 - INFO - Arctaris rename_statements.py:2192 - main - [20/110] Processing file: dxweb (29).pdf
2025-04-03 12:04:35 - INFO - Arctaris rename_statements.py:271 - process_pdf - Processing dxweb file as BankUnited: dxweb (29).pdf
2025-04-03 12:04:35 - INFO - Arctaris rename_statements.py:2199 - main - Extracted information: <__main__.StatementInfo object at 0x0000017B6ADA6420>
2025-04-03 12:04:35 - INFO - Arctaris rename_statements.py:271 - process_pdf - Processing dxweb file as BankUnited: dxweb (29).pdf
2025-04-03 12:04:35 - INFO - Arctaris rename_statements.py:2212 - main - Would rename to: BankUnited\2025-04\Bank United ARCTARIS SOUTH EAST DEVELOPMENT LLC OPER - 6067 April 2025 Statement.pdf
2025-04-03 12:04:35 - INFO - Arctaris rename_statements.py:2187 - main - 
Processing batch 2 (21-40 of 110)
2025-04-03 12:04:35 - INFO - Arctaris rename_statements.py:2192 - main - [21/110] Processing file: dxweb (30).pdf
2025-04-03 12:04:35 - INFO - Arctaris rename_statements.py:271 - process_pdf - Processing dxweb file as BankUnited: dxweb (30).pdf
2025-04-03 12:04:35 - INFO - Arctaris rename_statements.py:2199 - main - Extracted information: <__main__.StatementInfo object at 0x0000017B6AD10AD0>
2025-04-03 12:04:35 - INFO - Arctaris rename_statements.py:271 - process_pdf - Processing dxweb file as BankUnited: dxweb (30).pdf
2025-04-03 12:04:35 - INFO - Arctaris rename_statements.py:2212 - main - Would rename to: BankUnited\2025-04\Bank United EAST COAST COMMERCIAL DEV - 6640 April 2025 Statement.pdf
2025-04-03 12:04:35 - INFO - Arctaris rename_statements.py:2192 - main - [22/110] Processing file: dxweb (31).pdf
2025-04-03 12:04:35 - INFO - Arctaris rename_statements.py:271 - process_pdf - Processing dxweb file as BankUnited: dxweb (31).pdf
2025-04-03 12:04:35 - INFO - Arctaris rename_statements.py:2199 - main - Extracted information: <__main__.StatementInfo object at 0x0000017B6ADC95B0>
2025-04-03 12:04:35 - INFO - Arctaris rename_statements.py:271 - process_pdf - Processing dxweb file as BankUnited: dxweb (31).pdf
2025-04-03 12:04:35 - INFO - Arctaris rename_statements.py:2212 - main - Would rename to: BankUnited\2025-04\Bank United EAST COAST COMMERCIAL DEV - 4120 April 2025 Statement.pdf
2025-04-03 12:04:35 - INFO - Arctaris rename_statements.py:2192 - main - [23/110] Processing file: dxweb (32).pdf
2025-04-03 12:04:35 - INFO - Arctaris rename_statements.py:271 - process_pdf - Processing dxweb file as BankUnited: dxweb (32).pdf
2025-04-03 12:04:35 - INFO - Arctaris rename_statements.py:2199 - main - Extracted information: <__main__.StatementInfo object at 0x0000017B6AAF0F50>
2025-04-03 12:04:35 - INFO - Arctaris rename_statements.py:271 - process_pdf - Processing dxweb file as BankUnited: dxweb (32).pdf
2025-04-03 12:04:35 - INFO - Arctaris rename_statements.py:2212 - main - Would rename to: BankUnited\2025-04\Bank United MID ATLANTIC INCLUSIVE HOUSING LLC - 6059 April 2025 Statement.pdf
2025-04-03 12:04:35 - INFO - Arctaris rename_statements.py:2192 - main - [24/110] Processing file: dxweb (33).pdf
2025-04-03 12:04:35 - INFO - Arctaris rename_statements.py:271 - process_pdf - Processing dxweb file as BankUnited: dxweb (33).pdf
2025-04-03 12:04:35 - INFO - Arctaris rename_statements.py:2199 - main - Extracted information: <__main__.StatementInfo object at 0x0000017B6AAF1190>
2025-04-03 12:04:35 - INFO - Arctaris rename_statements.py:271 - process_pdf - Processing dxweb file as BankUnited: dxweb (33).pdf
2025-04-03 12:04:35 - INFO - Arctaris rename_statements.py:2212 - main - Would rename to: BankUnited\2025-04\Bank United MID ATLANTIC INCLUSIVE HOUSING LLC OPER - 5990 April 2025 Statement.pdf
2025-04-03 12:04:35 - INFO - Arctaris rename_statements.py:2192 - main - [25/110] Processing file: dxweb (34).pdf
2025-04-03 12:04:35 - INFO - Arctaris rename_statements.py:271 - process_pdf - Processing dxweb file as BankUnited: dxweb (34).pdf
2025-04-03 12:04:35 - INFO - Arctaris rename_statements.py:2199 - main - Extracted information: <__main__.StatementInfo object at 0x0000017B6ADC8B00>
2025-04-03 12:04:35 - INFO - Arctaris rename_statements.py:271 - process_pdf - Processing dxweb file as BankUnited: dxweb (34).pdf
2025-04-03 12:04:35 - INFO - Arctaris rename_statements.py:2212 - main - Would rename to: BankUnited\2025-04\Bank United ARCTARIS IMPACT FUND - 7076 April 2025 Statement.pdf
2025-04-03 12:04:35 - INFO - Arctaris rename_statements.py:2192 - main - [26/110] Processing file: dxweb (35).pdf
2025-04-03 12:04:35 - INFO - Arctaris rename_statements.py:271 - process_pdf - Processing dxweb file as BankUnited: dxweb (35).pdf
2025-04-03 12:04:35 - INFO - Arctaris rename_statements.py:2199 - main - Extracted information: <__main__.StatementInfo object at 0x0000017B6AD301A0>
2025-04-03 12:04:35 - INFO - Arctaris rename_statements.py:271 - process_pdf - Processing dxweb file as BankUnited: dxweb (35).pdf
2025-04-03 12:04:35 - INFO - Arctaris rename_statements.py:2212 - main - Would rename to: BankUnited\2025-04\Bank United ARCTARIS OPPORTUNITY ZONE FUND 2019 LLC - 1396 April 2025 Statement.pdf
2025-04-03 12:04:35 - INFO - Arctaris rename_statements.py:2192 - main - [27/110] Processing file: dxweb (8).pdf
2025-04-03 12:04:35 - INFO - Arctaris rename_statements.py:271 - process_pdf - Processing dxweb file as BankUnited: dxweb (8).pdf
2025-04-03 12:04:35 - INFO - Arctaris rename_statements.py:2199 - main - Extracted information: <__main__.StatementInfo object at 0x0000017B6ADC9760>
2025-04-03 12:04:35 - INFO - Arctaris rename_statements.py:271 - process_pdf - Processing dxweb file as BankUnited: dxweb (8).pdf
2025-04-03 12:04:35 - INFO - Arctaris rename_statements.py:2212 - main - Would rename to: BankUnited\2025-04\Bank United ARC IMPACT-PROGRAM ERIE LLC - 0579 April 2025 Statement.pdf
2025-04-03 12:04:35 - INFO - Arctaris rename_statements.py:2192 - main - [28/110] Processing file: dxweb (9).pdf
2025-04-03 12:04:35 - INFO - Arctaris rename_statements.py:271 - process_pdf - Processing dxweb file as BankUnited: dxweb (9).pdf
2025-04-03 12:04:35 - INFO - Arctaris rename_statements.py:2199 - main - Extracted information: <__main__.StatementInfo object at 0x0000017B6ADC8D40>
2025-04-03 12:04:35 - INFO - Arctaris rename_statements.py:271 - process_pdf - Processing dxweb file as BankUnited: dxweb (9).pdf
2025-04-03 12:04:35 - INFO - Arctaris rename_statements.py:2212 - main - Would rename to: BankUnited\2025-04\Bank United ARC IMPACT-PROGRAM ERIE LLC OPERATING - 0560 April 2025 Statement.pdf
2025-04-03 12:04:35 - INFO - Arctaris rename_statements.py:2192 - main - [29/110] Processing file: NewStatement (1).pdf
2025-04-03 12:04:35 - WARNING - Arctaris rename_statements.py:359 - process_pdf - Limited text extracted from newstatement (1).pdf, attempting filename-based detection
2025-04-03 12:04:35 - INFO - Arctaris rename_statements.py:389 - process_pdf - Using filename-based detection: Classified as Berkshire
2025-04-03 12:04:35 - INFO - Arctaris rename_statements.py:2199 - main - Extracted information: <__main__.StatementInfo object at 0x0000017B6AC5D0D0>
2025-04-03 12:04:35 - WARNING - Arctaris rename_statements.py:359 - process_pdf - Limited text extracted from newstatement (1).pdf, attempting filename-based detection
2025-04-03 12:04:35 - INFO - Arctaris rename_statements.py:389 - process_pdf - Using filename-based detection: Classified as Berkshire
2025-04-03 12:04:35 - INFO - Arctaris rename_statements.py:2212 - main - Would rename to: Berkshire\2025-04\4519-ARCTARIS OPPORTUNITY ZONE FUND 2020, LLC-20250403.pdf
2025-04-03 12:04:35 - INFO - Arctaris rename_statements.py:2192 - main - [30/110] Processing file: NewStatement (2).pdf
2025-04-03 12:04:35 - WARNING - Arctaris rename_statements.py:359 - process_pdf - Limited text extracted from newstatement (2).pdf, attempting filename-based detection
2025-04-03 12:04:35 - INFO - Arctaris rename_statements.py:389 - process_pdf - Using filename-based detection: Classified as Berkshire
2025-04-03 12:04:35 - INFO - Arctaris rename_statements.py:2199 - main - Extracted information: <__main__.StatementInfo object at 0x0000017B6ADA4E30>
2025-04-03 12:04:35 - WARNING - Arctaris rename_statements.py:359 - process_pdf - Limited text extracted from newstatement (2).pdf, attempting filename-based detection
2025-04-03 12:04:35 - INFO - Arctaris rename_statements.py:389 - process_pdf - Using filename-based detection: Classified as Berkshire
2025-04-03 12:04:35 - INFO - Arctaris rename_statements.py:2212 - main - Would rename to: Berkshire\2025-04\7076-ARCTARIS INCOME FUND LP-20250403.pdf
2025-04-03 12:04:35 - INFO - Arctaris rename_statements.py:2192 - main - [31/110] Processing file: NewStatement (3).pdf
2025-04-03 12:04:35 - WARNING - Arctaris rename_statements.py:359 - process_pdf - Limited text extracted from newstatement (3).pdf, attempting filename-based detection
2025-04-03 12:04:35 - INFO - Arctaris rename_statements.py:389 - process_pdf - Using filename-based detection: Classified as Berkshire
2025-04-03 12:04:35 - INFO - Arctaris rename_statements.py:2199 - main - Extracted information: <__main__.StatementInfo object at 0x0000017B6C270D10>
2025-04-03 12:04:35 - WARNING - Arctaris rename_statements.py:359 - process_pdf - Limited text extracted from newstatement (3).pdf, attempting filename-based detection
2025-04-03 12:04:35 - INFO - Arctaris rename_statements.py:389 - process_pdf - Using filename-based detection: Classified as Berkshire
2025-04-03 12:04:35 - INFO - Arctaris rename_statements.py:2212 - main - Would rename to: Berkshire\2025-04\8430-ARCTARIS OPPORTUNITY ZONE FUND 2022, LLC-20250403.pdf
2025-04-03 12:04:35 - INFO - Arctaris rename_statements.py:2192 - main - [32/110] Processing file: NewStatement.pdf
2025-04-03 12:04:35 - WARNING - Arctaris rename_statements.py:359 - process_pdf - Limited text extracted from newstatement.pdf, attempting filename-based detection
2025-04-03 12:04:35 - INFO - Arctaris rename_statements.py:389 - process_pdf - Using filename-based detection: Classified as Berkshire
2025-04-03 12:04:35 - INFO - Arctaris rename_statements.py:2199 - main - Extracted information: <__main__.StatementInfo object at 0x0000017B6C2C77D0>
2025-04-03 12:04:35 - WARNING - Arctaris rename_statements.py:359 - process_pdf - Limited text extracted from newstatement.pdf, attempting filename-based detection
2025-04-03 12:04:35 - INFO - Arctaris rename_statements.py:389 - process_pdf - Using filename-based detection: Classified as Berkshire
2025-04-03 12:04:35 - INFO - Arctaris rename_statements.py:2212 - main - Would rename to: Berkshire\2025-04\1396-ARCTARIS OPPORTUNITY ZONE FUND 2019 LLC-20250403.pdf
2025-04-03 12:04:35 - INFO - Arctaris rename_statements.py:2192 - main - [33/110] Processing file: Online Statements_2025-02-28 (1).pdf
2025-04-03 12:04:35 - INFO - Arctaris rename_statements.py:171 - process_pdf - Processing Online Statements file as Cambridge: Online Statements_2025-02-28 (1).pdf
2025-04-03 12:04:35 - INFO - Arctaris rename_statements.py:2199 - main - Extracted information: <__main__.StatementInfo object at 0x0000017B6C2F3E90>
2025-04-03 12:04:35 - INFO - Arctaris rename_statements.py:171 - process_pdf - Processing Online Statements file as Cambridge: Online Statements_2025-02-28 (1).pdf
2025-04-03 12:04:35 - INFO - Arctaris rename_statements.py:2212 - main - Would rename to: Cambridge\2025-02\ARCTARIS IMPACT INVESTORS, LLC 3346 Cambridge Savings February 2025.pdf
2025-04-03 12:04:35 - INFO - Arctaris rename_statements.py:2192 - main - [34/110] Processing file: Online Statements_2025-02-28 (10).pdf
2025-04-03 12:04:35 - INFO - Arctaris rename_statements.py:171 - process_pdf - Processing Online Statements file as Cambridge: Online Statements_2025-02-28 (10).pdf
2025-04-03 12:04:35 - INFO - Arctaris rename_statements.py:2199 - main - Extracted information: <__main__.StatementInfo object at 0x0000017B6C2C77A0>
2025-04-03 12:04:35 - INFO - Arctaris rename_statements.py:171 - process_pdf - Processing Online Statements file as Cambridge: Online Statements_2025-02-28 (10).pdf
2025-04-03 12:04:35 - INFO - Arctaris rename_statements.py:2212 - main - Would rename to: Cambridge\2025-02\WEST COAST COMMERCIAL DEVELOPMENT LLC 3495 Cambridge Savings February 2025.pdf
2025-04-03 12:04:35 - INFO - Arctaris rename_statements.py:2192 - main - [35/110] Processing file: Online Statements_2025-02-28 (11).pdf
2025-04-03 12:04:35 - INFO - Arctaris rename_statements.py:171 - process_pdf - Processing Online Statements file as Cambridge: Online Statements_2025-02-28 (11).pdf
2025-04-03 12:04:35 - INFO - Arctaris rename_statements.py:2199 - main - Extracted information: <__main__.StatementInfo object at 0x0000017B6C223BC0>
2025-04-03 12:04:35 - INFO - Arctaris rename_statements.py:171 - process_pdf - Processing Online Statements file as Cambridge: Online Statements_2025-02-28 (11).pdf
2025-04-03 12:04:35 - INFO - Arctaris rename_statements.py:2212 - main - Would rename to: Cambridge\2025-02\EAST COAST INDUSTRIAL, LLC 3502 Cambridge Savings February 2025.pdf
2025-04-03 12:04:35 - INFO - Arctaris rename_statements.py:2192 - main - [36/110] Processing file: Online Statements_2025-02-28 (12).pdf
2025-04-03 12:04:35 - INFO - Arctaris rename_statements.py:171 - process_pdf - Processing Online Statements file as Cambridge: Online Statements_2025-02-28 (12).pdf
2025-04-03 12:04:35 - INFO - Arctaris rename_statements.py:2199 - main - Extracted information: <__main__.StatementInfo object at 0x0000017B6C223A40>
2025-04-03 12:04:35 - INFO - Arctaris rename_statements.py:171 - process_pdf - Processing Online Statements file as Cambridge: Online Statements_2025-02-28 (12).pdf
2025-04-03 12:04:35 - INFO - Arctaris rename_statements.py:2212 - main - Would rename to: Cambridge\2025-02\EAST COAST INDUSTRIAL, LLC 3510 Cambridge Savings February 2025.pdf
2025-04-03 12:04:35 - INFO - Arctaris rename_statements.py:2192 - main - [37/110] Processing file: Online Statements_2025-02-28 (13).pdf
2025-04-03 12:04:35 - INFO - Arctaris rename_statements.py:171 - process_pdf - Processing Online Statements file as Cambridge: Online Statements_2025-02-28 (13).pdf
2025-04-03 12:04:35 - INFO - Arctaris rename_statements.py:2199 - main - Extracted information: <__main__.StatementInfo object at 0x0000017B6C223CE0>
2025-04-03 12:04:35 - INFO - Arctaris rename_statements.py:171 - process_pdf - Processing Online Statements file as Cambridge: Online Statements_2025-02-28 (13).pdf
2025-04-03 12:04:35 - INFO - Arctaris rename_statements.py:2212 - main - Would rename to: Cambridge\2025-02\ARCTARIS OPPORTUNITY ZONE FUND 2024,LLC 3528 Cambridge Savings February 2025.pdf
2025-04-03 12:04:35 - INFO - Arctaris rename_statements.py:2192 - main - [38/110] Processing file: Online Statements_2025-02-28 (2).pdf
2025-04-03 12:04:35 - INFO - Arctaris rename_statements.py:171 - process_pdf - Processing Online Statements file as Cambridge: Online Statements_2025-02-28 (2).pdf
2025-04-03 12:04:35 - INFO - Arctaris rename_statements.py:2199 - main - Extracted information: <__main__.StatementInfo object at 0x0000017B6C223A10>
2025-04-03 12:04:35 - INFO - Arctaris rename_statements.py:171 - process_pdf - Processing Online Statements file as Cambridge: Online Statements_2025-02-28 (2).pdf
2025-04-03 12:04:35 - INFO - Arctaris rename_statements.py:2212 - main - Would rename to: Cambridge\2025-02\ARCTARIS IMPACT FUND, LP 3354 Cambridge Savings February 2025.pdf
2025-04-03 12:04:35 - INFO - Arctaris rename_statements.py:2192 - main - [39/110] Processing file: Online Statements_2025-02-28 (3).pdf
2025-04-03 12:04:35 - INFO - Arctaris rename_statements.py:171 - process_pdf - Processing Online Statements file as Cambridge: Online Statements_2025-02-28 (3).pdf
2025-04-03 12:04:35 - INFO - Arctaris rename_statements.py:2199 - main - Extracted information: <__main__.StatementInfo object at 0x0000017B6C2239E0>
2025-04-03 12:04:35 - INFO - Arctaris rename_statements.py:171 - process_pdf - Processing Online Statements file as Cambridge: Online Statements_2025-02-28 (3).pdf
2025-04-03 12:04:35 - INFO - Arctaris rename_statements.py:2212 - main - Would rename to: Cambridge\2025-02\ARCTARIS IMPACT FUND, LP 3362 Cambridge Savings February 2025.pdf
2025-04-03 12:04:35 - INFO - Arctaris rename_statements.py:2192 - main - [40/110] Processing file: Online Statements_2025-02-28 (4).pdf
2025-04-03 12:04:35 - INFO - Arctaris rename_statements.py:171 - process_pdf - Processing Online Statements file as Cambridge: Online Statements_2025-02-28 (4).pdf
2025-04-03 12:04:35 - INFO - Arctaris rename_statements.py:2199 - main - Extracted information: <__main__.StatementInfo object at 0x0000017B6C2227E0>
2025-04-03 12:04:35 - INFO - Arctaris rename_statements.py:171 - process_pdf - Processing Online Statements file as Cambridge: Online Statements_2025-02-28 (4).pdf
2025-04-03 12:04:35 - INFO - Arctaris rename_statements.py:2212 - main - Would rename to: Cambridge\2025-02\ARCTARIS OPPORTUNITY ZONE 2022, LLC 3396 Cambridge Savings February 2025.pdf
2025-04-03 12:04:35 - INFO - Arctaris rename_statements.py:2187 - main - 
Processing batch 3 (41-60 of 110)
2025-04-03 12:04:35 - INFO - Arctaris rename_statements.py:2192 - main - [41/110] Processing file: Online Statements_2025-02-28 (5).pdf
2025-04-03 12:04:35 - INFO - Arctaris rename_statements.py:171 - process_pdf - Processing Online Statements file as Cambridge: Online Statements_2025-02-28 (5).pdf
2025-04-03 12:04:35 - INFO - Arctaris rename_statements.py:2199 - main - Extracted information: <__main__.StatementInfo object at 0x0000017B6C223980>
2025-04-03 12:04:35 - INFO - Arctaris rename_statements.py:171 - process_pdf - Processing Online Statements file as Cambridge: Online Statements_2025-02-28 (5).pdf
2025-04-03 12:04:35 - INFO - Arctaris rename_statements.py:2212 - main - Would rename to: Cambridge\2025-02\ARCTARIS OPPORTUNITY ZONE 2022, LLC 3403 Cambridge Savings February 2025.pdf
2025-04-03 12:04:35 - INFO - Arctaris rename_statements.py:2192 - main - [42/110] Processing file: Online Statements_2025-02-28 (6).pdf
2025-04-03 12:04:35 - INFO - Arctaris rename_statements.py:171 - process_pdf - Processing Online Statements file as Cambridge: Online Statements_2025-02-28 (6).pdf
2025-04-03 12:04:35 - INFO - Arctaris rename_statements.py:2199 - main - Extracted information: <__main__.StatementInfo object at 0x0000017B6C223950>
2025-04-03 12:04:35 - INFO - Arctaris rename_statements.py:171 - process_pdf - Processing Online Statements file as Cambridge: Online Statements_2025-02-28 (6).pdf
2025-04-03 12:04:35 - INFO - Arctaris rename_statements.py:2212 - main - Would rename to: Cambridge\2025-02\OHIO INCLUSIVE HOUSING, LLC 3445 Cambridge Savings February 2025.pdf
2025-04-03 12:04:35 - INFO - Arctaris rename_statements.py:2192 - main - [43/110] Processing file: Online Statements_2025-02-28 (7).pdf
2025-04-03 12:04:35 - INFO - Arctaris rename_statements.py:171 - process_pdf - Processing Online Statements file as Cambridge: Online Statements_2025-02-28 (7).pdf
2025-04-03 12:04:35 - INFO - Arctaris rename_statements.py:2199 - main - Extracted information: <__main__.StatementInfo object at 0x0000017B6C220D10>
2025-04-03 12:04:35 - INFO - Arctaris rename_statements.py:171 - process_pdf - Processing Online Statements file as Cambridge: Online Statements_2025-02-28 (7).pdf
2025-04-03 12:04:35 - INFO - Arctaris rename_statements.py:2212 - main - Would rename to: Cambridge\2025-02\OHIO INCLUSIVE HOUSING, LLC 3453 Cambridge Savings February 2025.pdf
2025-04-03 12:04:35 - INFO - Arctaris rename_statements.py:2192 - main - [44/110] Processing file: Online Statements_2025-02-28 (8).pdf
2025-04-03 12:04:35 - INFO - Arctaris rename_statements.py:171 - process_pdf - Processing Online Statements file as Cambridge: Online Statements_2025-02-28 (8).pdf
2025-04-03 12:04:35 - INFO - Arctaris rename_statements.py:2199 - main - Extracted information: <__main__.StatementInfo object at 0x0000017B6C2213D0>
2025-04-03 12:04:35 - INFO - Arctaris rename_statements.py:171 - process_pdf - Processing Online Statements file as Cambridge: Online Statements_2025-02-28 (8).pdf
2025-04-03 12:04:35 - INFO - Arctaris rename_statements.py:2212 - main - Would rename to: Cambridge\2025-02\MIDWEST COMMERCIAL DEVELOPMENT, LLC 3479 Cambridge Savings February 2025.pdf
2025-04-03 12:04:35 - INFO - Arctaris rename_statements.py:2192 - main - [45/110] Processing file: Online Statements_2025-02-28 (9).pdf
2025-04-03 12:04:35 - INFO - Arctaris rename_statements.py:171 - process_pdf - Processing Online Statements file as Cambridge: Online Statements_2025-02-28 (9).pdf
2025-04-03 12:04:35 - INFO - Arctaris rename_statements.py:2199 - main - Extracted information: <__main__.StatementInfo object at 0x0000017B6C222780>
2025-04-03 12:04:35 - INFO - Arctaris rename_statements.py:171 - process_pdf - Processing Online Statements file as Cambridge: Online Statements_2025-02-28 (9).pdf
2025-04-03 12:04:35 - INFO - Arctaris rename_statements.py:2212 - main - Would rename to: Cambridge\2025-02\WEST COAST COMMERCIAL DEVELOPMENT LLC 3487 Cambridge Savings February 2025.pdf
2025-04-03 12:04:35 - INFO - Arctaris rename_statements.py:2192 - main - [46/110] Processing file: Online Statements_2025-02-28.pdf
2025-04-03 12:04:35 - INFO - Arctaris rename_statements.py:171 - process_pdf - Processing Online Statements file as Cambridge: Online Statements_2025-02-28.pdf
2025-04-03 12:04:35 - INFO - Arctaris rename_statements.py:2199 - main - Extracted information: <__main__.StatementInfo object at 0x0000017B6C222570>
2025-04-03 12:04:35 - INFO - Arctaris rename_statements.py:171 - process_pdf - Processing Online Statements file as Cambridge: Online Statements_2025-02-28.pdf
2025-04-03 12:04:35 - INFO - Arctaris rename_statements.py:2212 - main - Would rename to: Cambridge\2025-02\ARCTARIS IMPACT INVESTORS, LLC 3346 Cambridge Savings February 2025.pdf
2025-04-03 12:04:35 - INFO - Arctaris rename_statements.py:2192 - main - [47/110] Processing file: Online Statements_2025-03-31 (1).pdf
2025-04-03 12:04:35 - INFO - Arctaris rename_statements.py:171 - process_pdf - Processing Online Statements file as Cambridge: Online Statements_2025-03-31 (1).pdf
2025-04-03 12:04:35 - INFO - Arctaris rename_statements.py:2199 - main - Extracted information: <__main__.StatementInfo object at 0x0000017B6C223F20>
2025-04-03 12:04:35 - INFO - Arctaris rename_statements.py:171 - process_pdf - Processing Online Statements file as Cambridge: Online Statements_2025-03-31 (1).pdf
2025-04-03 12:04:35 - INFO - Arctaris rename_statements.py:2212 - main - Would rename to: Cambridge\2025-03\ARCTARIS IMPACT INVESTORS, LLC 3346 Cambridge Savings March 2025.pdf
2025-04-03 12:04:35 - INFO - Arctaris rename_statements.py:2192 - main - [48/110] Processing file: Online Statements_2025-03-31 (10).pdf
2025-04-03 12:04:35 - INFO - Arctaris rename_statements.py:171 - process_pdf - Processing Online Statements file as Cambridge: Online Statements_2025-03-31 (10).pdf
2025-04-03 12:04:35 - INFO - Arctaris rename_statements.py:2199 - main - Extracted information: <__main__.StatementInfo object at 0x0000017B6C223560>
2025-04-03 12:04:35 - INFO - Arctaris rename_statements.py:171 - process_pdf - Processing Online Statements file as Cambridge: Online Statements_2025-03-31 (10).pdf
2025-04-03 12:04:35 - INFO - Arctaris rename_statements.py:2212 - main - Would rename to: Cambridge\2025-03\WEST COAST COMMERCIAL DEVELOPMENT LLC 3495 Cambridge Savings March 2025.pdf
2025-04-03 12:04:35 - INFO - Arctaris rename_statements.py:2192 - main - [49/110] Processing file: Online Statements_2025-03-31 (11).pdf
2025-04-03 12:04:35 - INFO - Arctaris rename_statements.py:171 - process_pdf - Processing Online Statements file as Cambridge: Online Statements_2025-03-31 (11).pdf
2025-04-03 12:04:35 - INFO - Arctaris rename_statements.py:2199 - main - Extracted information: <__main__.StatementInfo object at 0x0000017B6C223FB0>
2025-04-03 12:04:35 - INFO - Arctaris rename_statements.py:171 - process_pdf - Processing Online Statements file as Cambridge: Online Statements_2025-03-31 (11).pdf
2025-04-03 12:04:35 - INFO - Arctaris rename_statements.py:2212 - main - Would rename to: Cambridge\2025-03\EAST COAST INDUSTRIAL, LLC 3502 Cambridge Savings March 2025.pdf
2025-04-03 12:04:35 - INFO - Arctaris rename_statements.py:2192 - main - [50/110] Processing file: Online Statements_2025-03-31 (12).pdf
2025-04-03 12:04:35 - INFO - Arctaris rename_statements.py:171 - process_pdf - Processing Online Statements file as Cambridge: Online Statements_2025-03-31 (12).pdf
2025-04-03 12:04:35 - INFO - Arctaris rename_statements.py:2199 - main - Extracted information: <__main__.StatementInfo object at 0x0000017B6C223830>
2025-04-03 12:04:35 - INFO - Arctaris rename_statements.py:171 - process_pdf - Processing Online Statements file as Cambridge: Online Statements_2025-03-31 (12).pdf
2025-04-03 12:04:35 - INFO - Arctaris rename_statements.py:2212 - main - Would rename to: Cambridge\2025-03\EAST COAST INDUSTRIAL, LLC 3510 Cambridge Savings March 2025.pdf
2025-04-03 12:04:35 - INFO - Arctaris rename_statements.py:2192 - main - [51/110] Processing file: Online Statements_2025-03-31 (13).pdf
2025-04-03 12:04:35 - INFO - Arctaris rename_statements.py:171 - process_pdf - Processing Online Statements file as Cambridge: Online Statements_2025-03-31 (13).pdf
2025-04-03 12:04:35 - INFO - Arctaris rename_statements.py:2199 - main - Extracted information: <__main__.StatementInfo object at 0x0000017B6C222480>
2025-04-03 12:04:35 - INFO - Arctaris rename_statements.py:171 - process_pdf - Processing Online Statements file as Cambridge: Online Statements_2025-03-31 (13).pdf
2025-04-03 12:04:35 - INFO - Arctaris rename_statements.py:2212 - main - Would rename to: Cambridge\2025-03\ARCTARIS OPPORTUNITY ZONE FUND 2024,LLC 3528 Cambridge Savings March 2025.pdf
2025-04-03 12:04:35 - INFO - Arctaris rename_statements.py:2192 - main - [52/110] Processing file: Online Statements_2025-03-31 (2).pdf
2025-04-03 12:04:35 - INFO - Arctaris rename_statements.py:171 - process_pdf - Processing Online Statements file as Cambridge: Online Statements_2025-03-31 (2).pdf
2025-04-03 12:04:35 - INFO - Arctaris rename_statements.py:2199 - main - Extracted information: <__main__.StatementInfo object at 0x0000017B6C222CF0>
2025-04-03 12:04:35 - INFO - Arctaris rename_statements.py:171 - process_pdf - Processing Online Statements file as Cambridge: Online Statements_2025-03-31 (2).pdf
2025-04-03 12:04:35 - INFO - Arctaris rename_statements.py:2212 - main - Would rename to: Cambridge\2025-03\ARCTARIS IMPACT FUND, LP 3354 Cambridge Savings March 2025.pdf
2025-04-03 12:04:35 - INFO - Arctaris rename_statements.py:2192 - main - [53/110] Processing file: Online Statements_2025-03-31 (3).pdf
2025-04-03 12:04:35 - INFO - Arctaris rename_statements.py:171 - process_pdf - Processing Online Statements file as Cambridge: Online Statements_2025-03-31 (3).pdf
2025-04-03 12:04:35 - INFO - Arctaris rename_statements.py:2199 - main - Extracted information: <__main__.StatementInfo object at 0x0000017B6C250140>
2025-04-03 12:04:35 - INFO - Arctaris rename_statements.py:171 - process_pdf - Processing Online Statements file as Cambridge: Online Statements_2025-03-31 (3).pdf
2025-04-03 12:04:35 - INFO - Arctaris rename_statements.py:2212 - main - Would rename to: Cambridge\2025-03\ARCTARIS IMPACT FUND, LP 3362 Cambridge Savings March 2025.pdf
2025-04-03 12:04:35 - INFO - Arctaris rename_statements.py:2192 - main - [54/110] Processing file: Online Statements_2025-03-31 (4).pdf
2025-04-03 12:04:35 - INFO - Arctaris rename_statements.py:171 - process_pdf - Processing Online Statements file as Cambridge: Online Statements_2025-03-31 (4).pdf
2025-04-03 12:04:35 - INFO - Arctaris rename_statements.py:2199 - main - Extracted information: <__main__.StatementInfo object at 0x0000017B6C2502F0>
2025-04-03 12:04:35 - INFO - Arctaris rename_statements.py:171 - process_pdf - Processing Online Statements file as Cambridge: Online Statements_2025-03-31 (4).pdf
2025-04-03 12:04:35 - INFO - Arctaris rename_statements.py:2212 - main - Would rename to: Cambridge\2025-03\ARCTARIS OPPORTUNITY ZONE 2022, LLC 3396 Cambridge Savings March 2025.pdf
2025-04-03 12:04:35 - INFO - Arctaris rename_statements.py:2192 - main - [55/110] Processing file: Online Statements_2025-03-31 (5).pdf
2025-04-03 12:04:35 - INFO - Arctaris rename_statements.py:171 - process_pdf - Processing Online Statements file as Cambridge: Online Statements_2025-03-31 (5).pdf
2025-04-03 12:04:35 - INFO - Arctaris rename_statements.py:2199 - main - Extracted information: <__main__.StatementInfo object at 0x0000017B6C250410>
2025-04-03 12:04:35 - INFO - Arctaris rename_statements.py:171 - process_pdf - Processing Online Statements file as Cambridge: Online Statements_2025-03-31 (5).pdf
2025-04-03 12:04:35 - INFO - Arctaris rename_statements.py:2212 - main - Would rename to: Cambridge\2025-03\ARCTARIS OPPORTUNITY ZONE 2022, LLC 3403 Cambridge Savings March 2025.pdf
2025-04-03 12:04:35 - INFO - Arctaris rename_statements.py:2192 - main - [56/110] Processing file: Online Statements_2025-03-31 (6).pdf
2025-04-03 12:04:35 - INFO - Arctaris rename_statements.py:171 - process_pdf - Processing Online Statements file as Cambridge: Online Statements_2025-03-31 (6).pdf
2025-04-03 12:04:35 - INFO - Arctaris rename_statements.py:2199 - main - Extracted information: <__main__.StatementInfo object at 0x0000017B6C251130>
2025-04-03 12:04:35 - INFO - Arctaris rename_statements.py:171 - process_pdf - Processing Online Statements file as Cambridge: Online Statements_2025-03-31 (6).pdf
2025-04-03 12:04:35 - INFO - Arctaris rename_statements.py:2212 - main - Would rename to: Cambridge\2025-03\OHIO INCLUSIVE HOUSING, LLC 3445 Cambridge Savings March 2025.pdf
2025-04-03 12:04:35 - INFO - Arctaris rename_statements.py:2192 - main - [57/110] Processing file: Online Statements_2025-03-31 (7).pdf
2025-04-03 12:04:35 - INFO - Arctaris rename_statements.py:171 - process_pdf - Processing Online Statements file as Cambridge: Online Statements_2025-03-31 (7).pdf
2025-04-03 12:04:35 - INFO - Arctaris rename_statements.py:2199 - main - Extracted information: <__main__.StatementInfo object at 0x0000017B6C251DC0>
2025-04-03 12:04:35 - INFO - Arctaris rename_statements.py:171 - process_pdf - Processing Online Statements file as Cambridge: Online Statements_2025-03-31 (7).pdf
2025-04-03 12:04:35 - INFO - Arctaris rename_statements.py:2212 - main - Would rename to: Cambridge\2025-03\OHIO INCLUSIVE HOUSING, LLC 3453 Cambridge Savings March 2025.pdf
2025-04-03 12:04:35 - INFO - Arctaris rename_statements.py:2192 - main - [58/110] Processing file: Online Statements_2025-03-31 (8).pdf
2025-04-03 12:04:35 - INFO - Arctaris rename_statements.py:171 - process_pdf - Processing Online Statements file as Cambridge: Online Statements_2025-03-31 (8).pdf
2025-04-03 12:04:35 - INFO - Arctaris rename_statements.py:2199 - main - Extracted information: <__main__.StatementInfo object at 0x0000017B6C253E30>
2025-04-03 12:04:35 - INFO - Arctaris rename_statements.py:171 - process_pdf - Processing Online Statements file as Cambridge: Online Statements_2025-03-31 (8).pdf
2025-04-03 12:04:35 - INFO - Arctaris rename_statements.py:2212 - main - Would rename to: Cambridge\2025-03\MIDWEST COMMERCIAL DEVELOPMENT, LLC 3479 Cambridge Savings March 2025.pdf
2025-04-03 12:04:35 - INFO - Arctaris rename_statements.py:2192 - main - [59/110] Processing file: Online Statements_2025-03-31 (9).pdf
2025-04-03 12:04:35 - INFO - Arctaris rename_statements.py:171 - process_pdf - Processing Online Statements file as Cambridge: Online Statements_2025-03-31 (9).pdf
2025-04-03 12:04:35 - INFO - Arctaris rename_statements.py:2199 - main - Extracted information: <__main__.StatementInfo object at 0x0000017B6C252C30>
2025-04-03 12:04:35 - INFO - Arctaris rename_statements.py:171 - process_pdf - Processing Online Statements file as Cambridge: Online Statements_2025-03-31 (9).pdf
2025-04-03 12:04:35 - INFO - Arctaris rename_statements.py:2212 - main - Would rename to: Cambridge\2025-03\WEST COAST COMMERCIAL DEVELOPMENT LLC 3487 Cambridge Savings March 2025.pdf
2025-04-03 12:04:35 - INFO - Arctaris rename_statements.py:2192 - main - [60/110] Processing file: Online Statements_2025-03-31.pdf
2025-04-03 12:04:35 - INFO - Arctaris rename_statements.py:171 - process_pdf - Processing Online Statements file as Cambridge: Online Statements_2025-03-31.pdf
2025-04-03 12:04:35 - INFO - Arctaris rename_statements.py:2199 - main - Extracted information: <__main__.StatementInfo object at 0x0000017B6C251040>
2025-04-03 12:04:35 - INFO - Arctaris rename_statements.py:171 - process_pdf - Processing Online Statements file as Cambridge: Online Statements_2025-03-31.pdf
2025-04-03 12:04:35 - INFO - Arctaris rename_statements.py:2212 - main - Would rename to: Cambridge\2025-03\ARCTARIS IMPACT INVESTORS, LLC 3346 Cambridge Savings March 2025.pdf
2025-04-03 12:04:35 - INFO - Arctaris rename_statements.py:2187 - main - 
Processing batch 4 (61-80 of 110)
2025-04-03 12:04:35 - INFO - Arctaris rename_statements.py:2192 - main - [61/110] Processing file: statement_1092246474_2025-03-31.pdf
2025-04-03 12:04:35 - INFO - Arctaris rename_statements.py:440 - process_pdf - Successfully identified bank type: PNC
2025-04-03 12:04:35 - INFO - Arctaris rename_statements.py:2199 - main - Extracted information: <__main__.StatementInfo object at 0x0000017B6ABF0E60>
2025-04-03 12:04:35 - INFO - Arctaris rename_statements.py:440 - process_pdf - Successfully identified bank type: PNC
2025-04-03 12:04:35 - INFO - Arctaris rename_statements.py:2212 - main - Would rename to: PNC\2025-03\ARCTARIS IMPACT SUB-CDE 2 LLC statement_1092246474_2025-03-31.pdf
2025-04-03 12:04:35 - INFO - Arctaris rename_statements.py:2192 - main - [62/110] Processing file: statement_4116465916_2025-03-31.pdf
2025-04-03 12:04:35 - INFO - Arctaris rename_statements.py:440 - process_pdf - Successfully identified bank type: PNC
2025-04-03 12:04:35 - INFO - Arctaris rename_statements.py:2199 - main - Extracted information: <__main__.StatementInfo object at 0x0000017B6C2A31D0>
2025-04-03 12:04:35 - INFO - Arctaris rename_statements.py:440 - process_pdf - Successfully identified bank type: PNC
2025-04-03 12:04:35 - INFO - Arctaris rename_statements.py:2212 - main - Would rename to: PNC\2025-03\MICHIGAN INCOME PRINCIPAL PR statement_4116465916_2025-03-31.pdf
2025-04-03 12:04:35 - INFO - Arctaris rename_statements.py:2192 - main - [63/110] Processing file: statement_4116465932_2025-03-31.pdf
2025-04-03 12:04:35 - INFO - Arctaris rename_statements.py:440 - process_pdf - Successfully identified bank type: PNC
2025-04-03 12:04:35 - INFO - Arctaris rename_statements.py:2199 - main - Extracted information: <__main__.StatementInfo object at 0x0000017B6AD32750>
2025-04-03 12:04:35 - INFO - Arctaris rename_statements.py:440 - process_pdf - Successfully identified bank type: PNC
2025-04-03 12:04:35 - INFO - Arctaris rename_statements.py:2212 - main - Would rename to: PNC\2025-03\ARCTARIS MICHIGAN MANAGE statement_4116465932_2025-03-31.pdf
2025-04-03 12:04:35 - INFO - Arctaris rename_statements.py:2192 - main - [64/110] Processing file: statement_4116465959_2025-03-31.pdf
2025-04-03 12:04:35 - INFO - Arctaris rename_statements.py:440 - process_pdf - Successfully identified bank type: PNC
2025-04-03 12:04:35 - INFO - Arctaris rename_statements.py:2199 - main - Extracted information: <__main__.StatementInfo object at 0x0000017B6AD13350>
2025-04-03 12:04:35 - INFO - Arctaris rename_statements.py:440 - process_pdf - Successfully identified bank type: PNC
2025-04-03 12:04:35 - INFO - Arctaris rename_statements.py:2212 - main - Would rename to: PNC\2025-03\ARCTARIS ROYALTY VENTURES CO-I statement_4116465959_2025-03-31.pdf
2025-04-03 12:04:35 - INFO - Arctaris rename_statements.py:2192 - main - [65/110] Processing file: statement_4130261135_2025-03-31.pdf
2025-04-03 12:04:35 - INFO - Arctaris rename_statements.py:440 - process_pdf - Successfully identified bank type: PNC
2025-04-03 12:04:35 - INFO - Arctaris rename_statements.py:2199 - main - Extracted information: <__main__.StatementInfo object at 0x0000017B6A7353A0>
2025-04-03 12:04:35 - INFO - Arctaris rename_statements.py:440 - process_pdf - Successfully identified bank type: PNC
2025-04-03 12:04:35 - INFO - Arctaris rename_statements.py:2212 - main - Would rename to: PNC\2025-03\ARCTARIS IMPACT FUND statement_4130261135_2025-03-31.pdf
2025-04-03 12:04:35 - INFO - Arctaris rename_statements.py:2192 - main - [66/110] Processing file: statement_4130263798_2025-03-31.pdf
2025-04-03 12:04:35 - INFO - Arctaris rename_statements.py:440 - process_pdf - Successfully identified bank type: PNC
2025-04-03 12:04:35 - INFO - Arctaris rename_statements.py:2199 - main - Extracted information: <__main__.StatementInfo object at 0x0000017B6C222A20>
2025-04-03 12:04:35 - INFO - Arctaris rename_statements.py:440 - process_pdf - Successfully identified bank type: PNC
2025-04-03 12:04:35 - INFO - Arctaris rename_statements.py:2212 - main - Would rename to: PNC\2025-03\ARP MANAGEMENT statement_4130263798_2025-03-31.pdf
2025-04-03 12:04:35 - INFO - Arctaris rename_statements.py:2192 - main - [67/110] Processing file: statement_4130272854_2025-03-31.pdf
2025-04-03 12:04:35 - INFO - Arctaris rename_statements.py:440 - process_pdf - Successfully identified bank type: PNC
2025-04-03 12:04:35 - INFO - Arctaris rename_statements.py:2199 - main - Extracted information: <__main__.StatementInfo object at 0x0000017B6C252B40>
2025-04-03 12:04:35 - INFO - Arctaris rename_statements.py:440 - process_pdf - Successfully identified bank type: PNC
2025-04-03 12:04:35 - INFO - Arctaris rename_statements.py:2212 - main - Would rename to: PNC\2025-04\ARCTARIS OZ MAN statement_4130272854_2025-03-31.pdf
2025-04-03 12:04:35 - INFO - Arctaris rename_statements.py:2192 - main - [68/110] Processing file: statement_4130275895_2025-03-31.pdf
2025-04-03 12:04:35 - INFO - Arctaris rename_statements.py:440 - process_pdf - Successfully identified bank type: PNC
2025-04-03 12:04:35 - INFO - Arctaris rename_statements.py:2199 - main - Extracted information: <__main__.StatementInfo object at 0x0000017B6ADCB0E0>
2025-04-03 12:04:35 - INFO - Arctaris rename_statements.py:440 - process_pdf - Successfully identified bank type: PNC
2025-04-03 12:04:35 - INFO - Arctaris rename_statements.py:2212 - main - Would rename to: PNC\2025-03\ARCTARIS SADDLEBACK SKI OPERAT statement_4130275895_2025-03-31.pdf
2025-04-03 12:04:35 - INFO - Arctaris rename_statements.py:2192 - main - [69/110] Processing file: statement_4130279968_2025-03-31.pdf
2025-04-03 12:04:35 - INFO - Arctaris rename_statements.py:440 - process_pdf - Successfully identified bank type: PNC
2025-04-03 12:04:35 - INFO - Arctaris rename_statements.py:2199 - main - Extracted information: <__main__.StatementInfo object at 0x0000017B6C221640>
2025-04-03 12:04:35 - INFO - Arctaris rename_statements.py:440 - process_pdf - Successfully identified bank type: PNC
2025-04-03 12:04:35 - INFO - Arctaris rename_statements.py:2212 - main - Would rename to: PNC\2025-03\ARC-IMPACT PROGRAM ERIE LLC statement_4130279968_2025-03-31.pdf
2025-04-03 12:04:35 - INFO - Arctaris rename_statements.py:2192 - main - [70/110] Processing file: statement_4130281339_2025-03-31.pdf
2025-04-03 12:04:35 - INFO - Arctaris rename_statements.py:440 - process_pdf - Successfully identified bank type: PNC
2025-04-03 12:04:35 - INFO - Arctaris rename_statements.py:2199 - main - Extracted information: <__main__.StatementInfo object at 0x0000017B6ADCA5A0>
2025-04-03 12:04:35 - INFO - Arctaris rename_statements.py:440 - process_pdf - Successfully identified bank type: PNC
2025-04-03 12:04:35 - INFO - Arctaris rename_statements.py:2212 - main - Would rename to: PNC\2025-03\ARCTARIS BROADBAND statement_4130281339_2025-03-31.pdf
2025-04-03 12:04:35 - INFO - Arctaris rename_statements.py:2192 - main - [71/110] Processing file: statement_4130281355_2025-03-31.pdf
2025-04-03 12:04:35 - INFO - Arctaris rename_statements.py:440 - process_pdf - Successfully identified bank type: PNC
2025-04-03 12:04:35 - INFO - Arctaris rename_statements.py:2199 - main - Extracted information: <__main__.StatementInfo object at 0x0000017B6ADCBCE0>
2025-04-03 12:04:35 - INFO - Arctaris rename_statements.py:440 - process_pdf - Successfully identified bank type: PNC
2025-04-03 12:04:35 - INFO - Arctaris rename_statements.py:2212 - main - Would rename to: PNC\2025-03\ARCTARIS OZ FUND 2020 statement_4130281355_2025-03-31.pdf
2025-04-03 12:04:35 - INFO - Arctaris rename_statements.py:2192 - main - [72/110] Processing file: statement_4130283078_2025-03-31.pdf
2025-04-03 12:04:36 - INFO - Arctaris rename_statements.py:440 - process_pdf - Successfully identified bank type: PNC
2025-04-03 12:04:36 - INFO - Arctaris rename_statements.py:2199 - main - Extracted information: <__main__.StatementInfo object at 0x0000017B6C253DA0>
2025-04-03 12:04:36 - INFO - Arctaris rename_statements.py:440 - process_pdf - Successfully identified bank type: PNC
2025-04-03 12:04:36 - INFO - Arctaris rename_statements.py:2212 - main - Would rename to: PNC\2025-03\ARCTARIS IMPACT INVESTORS LLC statement_4130283078_2025-03-31.pdf
2025-04-03 12:04:36 - INFO - Arctaris rename_statements.py:2192 - main - [73/110] Processing file: statement_4130283369_2025-03-31.pdf
2025-04-03 12:04:36 - INFO - Arctaris rename_statements.py:440 - process_pdf - Successfully identified bank type: PNC
2025-04-03 12:04:36 - INFO - Arctaris rename_statements.py:2199 - main - Extracted information: <__main__.StatementInfo object at 0x0000017B6C221E80>
2025-04-03 12:04:36 - INFO - Arctaris rename_statements.py:440 - process_pdf - Successfully identified bank type: PNC
2025-04-03 12:04:36 - INFO - Arctaris rename_statements.py:2212 - main - Would rename to: PNC\2025-03\ARC-IMPACT-PROGRAM SWPA LLC statement_4130283369_2025-03-31.pdf
2025-04-03 12:04:36 - INFO - Arctaris rename_statements.py:2192 - main - [74/110] Processing file: statement_4130283633_2025-03-31.pdf
2025-04-03 12:04:36 - INFO - Arctaris rename_statements.py:440 - process_pdf - Successfully identified bank type: PNC
2025-04-03 12:04:36 - INFO - Arctaris rename_statements.py:2199 - main - Extracted information: <__main__.StatementInfo object at 0x0000017B6C2A3290>
2025-04-03 12:04:36 - INFO - Arctaris rename_statements.py:440 - process_pdf - Successfully identified bank type: PNC
2025-04-03 12:04:36 - INFO - Arctaris rename_statements.py:2212 - main - Would rename to: PNC\2025-03\ARC-IMPACT PROGRAM CUYAHOGA LLC statement_4130283633_2025-03-31.pdf
2025-04-03 12:04:36 - INFO - Arctaris rename_statements.py:2192 - main - [75/110] Processing file: statement_4130290884_2025-03-31.pdf
2025-04-03 12:04:36 - INFO - Arctaris rename_statements.py:440 - process_pdf - Successfully identified bank type: PNC
2025-04-03 12:04:36 - INFO - Arctaris rename_statements.py:2199 - main - Extracted information: <__main__.StatementInfo object at 0x0000017B6A614C20>
2025-04-03 12:04:36 - INFO - Arctaris rename_statements.py:440 - process_pdf - Successfully identified bank type: PNC
2025-04-03 12:04:36 - INFO - Arctaris rename_statements.py:2212 - main - Would rename to: PNC\2025-03\ARCTARIS INCOME FUND LP statement_4130290884_2025-03-31.pdf
2025-04-03 12:04:36 - INFO - Arctaris rename_statements.py:2192 - main - [76/110] Processing file: statement_4130293022_2025-03-31.pdf
2025-04-03 12:04:36 - INFO - Arctaris rename_statements.py:440 - process_pdf - Successfully identified bank type: PNC
2025-04-03 12:04:36 - INFO - Arctaris rename_statements.py:2199 - main - Extracted information: <__main__.StatementInfo object at 0x0000017B6A13A7E0>
2025-04-03 12:04:36 - INFO - Arctaris rename_statements.py:440 - process_pdf - Successfully identified bank type: PNC
2025-04-03 12:04:36 - INFO - Arctaris rename_statements.py:2212 - main - Would rename to: PNC\2025-03\OZ 2022 FUND statement_4130293022_2025-03-31.pdf
2025-04-03 12:04:36 - INFO - Arctaris rename_statements.py:2192 - main - [77/110] Processing file: statement_4130294324_2025-03-31.pdf
2025-04-03 12:04:36 - INFO - Arctaris rename_statements.py:440 - process_pdf - Successfully identified bank type: PNC
2025-04-03 12:04:36 - INFO - Arctaris rename_statements.py:2199 - main - Extracted information: <__main__.StatementInfo object at 0x0000017B6AC1A360>
2025-04-03 12:04:36 - INFO - Arctaris rename_statements.py:440 - process_pdf - Successfully identified bank type: PNC
2025-04-03 12:04:36 - INFO - Arctaris rename_statements.py:2212 - main - Would rename to: PNC\2025-03\ARC-IMPACT-PROGRAM BUFFALO LLC statement_4130294324_2025-03-31.pdf
2025-04-03 12:04:36 - INFO - Arctaris rename_statements.py:2192 - main - [78/110] Processing file: statement_4130294332_2025-03-31.pdf
2025-04-03 12:04:36 - INFO - Arctaris rename_statements.py:440 - process_pdf - Successfully identified bank type: PNC
2025-04-03 12:04:36 - INFO - Arctaris rename_statements.py:2199 - main - Extracted information: <__main__.StatementInfo object at 0x0000017B6C2A3890>
2025-04-03 12:04:36 - INFO - Arctaris rename_statements.py:440 - process_pdf - Successfully identified bank type: PNC
2025-04-03 12:04:36 - INFO - Arctaris rename_statements.py:2212 - main - Would rename to: PNC\2025-03\ARC-IMPACT-PROGRAM HARTFORD LL statement_4130294332_2025-03-31.pdf
2025-04-03 12:04:36 - INFO - Arctaris rename_statements.py:2192 - main - [79/110] Processing file: statement_4130294359_2025-03-31.pdf
2025-04-03 12:04:36 - INFO - Arctaris rename_statements.py:440 - process_pdf - Successfully identified bank type: PNC
2025-04-03 12:04:36 - INFO - Arctaris rename_statements.py:2199 - main - Extracted information: <__main__.StatementInfo object at 0x0000017B6C2A3E00>
2025-04-03 12:04:36 - INFO - Arctaris rename_statements.py:440 - process_pdf - Successfully identified bank type: PNC
2025-04-03 12:04:36 - INFO - Arctaris rename_statements.py:2212 - main - Would rename to: PNC\2025-04\ARC-IMPACT-PROGRAM LIMA LLC statement_4130294359_2025-03-31.pdf
2025-04-03 12:04:36 - INFO - Arctaris rename_statements.py:2192 - main - [80/110] Processing file: statement_4130294367_2025-03-31.pdf
2025-04-03 12:04:36 - INFO - Arctaris rename_statements.py:440 - process_pdf - Successfully identified bank type: PNC
2025-04-03 12:04:36 - INFO - Arctaris rename_statements.py:2199 - main - Extracted information: <__main__.StatementInfo object at 0x0000017B6AD73F50>
2025-04-03 12:04:36 - INFO - Arctaris rename_statements.py:440 - process_pdf - Successfully identified bank type: PNC
2025-04-03 12:04:36 - INFO - Arctaris rename_statements.py:2212 - main - Would rename to: PNC\2025-03\ARC-IMPACT-PROGRAM PITTSBURGH statement_4130294367_2025-03-31.pdf
2025-04-03 12:04:36 - INFO - Arctaris rename_statements.py:2187 - main - 
Processing batch 5 (81-100 of 110)
2025-04-03 12:04:36 - INFO - Arctaris rename_statements.py:2192 - main - [81/110] Processing file: statement_4130294383_2025-03-31.pdf
2025-04-03 12:04:36 - INFO - Arctaris rename_statements.py:440 - process_pdf - Successfully identified bank type: PNC
2025-04-03 12:04:36 - INFO - Arctaris rename_statements.py:2199 - main - Extracted information: <__main__.StatementInfo object at 0x0000017B6C2A13D0>
2025-04-03 12:04:36 - INFO - Arctaris rename_statements.py:440 - process_pdf - Successfully identified bank type: PNC
2025-04-03 12:04:36 - INFO - Arctaris rename_statements.py:2212 - main - Would rename to: PNC\2025-03\PHASE 1B HOLDINGS statement_4130294383_2025-03-31.pdf
2025-04-03 12:04:36 - INFO - Arctaris rename_statements.py:2192 - main - [82/110] Processing file: statement_4130294412_2025-03-31.pdf
2025-04-03 12:04:36 - INFO - Arctaris rename_statements.py:440 - process_pdf - Successfully identified bank type: PNC
2025-04-03 12:04:36 - INFO - Arctaris rename_statements.py:2199 - main - Extracted information: <__main__.StatementInfo object at 0x0000017B6AD73200>
2025-04-03 12:04:36 - INFO - Arctaris rename_statements.py:440 - process_pdf - Successfully identified bank type: PNC
2025-04-03 12:04:36 - INFO - Arctaris rename_statements.py:2212 - main - Would rename to: PNC\2025-03\ARCTARIS PRODUCT DEV IV statement_4130294412_2025-03-31.pdf
2025-04-03 12:04:36 - INFO - Arctaris rename_statements.py:2192 - main - [83/110] Processing file: statement_4130294447_2025-03-31.pdf
2025-04-03 12:04:36 - INFO - Arctaris rename_statements.py:440 - process_pdf - Successfully identified bank type: PNC
2025-04-03 12:04:36 - INFO - Arctaris rename_statements.py:2199 - main - Extracted information: <__main__.StatementInfo object at 0x0000017B6ADC9D90>
2025-04-03 12:04:36 - INFO - Arctaris rename_statements.py:440 - process_pdf - Successfully identified bank type: PNC
2025-04-03 12:04:36 - INFO - Arctaris rename_statements.py:2212 - main - Would rename to: PNC\2025-03\ARCTARIS PRODUCT DEV VI statement_4130294447_2025-03-31.pdf
2025-04-03 12:04:36 - INFO - Arctaris rename_statements.py:2192 - main - [84/110] Processing file: statement_4130294455_2025-03-31.pdf
2025-04-03 12:04:36 - INFO - Arctaris rename_statements.py:440 - process_pdf - Successfully identified bank type: PNC
2025-04-03 12:04:36 - INFO - Arctaris rename_statements.py:2199 - main - Extracted information: <__main__.StatementInfo object at 0x0000017B6C250E00>
2025-04-03 12:04:36 - INFO - Arctaris rename_statements.py:440 - process_pdf - Successfully identified bank type: PNC
2025-04-03 12:04:36 - INFO - Arctaris rename_statements.py:2212 - main - Would rename to: PNC\2025-04\ARCTARIS PRODUCT DEV VII statement_4130294455_2025-03-31.pdf
2025-04-03 12:04:36 - INFO - Arctaris rename_statements.py:2192 - main - [85/110] Processing file: statement_4130297058_2025-03-31.pdf
2025-04-03 12:04:36 - INFO - Arctaris rename_statements.py:440 - process_pdf - Successfully identified bank type: PNC
2025-04-03 12:04:36 - INFO - Arctaris rename_statements.py:2199 - main - Extracted information: <__main__.StatementInfo object at 0x0000017B6C221C40>
2025-04-03 12:04:36 - INFO - Arctaris rename_statements.py:440 - process_pdf - Successfully identified bank type: PNC
2025-04-03 12:04:36 - INFO - Arctaris rename_statements.py:2212 - main - Would rename to: PNC\2025-03\NORTHEAST REAL ESTATE statement_4130297058_2025-03-31.pdf
2025-04-03 12:04:36 - INFO - Arctaris rename_statements.py:2192 - main - [86/110] Processing file: statement_4130297779_2025-03-31.pdf
2025-04-03 12:04:36 - INFO - Arctaris rename_statements.py:440 - process_pdf - Successfully identified bank type: PNC
2025-04-03 12:04:36 - INFO - Arctaris rename_statements.py:2199 - main - Extracted information: <__main__.StatementInfo object at 0x0000017B6ABDB1A0>
2025-04-03 12:04:36 - INFO - Arctaris rename_statements.py:440 - process_pdf - Successfully identified bank type: PNC
2025-04-03 12:04:36 - INFO - Arctaris rename_statements.py:2212 - main - Would rename to: PNC\2025-03\ARCTARIS IMPACT CDC LLC statement_4130297779_2025-03-31.pdf
2025-04-03 12:04:36 - INFO - Arctaris rename_statements.py:2192 - main - [87/110] Processing file: statement_4130300931_2025-03-31.pdf
2025-04-03 12:04:36 - INFO - Arctaris rename_statements.py:440 - process_pdf - Successfully identified bank type: PNC
2025-04-03 12:04:36 - INFO - Arctaris rename_statements.py:2199 - main - Extracted information: <__main__.StatementInfo object at 0x0000017B6C252AE0>
2025-04-03 12:04:36 - INFO - Arctaris rename_statements.py:440 - process_pdf - Successfully identified bank type: PNC
2025-04-03 12:04:36 - INFO - Arctaris rename_statements.py:2212 - main - Would rename to: PNC\2025-03\ARCTARIS ROYALTY PARTNERS LLC statement_4130300931_2025-03-31.pdf
2025-04-03 12:04:36 - INFO - Arctaris rename_statements.py:2192 - main - [88/110] Processing file: statement_4130301336_2025-03-31.pdf
2025-04-03 12:04:36 - INFO - Arctaris rename_statements.py:440 - process_pdf - Successfully identified bank type: PNC
2025-04-03 12:04:36 - INFO - Arctaris rename_statements.py:2199 - main - Extracted information: <__main__.StatementInfo object at 0x0000017B6C221820>
2025-04-03 12:04:36 - INFO - Arctaris rename_statements.py:440 - process_pdf - Successfully identified bank type: PNC
2025-04-03 12:04:36 - INFO - Arctaris rename_statements.py:2212 - main - Would rename to: PNC\2025-03\DETROIT AFFORDABLE HOUSING statement_4130301336_2025-03-31.pdf
2025-04-03 12:04:36 - INFO - Arctaris rename_statements.py:2192 - main - [89/110] Processing file: statement_4130301344_2025-03-31.pdf
2025-04-03 12:04:36 - INFO - Arctaris rename_statements.py:440 - process_pdf - Successfully identified bank type: PNC
2025-04-03 12:04:36 - INFO - Arctaris rename_statements.py:2199 - main - Extracted information: <__main__.StatementInfo object at 0x0000017B6AD73740>
2025-04-03 12:04:36 - INFO - Arctaris rename_statements.py:440 - process_pdf - Successfully identified bank type: PNC
2025-04-03 12:04:36 - INFO - Arctaris rename_statements.py:2212 - main - Would rename to: PNC\2025-03\BRADDOCK FLEX statement_4130301344_2025-03-31.pdf
2025-04-03 12:04:36 - INFO - Arctaris rename_statements.py:2192 - main - [90/110] Processing file: statement_4130301694_2025-03-31.pdf
2025-04-03 12:04:36 - INFO - Arctaris rename_statements.py:440 - process_pdf - Successfully identified bank type: PNC
2025-04-03 12:04:36 - INFO - Arctaris rename_statements.py:2199 - main - Extracted information: <__main__.StatementInfo object at 0x0000017B6C251670>
2025-04-03 12:04:36 - INFO - Arctaris rename_statements.py:440 - process_pdf - Successfully identified bank type: PNC
2025-04-03 12:04:36 - INFO - Arctaris rename_statements.py:2212 - main - Would rename to: PNC\2025-03\SADDLEBACK SERVICES LLC statement_4130301694_2025-03-31.pdf
2025-04-03 12:04:36 - INFO - Arctaris rename_statements.py:2192 - main - [91/110] Processing file: statement_4130301889_2025-03-31.pdf
2025-04-03 12:04:36 - INFO - Arctaris rename_statements.py:440 - process_pdf - Successfully identified bank type: PNC
2025-04-03 12:04:36 - INFO - Arctaris rename_statements.py:2199 - main - Extracted information: <__main__.StatementInfo object at 0x0000017B6C252570>
2025-04-03 12:04:36 - INFO - Arctaris rename_statements.py:440 - process_pdf - Successfully identified bank type: PNC
2025-04-03 12:04:36 - INFO - Arctaris rename_statements.py:2212 - main - Would rename to: PNC\2025-03\NEW ENGLAND INCLUSIVE HOUSING statement_4130301889_2025-03-31.pdf
2025-04-03 12:04:36 - INFO - Arctaris rename_statements.py:2192 - main - [92/110] Processing file: statement_4130301897_2025-03-31.pdf
2025-04-03 12:04:36 - INFO - Arctaris rename_statements.py:440 - process_pdf - Successfully identified bank type: PNC
2025-04-03 12:04:36 - INFO - Arctaris rename_statements.py:2199 - main - Extracted information: <__main__.StatementInfo object at 0x0000017B6C2522D0>
2025-04-03 12:04:36 - INFO - Arctaris rename_statements.py:440 - process_pdf - Successfully identified bank type: PNC
2025-04-03 12:04:36 - INFO - Arctaris rename_statements.py:2212 - main - Would rename to: PNC\2025-03\MIDWESTERN DEVELOPMENT I statement_4130301897_2025-03-31.pdf
2025-04-03 12:04:36 - INFO - Arctaris rename_statements.py:2192 - main - [93/110] Processing file: statement_4130301918_2025-03-31.pdf
2025-04-03 12:04:36 - INFO - Arctaris rename_statements.py:440 - process_pdf - Successfully identified bank type: PNC
2025-04-03 12:04:36 - INFO - Arctaris rename_statements.py:2199 - main - Extracted information: <__main__.StatementInfo object at 0x0000017B6AD731A0>
2025-04-03 12:04:36 - INFO - Arctaris rename_statements.py:440 - process_pdf - Successfully identified bank type: PNC
2025-04-03 12:04:36 - INFO - Arctaris rename_statements.py:2212 - main - Would rename to: PNC\2025-03\MID ATLANTIC INCLUSIVE HOUSING statement_4130301918_2025-03-31.pdf
2025-04-03 12:04:36 - INFO - Arctaris rename_statements.py:2192 - main - [94/110] Processing file: statement_4130301926_2025-03-31.pdf
2025-04-03 12:04:36 - INFO - Arctaris rename_statements.py:440 - process_pdf - Successfully identified bank type: PNC
2025-04-03 12:04:36 - INFO - Arctaris rename_statements.py:2199 - main - Extracted information: <__main__.StatementInfo object at 0x0000017B6C252C60>
2025-04-03 12:04:36 - INFO - Arctaris rename_statements.py:440 - process_pdf - Successfully identified bank type: PNC
2025-04-03 12:04:36 - INFO - Arctaris rename_statements.py:2212 - main - Would rename to: PNC\2025-03\SOUTH EAST DEVELOPMENT statement_4130301926_2025-03-31.pdf
2025-04-03 12:04:36 - INFO - Arctaris rename_statements.py:2192 - main - [95/110] Processing file: statement_4130301934_2025-03-31.pdf
2025-04-03 12:04:36 - INFO - Arctaris rename_statements.py:440 - process_pdf - Successfully identified bank type: PNC
2025-04-03 12:04:36 - INFO - Arctaris rename_statements.py:2199 - main - Extracted information: <__main__.StatementInfo object at 0x0000017B6C2524E0>
2025-04-03 12:04:36 - INFO - Arctaris rename_statements.py:440 - process_pdf - Successfully identified bank type: PNC
2025-04-03 12:04:36 - INFO - Arctaris rename_statements.py:2212 - main - Would rename to: PNC\2025-03\PENN INCLUSIVE HOUSING statement_4130301934_2025-03-31.pdf
2025-04-03 12:04:36 - INFO - Arctaris rename_statements.py:2192 - main - [96/110] Processing file: statement_4130302128_2025-03-31.pdf
2025-04-03 12:04:36 - INFO - Arctaris rename_statements.py:440 - process_pdf - Successfully identified bank type: PNC
2025-04-03 12:04:36 - INFO - Arctaris rename_statements.py:2199 - main - Extracted information: <__main__.StatementInfo object at 0x0000017B6AD730B0>
2025-04-03 12:04:36 - INFO - Arctaris rename_statements.py:440 - process_pdf - Successfully identified bank type: PNC
2025-04-03 12:04:36 - INFO - Arctaris rename_statements.py:2212 - main - Would rename to: PNC\2025-03\EASTERN DEVELOPMENT HOUSING statement_4130302128_2025-03-31.pdf
2025-04-03 12:04:36 - INFO - Arctaris rename_statements.py:2192 - main - [97/110] Processing file: statement_4175623128_2025-03-31.pdf
2025-04-03 12:04:36 - INFO - Arctaris rename_statements.py:440 - process_pdf - Successfully identified bank type: PNC
2025-04-03 12:04:36 - INFO - Arctaris rename_statements.py:2199 - main - Extracted information: <__main__.StatementInfo object at 0x0000017B6C222870>
2025-04-03 12:04:36 - INFO - Arctaris rename_statements.py:440 - process_pdf - Successfully identified bank type: PNC
2025-04-03 12:04:36 - INFO - Arctaris rename_statements.py:2212 - main - Would rename to: PNC\2025-03\ARCTARIS OZ FUND 2024 statement_4175623128_2025-03-31.pdf
2025-04-03 12:04:36 - INFO - Arctaris rename_statements.py:2192 - main - [98/110] Processing file: statement_4176547892_2025-03-31.pdf
2025-04-03 12:04:36 - INFO - Arctaris rename_statements.py:440 - process_pdf - Successfully identified bank type: PNC
2025-04-03 12:04:36 - INFO - Arctaris rename_statements.py:2199 - main - Extracted information: <__main__.StatementInfo object at 0x0000017B6C251D30>
2025-04-03 12:04:36 - INFO - Arctaris rename_statements.py:440 - process_pdf - Successfully identified bank type: PNC
2025-04-03 12:04:36 - INFO - Arctaris rename_statements.py:2212 - main - Would rename to: PNC\2025-03\SSP HOLDCO LLC statement_4176547892_2025-03-31.pdf
2025-04-03 12:04:36 - INFO - Arctaris rename_statements.py:2192 - main - [99/110] Processing file: statement_4176565548_2025-03-31.pdf
2025-04-03 12:04:36 - INFO - Arctaris rename_statements.py:440 - process_pdf - Successfully identified bank type: PNC
2025-04-03 12:04:36 - INFO - Arctaris rename_statements.py:2199 - main - Extracted information: <__main__.StatementInfo object at 0x0000017B6AC5D760>
2025-04-03 12:04:36 - INFO - Arctaris rename_statements.py:440 - process_pdf - Successfully identified bank type: PNC
2025-04-03 12:04:36 - INFO - Arctaris rename_statements.py:2212 - main - Would rename to: PNC\2025-03\ARCTARIS EAST COAST DEVELOPMEN statement_4176565548_2025-03-31.pdf
2025-04-03 12:04:36 - INFO - Arctaris rename_statements.py:2192 - main - [100/110] Processing file: statement_4176641344_2025-03-31.pdf
2025-04-03 12:04:36 - INFO - Arctaris rename_statements.py:440 - process_pdf - Successfully identified bank type: PNC
2025-04-03 12:04:36 - INFO - Arctaris rename_statements.py:2199 - main - Extracted information: <__main__.StatementInfo object at 0x0000017B6C252510>
2025-04-03 12:04:36 - INFO - Arctaris rename_statements.py:440 - process_pdf - Successfully identified bank type: PNC
2025-04-03 12:04:36 - INFO - Arctaris rename_statements.py:2212 - main - Would rename to: PNC\2025-03\GREATER ERIE STRATEGIC INVESTM statement_4176641344_2025-03-31.pdf
2025-04-03 12:04:36 - INFO - Arctaris rename_statements.py:2187 - main - 
Processing batch 6 (101-110 of 110)
2025-04-03 12:04:36 - INFO - Arctaris rename_statements.py:2192 - main - [101/110] Processing file: statement_4176706259_2025-03-31.pdf
2025-04-03 12:04:36 - INFO - Arctaris rename_statements.py:440 - process_pdf - Successfully identified bank type: PNC
2025-04-03 12:04:36 - INFO - Arctaris rename_statements.py:2199 - main - Extracted information: <__main__.StatementInfo object at 0x0000017B6C2A2DE0>
2025-04-03 12:04:36 - INFO - Arctaris rename_statements.py:440 - process_pdf - Successfully identified bank type: PNC
2025-04-03 12:04:36 - INFO - Arctaris rename_statements.py:2212 - main - Would rename to: PNC\2025-03\ARCTARIS ADVISORY HOLDING LLC statement_4176706259_2025-03-31.pdf
2025-04-03 12:04:36 - INFO - Arctaris rename_statements.py:2192 - main - [102/110] Processing file: statement_4176786746_2025-03-31.pdf
2025-04-03 12:04:36 - INFO - Arctaris rename_statements.py:440 - process_pdf - Successfully identified bank type: PNC
2025-04-03 12:04:36 - INFO - Arctaris rename_statements.py:2199 - main - Extracted information: <__main__.StatementInfo object at 0x0000017B6C2A0F20>
2025-04-03 12:04:36 - INFO - Arctaris rename_statements.py:440 - process_pdf - Successfully identified bank type: PNC
2025-04-03 12:04:36 - INFO - Arctaris rename_statements.py:2212 - main - Would rename to: PNC\2025-03\ARC-IMPACT PROGRAM CT LLC statement_4176786746_2025-03-31.pdf
2025-04-03 12:04:36 - INFO - Arctaris rename_statements.py:2192 - main - [103/110] Processing file: statement_4176790542_2025-03-31.pdf
2025-04-03 12:04:36 - INFO - Arctaris rename_statements.py:440 - process_pdf - Successfully identified bank type: PNC
2025-04-03 12:04:36 - INFO - Arctaris rename_statements.py:2199 - main - Extracted information: <__main__.StatementInfo object at 0x0000017B6C252DB0>
2025-04-03 12:04:36 - INFO - Arctaris rename_statements.py:440 - process_pdf - Successfully identified bank type: PNC
2025-04-03 12:04:36 - INFO - Arctaris rename_statements.py:2212 - main - Would rename to: PNC\2025-03\ARCTARIS HOLDCO LLC statement_4176790542_2025-03-31.pdf
2025-04-03 12:04:36 - INFO - Arctaris rename_statements.py:2192 - main - [104/110] Processing file: statement_4176790577_2025-03-31.pdf
2025-04-03 12:04:36 - INFO - Arctaris rename_statements.py:440 - process_pdf - Successfully identified bank type: PNC
2025-04-03 12:04:36 - INFO - Arctaris rename_statements.py:2199 - main - Extracted information: <__main__.StatementInfo object at 0x0000017B6C2A3830>
2025-04-03 12:04:36 - INFO - Arctaris rename_statements.py:440 - process_pdf - Successfully identified bank type: PNC
2025-04-03 12:04:36 - INFO - Arctaris rename_statements.py:2212 - main - Would rename to: PNC\2025-03\TOWER PERSONAL SERVICES LLC statement_4176790577_2025-03-31.pdf
2025-04-03 12:04:36 - INFO - Arctaris rename_statements.py:2192 - main - [105/110] Processing file: statement_4176790593_2025-03-31.pdf
2025-04-03 12:04:36 - INFO - Arctaris rename_statements.py:440 - process_pdf - Successfully identified bank type: PNC
2025-04-03 12:04:36 - INFO - Arctaris rename_statements.py:2199 - main - Extracted information: <__main__.StatementInfo object at 0x0000017B6C2A0080>
2025-04-03 12:04:36 - INFO - Arctaris rename_statements.py:440 - process_pdf - Successfully identified bank type: PNC
2025-04-03 12:04:36 - INFO - Arctaris rename_statements.py:2212 - main - Would rename to: PNC\2025-03\ARCTARIS MANAGEMENT CO LLC statement_4176790593_2025-03-31.pdf
2025-04-03 12:04:36 - INFO - Arctaris rename_statements.py:2192 - main - [106/110] Processing file: statement_4179447491_2025-03-31.pdf
2025-04-03 12:04:36 - INFO - Arctaris rename_statements.py:440 - process_pdf - Successfully identified bank type: PNC
2025-04-03 12:04:36 - INFO - Arctaris rename_statements.py:2199 - main - Extracted information: <__main__.StatementInfo object at 0x0000017B6C2A0410>
2025-04-03 12:04:36 - INFO - Arctaris rename_statements.py:440 - process_pdf - Successfully identified bank type: PNC
2025-04-03 12:04:36 - INFO - Arctaris rename_statements.py:2212 - main - Would rename to: PNC\2025-03\ARCTARIS MICHIGAN PARTNERS LLC statement_4179447491_2025-03-31.pdf
2025-04-03 12:04:36 - INFO - Arctaris rename_statements.py:2192 - main - [107/110] Processing file: statement_4179559231_2025-03-31.pdf
2025-04-03 12:04:36 - INFO - Arctaris rename_statements.py:440 - process_pdf - Successfully identified bank type: PNC
2025-04-03 12:04:36 - INFO - Arctaris rename_statements.py:2199 - main - Extracted information: <__main__.StatementInfo object at 0x0000017B6ADCA300>
2025-04-03 12:04:36 - INFO - Arctaris rename_statements.py:440 - process_pdf - Successfully identified bank type: PNC
2025-04-03 12:04:36 - INFO - Arctaris rename_statements.py:2212 - main - Would rename to: PNC\2025-03\ARCTARIS REAL ESTATE MANAGEMEN statement_4179559231_2025-03-31.pdf
2025-04-03 12:04:36 - INFO - Arctaris rename_statements.py:2192 - main - [108/110] Processing file: statement_4179559338_2025-03-31.pdf
2025-04-03 12:04:36 - INFO - Arctaris rename_statements.py:440 - process_pdf - Successfully identified bank type: PNC
2025-04-03 12:04:36 - INFO - Arctaris rename_statements.py:2199 - main - Extracted information: <__main__.StatementInfo object at 0x0000017B6AD12810>
2025-04-03 12:04:36 - INFO - Arctaris rename_statements.py:440 - process_pdf - Successfully identified bank type: PNC
2025-04-03 12:04:36 - INFO - Arctaris rename_statements.py:2212 - main - Would rename to: PNC\2025-03\ARCTARIS HOUSING CO LLC statement_4179559338_2025-03-31.pdf
2025-04-03 12:04:36 - INFO - Arctaris rename_statements.py:2192 - main - [109/110] Processing file: statement_4179667988_2025-03-31.pdf
2025-04-03 12:04:36 - INFO - Arctaris rename_statements.py:440 - process_pdf - Successfully identified bank type: PNC
2025-04-03 12:04:36 - INFO - Arctaris rename_statements.py:2199 - main - Extracted information: <__main__.StatementInfo object at 0x0000017B6C2528D0>
2025-04-03 12:04:36 - INFO - Arctaris rename_statements.py:440 - process_pdf - Successfully identified bank type: PNC
2025-04-03 12:04:36 - INFO - Arctaris rename_statements.py:2212 - main - Would rename to: PNC\2025-03\ARCTARIS MIDWEST DEV II statement_4179667988_2025-03-31.pdf
2025-04-03 12:04:36 - INFO - Arctaris rename_statements.py:2192 - main - [110/110] Processing file: statement_4698117603_2025-03-31.pdf
2025-04-03 12:04:36 - INFO - Arctaris rename_statements.py:440 - process_pdf - Successfully identified bank type: PNC
2025-04-03 12:04:36 - INFO - Arctaris rename_statements.py:2199 - main - Extracted information: <__main__.StatementInfo object at 0x0000017B6C2A00B0>
2025-04-03 12:04:36 - INFO - Arctaris rename_statements.py:440 - process_pdf - Successfully identified bank type: PNC
2025-04-03 12:04:36 - INFO - Arctaris rename_statements.py:2212 - main - Would rename to: PNC\2025-03\ARCTARIS OZ FUND 2019 statement_4698117603_2025-03-31.pdf
2025-04-03 12:04:36 - INFO - Arctaris rename_statements.py:2268 - main - 
Dry run completed in 2.46 seconds.
2025-04-03 12:04:36 - INFO - Arctaris rename_statements.py:2272 - main - Preview checklist saved to: checklists\preview_checklist_20250403_120436.csv
2025-04-03 12:04:36 - INFO - Arctaris rename_statements.py:2276 - main - 110 files would be processed.
