2025-04-02 15:47:06 - INFO - Arctaris rename_statements.py:1347 - setup_logging - Logging initialized at level INFO
2025-04-02 15:47:06 - INFO - Arctaris rename_statements.py:1348 - setup_logging - Log file: C:\Users\Christian\OneDrive - Arctaris Michigan Partners, LLC\Desktop\Bank Automation\Codes\Bank Statements\logs\pdf_processor_20250402_154706.log
2025-04-02 15:47:06 - INFO - Arctaris rename_statements.py:1413 - main - Starting PDF rename script (version 2.0)
2025-04-02 15:47:06 - INFO - Arctaris rename_statements.py:1414 - main - Input folder: C:\Users\Christian\OneDrive - Arctaris Michigan Partners, LLC\Desktop\Bank Automation\input_statements
2025-04-02 15:47:06 - INFO - Arctaris rename_statements.py:1415 - main - Output folder: C:\Users\Christian\OneDrive - Arctaris Michigan Partners, LLC\Desktop\Bank Automation\processed_statements
2025-04-02 15:47:06 - INFO - Arctaris rename_statements.py:1433 - main - Found 4 repaired files that will be skipped
2025-04-02 15:47:06 - INFO - Arctaris rename_statements.py:1448 - main - Found 110 PDF file(s) to process
2025-04-02 15:47:07 - INFO - Arctaris rename_statements.py:1083 - find_duplicate_files - Duplicate group - Original: dxweb (26).pdf, Duplicates: dxweb (27).pdf
2025-04-02 15:47:07 - INFO - Arctaris rename_statements.py:1083 - find_duplicate_files - Duplicate group - Original: dxweb (32).pdf, Duplicates: dxweb (33).pdf
2025-04-02 15:47:07 - WARNING - Arctaris rename_statements.py:1456 - main - Found 2 groups of duplicate files:
2025-04-02 15:47:07 - WARNING - Arctaris rename_statements.py:1458 - main -   Duplicate group (2 files):
2025-04-02 15:47:07 - WARNING - Arctaris rename_statements.py:1461 - main -     - dxweb (26).pdf
2025-04-02 15:47:07 - WARNING - Arctaris rename_statements.py:1461 - main -     - dxweb (27).pdf
2025-04-02 15:47:07 - INFO - Arctaris rename_statements.py:1466 - main -   Original: dxweb (26).pdf, Duplicates: dxweb (27).pdf
2025-04-02 15:47:07 - WARNING - Arctaris rename_statements.py:1458 - main -   Duplicate group (2 files):
2025-04-02 15:47:07 - WARNING - Arctaris rename_statements.py:1461 - main -     - dxweb (32).pdf
2025-04-02 15:47:07 - WARNING - Arctaris rename_statements.py:1461 - main -     - dxweb (33).pdf
2025-04-02 15:47:07 - INFO - Arctaris rename_statements.py:1466 - main -   Original: dxweb (32).pdf, Duplicates: dxweb (33).pdf
2025-04-02 15:47:07 - INFO - Arctaris rename_statements.py:1485 - main - 
=== PREVIEW MODE ===
2025-04-02 15:47:07 - INFO - Arctaris rename_statements.py:1493 - main - Verifying PDF files...
2025-04-02 15:47:07 - WARNING - Arctaris rename_statements.py:1504 - main - File verification failed for NewStatement (1).pdf: Could not extract text (possible scan/image PDF)
2025-04-02 15:47:07 - WARNING - Arctaris rename_statements.py:1504 - main - File verification failed for NewStatement (2).pdf: Could not extract text (possible scan/image PDF)
2025-04-02 15:47:07 - WARNING - Arctaris rename_statements.py:1504 - main - File verification failed for NewStatement (3).pdf: Could not extract text (possible scan/image PDF)
2025-04-02 15:47:07 - WARNING - Arctaris rename_statements.py:1504 - main - File verification failed for NewStatement.pdf: Could not extract text (possible scan/image PDF)
2025-04-02 15:47:07 - WARNING - Arctaris rename_statements.py:1508 - main - 4 files failed verification
2025-04-02 15:47:07 - INFO - Arctaris rename_statements.py:1516 - main - Attempting to repair NewStatement (1).pdf
2025-04-02 15:47:07 - INFO - Arctaris rename_statements.py:1521 - main - Successfully repaired NewStatement (1).pdf
2025-04-02 15:47:07 - INFO - Arctaris rename_statements.py:1516 - main - Attempting to repair NewStatement (2).pdf
2025-04-02 15:47:07 - INFO - Arctaris rename_statements.py:1521 - main - Successfully repaired NewStatement (2).pdf
2025-04-02 15:47:07 - INFO - Arctaris rename_statements.py:1516 - main - Attempting to repair NewStatement (3).pdf
2025-04-02 15:47:07 - INFO - Arctaris rename_statements.py:1521 - main - Successfully repaired NewStatement (3).pdf
2025-04-02 15:47:07 - INFO - Arctaris rename_statements.py:1516 - main - Attempting to repair NewStatement.pdf
2025-04-02 15:47:07 - INFO - Arctaris rename_statements.py:1521 - main - Successfully repaired NewStatement.pdf
2025-04-02 15:47:07 - INFO - Arctaris rename_statements.py:1526 - main - Added repaired file NewStatement (1).pdf to processing queue
2025-04-02 15:47:07 - INFO - Arctaris rename_statements.py:1526 - main - Added repaired file NewStatement (2).pdf to processing queue
2025-04-02 15:47:07 - INFO - Arctaris rename_statements.py:1526 - main - Added repaired file NewStatement (3).pdf to processing queue
2025-04-02 15:47:07 - INFO - Arctaris rename_statements.py:1526 - main - Added repaired file NewStatement.pdf to processing queue
2025-04-02 15:47:07 - INFO - Arctaris rename_statements.py:1530 - main - 110 files verified and ready for processing
2025-04-02 15:47:07 - INFO - Arctaris rename_statements.py:1539 - main - 
Processing batch 1 (1-20 of 110)
2025-04-02 15:47:07 - INFO - Arctaris rename_statements.py:1544 - main - [1/110] Processing file: dxweb (10).pdf
2025-04-02 15:47:07 - INFO - Arctaris rename_statements.py:202 - process_pdf - Processing dxweb file as BankUnited: dxweb (10).pdf
2025-04-02 15:47:07 - INFO - Arctaris rename_statements.py:1551 - main - Extracted information: <__main__.StatementInfo object at 0x000001F23348A2A0>
2025-04-02 15:47:07 - INFO - Arctaris rename_statements.py:202 - process_pdf - Processing dxweb file as BankUnited: dxweb (10).pdf
2025-04-02 15:47:07 - INFO - Arctaris rename_statements.py:1564 - main - Would rename to: BankUnited\2025-04\BankUnited_Arctaris-10_20250402.pdf
2025-04-02 15:47:07 - INFO - Arctaris rename_statements.py:1544 - main - [2/110] Processing file: dxweb (11).pdf
2025-04-02 15:47:07 - INFO - Arctaris rename_statements.py:202 - process_pdf - Processing dxweb file as BankUnited: dxweb (11).pdf
2025-04-02 15:47:07 - INFO - Arctaris rename_statements.py:1551 - main - Extracted information: <__main__.StatementInfo object at 0x000001F2334CB6B0>
2025-04-02 15:47:07 - INFO - Arctaris rename_statements.py:202 - process_pdf - Processing dxweb file as BankUnited: dxweb (11).pdf
2025-04-02 15:47:07 - INFO - Arctaris rename_statements.py:1564 - main - Would rename to: BankUnited\2025-04\BankUnited_Arctaris-11_20250402.pdf
2025-04-02 15:47:07 - INFO - Arctaris rename_statements.py:1544 - main - [3/110] Processing file: dxweb (12).pdf
2025-04-02 15:47:07 - INFO - Arctaris rename_statements.py:202 - process_pdf - Processing dxweb file as BankUnited: dxweb (12).pdf
2025-04-02 15:47:07 - INFO - Arctaris rename_statements.py:1551 - main - Extracted information: <__main__.StatementInfo object at 0x000001F2334CA8D0>
2025-04-02 15:47:07 - INFO - Arctaris rename_statements.py:202 - process_pdf - Processing dxweb file as BankUnited: dxweb (12).pdf
2025-04-02 15:47:07 - INFO - Arctaris rename_statements.py:1564 - main - Would rename to: BankUnited\2025-04\BankUnited_Arctaris-12_20250402.pdf
2025-04-02 15:47:07 - INFO - Arctaris rename_statements.py:1544 - main - [4/110] Processing file: dxweb (13).pdf
2025-04-02 15:47:07 - INFO - Arctaris rename_statements.py:202 - process_pdf - Processing dxweb file as BankUnited: dxweb (13).pdf
2025-04-02 15:47:07 - INFO - Arctaris rename_statements.py:1551 - main - Extracted information: <__main__.StatementInfo object at 0x000001F2334C8110>
2025-04-02 15:47:07 - INFO - Arctaris rename_statements.py:202 - process_pdf - Processing dxweb file as BankUnited: dxweb (13).pdf
2025-04-02 15:47:07 - INFO - Arctaris rename_statements.py:1564 - main - Would rename to: BankUnited\2025-04\BankUnited_Arctaris-13_20250402.pdf
2025-04-02 15:47:07 - INFO - Arctaris rename_statements.py:1544 - main - [5/110] Processing file: dxweb (14).pdf
2025-04-02 15:47:07 - INFO - Arctaris rename_statements.py:202 - process_pdf - Processing dxweb file as BankUnited: dxweb (14).pdf
2025-04-02 15:47:07 - INFO - Arctaris rename_statements.py:1551 - main - Extracted information: <__main__.StatementInfo object at 0x000001F2334C9F70>
2025-04-02 15:47:07 - INFO - Arctaris rename_statements.py:202 - process_pdf - Processing dxweb file as BankUnited: dxweb (14).pdf
2025-04-02 15:47:07 - INFO - Arctaris rename_statements.py:1564 - main - Would rename to: BankUnited\2025-04\BankUnited_Arctaris-14_20250402.pdf
2025-04-02 15:47:07 - INFO - Arctaris rename_statements.py:1544 - main - [6/110] Processing file: dxweb (15).pdf
2025-04-02 15:47:07 - INFO - Arctaris rename_statements.py:202 - process_pdf - Processing dxweb file as BankUnited: dxweb (15).pdf
2025-04-02 15:47:07 - INFO - Arctaris rename_statements.py:1551 - main - Extracted information: <__main__.StatementInfo object at 0x000001F2334CA8A0>
2025-04-02 15:47:07 - INFO - Arctaris rename_statements.py:202 - process_pdf - Processing dxweb file as BankUnited: dxweb (15).pdf
2025-04-02 15:47:07 - INFO - Arctaris rename_statements.py:1564 - main - Would rename to: BankUnited\2025-04\BankUnited_Arctaris-15_20250402.pdf
2025-04-02 15:47:07 - INFO - Arctaris rename_statements.py:1544 - main - [7/110] Processing file: dxweb (16).pdf
2025-04-02 15:47:07 - INFO - Arctaris rename_statements.py:202 - process_pdf - Processing dxweb file as BankUnited: dxweb (16).pdf
2025-04-02 15:47:07 - INFO - Arctaris rename_statements.py:1551 - main - Extracted information: <__main__.StatementInfo object at 0x000001F2334C8AA0>
2025-04-02 15:47:07 - INFO - Arctaris rename_statements.py:202 - process_pdf - Processing dxweb file as BankUnited: dxweb (16).pdf
2025-04-02 15:47:07 - INFO - Arctaris rename_statements.py:1564 - main - Would rename to: BankUnited\2025-04\BankUnited_Arctaris-16_20250402.pdf
2025-04-02 15:47:07 - INFO - Arctaris rename_statements.py:1544 - main - [8/110] Processing file: dxweb (17).pdf
2025-04-02 15:47:07 - INFO - Arctaris rename_statements.py:202 - process_pdf - Processing dxweb file as BankUnited: dxweb (17).pdf
2025-04-02 15:47:07 - INFO - Arctaris rename_statements.py:1551 - main - Extracted information: <__main__.StatementInfo object at 0x000001F2334C8B30>
2025-04-02 15:47:07 - INFO - Arctaris rename_statements.py:202 - process_pdf - Processing dxweb file as BankUnited: dxweb (17).pdf
2025-04-02 15:47:07 - INFO - Arctaris rename_statements.py:1564 - main - Would rename to: BankUnited\2025-04\BankUnited_Arctaris-17_20250402.pdf
2025-04-02 15:47:07 - INFO - Arctaris rename_statements.py:1544 - main - [9/110] Processing file: dxweb (18).pdf
2025-04-02 15:47:07 - INFO - Arctaris rename_statements.py:202 - process_pdf - Processing dxweb file as BankUnited: dxweb (18).pdf
2025-04-02 15:47:07 - INFO - Arctaris rename_statements.py:1551 - main - Extracted information: <__main__.StatementInfo object at 0x000001F2334C8950>
2025-04-02 15:47:07 - INFO - Arctaris rename_statements.py:202 - process_pdf - Processing dxweb file as BankUnited: dxweb (18).pdf
2025-04-02 15:47:07 - INFO - Arctaris rename_statements.py:1564 - main - Would rename to: BankUnited\2025-04\BankUnited_Arctaris-18_20250402.pdf
2025-04-02 15:47:07 - INFO - Arctaris rename_statements.py:1544 - main - [10/110] Processing file: dxweb (19).pdf
2025-04-02 15:47:07 - INFO - Arctaris rename_statements.py:202 - process_pdf - Processing dxweb file as BankUnited: dxweb (19).pdf
2025-04-02 15:47:07 - INFO - Arctaris rename_statements.py:1551 - main - Extracted information: <__main__.StatementInfo object at 0x000001F2334CA090>
2025-04-02 15:47:07 - INFO - Arctaris rename_statements.py:202 - process_pdf - Processing dxweb file as BankUnited: dxweb (19).pdf
2025-04-02 15:47:07 - INFO - Arctaris rename_statements.py:1564 - main - Would rename to: BankUnited\2025-04\BankUnited_Arctaris-19_20250402.pdf
2025-04-02 15:47:07 - INFO - Arctaris rename_statements.py:1544 - main - [11/110] Processing file: dxweb (20).pdf
2025-04-02 15:47:07 - INFO - Arctaris rename_statements.py:202 - process_pdf - Processing dxweb file as BankUnited: dxweb (20).pdf
2025-04-02 15:47:07 - INFO - Arctaris rename_statements.py:1551 - main - Extracted information: <__main__.StatementInfo object at 0x000001F2334C81D0>
2025-04-02 15:47:07 - INFO - Arctaris rename_statements.py:202 - process_pdf - Processing dxweb file as BankUnited: dxweb (20).pdf
2025-04-02 15:47:07 - INFO - Arctaris rename_statements.py:1564 - main - Would rename to: BankUnited\2025-04\BankUnited_Arctaris-20_20250402.pdf
2025-04-02 15:47:07 - INFO - Arctaris rename_statements.py:1544 - main - [12/110] Processing file: dxweb (21).pdf
2025-04-02 15:47:07 - INFO - Arctaris rename_statements.py:202 - process_pdf - Processing dxweb file as BankUnited: dxweb (21).pdf
2025-04-02 15:47:07 - INFO - Arctaris rename_statements.py:1551 - main - Extracted information: <__main__.StatementInfo object at 0x000001F2334C8680>
2025-04-02 15:47:07 - INFO - Arctaris rename_statements.py:202 - process_pdf - Processing dxweb file as BankUnited: dxweb (21).pdf
2025-04-02 15:47:07 - INFO - Arctaris rename_statements.py:1564 - main - Would rename to: BankUnited\2025-04\BankUnited_Arctaris-21_20250402.pdf
2025-04-02 15:47:07 - INFO - Arctaris rename_statements.py:1544 - main - [13/110] Processing file: dxweb (22).pdf
2025-04-02 15:47:07 - INFO - Arctaris rename_statements.py:202 - process_pdf - Processing dxweb file as BankUnited: dxweb (22).pdf
2025-04-02 15:47:07 - INFO - Arctaris rename_statements.py:1551 - main - Extracted information: <__main__.StatementInfo object at 0x000001F2334CA540>
2025-04-02 15:47:07 - INFO - Arctaris rename_statements.py:202 - process_pdf - Processing dxweb file as BankUnited: dxweb (22).pdf
2025-04-02 15:47:07 - INFO - Arctaris rename_statements.py:1564 - main - Would rename to: BankUnited\2025-04\BankUnited_Arctaris-22_20250402.pdf
2025-04-02 15:47:07 - INFO - Arctaris rename_statements.py:1544 - main - [14/110] Processing file: dxweb (23).pdf
2025-04-02 15:47:07 - INFO - Arctaris rename_statements.py:202 - process_pdf - Processing dxweb file as BankUnited: dxweb (23).pdf
2025-04-02 15:47:07 - INFO - Arctaris rename_statements.py:1551 - main - Extracted information: <__main__.StatementInfo object at 0x000001F2334EBE30>
2025-04-02 15:47:07 - INFO - Arctaris rename_statements.py:202 - process_pdf - Processing dxweb file as BankUnited: dxweb (23).pdf
2025-04-02 15:47:07 - INFO - Arctaris rename_statements.py:1564 - main - Would rename to: BankUnited\2025-04\BankUnited_Arctaris-23_20250402.pdf
2025-04-02 15:47:07 - INFO - Arctaris rename_statements.py:1544 - main - [15/110] Processing file: dxweb (24).pdf
2025-04-02 15:47:07 - INFO - Arctaris rename_statements.py:202 - process_pdf - Processing dxweb file as BankUnited: dxweb (24).pdf
2025-04-02 15:47:07 - INFO - Arctaris rename_statements.py:1551 - main - Extracted information: <__main__.StatementInfo object at 0x000001F2334E8C50>
2025-04-02 15:47:07 - INFO - Arctaris rename_statements.py:202 - process_pdf - Processing dxweb file as BankUnited: dxweb (24).pdf
2025-04-02 15:47:07 - INFO - Arctaris rename_statements.py:1564 - main - Would rename to: BankUnited\2025-04\BankUnited_Arctaris-24_20250402.pdf
2025-04-02 15:47:07 - INFO - Arctaris rename_statements.py:1544 - main - [16/110] Processing file: dxweb (25).pdf
2025-04-02 15:47:07 - INFO - Arctaris rename_statements.py:202 - process_pdf - Processing dxweb file as BankUnited: dxweb (25).pdf
2025-04-02 15:47:07 - INFO - Arctaris rename_statements.py:1551 - main - Extracted information: <__main__.StatementInfo object at 0x000001F2334EAA20>
2025-04-02 15:47:07 - INFO - Arctaris rename_statements.py:202 - process_pdf - Processing dxweb file as BankUnited: dxweb (25).pdf
2025-04-02 15:47:07 - INFO - Arctaris rename_statements.py:1564 - main - Would rename to: BankUnited\2025-04\BankUnited_Arctaris-25_20250402.pdf
2025-04-02 15:47:07 - INFO - Arctaris rename_statements.py:1544 - main - [17/110] Processing file: dxweb (26).pdf
2025-04-02 15:47:07 - INFO - Arctaris rename_statements.py:202 - process_pdf - Processing dxweb file as BankUnited: dxweb (26).pdf
2025-04-02 15:47:07 - INFO - Arctaris rename_statements.py:1551 - main - Extracted information: <__main__.StatementInfo object at 0x000001F2334E9A30>
2025-04-02 15:47:07 - INFO - Arctaris rename_statements.py:202 - process_pdf - Processing dxweb file as BankUnited: dxweb (26).pdf
2025-04-02 15:47:07 - INFO - Arctaris rename_statements.py:1564 - main - Would rename to: BankUnited\2025-04\BankUnited_Arctaris-26_20250402.pdf
2025-04-02 15:47:07 - INFO - Arctaris rename_statements.py:1544 - main - [18/110] Processing file: dxweb (27).pdf
2025-04-02 15:47:07 - INFO - Arctaris rename_statements.py:202 - process_pdf - Processing dxweb file as BankUnited: dxweb (27).pdf
2025-04-02 15:47:07 - INFO - Arctaris rename_statements.py:1551 - main - Extracted information: <__main__.StatementInfo object at 0x000001F2334E8110>
2025-04-02 15:47:07 - INFO - Arctaris rename_statements.py:202 - process_pdf - Processing dxweb file as BankUnited: dxweb (27).pdf
2025-04-02 15:47:07 - INFO - Arctaris rename_statements.py:1564 - main - Would rename to: BankUnited\2025-04\BankUnited_Arctaris-27_20250402.pdf
2025-04-02 15:47:07 - INFO - Arctaris rename_statements.py:1544 - main - [19/110] Processing file: dxweb (28).pdf
2025-04-02 15:47:07 - INFO - Arctaris rename_statements.py:202 - process_pdf - Processing dxweb file as BankUnited: dxweb (28).pdf
2025-04-02 15:47:07 - INFO - Arctaris rename_statements.py:1551 - main - Extracted information: <__main__.StatementInfo object at 0x000001F2334EB890>
2025-04-02 15:47:07 - INFO - Arctaris rename_statements.py:202 - process_pdf - Processing dxweb file as BankUnited: dxweb (28).pdf
2025-04-02 15:47:07 - INFO - Arctaris rename_statements.py:1564 - main - Would rename to: BankUnited\2025-04\BankUnited_Arctaris-28_20250402.pdf
2025-04-02 15:47:07 - INFO - Arctaris rename_statements.py:1544 - main - [20/110] Processing file: dxweb (29).pdf
2025-04-02 15:47:07 - INFO - Arctaris rename_statements.py:202 - process_pdf - Processing dxweb file as BankUnited: dxweb (29).pdf
2025-04-02 15:47:07 - INFO - Arctaris rename_statements.py:1551 - main - Extracted information: <__main__.StatementInfo object at 0x000001F2334E8CB0>
2025-04-02 15:47:07 - INFO - Arctaris rename_statements.py:202 - process_pdf - Processing dxweb file as BankUnited: dxweb (29).pdf
2025-04-02 15:47:07 - INFO - Arctaris rename_statements.py:1564 - main - Would rename to: BankUnited\2025-04\BankUnited_Arctaris-29_20250402.pdf
2025-04-02 15:47:07 - INFO - Arctaris rename_statements.py:1539 - main - 
Processing batch 2 (21-40 of 110)
2025-04-02 15:47:07 - INFO - Arctaris rename_statements.py:1544 - main - [21/110] Processing file: dxweb (30).pdf
2025-04-02 15:47:07 - INFO - Arctaris rename_statements.py:202 - process_pdf - Processing dxweb file as BankUnited: dxweb (30).pdf
2025-04-02 15:47:07 - INFO - Arctaris rename_statements.py:1551 - main - Extracted information: <__main__.StatementInfo object at 0x000001F2334E9A90>
2025-04-02 15:47:07 - INFO - Arctaris rename_statements.py:202 - process_pdf - Processing dxweb file as BankUnited: dxweb (30).pdf
2025-04-02 15:47:07 - INFO - Arctaris rename_statements.py:1564 - main - Would rename to: BankUnited\2025-04\BankUnited_Arctaris-30_20250402.pdf
2025-04-02 15:47:07 - INFO - Arctaris rename_statements.py:1544 - main - [22/110] Processing file: dxweb (31).pdf
2025-04-02 15:47:07 - INFO - Arctaris rename_statements.py:202 - process_pdf - Processing dxweb file as BankUnited: dxweb (31).pdf
2025-04-02 15:47:07 - INFO - Arctaris rename_statements.py:1551 - main - Extracted information: <__main__.StatementInfo object at 0x000001F2334EA8A0>
2025-04-02 15:47:07 - INFO - Arctaris rename_statements.py:202 - process_pdf - Processing dxweb file as BankUnited: dxweb (31).pdf
2025-04-02 15:47:07 - INFO - Arctaris rename_statements.py:1564 - main - Would rename to: BankUnited\2025-04\BankUnited_Arctaris-31_20250402.pdf
2025-04-02 15:47:07 - INFO - Arctaris rename_statements.py:1544 - main - [23/110] Processing file: dxweb (32).pdf
2025-04-02 15:47:07 - INFO - Arctaris rename_statements.py:202 - process_pdf - Processing dxweb file as BankUnited: dxweb (32).pdf
2025-04-02 15:47:07 - INFO - Arctaris rename_statements.py:1551 - main - Extracted information: <__main__.StatementInfo object at 0x000001F2334EBD10>
2025-04-02 15:47:07 - INFO - Arctaris rename_statements.py:202 - process_pdf - Processing dxweb file as BankUnited: dxweb (32).pdf
2025-04-02 15:47:07 - INFO - Arctaris rename_statements.py:1564 - main - Would rename to: BankUnited\2025-04\BankUnited_Arctaris-32_20250402.pdf
2025-04-02 15:47:07 - INFO - Arctaris rename_statements.py:1544 - main - [24/110] Processing file: dxweb (33).pdf
2025-04-02 15:47:07 - INFO - Arctaris rename_statements.py:202 - process_pdf - Processing dxweb file as BankUnited: dxweb (33).pdf
2025-04-02 15:47:07 - INFO - Arctaris rename_statements.py:1551 - main - Extracted information: <__main__.StatementInfo object at 0x000001F2334EB980>
2025-04-02 15:47:07 - INFO - Arctaris rename_statements.py:202 - process_pdf - Processing dxweb file as BankUnited: dxweb (33).pdf
2025-04-02 15:47:07 - INFO - Arctaris rename_statements.py:1564 - main - Would rename to: BankUnited\2025-04\BankUnited_Arctaris-33_20250402.pdf
2025-04-02 15:47:07 - INFO - Arctaris rename_statements.py:1544 - main - [25/110] Processing file: dxweb (34).pdf
2025-04-02 15:47:07 - INFO - Arctaris rename_statements.py:202 - process_pdf - Processing dxweb file as BankUnited: dxweb (34).pdf
2025-04-02 15:47:07 - INFO - Arctaris rename_statements.py:1551 - main - Extracted information: <__main__.StatementInfo object at 0x000001F2334EAC60>
2025-04-02 15:47:07 - INFO - Arctaris rename_statements.py:202 - process_pdf - Processing dxweb file as BankUnited: dxweb (34).pdf
2025-04-02 15:47:07 - INFO - Arctaris rename_statements.py:1564 - main - Would rename to: BankUnited\2025-04\BankUnited_Arctaris-34_20250402.pdf
2025-04-02 15:47:07 - INFO - Arctaris rename_statements.py:1544 - main - [26/110] Processing file: dxweb (35).pdf
2025-04-02 15:47:07 - INFO - Arctaris rename_statements.py:202 - process_pdf - Processing dxweb file as BankUnited: dxweb (35).pdf
2025-04-02 15:47:07 - INFO - Arctaris rename_statements.py:1551 - main - Extracted information: <__main__.StatementInfo object at 0x000001F2333D3950>
2025-04-02 15:47:07 - INFO - Arctaris rename_statements.py:202 - process_pdf - Processing dxweb file as BankUnited: dxweb (35).pdf
2025-04-02 15:47:07 - INFO - Arctaris rename_statements.py:1564 - main - Would rename to: BankUnited\2025-04\BankUnited_Arctaris-35_20250402.pdf
2025-04-02 15:47:07 - INFO - Arctaris rename_statements.py:1544 - main - [27/110] Processing file: dxweb (8).pdf
2025-04-02 15:47:07 - INFO - Arctaris rename_statements.py:202 - process_pdf - Processing dxweb file as BankUnited: dxweb (8).pdf
2025-04-02 15:47:07 - INFO - Arctaris rename_statements.py:1551 - main - Extracted information: <__main__.StatementInfo object at 0x000001F2334EA960>
2025-04-02 15:47:07 - INFO - Arctaris rename_statements.py:202 - process_pdf - Processing dxweb file as BankUnited: dxweb (8).pdf
2025-04-02 15:47:07 - INFO - Arctaris rename_statements.py:1564 - main - Would rename to: BankUnited\2025-04\BankUnited_Arctaris-8_20250402.pdf
2025-04-02 15:47:07 - INFO - Arctaris rename_statements.py:1544 - main - [28/110] Processing file: dxweb (9).pdf
2025-04-02 15:47:07 - INFO - Arctaris rename_statements.py:202 - process_pdf - Processing dxweb file as BankUnited: dxweb (9).pdf
2025-04-02 15:47:07 - INFO - Arctaris rename_statements.py:1551 - main - Extracted information: <__main__.StatementInfo object at 0x000001F2334EAE10>
2025-04-02 15:47:07 - INFO - Arctaris rename_statements.py:202 - process_pdf - Processing dxweb file as BankUnited: dxweb (9).pdf
2025-04-02 15:47:07 - INFO - Arctaris rename_statements.py:1564 - main - Would rename to: BankUnited\2025-04\BankUnited_Arctaris-9_20250402.pdf
2025-04-02 15:47:07 - INFO - Arctaris rename_statements.py:1544 - main - [29/110] Processing file: Online Statements_2025-02-28 (1).pdf
2025-04-02 15:47:07 - INFO - Arctaris rename_statements.py:170 - process_pdf - Processing Online Statements file as Cambridge: Online Statements_2025-02-28 (1).pdf
2025-04-02 15:47:07 - INFO - Arctaris rename_statements.py:1551 - main - Extracted information: <__main__.StatementInfo object at 0x000001F2334E9E50>
2025-04-02 15:47:07 - INFO - Arctaris rename_statements.py:170 - process_pdf - Processing Online Statements file as Cambridge: Online Statements_2025-02-28 (1).pdf
2025-04-02 15:47:07 - INFO - Arctaris rename_statements.py:1564 - main - Would rename to: Cambridge\2025-02\Cambridge_Arctaris-1_20250228.pdf
2025-04-02 15:47:07 - INFO - Arctaris rename_statements.py:1544 - main - [30/110] Processing file: Online Statements_2025-02-28 (10).pdf
2025-04-02 15:47:07 - INFO - Arctaris rename_statements.py:170 - process_pdf - Processing Online Statements file as Cambridge: Online Statements_2025-02-28 (10).pdf
2025-04-02 15:47:07 - INFO - Arctaris rename_statements.py:1551 - main - Extracted information: <__main__.StatementInfo object at 0x000001F231A23740>
2025-04-02 15:47:07 - INFO - Arctaris rename_statements.py:170 - process_pdf - Processing Online Statements file as Cambridge: Online Statements_2025-02-28 (10).pdf
2025-04-02 15:47:07 - INFO - Arctaris rename_statements.py:1564 - main - Would rename to: Cambridge\2025-02\Cambridge_Arctaris-10_20250228.pdf
2025-04-02 15:47:07 - INFO - Arctaris rename_statements.py:1544 - main - [31/110] Processing file: Online Statements_2025-02-28 (11).pdf
2025-04-02 15:47:07 - INFO - Arctaris rename_statements.py:170 - process_pdf - Processing Online Statements file as Cambridge: Online Statements_2025-02-28 (11).pdf
2025-04-02 15:47:07 - INFO - Arctaris rename_statements.py:1551 - main - Extracted information: <__main__.StatementInfo object at 0x000001F2333D3A10>
2025-04-02 15:47:07 - INFO - Arctaris rename_statements.py:170 - process_pdf - Processing Online Statements file as Cambridge: Online Statements_2025-02-28 (11).pdf
2025-04-02 15:47:07 - INFO - Arctaris rename_statements.py:1564 - main - Would rename to: Cambridge\2025-02\Cambridge_Arctaris-11_20250228.pdf
2025-04-02 15:47:07 - INFO - Arctaris rename_statements.py:1544 - main - [32/110] Processing file: Online Statements_2025-02-28 (12).pdf
2025-04-02 15:47:07 - INFO - Arctaris rename_statements.py:170 - process_pdf - Processing Online Statements file as Cambridge: Online Statements_2025-02-28 (12).pdf
2025-04-02 15:47:07 - INFO - Arctaris rename_statements.py:1551 - main - Extracted information: <__main__.StatementInfo object at 0x000001F2334884A0>
2025-04-02 15:47:07 - INFO - Arctaris rename_statements.py:170 - process_pdf - Processing Online Statements file as Cambridge: Online Statements_2025-02-28 (12).pdf
2025-04-02 15:47:07 - INFO - Arctaris rename_statements.py:1564 - main - Would rename to: Cambridge\2025-02\Cambridge_Arctaris-12_20250228.pdf
2025-04-02 15:47:07 - INFO - Arctaris rename_statements.py:1544 - main - [33/110] Processing file: Online Statements_2025-02-28 (13).pdf
2025-04-02 15:47:07 - INFO - Arctaris rename_statements.py:170 - process_pdf - Processing Online Statements file as Cambridge: Online Statements_2025-02-28 (13).pdf
2025-04-02 15:47:07 - INFO - Arctaris rename_statements.py:1551 - main - Extracted information: <__main__.StatementInfo object at 0x000001F2334EBC50>
2025-04-02 15:47:07 - INFO - Arctaris rename_statements.py:170 - process_pdf - Processing Online Statements file as Cambridge: Online Statements_2025-02-28 (13).pdf
2025-04-02 15:47:07 - INFO - Arctaris rename_statements.py:1564 - main - Would rename to: Cambridge\2025-02\Cambridge_Arctaris-13_20250228.pdf
2025-04-02 15:47:07 - INFO - Arctaris rename_statements.py:1544 - main - [34/110] Processing file: Online Statements_2025-02-28 (2).pdf
2025-04-02 15:47:07 - INFO - Arctaris rename_statements.py:170 - process_pdf - Processing Online Statements file as Cambridge: Online Statements_2025-02-28 (2).pdf
2025-04-02 15:47:07 - INFO - Arctaris rename_statements.py:1551 - main - Extracted information: <__main__.StatementInfo object at 0x000001F233AD84D0>
2025-04-02 15:47:07 - INFO - Arctaris rename_statements.py:170 - process_pdf - Processing Online Statements file as Cambridge: Online Statements_2025-02-28 (2).pdf
2025-04-02 15:47:07 - INFO - Arctaris rename_statements.py:1564 - main - Would rename to: Cambridge\2025-02\Cambridge_Arctaris-2_20250228.pdf
2025-04-02 15:47:07 - INFO - Arctaris rename_statements.py:1544 - main - [35/110] Processing file: Online Statements_2025-02-28 (3).pdf
2025-04-02 15:47:07 - INFO - Arctaris rename_statements.py:170 - process_pdf - Processing Online Statements file as Cambridge: Online Statements_2025-02-28 (3).pdf
2025-04-02 15:47:07 - INFO - Arctaris rename_statements.py:1551 - main - Extracted information: <__main__.StatementInfo object at 0x000001F233AD8680>
2025-04-02 15:47:07 - INFO - Arctaris rename_statements.py:170 - process_pdf - Processing Online Statements file as Cambridge: Online Statements_2025-02-28 (3).pdf
2025-04-02 15:47:07 - INFO - Arctaris rename_statements.py:1564 - main - Would rename to: Cambridge\2025-02\Cambridge_Arctaris-3_20250228.pdf
2025-04-02 15:47:07 - INFO - Arctaris rename_statements.py:1544 - main - [36/110] Processing file: Online Statements_2025-02-28 (4).pdf
2025-04-02 15:47:07 - INFO - Arctaris rename_statements.py:170 - process_pdf - Processing Online Statements file as Cambridge: Online Statements_2025-02-28 (4).pdf
2025-04-02 15:47:07 - INFO - Arctaris rename_statements.py:1551 - main - Extracted information: <__main__.StatementInfo object at 0x000001F233AD8440>
2025-04-02 15:47:07 - INFO - Arctaris rename_statements.py:170 - process_pdf - Processing Online Statements file as Cambridge: Online Statements_2025-02-28 (4).pdf
2025-04-02 15:47:07 - INFO - Arctaris rename_statements.py:1564 - main - Would rename to: Cambridge\2025-02\Cambridge_Arctaris-4_20250228.pdf
2025-04-02 15:47:07 - INFO - Arctaris rename_statements.py:1544 - main - [37/110] Processing file: Online Statements_2025-02-28 (5).pdf
2025-04-02 15:47:07 - INFO - Arctaris rename_statements.py:170 - process_pdf - Processing Online Statements file as Cambridge: Online Statements_2025-02-28 (5).pdf
2025-04-02 15:47:07 - INFO - Arctaris rename_statements.py:1551 - main - Extracted information: <__main__.StatementInfo object at 0x000001F233AD83B0>
2025-04-02 15:47:07 - INFO - Arctaris rename_statements.py:170 - process_pdf - Processing Online Statements file as Cambridge: Online Statements_2025-02-28 (5).pdf
2025-04-02 15:47:07 - INFO - Arctaris rename_statements.py:1564 - main - Would rename to: Cambridge\2025-02\Cambridge_Arctaris-5_20250228.pdf
2025-04-02 15:47:07 - INFO - Arctaris rename_statements.py:1544 - main - [38/110] Processing file: Online Statements_2025-02-28 (6).pdf
2025-04-02 15:47:07 - INFO - Arctaris rename_statements.py:170 - process_pdf - Processing Online Statements file as Cambridge: Online Statements_2025-02-28 (6).pdf
2025-04-02 15:47:07 - INFO - Arctaris rename_statements.py:1551 - main - Extracted information: <__main__.StatementInfo object at 0x000001F233AD8350>
2025-04-02 15:47:07 - INFO - Arctaris rename_statements.py:170 - process_pdf - Processing Online Statements file as Cambridge: Online Statements_2025-02-28 (6).pdf
2025-04-02 15:47:07 - INFO - Arctaris rename_statements.py:1564 - main - Would rename to: Cambridge\2025-02\Cambridge_Arctaris-6_20250228.pdf
2025-04-02 15:47:07 - INFO - Arctaris rename_statements.py:1544 - main - [39/110] Processing file: Online Statements_2025-02-28 (7).pdf
2025-04-02 15:47:07 - INFO - Arctaris rename_statements.py:170 - process_pdf - Processing Online Statements file as Cambridge: Online Statements_2025-02-28 (7).pdf
2025-04-02 15:47:07 - INFO - Arctaris rename_statements.py:1551 - main - Extracted information: <__main__.StatementInfo object at 0x000001F233AD85C0>
2025-04-02 15:47:07 - INFO - Arctaris rename_statements.py:170 - process_pdf - Processing Online Statements file as Cambridge: Online Statements_2025-02-28 (7).pdf
2025-04-02 15:47:07 - INFO - Arctaris rename_statements.py:1564 - main - Would rename to: Cambridge\2025-02\Cambridge_Arctaris-7_20250228.pdf
2025-04-02 15:47:07 - INFO - Arctaris rename_statements.py:1544 - main - [40/110] Processing file: Online Statements_2025-02-28 (8).pdf
2025-04-02 15:47:07 - INFO - Arctaris rename_statements.py:170 - process_pdf - Processing Online Statements file as Cambridge: Online Statements_2025-02-28 (8).pdf
2025-04-02 15:47:07 - INFO - Arctaris rename_statements.py:1551 - main - Extracted information: <__main__.StatementInfo object at 0x000001F233AD8620>
2025-04-02 15:47:07 - INFO - Arctaris rename_statements.py:170 - process_pdf - Processing Online Statements file as Cambridge: Online Statements_2025-02-28 (8).pdf
2025-04-02 15:47:07 - INFO - Arctaris rename_statements.py:1564 - main - Would rename to: Cambridge\2025-02\Cambridge_Arctaris-8_20250228.pdf
2025-04-02 15:47:07 - INFO - Arctaris rename_statements.py:1539 - main - 
Processing batch 3 (41-60 of 110)
2025-04-02 15:47:07 - INFO - Arctaris rename_statements.py:1544 - main - [41/110] Processing file: Online Statements_2025-02-28 (9).pdf
2025-04-02 15:47:07 - INFO - Arctaris rename_statements.py:170 - process_pdf - Processing Online Statements file as Cambridge: Online Statements_2025-02-28 (9).pdf
2025-04-02 15:47:07 - INFO - Arctaris rename_statements.py:1551 - main - Extracted information: <__main__.StatementInfo object at 0x000001F2333F7F50>
2025-04-02 15:47:07 - INFO - Arctaris rename_statements.py:170 - process_pdf - Processing Online Statements file as Cambridge: Online Statements_2025-02-28 (9).pdf
2025-04-02 15:47:07 - INFO - Arctaris rename_statements.py:1564 - main - Would rename to: Cambridge\2025-02\Cambridge_Arctaris-9_20250228.pdf
2025-04-02 15:47:07 - INFO - Arctaris rename_statements.py:1544 - main - [42/110] Processing file: Online Statements_2025-02-28.pdf
2025-04-02 15:47:07 - INFO - Arctaris rename_statements.py:170 - process_pdf - Processing Online Statements file as Cambridge: Online Statements_2025-02-28.pdf
2025-04-02 15:47:07 - INFO - Arctaris rename_statements.py:1551 - main - Extracted information: <__main__.StatementInfo object at 0x000001F233AD8380>
2025-04-02 15:47:07 - INFO - Arctaris rename_statements.py:170 - process_pdf - Processing Online Statements file as Cambridge: Online Statements_2025-02-28.pdf
2025-04-02 15:47:07 - INFO - Arctaris rename_statements.py:1564 - main - Would rename to: Cambridge\2025-02\Cambridge_Arctaris_20250228.pdf
2025-04-02 15:47:07 - INFO - Arctaris rename_statements.py:1544 - main - [43/110] Processing file: Online Statements_2025-03-31 (1).pdf
2025-04-02 15:47:07 - INFO - Arctaris rename_statements.py:170 - process_pdf - Processing Online Statements file as Cambridge: Online Statements_2025-03-31 (1).pdf
2025-04-02 15:47:07 - INFO - Arctaris rename_statements.py:1551 - main - Extracted information: <__main__.StatementInfo object at 0x000001F233AD8740>
2025-04-02 15:47:07 - INFO - Arctaris rename_statements.py:170 - process_pdf - Processing Online Statements file as Cambridge: Online Statements_2025-03-31 (1).pdf
2025-04-02 15:47:07 - INFO - Arctaris rename_statements.py:1564 - main - Would rename to: Cambridge\2025-03\Cambridge_Arctaris-1_20250331.pdf
2025-04-02 15:47:07 - INFO - Arctaris rename_statements.py:1544 - main - [44/110] Processing file: Online Statements_2025-03-31 (10).pdf
2025-04-02 15:47:07 - INFO - Arctaris rename_statements.py:170 - process_pdf - Processing Online Statements file as Cambridge: Online Statements_2025-03-31 (10).pdf
2025-04-02 15:47:07 - INFO - Arctaris rename_statements.py:1551 - main - Extracted information: <__main__.StatementInfo object at 0x000001F233AD87A0>
2025-04-02 15:47:07 - INFO - Arctaris rename_statements.py:170 - process_pdf - Processing Online Statements file as Cambridge: Online Statements_2025-03-31 (10).pdf
2025-04-02 15:47:07 - INFO - Arctaris rename_statements.py:1564 - main - Would rename to: Cambridge\2025-03\Cambridge_Arctaris-10_20250331.pdf
2025-04-02 15:47:07 - INFO - Arctaris rename_statements.py:1544 - main - [45/110] Processing file: Online Statements_2025-03-31 (11).pdf
2025-04-02 15:47:07 - INFO - Arctaris rename_statements.py:170 - process_pdf - Processing Online Statements file as Cambridge: Online Statements_2025-03-31 (11).pdf
2025-04-02 15:47:07 - INFO - Arctaris rename_statements.py:1551 - main - Extracted information: <__main__.StatementInfo object at 0x000001F233AD8800>
2025-04-02 15:47:07 - INFO - Arctaris rename_statements.py:170 - process_pdf - Processing Online Statements file as Cambridge: Online Statements_2025-03-31 (11).pdf
2025-04-02 15:47:07 - INFO - Arctaris rename_statements.py:1564 - main - Would rename to: Cambridge\2025-03\Cambridge_Arctaris-11_20250331.pdf
2025-04-02 15:47:07 - INFO - Arctaris rename_statements.py:1544 - main - [46/110] Processing file: Online Statements_2025-03-31 (12).pdf
2025-04-02 15:47:07 - INFO - Arctaris rename_statements.py:170 - process_pdf - Processing Online Statements file as Cambridge: Online Statements_2025-03-31 (12).pdf
2025-04-02 15:47:07 - INFO - Arctaris rename_statements.py:1551 - main - Extracted information: <__main__.StatementInfo object at 0x000001F233AD8860>
2025-04-02 15:47:07 - INFO - Arctaris rename_statements.py:170 - process_pdf - Processing Online Statements file as Cambridge: Online Statements_2025-03-31 (12).pdf
2025-04-02 15:47:07 - INFO - Arctaris rename_statements.py:1564 - main - Would rename to: Cambridge\2025-03\Cambridge_Arctaris-12_20250331.pdf
2025-04-02 15:47:07 - INFO - Arctaris rename_statements.py:1544 - main - [47/110] Processing file: Online Statements_2025-03-31 (13).pdf
2025-04-02 15:47:07 - INFO - Arctaris rename_statements.py:170 - process_pdf - Processing Online Statements file as Cambridge: Online Statements_2025-03-31 (13).pdf
2025-04-02 15:47:07 - INFO - Arctaris rename_statements.py:1551 - main - Extracted information: <__main__.StatementInfo object at 0x000001F233AD88C0>
2025-04-02 15:47:07 - INFO - Arctaris rename_statements.py:170 - process_pdf - Processing Online Statements file as Cambridge: Online Statements_2025-03-31 (13).pdf
2025-04-02 15:47:07 - INFO - Arctaris rename_statements.py:1564 - main - Would rename to: Cambridge\2025-03\Cambridge_Arctaris-13_20250331.pdf
2025-04-02 15:47:07 - INFO - Arctaris rename_statements.py:1544 - main - [48/110] Processing file: Online Statements_2025-03-31 (2).pdf
2025-04-02 15:47:07 - INFO - Arctaris rename_statements.py:170 - process_pdf - Processing Online Statements file as Cambridge: Online Statements_2025-03-31 (2).pdf
2025-04-02 15:47:07 - INFO - Arctaris rename_statements.py:1551 - main - Extracted information: <__main__.StatementInfo object at 0x000001F233AD8920>
2025-04-02 15:47:07 - INFO - Arctaris rename_statements.py:170 - process_pdf - Processing Online Statements file as Cambridge: Online Statements_2025-03-31 (2).pdf
2025-04-02 15:47:07 - INFO - Arctaris rename_statements.py:1564 - main - Would rename to: Cambridge\2025-03\Cambridge_Arctaris-2_20250331.pdf
2025-04-02 15:47:07 - INFO - Arctaris rename_statements.py:1544 - main - [49/110] Processing file: Online Statements_2025-03-31 (3).pdf
2025-04-02 15:47:07 - INFO - Arctaris rename_statements.py:170 - process_pdf - Processing Online Statements file as Cambridge: Online Statements_2025-03-31 (3).pdf
2025-04-02 15:47:07 - INFO - Arctaris rename_statements.py:1551 - main - Extracted information: <__main__.StatementInfo object at 0x000001F233AD8980>
2025-04-02 15:47:07 - INFO - Arctaris rename_statements.py:170 - process_pdf - Processing Online Statements file as Cambridge: Online Statements_2025-03-31 (3).pdf
2025-04-02 15:47:07 - INFO - Arctaris rename_statements.py:1564 - main - Would rename to: Cambridge\2025-03\Cambridge_Arctaris-3_20250331.pdf
2025-04-02 15:47:07 - INFO - Arctaris rename_statements.py:1544 - main - [50/110] Processing file: Online Statements_2025-03-31 (4).pdf
2025-04-02 15:47:07 - INFO - Arctaris rename_statements.py:170 - process_pdf - Processing Online Statements file as Cambridge: Online Statements_2025-03-31 (4).pdf
2025-04-02 15:47:07 - INFO - Arctaris rename_statements.py:1551 - main - Extracted information: <__main__.StatementInfo object at 0x000001F233AD89E0>
2025-04-02 15:47:07 - INFO - Arctaris rename_statements.py:170 - process_pdf - Processing Online Statements file as Cambridge: Online Statements_2025-03-31 (4).pdf
2025-04-02 15:47:07 - INFO - Arctaris rename_statements.py:1564 - main - Would rename to: Cambridge\2025-03\Cambridge_Arctaris-4_20250331.pdf
2025-04-02 15:47:07 - INFO - Arctaris rename_statements.py:1544 - main - [51/110] Processing file: Online Statements_2025-03-31 (5).pdf
2025-04-02 15:47:07 - INFO - Arctaris rename_statements.py:170 - process_pdf - Processing Online Statements file as Cambridge: Online Statements_2025-03-31 (5).pdf
2025-04-02 15:47:07 - INFO - Arctaris rename_statements.py:1551 - main - Extracted information: <__main__.StatementInfo object at 0x000001F233AD8A40>
2025-04-02 15:47:07 - INFO - Arctaris rename_statements.py:170 - process_pdf - Processing Online Statements file as Cambridge: Online Statements_2025-03-31 (5).pdf
2025-04-02 15:47:07 - INFO - Arctaris rename_statements.py:1564 - main - Would rename to: Cambridge\2025-03\Cambridge_Arctaris-5_20250331.pdf
2025-04-02 15:47:07 - INFO - Arctaris rename_statements.py:1544 - main - [52/110] Processing file: Online Statements_2025-03-31 (6).pdf
2025-04-02 15:47:07 - INFO - Arctaris rename_statements.py:170 - process_pdf - Processing Online Statements file as Cambridge: Online Statements_2025-03-31 (6).pdf
2025-04-02 15:47:07 - INFO - Arctaris rename_statements.py:1551 - main - Extracted information: <__main__.StatementInfo object at 0x000001F233AD8AA0>
2025-04-02 15:47:07 - INFO - Arctaris rename_statements.py:170 - process_pdf - Processing Online Statements file as Cambridge: Online Statements_2025-03-31 (6).pdf
2025-04-02 15:47:07 - INFO - Arctaris rename_statements.py:1564 - main - Would rename to: Cambridge\2025-03\Cambridge_Arctaris-6_20250331.pdf
2025-04-02 15:47:07 - INFO - Arctaris rename_statements.py:1544 - main - [53/110] Processing file: Online Statements_2025-03-31 (7).pdf
2025-04-02 15:47:07 - INFO - Arctaris rename_statements.py:170 - process_pdf - Processing Online Statements file as Cambridge: Online Statements_2025-03-31 (7).pdf
2025-04-02 15:47:07 - INFO - Arctaris rename_statements.py:1551 - main - Extracted information: <__main__.StatementInfo object at 0x000001F233AD8B00>
2025-04-02 15:47:07 - INFO - Arctaris rename_statements.py:170 - process_pdf - Processing Online Statements file as Cambridge: Online Statements_2025-03-31 (7).pdf
2025-04-02 15:47:07 - INFO - Arctaris rename_statements.py:1564 - main - Would rename to: Cambridge\2025-03\Cambridge_Arctaris-7_20250331.pdf
2025-04-02 15:47:07 - INFO - Arctaris rename_statements.py:1544 - main - [54/110] Processing file: Online Statements_2025-03-31 (8).pdf
2025-04-02 15:47:07 - INFO - Arctaris rename_statements.py:170 - process_pdf - Processing Online Statements file as Cambridge: Online Statements_2025-03-31 (8).pdf
2025-04-02 15:47:07 - INFO - Arctaris rename_statements.py:1551 - main - Extracted information: <__main__.StatementInfo object at 0x000001F233AD8B60>
2025-04-02 15:47:07 - INFO - Arctaris rename_statements.py:170 - process_pdf - Processing Online Statements file as Cambridge: Online Statements_2025-03-31 (8).pdf
2025-04-02 15:47:07 - INFO - Arctaris rename_statements.py:1564 - main - Would rename to: Cambridge\2025-03\Cambridge_Arctaris-8_20250331.pdf
2025-04-02 15:47:07 - INFO - Arctaris rename_statements.py:1544 - main - [55/110] Processing file: Online Statements_2025-03-31 (9).pdf
2025-04-02 15:47:07 - INFO - Arctaris rename_statements.py:170 - process_pdf - Processing Online Statements file as Cambridge: Online Statements_2025-03-31 (9).pdf
2025-04-02 15:47:07 - INFO - Arctaris rename_statements.py:1551 - main - Extracted information: <__main__.StatementInfo object at 0x000001F233AD8BC0>
2025-04-02 15:47:07 - INFO - Arctaris rename_statements.py:170 - process_pdf - Processing Online Statements file as Cambridge: Online Statements_2025-03-31 (9).pdf
2025-04-02 15:47:07 - INFO - Arctaris rename_statements.py:1564 - main - Would rename to: Cambridge\2025-03\Cambridge_Arctaris-9_20250331.pdf
2025-04-02 15:47:07 - INFO - Arctaris rename_statements.py:1544 - main - [56/110] Processing file: Online Statements_2025-03-31.pdf
2025-04-02 15:47:07 - INFO - Arctaris rename_statements.py:170 - process_pdf - Processing Online Statements file as Cambridge: Online Statements_2025-03-31.pdf
2025-04-02 15:47:07 - INFO - Arctaris rename_statements.py:1551 - main - Extracted information: <__main__.StatementInfo object at 0x000001F233AD8C20>
2025-04-02 15:47:07 - INFO - Arctaris rename_statements.py:170 - process_pdf - Processing Online Statements file as Cambridge: Online Statements_2025-03-31.pdf
2025-04-02 15:47:07 - INFO - Arctaris rename_statements.py:1564 - main - Would rename to: Cambridge\2025-03\Cambridge_Arctaris_20250331.pdf
2025-04-02 15:47:07 - INFO - Arctaris rename_statements.py:1544 - main - [57/110] Processing file: statement_1092246474_2025-03-31.pdf
2025-04-02 15:47:07 - INFO - Arctaris rename_statements.py:303 - process_pdf - Successfully identified bank type: PNC
2025-04-02 15:47:07 - INFO - Arctaris rename_statements.py:1551 - main - Extracted information: <__main__.StatementInfo object at 0x000001F233AD96A0>
2025-04-02 15:47:07 - INFO - Arctaris rename_statements.py:303 - process_pdf - Successfully identified bank type: PNC
2025-04-02 15:47:07 - INFO - Arctaris rename_statements.py:1564 - main - Would rename to: PNC\2025-03\PNC_statement_1092246474_2025-03-31.pdf
2025-04-02 15:47:07 - INFO - Arctaris rename_statements.py:1544 - main - [58/110] Processing file: statement_4116465916_2025-03-31.pdf
2025-04-02 15:47:07 - INFO - Arctaris rename_statements.py:303 - process_pdf - Successfully identified bank type: PNC
2025-04-02 15:47:07 - INFO - Arctaris rename_statements.py:1551 - main - Extracted information: <__main__.StatementInfo object at 0x000001F2313B0380>
2025-04-02 15:47:07 - INFO - Arctaris rename_statements.py:303 - process_pdf - Successfully identified bank type: PNC
2025-04-02 15:47:07 - INFO - Arctaris rename_statements.py:1564 - main - Would rename to: PNC\2025-03\PNC_statement_4116465916_2025-03-31.pdf
2025-04-02 15:47:07 - INFO - Arctaris rename_statements.py:1544 - main - [59/110] Processing file: statement_4116465932_2025-03-31.pdf
2025-04-02 15:47:07 - INFO - Arctaris rename_statements.py:303 - process_pdf - Successfully identified bank type: PNC
2025-04-02 15:47:07 - INFO - Arctaris rename_statements.py:1551 - main - Extracted information: <__main__.StatementInfo object at 0x000001F2313EE8A0>
2025-04-02 15:47:08 - INFO - Arctaris rename_statements.py:303 - process_pdf - Successfully identified bank type: PNC
2025-04-02 15:47:08 - INFO - Arctaris rename_statements.py:1564 - main - Would rename to: PNC\2025-03\PNC_statement_4116465932_2025-03-31.pdf
2025-04-02 15:47:08 - INFO - Arctaris rename_statements.py:1544 - main - [60/110] Processing file: statement_4116465959_2025-03-31.pdf
2025-04-02 15:47:08 - INFO - Arctaris rename_statements.py:303 - process_pdf - Successfully identified bank type: PNC
2025-04-02 15:47:08 - INFO - Arctaris rename_statements.py:1551 - main - Extracted information: <__main__.StatementInfo object at 0x000001F231B66660>
2025-04-02 15:47:08 - INFO - Arctaris rename_statements.py:303 - process_pdf - Successfully identified bank type: PNC
2025-04-02 15:47:08 - INFO - Arctaris rename_statements.py:1564 - main - Would rename to: PNC\2025-03\PNC_statement_4116465959_2025-03-31.pdf
2025-04-02 15:47:08 - INFO - Arctaris rename_statements.py:1539 - main - 
Processing batch 4 (61-80 of 110)
2025-04-02 15:47:08 - INFO - Arctaris rename_statements.py:1544 - main - [61/110] Processing file: statement_4130261135_2025-03-31.pdf
2025-04-02 15:47:08 - INFO - Arctaris rename_statements.py:303 - process_pdf - Successfully identified bank type: PNC
2025-04-02 15:47:08 - INFO - Arctaris rename_statements.py:1551 - main - Extracted information: <__main__.StatementInfo object at 0x000001F233AB5340>
2025-04-02 15:47:08 - INFO - Arctaris rename_statements.py:303 - process_pdf - Successfully identified bank type: PNC
2025-04-02 15:47:08 - INFO - Arctaris rename_statements.py:1564 - main - Would rename to: PNC\2025-03\PNC_statement_4130261135_2025-03-31.pdf
2025-04-02 15:47:08 - INFO - Arctaris rename_statements.py:1544 - main - [62/110] Processing file: statement_4130263798_2025-03-31.pdf
2025-04-02 15:47:08 - INFO - Arctaris rename_statements.py:303 - process_pdf - Successfully identified bank type: PNC
2025-04-02 15:47:08 - INFO - Arctaris rename_statements.py:1551 - main - Extracted information: <__main__.StatementInfo object at 0x000001F2334E94C0>
2025-04-02 15:47:08 - INFO - Arctaris rename_statements.py:303 - process_pdf - Successfully identified bank type: PNC
2025-04-02 15:47:08 - INFO - Arctaris rename_statements.py:1564 - main - Would rename to: PNC\2025-03\PNC_statement_4130263798_2025-03-31.pdf
2025-04-02 15:47:08 - INFO - Arctaris rename_statements.py:1544 - main - [63/110] Processing file: statement_4130272854_2025-03-31.pdf
2025-04-02 15:47:08 - INFO - Arctaris rename_statements.py:303 - process_pdf - Successfully identified bank type: PNC
2025-04-02 15:47:08 - INFO - Arctaris rename_statements.py:1551 - main - Extracted information: <__main__.StatementInfo object at 0x000001F233AB5EB0>
2025-04-02 15:47:08 - INFO - Arctaris rename_statements.py:303 - process_pdf - Successfully identified bank type: PNC
2025-04-02 15:47:08 - INFO - Arctaris rename_statements.py:1564 - main - Would rename to: PNC\2025-04\PNC_statement_4130272854_2025-03-31.pdf
2025-04-02 15:47:08 - INFO - Arctaris rename_statements.py:1544 - main - [64/110] Processing file: statement_4130275895_2025-03-31.pdf
2025-04-02 15:47:08 - INFO - Arctaris rename_statements.py:303 - process_pdf - Successfully identified bank type: PNC
2025-04-02 15:47:08 - INFO - Arctaris rename_statements.py:1551 - main - Extracted information: <__main__.StatementInfo object at 0x000001F2333F6120>
2025-04-02 15:47:08 - INFO - Arctaris rename_statements.py:303 - process_pdf - Successfully identified bank type: PNC
2025-04-02 15:47:08 - INFO - Arctaris rename_statements.py:1564 - main - Would rename to: PNC\2025-03\PNC_statement_4130275895_2025-03-31.pdf
2025-04-02 15:47:08 - INFO - Arctaris rename_statements.py:1544 - main - [65/110] Processing file: statement_4130279968_2025-03-31.pdf
2025-04-02 15:47:08 - INFO - Arctaris rename_statements.py:303 - process_pdf - Successfully identified bank type: PNC
2025-04-02 15:47:08 - INFO - Arctaris rename_statements.py:1551 - main - Extracted information: <__main__.StatementInfo object at 0x000001F233AB5460>
2025-04-02 15:47:08 - INFO - Arctaris rename_statements.py:303 - process_pdf - Successfully identified bank type: PNC
2025-04-02 15:47:08 - INFO - Arctaris rename_statements.py:1564 - main - Would rename to: PNC\2025-03\PNC_statement_4130279968_2025-03-31.pdf
2025-04-02 15:47:08 - INFO - Arctaris rename_statements.py:1544 - main - [66/110] Processing file: statement_4130281339_2025-03-31.pdf
2025-04-02 15:47:08 - INFO - Arctaris rename_statements.py:303 - process_pdf - Successfully identified bank type: PNC
2025-04-02 15:47:08 - INFO - Arctaris rename_statements.py:1551 - main - Extracted information: <__main__.StatementInfo object at 0x000001F2333F6BD0>
2025-04-02 15:47:08 - INFO - Arctaris rename_statements.py:303 - process_pdf - Successfully identified bank type: PNC
2025-04-02 15:47:08 - INFO - Arctaris rename_statements.py:1564 - main - Would rename to: PNC\2025-03\PNC_statement_4130281339_2025-03-31.pdf
2025-04-02 15:47:08 - INFO - Arctaris rename_statements.py:1544 - main - [67/110] Processing file: statement_4130281355_2025-03-31.pdf
2025-04-02 15:47:08 - INFO - Arctaris rename_statements.py:303 - process_pdf - Successfully identified bank type: PNC
2025-04-02 15:47:08 - INFO - Arctaris rename_statements.py:1551 - main - Extracted information: <__main__.StatementInfo object at 0x000001F233344F20>
2025-04-02 15:47:08 - INFO - Arctaris rename_statements.py:303 - process_pdf - Successfully identified bank type: PNC
2025-04-02 15:47:08 - INFO - Arctaris rename_statements.py:1564 - main - Would rename to: PNC\2025-03\PNC_statement_4130281355_2025-03-31.pdf
2025-04-02 15:47:08 - INFO - Arctaris rename_statements.py:1544 - main - [68/110] Processing file: statement_4130283078_2025-03-31.pdf
2025-04-02 15:47:08 - INFO - Arctaris rename_statements.py:303 - process_pdf - Successfully identified bank type: PNC
2025-04-02 15:47:08 - INFO - Arctaris rename_statements.py:1551 - main - Extracted information: <__main__.StatementInfo object at 0x000001F2333F4A70>
2025-04-02 15:47:08 - INFO - Arctaris rename_statements.py:303 - process_pdf - Successfully identified bank type: PNC
2025-04-02 15:47:08 - INFO - Arctaris rename_statements.py:1564 - main - Would rename to: PNC\2025-03\PNC_statement_4130283078_2025-03-31.pdf
2025-04-02 15:47:08 - INFO - Arctaris rename_statements.py:1544 - main - [69/110] Processing file: statement_4130283369_2025-03-31.pdf
2025-04-02 15:47:08 - INFO - Arctaris rename_statements.py:303 - process_pdf - Successfully identified bank type: PNC
2025-04-02 15:47:08 - INFO - Arctaris rename_statements.py:1551 - main - Extracted information: <__main__.StatementInfo object at 0x000001F2333F73B0>
2025-04-02 15:47:08 - INFO - Arctaris rename_statements.py:303 - process_pdf - Successfully identified bank type: PNC
2025-04-02 15:47:08 - INFO - Arctaris rename_statements.py:1564 - main - Would rename to: PNC\2025-03\PNC_statement_4130283369_2025-03-31.pdf
2025-04-02 15:47:08 - INFO - Arctaris rename_statements.py:1544 - main - [70/110] Processing file: statement_4130283633_2025-03-31.pdf
2025-04-02 15:47:08 - INFO - Arctaris rename_statements.py:303 - process_pdf - Successfully identified bank type: PNC
2025-04-02 15:47:08 - INFO - Arctaris rename_statements.py:1551 - main - Extracted information: <__main__.StatementInfo object at 0x000001F2333451C0>
2025-04-02 15:47:08 - INFO - Arctaris rename_statements.py:303 - process_pdf - Successfully identified bank type: PNC
2025-04-02 15:47:08 - INFO - Arctaris rename_statements.py:1564 - main - Would rename to: PNC\2025-03\PNC_statement_4130283633_2025-03-31.pdf
2025-04-02 15:47:08 - INFO - Arctaris rename_statements.py:1544 - main - [71/110] Processing file: statement_4130290884_2025-03-31.pdf
2025-04-02 15:47:08 - INFO - Arctaris rename_statements.py:303 - process_pdf - Successfully identified bank type: PNC
2025-04-02 15:47:08 - INFO - Arctaris rename_statements.py:1551 - main - Extracted information: <__main__.StatementInfo object at 0x000001F23348BD40>
2025-04-02 15:47:08 - INFO - Arctaris rename_statements.py:303 - process_pdf - Successfully identified bank type: PNC
2025-04-02 15:47:08 - INFO - Arctaris rename_statements.py:1564 - main - Would rename to: PNC\2025-03\PNC_statement_4130290884_2025-03-31.pdf
2025-04-02 15:47:08 - INFO - Arctaris rename_statements.py:1544 - main - [72/110] Processing file: statement_4130293022_2025-03-31.pdf
2025-04-02 15:47:08 - INFO - Arctaris rename_statements.py:303 - process_pdf - Successfully identified bank type: PNC
2025-04-02 15:47:08 - INFO - Arctaris rename_statements.py:1551 - main - Extracted information: <__main__.StatementInfo object at 0x000001F2334E86B0>
2025-04-02 15:47:08 - INFO - Arctaris rename_statements.py:303 - process_pdf - Successfully identified bank type: PNC
2025-04-02 15:47:08 - INFO - Arctaris rename_statements.py:1564 - main - Would rename to: PNC\2025-03\PNC_statement_4130293022_2025-03-31.pdf
2025-04-02 15:47:08 - INFO - Arctaris rename_statements.py:1544 - main - [73/110] Processing file: statement_4130294324_2025-03-31.pdf
2025-04-02 15:47:08 - INFO - Arctaris rename_statements.py:303 - process_pdf - Successfully identified bank type: PNC
2025-04-02 15:47:08 - INFO - Arctaris rename_statements.py:1551 - main - Extracted information: <__main__.StatementInfo object at 0x000001F2334C8B90>
2025-04-02 15:47:08 - INFO - Arctaris rename_statements.py:303 - process_pdf - Successfully identified bank type: PNC
2025-04-02 15:47:08 - INFO - Arctaris rename_statements.py:1564 - main - Would rename to: PNC\2025-03\PNC_statement_4130294324_2025-03-31.pdf
2025-04-02 15:47:08 - INFO - Arctaris rename_statements.py:1544 - main - [74/110] Processing file: statement_4130294332_2025-03-31.pdf
2025-04-02 15:47:08 - INFO - Arctaris rename_statements.py:303 - process_pdf - Successfully identified bank type: PNC
2025-04-02 15:47:08 - INFO - Arctaris rename_statements.py:1551 - main - Extracted information: <__main__.StatementInfo object at 0x000001F2333F7B00>
2025-04-02 15:47:08 - INFO - Arctaris rename_statements.py:303 - process_pdf - Successfully identified bank type: PNC
2025-04-02 15:47:08 - INFO - Arctaris rename_statements.py:1564 - main - Would rename to: PNC\2025-03\PNC_statement_4130294332_2025-03-31.pdf
2025-04-02 15:47:08 - INFO - Arctaris rename_statements.py:1544 - main - [75/110] Processing file: statement_4130294359_2025-03-31.pdf
2025-04-02 15:47:08 - INFO - Arctaris rename_statements.py:303 - process_pdf - Successfully identified bank type: PNC
2025-04-02 15:47:08 - INFO - Arctaris rename_statements.py:1551 - main - Extracted information: <__main__.StatementInfo object at 0x000001F233A9A8A0>
2025-04-02 15:47:08 - INFO - Arctaris rename_statements.py:303 - process_pdf - Successfully identified bank type: PNC
2025-04-02 15:47:08 - INFO - Arctaris rename_statements.py:1564 - main - Would rename to: PNC\2025-04\PNC_statement_4130294359_2025-03-31.pdf
2025-04-02 15:47:08 - INFO - Arctaris rename_statements.py:1544 - main - [76/110] Processing file: statement_4130294367_2025-03-31.pdf
2025-04-02 15:47:08 - INFO - Arctaris rename_statements.py:303 - process_pdf - Successfully identified bank type: PNC
2025-04-02 15:47:08 - INFO - Arctaris rename_statements.py:1551 - main - Extracted information: <__main__.StatementInfo object at 0x000001F233A9A7B0>
2025-04-02 15:47:08 - INFO - Arctaris rename_statements.py:303 - process_pdf - Successfully identified bank type: PNC
2025-04-02 15:47:08 - INFO - Arctaris rename_statements.py:1564 - main - Would rename to: PNC\2025-03\PNC_statement_4130294367_2025-03-31.pdf
2025-04-02 15:47:08 - INFO - Arctaris rename_statements.py:1544 - main - [77/110] Processing file: statement_4130294383_2025-03-31.pdf
2025-04-02 15:47:08 - INFO - Arctaris rename_statements.py:303 - process_pdf - Successfully identified bank type: PNC
2025-04-02 15:47:08 - INFO - Arctaris rename_statements.py:1551 - main - Extracted information: <__main__.StatementInfo object at 0x000001F233489A30>
2025-04-02 15:47:08 - INFO - Arctaris rename_statements.py:303 - process_pdf - Successfully identified bank type: PNC
2025-04-02 15:47:08 - INFO - Arctaris rename_statements.py:1564 - main - Would rename to: PNC\2025-03\PNC_statement_4130294383_2025-03-31.pdf
2025-04-02 15:47:08 - INFO - Arctaris rename_statements.py:1544 - main - [78/110] Processing file: statement_4130294412_2025-03-31.pdf
2025-04-02 15:47:08 - INFO - Arctaris rename_statements.py:303 - process_pdf - Successfully identified bank type: PNC
2025-04-02 15:47:08 - INFO - Arctaris rename_statements.py:1551 - main - Extracted information: <__main__.StatementInfo object at 0x000001F2334C9DC0>
2025-04-02 15:47:08 - INFO - Arctaris rename_statements.py:303 - process_pdf - Successfully identified bank type: PNC
2025-04-02 15:47:08 - INFO - Arctaris rename_statements.py:1564 - main - Would rename to: PNC\2025-03\PNC_statement_4130294412_2025-03-31.pdf
2025-04-02 15:47:08 - INFO - Arctaris rename_statements.py:1544 - main - [79/110] Processing file: statement_4130294447_2025-03-31.pdf
2025-04-02 15:47:08 - INFO - Arctaris rename_statements.py:303 - process_pdf - Successfully identified bank type: PNC
2025-04-02 15:47:08 - INFO - Arctaris rename_statements.py:1551 - main - Extracted information: <__main__.StatementInfo object at 0x000001F2334CA270>
2025-04-02 15:47:08 - INFO - Arctaris rename_statements.py:303 - process_pdf - Successfully identified bank type: PNC
2025-04-02 15:47:08 - INFO - Arctaris rename_statements.py:1564 - main - Would rename to: PNC\2025-03\PNC_statement_4130294447_2025-03-31.pdf
2025-04-02 15:47:08 - INFO - Arctaris rename_statements.py:1544 - main - [80/110] Processing file: statement_4130294455_2025-03-31.pdf
2025-04-02 15:47:08 - INFO - Arctaris rename_statements.py:303 - process_pdf - Successfully identified bank type: PNC
2025-04-02 15:47:08 - INFO - Arctaris rename_statements.py:1551 - main - Extracted information: <__main__.StatementInfo object at 0x000001F2334CB1D0>
2025-04-02 15:47:08 - INFO - Arctaris rename_statements.py:303 - process_pdf - Successfully identified bank type: PNC
2025-04-02 15:47:08 - INFO - Arctaris rename_statements.py:1564 - main - Would rename to: PNC\2025-04\PNC_statement_4130294455_2025-03-31.pdf
2025-04-02 15:47:08 - INFO - Arctaris rename_statements.py:1539 - main - 
Processing batch 5 (81-100 of 110)
2025-04-02 15:47:08 - INFO - Arctaris rename_statements.py:1544 - main - [81/110] Processing file: statement_4130297058_2025-03-31.pdf
2025-04-02 15:47:08 - INFO - Arctaris rename_statements.py:303 - process_pdf - Successfully identified bank type: PNC
2025-04-02 15:47:08 - INFO - Arctaris rename_statements.py:1551 - main - Extracted information: <__main__.StatementInfo object at 0x000001F233A988C0>
2025-04-02 15:47:08 - INFO - Arctaris rename_statements.py:303 - process_pdf - Successfully identified bank type: PNC
2025-04-02 15:47:08 - INFO - Arctaris rename_statements.py:1564 - main - Would rename to: PNC\2025-03\PNC_statement_4130297058_2025-03-31.pdf
2025-04-02 15:47:08 - INFO - Arctaris rename_statements.py:1544 - main - [82/110] Processing file: statement_4130297779_2025-03-31.pdf
2025-04-02 15:47:08 - INFO - Arctaris rename_statements.py:303 - process_pdf - Successfully identified bank type: PNC
2025-04-02 15:47:08 - INFO - Arctaris rename_statements.py:1551 - main - Extracted information: <__main__.StatementInfo object at 0x000001F233345040>
2025-04-02 15:47:08 - INFO - Arctaris rename_statements.py:303 - process_pdf - Successfully identified bank type: PNC
2025-04-02 15:47:08 - INFO - Arctaris rename_statements.py:1564 - main - Would rename to: PNC\2025-03\PNC_statement_4130297779_2025-03-31.pdf
2025-04-02 15:47:08 - INFO - Arctaris rename_statements.py:1544 - main - [83/110] Processing file: statement_4130300931_2025-03-31.pdf
2025-04-02 15:47:08 - INFO - Arctaris rename_statements.py:303 - process_pdf - Successfully identified bank type: PNC
2025-04-02 15:47:08 - INFO - Arctaris rename_statements.py:1551 - main - Extracted information: <__main__.StatementInfo object at 0x000001F233A9B950>
2025-04-02 15:47:08 - INFO - Arctaris rename_statements.py:303 - process_pdf - Successfully identified bank type: PNC
2025-04-02 15:47:08 - INFO - Arctaris rename_statements.py:1564 - main - Would rename to: PNC\2025-03\PNC_statement_4130300931_2025-03-31.pdf
2025-04-02 15:47:08 - INFO - Arctaris rename_statements.py:1544 - main - [84/110] Processing file: statement_4130301336_2025-03-31.pdf
2025-04-02 15:47:08 - INFO - Arctaris rename_statements.py:303 - process_pdf - Successfully identified bank type: PNC
2025-04-02 15:47:08 - INFO - Arctaris rename_statements.py:1551 - main - Extracted information: <__main__.StatementInfo object at 0x000001F233A9A390>
2025-04-02 15:47:08 - INFO - Arctaris rename_statements.py:303 - process_pdf - Successfully identified bank type: PNC
2025-04-02 15:47:08 - INFO - Arctaris rename_statements.py:1564 - main - Would rename to: PNC\2025-03\PNC_statement_4130301336_2025-03-31.pdf
2025-04-02 15:47:08 - INFO - Arctaris rename_statements.py:1544 - main - [85/110] Processing file: statement_4130301344_2025-03-31.pdf
2025-04-02 15:47:08 - INFO - Arctaris rename_statements.py:303 - process_pdf - Successfully identified bank type: PNC
2025-04-02 15:47:08 - INFO - Arctaris rename_statements.py:1551 - main - Extracted information: <__main__.StatementInfo object at 0x000001F233A99BB0>
2025-04-02 15:47:08 - INFO - Arctaris rename_statements.py:303 - process_pdf - Successfully identified bank type: PNC
2025-04-02 15:47:08 - INFO - Arctaris rename_statements.py:1564 - main - Would rename to: PNC\2025-03\PNC_statement_4130301344_2025-03-31.pdf
2025-04-02 15:47:08 - INFO - Arctaris rename_statements.py:1544 - main - [86/110] Processing file: statement_4130301694_2025-03-31.pdf
2025-04-02 15:47:08 - INFO - Arctaris rename_statements.py:303 - process_pdf - Successfully identified bank type: PNC
2025-04-02 15:47:08 - INFO - Arctaris rename_statements.py:1551 - main - Extracted information: <__main__.StatementInfo object at 0x000001F233A9B260>
2025-04-02 15:47:09 - INFO - Arctaris rename_statements.py:303 - process_pdf - Successfully identified bank type: PNC
2025-04-02 15:47:09 - INFO - Arctaris rename_statements.py:1564 - main - Would rename to: PNC\2025-03\PNC_statement_4130301694_2025-03-31.pdf
2025-04-02 15:47:09 - INFO - Arctaris rename_statements.py:1544 - main - [87/110] Processing file: statement_4130301889_2025-03-31.pdf
2025-04-02 15:47:09 - INFO - Arctaris rename_statements.py:303 - process_pdf - Successfully identified bank type: PNC
2025-04-02 15:47:09 - INFO - Arctaris rename_statements.py:1551 - main - Extracted information: <__main__.StatementInfo object at 0x000001F2334C8980>
2025-04-02 15:47:09 - INFO - Arctaris rename_statements.py:303 - process_pdf - Successfully identified bank type: PNC
2025-04-02 15:47:09 - INFO - Arctaris rename_statements.py:1564 - main - Would rename to: PNC\2025-03\PNC_statement_4130301889_2025-03-31.pdf
2025-04-02 15:47:09 - INFO - Arctaris rename_statements.py:1544 - main - [88/110] Processing file: statement_4130301897_2025-03-31.pdf
2025-04-02 15:47:09 - INFO - Arctaris rename_statements.py:303 - process_pdf - Successfully identified bank type: PNC
2025-04-02 15:47:09 - INFO - Arctaris rename_statements.py:1551 - main - Extracted information: <__main__.StatementInfo object at 0x000001F2334884D0>
2025-04-02 15:47:09 - INFO - Arctaris rename_statements.py:303 - process_pdf - Successfully identified bank type: PNC
2025-04-02 15:47:09 - INFO - Arctaris rename_statements.py:1564 - main - Would rename to: PNC\2025-03\PNC_statement_4130301897_2025-03-31.pdf
2025-04-02 15:47:09 - INFO - Arctaris rename_statements.py:1544 - main - [89/110] Processing file: statement_4130301918_2025-03-31.pdf
2025-04-02 15:47:09 - INFO - Arctaris rename_statements.py:303 - process_pdf - Successfully identified bank type: PNC
2025-04-02 15:47:09 - INFO - Arctaris rename_statements.py:1551 - main - Extracted information: <__main__.StatementInfo object at 0x000001F233489610>
2025-04-02 15:47:09 - INFO - Arctaris rename_statements.py:303 - process_pdf - Successfully identified bank type: PNC
2025-04-02 15:47:09 - INFO - Arctaris rename_statements.py:1564 - main - Would rename to: PNC\2025-03\PNC_statement_4130301918_2025-03-31.pdf
2025-04-02 15:47:09 - INFO - Arctaris rename_statements.py:1544 - main - [90/110] Processing file: statement_4130301926_2025-03-31.pdf
2025-04-02 15:47:09 - INFO - Arctaris rename_statements.py:303 - process_pdf - Successfully identified bank type: PNC
2025-04-02 15:47:09 - INFO - Arctaris rename_statements.py:1551 - main - Extracted information: <__main__.StatementInfo object at 0x000001F233A9A870>
2025-04-02 15:47:09 - INFO - Arctaris rename_statements.py:303 - process_pdf - Successfully identified bank type: PNC
2025-04-02 15:47:09 - INFO - Arctaris rename_statements.py:1564 - main - Would rename to: PNC\2025-03\PNC_statement_4130301926_2025-03-31.pdf
2025-04-02 15:47:09 - INFO - Arctaris rename_statements.py:1544 - main - [91/110] Processing file: statement_4130301934_2025-03-31.pdf
2025-04-02 15:47:09 - INFO - Arctaris rename_statements.py:303 - process_pdf - Successfully identified bank type: PNC
2025-04-02 15:47:09 - INFO - Arctaris rename_statements.py:1551 - main - Extracted information: <__main__.StatementInfo object at 0x000001F23329DFA0>
2025-04-02 15:47:09 - INFO - Arctaris rename_statements.py:303 - process_pdf - Successfully identified bank type: PNC
2025-04-02 15:47:09 - INFO - Arctaris rename_statements.py:1564 - main - Would rename to: PNC\2025-03\PNC_statement_4130301934_2025-03-31.pdf
2025-04-02 15:47:09 - INFO - Arctaris rename_statements.py:1544 - main - [92/110] Processing file: statement_4130302128_2025-03-31.pdf
2025-04-02 15:47:09 - INFO - Arctaris rename_statements.py:303 - process_pdf - Successfully identified bank type: PNC
2025-04-02 15:47:09 - INFO - Arctaris rename_statements.py:1551 - main - Extracted information: <__main__.StatementInfo object at 0x000001F233345130>
2025-04-02 15:47:09 - INFO - Arctaris rename_statements.py:303 - process_pdf - Successfully identified bank type: PNC
2025-04-02 15:47:09 - INFO - Arctaris rename_statements.py:1564 - main - Would rename to: PNC\2025-03\PNC_statement_4130302128_2025-03-31.pdf
2025-04-02 15:47:09 - INFO - Arctaris rename_statements.py:1544 - main - [93/110] Processing file: statement_4175623128_2025-03-31.pdf
2025-04-02 15:47:09 - INFO - Arctaris rename_statements.py:303 - process_pdf - Successfully identified bank type: PNC
2025-04-02 15:47:09 - INFO - Arctaris rename_statements.py:1551 - main - Extracted information: <__main__.StatementInfo object at 0x000001F233A99310>
2025-04-02 15:47:09 - INFO - Arctaris rename_statements.py:303 - process_pdf - Successfully identified bank type: PNC
2025-04-02 15:47:09 - INFO - Arctaris rename_statements.py:1564 - main - Would rename to: PNC\2025-03\PNC_statement_4175623128_2025-03-31.pdf
2025-04-02 15:47:09 - INFO - Arctaris rename_statements.py:1544 - main - [94/110] Processing file: statement_4176547892_2025-03-31.pdf
2025-04-02 15:47:09 - INFO - Arctaris rename_statements.py:303 - process_pdf - Successfully identified bank type: PNC
2025-04-02 15:47:09 - INFO - Arctaris rename_statements.py:1551 - main - Extracted information: <__main__.StatementInfo object at 0x000001F233A9BE60>
2025-04-02 15:47:09 - INFO - Arctaris rename_statements.py:303 - process_pdf - Successfully identified bank type: PNC
2025-04-02 15:47:09 - INFO - Arctaris rename_statements.py:1564 - main - Would rename to: PNC\2025-03\PNC_statement_4176547892_2025-03-31.pdf
2025-04-02 15:47:09 - INFO - Arctaris rename_statements.py:1544 - main - [95/110] Processing file: statement_4176565548_2025-03-31.pdf
2025-04-02 15:47:09 - INFO - Arctaris rename_statements.py:303 - process_pdf - Successfully identified bank type: PNC
2025-04-02 15:47:09 - INFO - Arctaris rename_statements.py:1551 - main - Extracted information: <__main__.StatementInfo object at 0x000001F233AB4980>
2025-04-02 15:47:09 - INFO - Arctaris rename_statements.py:303 - process_pdf - Successfully identified bank type: PNC
2025-04-02 15:47:09 - INFO - Arctaris rename_statements.py:1564 - main - Would rename to: PNC\2025-03\PNC_statement_4176565548_2025-03-31.pdf
2025-04-02 15:47:09 - INFO - Arctaris rename_statements.py:1544 - main - [96/110] Processing file: statement_4176641344_2025-03-31.pdf
2025-04-02 15:47:09 - INFO - Arctaris rename_statements.py:303 - process_pdf - Successfully identified bank type: PNC
2025-04-02 15:47:09 - INFO - Arctaris rename_statements.py:1551 - main - Extracted information: <__main__.StatementInfo object at 0x000001F233A98FB0>
2025-04-02 15:47:09 - INFO - Arctaris rename_statements.py:303 - process_pdf - Successfully identified bank type: PNC
2025-04-02 15:47:09 - INFO - Arctaris rename_statements.py:1564 - main - Would rename to: PNC\2025-03\PNC_statement_4176641344_2025-03-31.pdf
2025-04-02 15:47:09 - INFO - Arctaris rename_statements.py:1544 - main - [97/110] Processing file: statement_4176706259_2025-03-31.pdf
2025-04-02 15:47:09 - INFO - Arctaris rename_statements.py:303 - process_pdf - Successfully identified bank type: PNC
2025-04-02 15:47:09 - INFO - Arctaris rename_statements.py:1551 - main - Extracted information: <__main__.StatementInfo object at 0x000001F233A9B770>
2025-04-02 15:47:09 - INFO - Arctaris rename_statements.py:303 - process_pdf - Successfully identified bank type: PNC
2025-04-02 15:47:09 - INFO - Arctaris rename_statements.py:1564 - main - Would rename to: PNC\2025-03\PNC_statement_4176706259_2025-03-31.pdf
2025-04-02 15:47:09 - INFO - Arctaris rename_statements.py:1544 - main - [98/110] Processing file: statement_4176786746_2025-03-31.pdf
2025-04-02 15:47:09 - INFO - Arctaris rename_statements.py:303 - process_pdf - Successfully identified bank type: PNC
2025-04-02 15:47:09 - INFO - Arctaris rename_statements.py:1551 - main - Extracted information: <__main__.StatementInfo object at 0x000001F233A98B60>
2025-04-02 15:47:09 - INFO - Arctaris rename_statements.py:303 - process_pdf - Successfully identified bank type: PNC
2025-04-02 15:47:09 - INFO - Arctaris rename_statements.py:1564 - main - Would rename to: PNC\2025-03\PNC_statement_4176786746_2025-03-31.pdf
2025-04-02 15:47:09 - INFO - Arctaris rename_statements.py:1544 - main - [99/110] Processing file: statement_4176790542_2025-03-31.pdf
2025-04-02 15:47:09 - INFO - Arctaris rename_statements.py:303 - process_pdf - Successfully identified bank type: PNC
2025-04-02 15:47:09 - INFO - Arctaris rename_statements.py:1551 - main - Extracted information: <__main__.StatementInfo object at 0x000001F23348B6E0>
2025-04-02 15:47:09 - INFO - Arctaris rename_statements.py:303 - process_pdf - Successfully identified bank type: PNC
2025-04-02 15:47:09 - INFO - Arctaris rename_statements.py:1564 - main - Would rename to: PNC\2025-03\PNC_statement_4176790542_2025-03-31.pdf
2025-04-02 15:47:09 - INFO - Arctaris rename_statements.py:1544 - main - [100/110] Processing file: statement_4176790577_2025-03-31.pdf
2025-04-02 15:47:09 - INFO - Arctaris rename_statements.py:303 - process_pdf - Successfully identified bank type: PNC
2025-04-02 15:47:09 - INFO - Arctaris rename_statements.py:1551 - main - Extracted information: <__main__.StatementInfo object at 0x000001F233AB5040>
2025-04-02 15:47:09 - INFO - Arctaris rename_statements.py:303 - process_pdf - Successfully identified bank type: PNC
2025-04-02 15:47:09 - INFO - Arctaris rename_statements.py:1564 - main - Would rename to: PNC\2025-03\PNC_statement_4176790577_2025-03-31.pdf
2025-04-02 15:47:09 - INFO - Arctaris rename_statements.py:1539 - main - 
Processing batch 6 (101-110 of 110)
2025-04-02 15:47:09 - INFO - Arctaris rename_statements.py:1544 - main - [101/110] Processing file: statement_4176790593_2025-03-31.pdf
2025-04-02 15:47:09 - INFO - Arctaris rename_statements.py:303 - process_pdf - Successfully identified bank type: PNC
2025-04-02 15:47:09 - INFO - Arctaris rename_statements.py:1551 - main - Extracted information: <__main__.StatementInfo object at 0x000001F233A9B500>
2025-04-02 15:47:09 - INFO - Arctaris rename_statements.py:303 - process_pdf - Successfully identified bank type: PNC
2025-04-02 15:47:09 - INFO - Arctaris rename_statements.py:1564 - main - Would rename to: PNC\2025-03\PNC_statement_4176790593_2025-03-31.pdf
2025-04-02 15:47:09 - INFO - Arctaris rename_statements.py:1544 - main - [102/110] Processing file: statement_4179447491_2025-03-31.pdf
2025-04-02 15:47:09 - INFO - Arctaris rename_statements.py:303 - process_pdf - Successfully identified bank type: PNC
2025-04-02 15:47:09 - INFO - Arctaris rename_statements.py:1551 - main - Extracted information: <__main__.StatementInfo object at 0x000001F233AB4A70>
2025-04-02 15:47:09 - INFO - Arctaris rename_statements.py:303 - process_pdf - Successfully identified bank type: PNC
2025-04-02 15:47:09 - INFO - Arctaris rename_statements.py:1564 - main - Would rename to: PNC\2025-03\PNC_statement_4179447491_2025-03-31.pdf
2025-04-02 15:47:09 - INFO - Arctaris rename_statements.py:1544 - main - [103/110] Processing file: statement_4179559231_2025-03-31.pdf
2025-04-02 15:47:09 - INFO - Arctaris rename_statements.py:303 - process_pdf - Successfully identified bank type: PNC
2025-04-02 15:47:09 - INFO - Arctaris rename_statements.py:1551 - main - Extracted information: <__main__.StatementInfo object at 0x000001F233AB43B0>
2025-04-02 15:47:09 - INFO - Arctaris rename_statements.py:303 - process_pdf - Successfully identified bank type: PNC
2025-04-02 15:47:09 - INFO - Arctaris rename_statements.py:1564 - main - Would rename to: PNC\2025-03\PNC_statement_4179559231_2025-03-31.pdf
2025-04-02 15:47:09 - INFO - Arctaris rename_statements.py:1544 - main - [104/110] Processing file: statement_4179559338_2025-03-31.pdf
2025-04-02 15:47:09 - INFO - Arctaris rename_statements.py:303 - process_pdf - Successfully identified bank type: PNC
2025-04-02 15:47:09 - INFO - Arctaris rename_statements.py:1551 - main - Extracted information: <__main__.StatementInfo object at 0x000001F233AB5A30>
2025-04-02 15:47:09 - INFO - Arctaris rename_statements.py:303 - process_pdf - Successfully identified bank type: PNC
2025-04-02 15:47:09 - INFO - Arctaris rename_statements.py:1564 - main - Would rename to: PNC\2025-03\PNC_statement_4179559338_2025-03-31.pdf
2025-04-02 15:47:09 - INFO - Arctaris rename_statements.py:1544 - main - [105/110] Processing file: statement_4179667988_2025-03-31.pdf
2025-04-02 15:47:09 - INFO - Arctaris rename_statements.py:303 - process_pdf - Successfully identified bank type: PNC
2025-04-02 15:47:09 - INFO - Arctaris rename_statements.py:1551 - main - Extracted information: <__main__.StatementInfo object at 0x000001F2334C92E0>
2025-04-02 15:47:09 - INFO - Arctaris rename_statements.py:303 - process_pdf - Successfully identified bank type: PNC
2025-04-02 15:47:09 - INFO - Arctaris rename_statements.py:1564 - main - Would rename to: PNC\2025-03\PNC_statement_4179667988_2025-03-31.pdf
2025-04-02 15:47:09 - INFO - Arctaris rename_statements.py:1544 - main - [106/110] Processing file: statement_4698117603_2025-03-31.pdf
2025-04-02 15:47:09 - INFO - Arctaris rename_statements.py:303 - process_pdf - Successfully identified bank type: PNC
2025-04-02 15:47:09 - INFO - Arctaris rename_statements.py:1551 - main - Extracted information: <__main__.StatementInfo object at 0x000001F233AB6B70>
2025-04-02 15:47:09 - INFO - Arctaris rename_statements.py:303 - process_pdf - Successfully identified bank type: PNC
2025-04-02 15:47:09 - INFO - Arctaris rename_statements.py:1564 - main - Would rename to: PNC\2025-03\PNC_statement_4698117603_2025-03-31.pdf
2025-04-02 15:47:09 - INFO - Arctaris rename_statements.py:1544 - main - [107/110] Processing file: NewStatement (1).pdf
2025-04-02 15:47:09 - WARNING - Arctaris rename_statements.py:241 - process_pdf - Limited text extracted from newstatement (1).pdf, attempting filename-based detection
2025-04-02 15:47:09 - INFO - Arctaris rename_statements.py:252 - process_pdf - Using filename-based detection: Classified as Berkshire
2025-04-02 15:47:09 - INFO - Arctaris rename_statements.py:1551 - main - Extracted information: <__main__.StatementInfo object at 0x000001F2334E8680>
2025-04-02 15:47:09 - WARNING - Arctaris rename_statements.py:241 - process_pdf - Limited text extracted from newstatement (1).pdf, attempting filename-based detection
2025-04-02 15:47:09 - INFO - Arctaris rename_statements.py:252 - process_pdf - Using filename-based detection: Classified as Berkshire
2025-04-02 15:47:09 - INFO - Arctaris rename_statements.py:1564 - main - Would rename to: Berkshire\2025-04\Berkshire_Account1_20250402.pdf
2025-04-02 15:47:09 - INFO - Arctaris rename_statements.py:1544 - main - [108/110] Processing file: NewStatement (2).pdf
2025-04-02 15:47:10 - WARNING - Arctaris rename_statements.py:241 - process_pdf - Limited text extracted from newstatement (2).pdf, attempting filename-based detection
2025-04-02 15:47:10 - INFO - Arctaris rename_statements.py:252 - process_pdf - Using filename-based detection: Classified as Berkshire
2025-04-02 15:47:10 - INFO - Arctaris rename_statements.py:1551 - main - Extracted information: <__main__.StatementInfo object at 0x000001F23348AD80>
2025-04-02 15:47:10 - WARNING - Arctaris rename_statements.py:241 - process_pdf - Limited text extracted from newstatement (2).pdf, attempting filename-based detection
2025-04-02 15:47:10 - INFO - Arctaris rename_statements.py:252 - process_pdf - Using filename-based detection: Classified as Berkshire
2025-04-02 15:47:10 - INFO - Arctaris rename_statements.py:1564 - main - Would rename to: Berkshire\2025-04\Berkshire_Account2_20250402.pdf
2025-04-02 15:47:10 - INFO - Arctaris rename_statements.py:1544 - main - [109/110] Processing file: NewStatement (3).pdf
2025-04-02 15:47:10 - WARNING - Arctaris rename_statements.py:241 - process_pdf - Limited text extracted from newstatement (3).pdf, attempting filename-based detection
2025-04-02 15:47:10 - INFO - Arctaris rename_statements.py:252 - process_pdf - Using filename-based detection: Classified as Berkshire
2025-04-02 15:47:10 - INFO - Arctaris rename_statements.py:1551 - main - Extracted information: <__main__.StatementInfo object at 0x000001F233462150>
2025-04-02 15:47:10 - WARNING - Arctaris rename_statements.py:241 - process_pdf - Limited text extracted from newstatement (3).pdf, attempting filename-based detection
2025-04-02 15:47:10 - INFO - Arctaris rename_statements.py:252 - process_pdf - Using filename-based detection: Classified as Berkshire
2025-04-02 15:47:10 - INFO - Arctaris rename_statements.py:1564 - main - Would rename to: Berkshire\2025-04\Berkshire_Account3_20250402.pdf
2025-04-02 15:47:10 - INFO - Arctaris rename_statements.py:1544 - main - [110/110] Processing file: NewStatement.pdf
2025-04-02 15:47:10 - WARNING - Arctaris rename_statements.py:241 - process_pdf - Limited text extracted from newstatement.pdf, attempting filename-based detection
2025-04-02 15:47:10 - INFO - Arctaris rename_statements.py:252 - process_pdf - Using filename-based detection: Classified as Berkshire
2025-04-02 15:47:10 - INFO - Arctaris rename_statements.py:1551 - main - Extracted information: <__main__.StatementInfo object at 0x000001F2334EB8C0>
2025-04-02 15:47:10 - WARNING - Arctaris rename_statements.py:241 - process_pdf - Limited text extracted from newstatement.pdf, attempting filename-based detection
2025-04-02 15:47:10 - INFO - Arctaris rename_statements.py:252 - process_pdf - Using filename-based detection: Classified as Berkshire
2025-04-02 15:47:10 - INFO - Arctaris rename_statements.py:1564 - main - Would rename to: Berkshire\2025-04\Berkshire_Account_20250402.pdf
2025-04-02 15:47:10 - INFO - Arctaris rename_statements.py:1620 - main - 
Dry run completed in 4.00 seconds.
2025-04-02 15:47:10 - INFO - Arctaris rename_statements.py:1624 - main - Preview checklist saved to: checklists\preview_checklist_20250402_154710.csv
2025-04-02 15:47:10 - INFO - Arctaris rename_statements.py:1628 - main - 110 files would be processed.
