2025-04-02 16:09:17 - INFO - Arctaris rename_statements.py:1423 - setup_logging - Logging initialized at level INFO
2025-04-02 16:09:17 - INFO - Arctaris rename_statements.py:1424 - setup_logging - Log file: C:\Users\Christian\OneDrive - Arctaris Michigan Partners, LLC\Desktop\Bank Automation\Codes\Bank Statements\logs\pdf_processor_20250402_160917.log
2025-04-02 16:09:17 - INFO - Arctaris rename_statements.py:1489 - main - Starting PDF rename script (version 2.0)
2025-04-02 16:09:17 - INFO - Arctaris rename_statements.py:1490 - main - Input folder: C:\Users\Christian\OneDrive - Arctaris Michigan Partners, LLC\Desktop\Bank Automation\input_statements
2025-04-02 16:09:17 - INFO - Arctaris rename_statements.py:1491 - main - Output folder: C:\Users\Christian\OneDrive - Arctaris Michigan Partners, LLC\Desktop\Bank Automation\processed_statements
2025-04-02 16:09:17 - INFO - Arctaris rename_statements.py:1509 - main - Found 4 repaired files that will be skipped
2025-04-02 16:09:17 - INFO - Arctaris rename_statements.py:1524 - main - Found 110 PDF file(s) to process
2025-04-02 16:09:18 - INFO - Arctaris rename_statements.py:1159 - find_duplicate_files - Duplicate group - Original: dxweb (26).pdf, Duplicates: dxweb (27).pdf
2025-04-02 16:09:18 - INFO - Arctaris rename_statements.py:1159 - find_duplicate_files - Duplicate group - Original: dxweb (32).pdf, Duplicates: dxweb (33).pdf
2025-04-02 16:09:18 - WARNING - Arctaris rename_statements.py:1532 - main - Found 2 groups of duplicate files:
2025-04-02 16:09:18 - WARNING - Arctaris rename_statements.py:1534 - main -   Duplicate group (2 files):
2025-04-02 16:09:18 - WARNING - Arctaris rename_statements.py:1537 - main -     - dxweb (26).pdf
2025-04-02 16:09:18 - WARNING - Arctaris rename_statements.py:1537 - main -     - dxweb (27).pdf
2025-04-02 16:09:18 - INFO - Arctaris rename_statements.py:1542 - main -   Original: dxweb (26).pdf, Duplicates: dxweb (27).pdf
2025-04-02 16:09:18 - WARNING - Arctaris rename_statements.py:1534 - main -   Duplicate group (2 files):
2025-04-02 16:09:18 - WARNING - Arctaris rename_statements.py:1537 - main -     - dxweb (32).pdf
2025-04-02 16:09:18 - WARNING - Arctaris rename_statements.py:1537 - main -     - dxweb (33).pdf
2025-04-02 16:09:18 - INFO - Arctaris rename_statements.py:1542 - main -   Original: dxweb (32).pdf, Duplicates: dxweb (33).pdf
2025-04-02 16:09:18 - INFO - Arctaris rename_statements.py:1561 - main - 
=== PREVIEW MODE ===
2025-04-02 16:09:18 - INFO - Arctaris rename_statements.py:1569 - main - Verifying PDF files...
2025-04-02 16:09:18 - WARNING - Arctaris rename_statements.py:1580 - main - File verification failed for NewStatement (1).pdf: Could not extract text (possible scan/image PDF)
2025-04-02 16:09:18 - WARNING - Arctaris rename_statements.py:1580 - main - File verification failed for NewStatement (2).pdf: Could not extract text (possible scan/image PDF)
2025-04-02 16:09:18 - WARNING - Arctaris rename_statements.py:1580 - main - File verification failed for NewStatement (3).pdf: Could not extract text (possible scan/image PDF)
2025-04-02 16:09:18 - WARNING - Arctaris rename_statements.py:1580 - main - File verification failed for NewStatement.pdf: Could not extract text (possible scan/image PDF)
2025-04-02 16:09:19 - WARNING - Arctaris rename_statements.py:1584 - main - 4 files failed verification
2025-04-02 16:09:19 - INFO - Arctaris rename_statements.py:1592 - main - Attempting to repair NewStatement (1).pdf
2025-04-02 16:09:19 - INFO - Arctaris rename_statements.py:1597 - main - Successfully repaired NewStatement (1).pdf
2025-04-02 16:09:19 - INFO - Arctaris rename_statements.py:1592 - main - Attempting to repair NewStatement (2).pdf
2025-04-02 16:09:19 - INFO - Arctaris rename_statements.py:1597 - main - Successfully repaired NewStatement (2).pdf
2025-04-02 16:09:19 - INFO - Arctaris rename_statements.py:1592 - main - Attempting to repair NewStatement (3).pdf
2025-04-02 16:09:19 - INFO - Arctaris rename_statements.py:1597 - main - Successfully repaired NewStatement (3).pdf
2025-04-02 16:09:19 - INFO - Arctaris rename_statements.py:1592 - main - Attempting to repair NewStatement.pdf
2025-04-02 16:09:19 - INFO - Arctaris rename_statements.py:1597 - main - Successfully repaired NewStatement.pdf
2025-04-02 16:09:19 - INFO - Arctaris rename_statements.py:1602 - main - Added repaired file NewStatement (1).pdf to processing queue
2025-04-02 16:09:19 - INFO - Arctaris rename_statements.py:1602 - main - Added repaired file NewStatement (2).pdf to processing queue
2025-04-02 16:09:19 - INFO - Arctaris rename_statements.py:1602 - main - Added repaired file NewStatement (3).pdf to processing queue
2025-04-02 16:09:19 - INFO - Arctaris rename_statements.py:1602 - main - Added repaired file NewStatement.pdf to processing queue
2025-04-02 16:09:19 - INFO - Arctaris rename_statements.py:1606 - main - 110 files verified and ready for processing
2025-04-02 16:09:19 - INFO - Arctaris rename_statements.py:1615 - main - 
Processing batch 1 (1-20 of 110)
2025-04-02 16:09:19 - INFO - Arctaris rename_statements.py:1620 - main - [1/110] Processing file: dxweb (10).pdf
2025-04-02 16:09:19 - INFO - Arctaris rename_statements.py:202 - process_pdf - Processing dxweb file as BankUnited: dxweb (10).pdf
2025-04-02 16:09:19 - INFO - Arctaris rename_statements.py:1627 - main - Extracted information: <__main__.StatementInfo object at 0x0000025A4B9F0470>
2025-04-02 16:09:19 - INFO - Arctaris rename_statements.py:202 - process_pdf - Processing dxweb file as BankUnited: dxweb (10).pdf
2025-04-02 16:09:19 - INFO - Arctaris rename_statements.py:1640 - main - Would rename to: BankUnited\2025-04\Bank United Arctaris-10 April 2025 Statement.pdf
2025-04-02 16:09:19 - INFO - Arctaris rename_statements.py:1620 - main - [2/110] Processing file: dxweb (11).pdf
2025-04-02 16:09:19 - INFO - Arctaris rename_statements.py:202 - process_pdf - Processing dxweb file as BankUnited: dxweb (11).pdf
2025-04-02 16:09:19 - INFO - Arctaris rename_statements.py:1627 - main - Extracted information: <__main__.StatementInfo object at 0x0000025A4D5C1CD0>
2025-04-02 16:09:19 - INFO - Arctaris rename_statements.py:202 - process_pdf - Processing dxweb file as BankUnited: dxweb (11).pdf
2025-04-02 16:09:19 - INFO - Arctaris rename_statements.py:1640 - main - Would rename to: BankUnited\2025-04\Bank United Arctaris-11 April 2025 Statement.pdf
2025-04-02 16:09:19 - INFO - Arctaris rename_statements.py:1620 - main - [3/110] Processing file: dxweb (12).pdf
2025-04-02 16:09:19 - INFO - Arctaris rename_statements.py:202 - process_pdf - Processing dxweb file as BankUnited: dxweb (12).pdf
2025-04-02 16:09:19 - INFO - Arctaris rename_statements.py:1627 - main - Extracted information: <__main__.StatementInfo object at 0x0000025A4D74A1B0>
2025-04-02 16:09:19 - INFO - Arctaris rename_statements.py:202 - process_pdf - Processing dxweb file as BankUnited: dxweb (12).pdf
2025-04-02 16:09:19 - INFO - Arctaris rename_statements.py:1640 - main - Would rename to: BankUnited\2025-04\Bank United Arctaris-12 April 2025 Statement.pdf
2025-04-02 16:09:19 - INFO - Arctaris rename_statements.py:1620 - main - [4/110] Processing file: dxweb (13).pdf
2025-04-02 16:09:19 - INFO - Arctaris rename_statements.py:202 - process_pdf - Processing dxweb file as BankUnited: dxweb (13).pdf
2025-04-02 16:09:19 - INFO - Arctaris rename_statements.py:1627 - main - Extracted information: <__main__.StatementInfo object at 0x0000025A4D74A240>
2025-04-02 16:09:19 - INFO - Arctaris rename_statements.py:202 - process_pdf - Processing dxweb file as BankUnited: dxweb (13).pdf
2025-04-02 16:09:19 - INFO - Arctaris rename_statements.py:1640 - main - Would rename to: BankUnited\2025-04\Bank United Arctaris-13 April 2025 Statement.pdf
2025-04-02 16:09:19 - INFO - Arctaris rename_statements.py:1620 - main - [5/110] Processing file: dxweb (14).pdf
2025-04-02 16:09:19 - INFO - Arctaris rename_statements.py:202 - process_pdf - Processing dxweb file as BankUnited: dxweb (14).pdf
2025-04-02 16:09:19 - INFO - Arctaris rename_statements.py:1627 - main - Extracted information: <__main__.StatementInfo object at 0x0000025A4D74A2A0>
2025-04-02 16:09:19 - INFO - Arctaris rename_statements.py:202 - process_pdf - Processing dxweb file as BankUnited: dxweb (14).pdf
2025-04-02 16:09:19 - INFO - Arctaris rename_statements.py:1640 - main - Would rename to: BankUnited\2025-04\Bank United Arctaris-14 April 2025 Statement.pdf
2025-04-02 16:09:19 - INFO - Arctaris rename_statements.py:1620 - main - [6/110] Processing file: dxweb (15).pdf
2025-04-02 16:09:19 - INFO - Arctaris rename_statements.py:202 - process_pdf - Processing dxweb file as BankUnited: dxweb (15).pdf
2025-04-02 16:09:19 - INFO - Arctaris rename_statements.py:1627 - main - Extracted information: <__main__.StatementInfo object at 0x0000025A4D74A300>
2025-04-02 16:09:19 - INFO - Arctaris rename_statements.py:202 - process_pdf - Processing dxweb file as BankUnited: dxweb (15).pdf
2025-04-02 16:09:19 - INFO - Arctaris rename_statements.py:1640 - main - Would rename to: BankUnited\2025-04\Bank United Arctaris-15 April 2025 Statement.pdf
2025-04-02 16:09:19 - INFO - Arctaris rename_statements.py:1620 - main - [7/110] Processing file: dxweb (16).pdf
2025-04-02 16:09:19 - INFO - Arctaris rename_statements.py:202 - process_pdf - Processing dxweb file as BankUnited: dxweb (16).pdf
2025-04-02 16:09:19 - INFO - Arctaris rename_statements.py:1627 - main - Extracted information: <__main__.StatementInfo object at 0x0000025A4D74A360>
2025-04-02 16:09:19 - INFO - Arctaris rename_statements.py:202 - process_pdf - Processing dxweb file as BankUnited: dxweb (16).pdf
2025-04-02 16:09:19 - INFO - Arctaris rename_statements.py:1640 - main - Would rename to: BankUnited\2025-04\Bank United Arctaris-16 April 2025 Statement.pdf
2025-04-02 16:09:19 - INFO - Arctaris rename_statements.py:1620 - main - [8/110] Processing file: dxweb (17).pdf
2025-04-02 16:09:19 - INFO - Arctaris rename_statements.py:202 - process_pdf - Processing dxweb file as BankUnited: dxweb (17).pdf
2025-04-02 16:09:19 - INFO - Arctaris rename_statements.py:1627 - main - Extracted information: <__main__.StatementInfo object at 0x0000025A4D74A3C0>
2025-04-02 16:09:19 - INFO - Arctaris rename_statements.py:202 - process_pdf - Processing dxweb file as BankUnited: dxweb (17).pdf
2025-04-02 16:09:19 - INFO - Arctaris rename_statements.py:1640 - main - Would rename to: BankUnited\2025-04\Bank United Arctaris-17 April 2025 Statement.pdf
2025-04-02 16:09:19 - INFO - Arctaris rename_statements.py:1620 - main - [9/110] Processing file: dxweb (18).pdf
2025-04-02 16:09:19 - INFO - Arctaris rename_statements.py:202 - process_pdf - Processing dxweb file as BankUnited: dxweb (18).pdf
2025-04-02 16:09:19 - INFO - Arctaris rename_statements.py:1627 - main - Extracted information: <__main__.StatementInfo object at 0x0000025A4D74A420>
2025-04-02 16:09:19 - INFO - Arctaris rename_statements.py:202 - process_pdf - Processing dxweb file as BankUnited: dxweb (18).pdf
2025-04-02 16:09:19 - INFO - Arctaris rename_statements.py:1640 - main - Would rename to: BankUnited\2025-04\Bank United Arctaris-18 April 2025 Statement.pdf
2025-04-02 16:09:19 - INFO - Arctaris rename_statements.py:1620 - main - [10/110] Processing file: dxweb (19).pdf
2025-04-02 16:09:19 - INFO - Arctaris rename_statements.py:202 - process_pdf - Processing dxweb file as BankUnited: dxweb (19).pdf
2025-04-02 16:09:19 - INFO - Arctaris rename_statements.py:1627 - main - Extracted information: <__main__.StatementInfo object at 0x0000025A4D74A480>
2025-04-02 16:09:19 - INFO - Arctaris rename_statements.py:202 - process_pdf - Processing dxweb file as BankUnited: dxweb (19).pdf
2025-04-02 16:09:19 - INFO - Arctaris rename_statements.py:1640 - main - Would rename to: BankUnited\2025-04\Bank United Arctaris-19 April 2025 Statement.pdf
2025-04-02 16:09:19 - INFO - Arctaris rename_statements.py:1620 - main - [11/110] Processing file: dxweb (20).pdf
2025-04-02 16:09:19 - INFO - Arctaris rename_statements.py:202 - process_pdf - Processing dxweb file as BankUnited: dxweb (20).pdf
2025-04-02 16:09:19 - INFO - Arctaris rename_statements.py:1627 - main - Extracted information: <__main__.StatementInfo object at 0x0000025A4D74A4E0>
2025-04-02 16:09:19 - INFO - Arctaris rename_statements.py:202 - process_pdf - Processing dxweb file as BankUnited: dxweb (20).pdf
2025-04-02 16:09:19 - INFO - Arctaris rename_statements.py:1640 - main - Would rename to: BankUnited\2025-04\Bank United Arctaris-20 April 2025 Statement.pdf
2025-04-02 16:09:19 - INFO - Arctaris rename_statements.py:1620 - main - [12/110] Processing file: dxweb (21).pdf
2025-04-02 16:09:19 - INFO - Arctaris rename_statements.py:202 - process_pdf - Processing dxweb file as BankUnited: dxweb (21).pdf
2025-04-02 16:09:19 - INFO - Arctaris rename_statements.py:1627 - main - Extracted information: <__main__.StatementInfo object at 0x0000025A4D74A540>
2025-04-02 16:09:19 - INFO - Arctaris rename_statements.py:202 - process_pdf - Processing dxweb file as BankUnited: dxweb (21).pdf
2025-04-02 16:09:19 - INFO - Arctaris rename_statements.py:1640 - main - Would rename to: BankUnited\2025-04\Bank United Arctaris-21 April 2025 Statement.pdf
2025-04-02 16:09:19 - INFO - Arctaris rename_statements.py:1620 - main - [13/110] Processing file: dxweb (22).pdf
2025-04-02 16:09:19 - INFO - Arctaris rename_statements.py:202 - process_pdf - Processing dxweb file as BankUnited: dxweb (22).pdf
2025-04-02 16:09:19 - INFO - Arctaris rename_statements.py:1627 - main - Extracted information: <__main__.StatementInfo object at 0x0000025A4D74A5A0>
2025-04-02 16:09:19 - INFO - Arctaris rename_statements.py:202 - process_pdf - Processing dxweb file as BankUnited: dxweb (22).pdf
2025-04-02 16:09:19 - INFO - Arctaris rename_statements.py:1640 - main - Would rename to: BankUnited\2025-04\Bank United Arctaris-22 April 2025 Statement.pdf
2025-04-02 16:09:19 - INFO - Arctaris rename_statements.py:1620 - main - [14/110] Processing file: dxweb (23).pdf
2025-04-02 16:09:19 - INFO - Arctaris rename_statements.py:202 - process_pdf - Processing dxweb file as BankUnited: dxweb (23).pdf
2025-04-02 16:09:19 - INFO - Arctaris rename_statements.py:1627 - main - Extracted information: <__main__.StatementInfo object at 0x0000025A4D74A600>
2025-04-02 16:09:19 - INFO - Arctaris rename_statements.py:202 - process_pdf - Processing dxweb file as BankUnited: dxweb (23).pdf
2025-04-02 16:09:19 - INFO - Arctaris rename_statements.py:1640 - main - Would rename to: BankUnited\2025-04\Bank United Arctaris-23 April 2025 Statement.pdf
2025-04-02 16:09:19 - INFO - Arctaris rename_statements.py:1620 - main - [15/110] Processing file: dxweb (24).pdf
2025-04-02 16:09:19 - INFO - Arctaris rename_statements.py:202 - process_pdf - Processing dxweb file as BankUnited: dxweb (24).pdf
2025-04-02 16:09:19 - INFO - Arctaris rename_statements.py:1627 - main - Extracted information: <__main__.StatementInfo object at 0x0000025A4D74A660>
2025-04-02 16:09:19 - INFO - Arctaris rename_statements.py:202 - process_pdf - Processing dxweb file as BankUnited: dxweb (24).pdf
2025-04-02 16:09:19 - INFO - Arctaris rename_statements.py:1640 - main - Would rename to: BankUnited\2025-04\Bank United Arctaris-24 April 2025 Statement.pdf
2025-04-02 16:09:19 - INFO - Arctaris rename_statements.py:1620 - main - [16/110] Processing file: dxweb (25).pdf
2025-04-02 16:09:19 - INFO - Arctaris rename_statements.py:202 - process_pdf - Processing dxweb file as BankUnited: dxweb (25).pdf
2025-04-02 16:09:19 - INFO - Arctaris rename_statements.py:1627 - main - Extracted information: <__main__.StatementInfo object at 0x0000025A4D74A6C0>
2025-04-02 16:09:19 - INFO - Arctaris rename_statements.py:202 - process_pdf - Processing dxweb file as BankUnited: dxweb (25).pdf
2025-04-02 16:09:19 - INFO - Arctaris rename_statements.py:1640 - main - Would rename to: BankUnited\2025-04\Bank United Arctaris-25 April 2025 Statement.pdf
2025-04-02 16:09:19 - INFO - Arctaris rename_statements.py:1620 - main - [17/110] Processing file: dxweb (26).pdf
2025-04-02 16:09:19 - INFO - Arctaris rename_statements.py:202 - process_pdf - Processing dxweb file as BankUnited: dxweb (26).pdf
2025-04-02 16:09:19 - INFO - Arctaris rename_statements.py:1627 - main - Extracted information: <__main__.StatementInfo object at 0x0000025A4D74A720>
2025-04-02 16:09:19 - INFO - Arctaris rename_statements.py:202 - process_pdf - Processing dxweb file as BankUnited: dxweb (26).pdf
2025-04-02 16:09:19 - INFO - Arctaris rename_statements.py:1640 - main - Would rename to: BankUnited\2025-04\Bank United Arctaris-26 April 2025 Statement.pdf
2025-04-02 16:09:19 - INFO - Arctaris rename_statements.py:1620 - main - [18/110] Processing file: dxweb (27).pdf
2025-04-02 16:09:19 - INFO - Arctaris rename_statements.py:202 - process_pdf - Processing dxweb file as BankUnited: dxweb (27).pdf
2025-04-02 16:09:19 - INFO - Arctaris rename_statements.py:1627 - main - Extracted information: <__main__.StatementInfo object at 0x0000025A4D74A780>
2025-04-02 16:09:19 - INFO - Arctaris rename_statements.py:202 - process_pdf - Processing dxweb file as BankUnited: dxweb (27).pdf
2025-04-02 16:09:19 - INFO - Arctaris rename_statements.py:1640 - main - Would rename to: BankUnited\2025-04\Bank United Arctaris-27 April 2025 Statement.pdf
2025-04-02 16:09:19 - INFO - Arctaris rename_statements.py:1620 - main - [19/110] Processing file: dxweb (28).pdf
2025-04-02 16:09:19 - INFO - Arctaris rename_statements.py:202 - process_pdf - Processing dxweb file as BankUnited: dxweb (28).pdf
2025-04-02 16:09:19 - INFO - Arctaris rename_statements.py:1627 - main - Extracted information: <__main__.StatementInfo object at 0x0000025A4D53D8B0>
2025-04-02 16:09:19 - INFO - Arctaris rename_statements.py:202 - process_pdf - Processing dxweb file as BankUnited: dxweb (28).pdf
2025-04-02 16:09:19 - INFO - Arctaris rename_statements.py:1640 - main - Would rename to: BankUnited\2025-04\Bank United Arctaris-28 April 2025 Statement.pdf
2025-04-02 16:09:19 - INFO - Arctaris rename_statements.py:1620 - main - [20/110] Processing file: dxweb (29).pdf
2025-04-02 16:09:19 - INFO - Arctaris rename_statements.py:202 - process_pdf - Processing dxweb file as BankUnited: dxweb (29).pdf
2025-04-02 16:09:19 - INFO - Arctaris rename_statements.py:1627 - main - Extracted information: <__main__.StatementInfo object at 0x0000025A4D74A810>
2025-04-02 16:09:19 - INFO - Arctaris rename_statements.py:202 - process_pdf - Processing dxweb file as BankUnited: dxweb (29).pdf
2025-04-02 16:09:19 - INFO - Arctaris rename_statements.py:1640 - main - Would rename to: BankUnited\2025-04\Bank United Arctaris-29 April 2025 Statement.pdf
2025-04-02 16:09:19 - INFO - Arctaris rename_statements.py:1615 - main - 
Processing batch 2 (21-40 of 110)
2025-04-02 16:09:19 - INFO - Arctaris rename_statements.py:1620 - main - [21/110] Processing file: dxweb (30).pdf
2025-04-02 16:09:19 - INFO - Arctaris rename_statements.py:202 - process_pdf - Processing dxweb file as BankUnited: dxweb (30).pdf
2025-04-02 16:09:19 - INFO - Arctaris rename_statements.py:1627 - main - Extracted information: <__main__.StatementInfo object at 0x0000025A4D74A870>
2025-04-02 16:09:19 - INFO - Arctaris rename_statements.py:202 - process_pdf - Processing dxweb file as BankUnited: dxweb (30).pdf
2025-04-02 16:09:19 - INFO - Arctaris rename_statements.py:1640 - main - Would rename to: BankUnited\2025-04\Bank United Arctaris-30 April 2025 Statement.pdf
2025-04-02 16:09:19 - INFO - Arctaris rename_statements.py:1620 - main - [22/110] Processing file: dxweb (31).pdf
2025-04-02 16:09:19 - INFO - Arctaris rename_statements.py:202 - process_pdf - Processing dxweb file as BankUnited: dxweb (31).pdf
2025-04-02 16:09:19 - INFO - Arctaris rename_statements.py:1627 - main - Extracted information: <__main__.StatementInfo object at 0x0000025A4D74A8D0>
2025-04-02 16:09:19 - INFO - Arctaris rename_statements.py:202 - process_pdf - Processing dxweb file as BankUnited: dxweb (31).pdf
2025-04-02 16:09:19 - INFO - Arctaris rename_statements.py:1640 - main - Would rename to: BankUnited\2025-04\Bank United Arctaris-31 April 2025 Statement.pdf
2025-04-02 16:09:19 - INFO - Arctaris rename_statements.py:1620 - main - [23/110] Processing file: dxweb (32).pdf
2025-04-02 16:09:19 - INFO - Arctaris rename_statements.py:202 - process_pdf - Processing dxweb file as BankUnited: dxweb (32).pdf
2025-04-02 16:09:19 - INFO - Arctaris rename_statements.py:1627 - main - Extracted information: <__main__.StatementInfo object at 0x0000025A4D74A930>
2025-04-02 16:09:19 - INFO - Arctaris rename_statements.py:202 - process_pdf - Processing dxweb file as BankUnited: dxweb (32).pdf
2025-04-02 16:09:19 - INFO - Arctaris rename_statements.py:1640 - main - Would rename to: BankUnited\2025-04\Bank United Arctaris-32 April 2025 Statement.pdf
2025-04-02 16:09:19 - INFO - Arctaris rename_statements.py:1620 - main - [24/110] Processing file: dxweb (33).pdf
2025-04-02 16:09:19 - INFO - Arctaris rename_statements.py:202 - process_pdf - Processing dxweb file as BankUnited: dxweb (33).pdf
2025-04-02 16:09:19 - INFO - Arctaris rename_statements.py:1627 - main - Extracted information: <__main__.StatementInfo object at 0x0000025A4D74A990>
2025-04-02 16:09:19 - INFO - Arctaris rename_statements.py:202 - process_pdf - Processing dxweb file as BankUnited: dxweb (33).pdf
2025-04-02 16:09:19 - INFO - Arctaris rename_statements.py:1640 - main - Would rename to: BankUnited\2025-04\Bank United Arctaris-33 April 2025 Statement.pdf
2025-04-02 16:09:19 - INFO - Arctaris rename_statements.py:1620 - main - [25/110] Processing file: dxweb (34).pdf
2025-04-02 16:09:19 - INFO - Arctaris rename_statements.py:202 - process_pdf - Processing dxweb file as BankUnited: dxweb (34).pdf
2025-04-02 16:09:19 - INFO - Arctaris rename_statements.py:1627 - main - Extracted information: <__main__.StatementInfo object at 0x0000025A4D74A7E0>
2025-04-02 16:09:19 - INFO - Arctaris rename_statements.py:202 - process_pdf - Processing dxweb file as BankUnited: dxweb (34).pdf
2025-04-02 16:09:19 - INFO - Arctaris rename_statements.py:1640 - main - Would rename to: BankUnited\2025-04\Bank United Arctaris-34 April 2025 Statement.pdf
2025-04-02 16:09:19 - INFO - Arctaris rename_statements.py:1620 - main - [26/110] Processing file: dxweb (35).pdf
2025-04-02 16:09:19 - INFO - Arctaris rename_statements.py:202 - process_pdf - Processing dxweb file as BankUnited: dxweb (35).pdf
2025-04-02 16:09:19 - INFO - Arctaris rename_statements.py:1627 - main - Extracted information: <__main__.StatementInfo object at 0x0000025A4D74AA80>
2025-04-02 16:09:19 - INFO - Arctaris rename_statements.py:202 - process_pdf - Processing dxweb file as BankUnited: dxweb (35).pdf
2025-04-02 16:09:19 - INFO - Arctaris rename_statements.py:1640 - main - Would rename to: BankUnited\2025-04\Bank United Arctaris-35 April 2025 Statement.pdf
2025-04-02 16:09:19 - INFO - Arctaris rename_statements.py:1620 - main - [27/110] Processing file: dxweb (8).pdf
2025-04-02 16:09:19 - INFO - Arctaris rename_statements.py:202 - process_pdf - Processing dxweb file as BankUnited: dxweb (8).pdf
2025-04-02 16:09:19 - INFO - Arctaris rename_statements.py:1627 - main - Extracted information: <__main__.StatementInfo object at 0x0000025A4D74AAE0>
2025-04-02 16:09:19 - INFO - Arctaris rename_statements.py:202 - process_pdf - Processing dxweb file as BankUnited: dxweb (8).pdf
2025-04-02 16:09:19 - INFO - Arctaris rename_statements.py:1640 - main - Would rename to: BankUnited\2025-04\Bank United Arctaris-8 April 2025 Statement.pdf
2025-04-02 16:09:19 - INFO - Arctaris rename_statements.py:1620 - main - [28/110] Processing file: dxweb (9).pdf
2025-04-02 16:09:19 - INFO - Arctaris rename_statements.py:202 - process_pdf - Processing dxweb file as BankUnited: dxweb (9).pdf
2025-04-02 16:09:19 - INFO - Arctaris rename_statements.py:1627 - main - Extracted information: <__main__.StatementInfo object at 0x0000025A4D74AB40>
2025-04-02 16:09:19 - INFO - Arctaris rename_statements.py:202 - process_pdf - Processing dxweb file as BankUnited: dxweb (9).pdf
2025-04-02 16:09:19 - INFO - Arctaris rename_statements.py:1640 - main - Would rename to: BankUnited\2025-04\Bank United Arctaris-9 April 2025 Statement.pdf
2025-04-02 16:09:19 - INFO - Arctaris rename_statements.py:1620 - main - [29/110] Processing file: Online Statements_2025-02-28 (1).pdf
2025-04-02 16:09:19 - INFO - Arctaris rename_statements.py:170 - process_pdf - Processing Online Statements file as Cambridge: Online Statements_2025-02-28 (1).pdf
2025-04-02 16:09:19 - INFO - Arctaris rename_statements.py:1627 - main - Extracted information: <__main__.StatementInfo object at 0x0000025A4D74ABA0>
2025-04-02 16:09:19 - INFO - Arctaris rename_statements.py:170 - process_pdf - Processing Online Statements file as Cambridge: Online Statements_2025-02-28 (1).pdf
2025-04-02 16:09:19 - INFO - Arctaris rename_statements.py:1640 - main - Would rename to: Cambridge\2025-02\Arctaris-1 Cambridge Savings 0001 February 2025.pdf
2025-04-02 16:09:19 - INFO - Arctaris rename_statements.py:1620 - main - [30/110] Processing file: Online Statements_2025-02-28 (10).pdf
2025-04-02 16:09:19 - INFO - Arctaris rename_statements.py:170 - process_pdf - Processing Online Statements file as Cambridge: Online Statements_2025-02-28 (10).pdf
2025-04-02 16:09:19 - INFO - Arctaris rename_statements.py:1627 - main - Extracted information: <__main__.StatementInfo object at 0x0000025A4D74A1E0>
2025-04-02 16:09:19 - INFO - Arctaris rename_statements.py:170 - process_pdf - Processing Online Statements file as Cambridge: Online Statements_2025-02-28 (10).pdf
2025-04-02 16:09:19 - INFO - Arctaris rename_statements.py:1640 - main - Would rename to: Cambridge\2025-02\Arctaris-10 Cambridge Savings 0010 February 2025.pdf
2025-04-02 16:09:19 - INFO - Arctaris rename_statements.py:1620 - main - [31/110] Processing file: Online Statements_2025-02-28 (11).pdf
2025-04-02 16:09:19 - INFO - Arctaris rename_statements.py:170 - process_pdf - Processing Online Statements file as Cambridge: Online Statements_2025-02-28 (11).pdf
2025-04-02 16:09:19 - INFO - Arctaris rename_statements.py:1627 - main - Extracted information: <__main__.StatementInfo object at 0x0000025A4D74BB30>
2025-04-02 16:09:19 - INFO - Arctaris rename_statements.py:170 - process_pdf - Processing Online Statements file as Cambridge: Online Statements_2025-02-28 (11).pdf
2025-04-02 16:09:19 - INFO - Arctaris rename_statements.py:1640 - main - Would rename to: Cambridge\2025-02\Arctaris-11 Cambridge Savings 0011 February 2025.pdf
2025-04-02 16:09:19 - INFO - Arctaris rename_statements.py:1620 - main - [32/110] Processing file: Online Statements_2025-02-28 (12).pdf
2025-04-02 16:09:19 - INFO - Arctaris rename_statements.py:170 - process_pdf - Processing Online Statements file as Cambridge: Online Statements_2025-02-28 (12).pdf
2025-04-02 16:09:19 - INFO - Arctaris rename_statements.py:1627 - main - Extracted information: <__main__.StatementInfo object at 0x0000025A4D6924E0>
2025-04-02 16:09:19 - INFO - Arctaris rename_statements.py:170 - process_pdf - Processing Online Statements file as Cambridge: Online Statements_2025-02-28 (12).pdf
2025-04-02 16:09:19 - INFO - Arctaris rename_statements.py:1640 - main - Would rename to: Cambridge\2025-02\Arctaris-12 Cambridge Savings 0012 February 2025.pdf
2025-04-02 16:09:19 - INFO - Arctaris rename_statements.py:1620 - main - [33/110] Processing file: Online Statements_2025-02-28 (13).pdf
2025-04-02 16:09:19 - INFO - Arctaris rename_statements.py:170 - process_pdf - Processing Online Statements file as Cambridge: Online Statements_2025-02-28 (13).pdf
2025-04-02 16:09:19 - INFO - Arctaris rename_statements.py:1627 - main - Extracted information: <__main__.StatementInfo object at 0x0000025A4D692900>
2025-04-02 16:09:19 - INFO - Arctaris rename_statements.py:170 - process_pdf - Processing Online Statements file as Cambridge: Online Statements_2025-02-28 (13).pdf
2025-04-02 16:09:19 - INFO - Arctaris rename_statements.py:1640 - main - Would rename to: Cambridge\2025-02\Arctaris-13 Cambridge Savings 0013 February 2025.pdf
2025-04-02 16:09:19 - INFO - Arctaris rename_statements.py:1620 - main - [34/110] Processing file: Online Statements_2025-02-28 (2).pdf
2025-04-02 16:09:19 - INFO - Arctaris rename_statements.py:170 - process_pdf - Processing Online Statements file as Cambridge: Online Statements_2025-02-28 (2).pdf
2025-04-02 16:09:19 - INFO - Arctaris rename_statements.py:1627 - main - Extracted information: <__main__.StatementInfo object at 0x0000025A4D6926F0>
2025-04-02 16:09:19 - INFO - Arctaris rename_statements.py:170 - process_pdf - Processing Online Statements file as Cambridge: Online Statements_2025-02-28 (2).pdf
2025-04-02 16:09:19 - INFO - Arctaris rename_statements.py:1640 - main - Would rename to: Cambridge\2025-02\Arctaris-2 Cambridge Savings 0002 February 2025.pdf
2025-04-02 16:09:19 - INFO - Arctaris rename_statements.py:1620 - main - [35/110] Processing file: Online Statements_2025-02-28 (3).pdf
2025-04-02 16:09:19 - INFO - Arctaris rename_statements.py:170 - process_pdf - Processing Online Statements file as Cambridge: Online Statements_2025-02-28 (3).pdf
2025-04-02 16:09:19 - INFO - Arctaris rename_statements.py:1627 - main - Extracted information: <__main__.StatementInfo object at 0x0000025A4D6924B0>
2025-04-02 16:09:19 - INFO - Arctaris rename_statements.py:170 - process_pdf - Processing Online Statements file as Cambridge: Online Statements_2025-02-28 (3).pdf
2025-04-02 16:09:19 - INFO - Arctaris rename_statements.py:1640 - main - Would rename to: Cambridge\2025-02\Arctaris-3 Cambridge Savings 0003 February 2025.pdf
2025-04-02 16:09:19 - INFO - Arctaris rename_statements.py:1620 - main - [36/110] Processing file: Online Statements_2025-02-28 (4).pdf
2025-04-02 16:09:19 - INFO - Arctaris rename_statements.py:170 - process_pdf - Processing Online Statements file as Cambridge: Online Statements_2025-02-28 (4).pdf
2025-04-02 16:09:19 - INFO - Arctaris rename_statements.py:1627 - main - Extracted information: <__main__.StatementInfo object at 0x0000025A4D692780>
2025-04-02 16:09:19 - INFO - Arctaris rename_statements.py:170 - process_pdf - Processing Online Statements file as Cambridge: Online Statements_2025-02-28 (4).pdf
2025-04-02 16:09:19 - INFO - Arctaris rename_statements.py:1640 - main - Would rename to: Cambridge\2025-02\Arctaris-4 Cambridge Savings 0004 February 2025.pdf
2025-04-02 16:09:19 - INFO - Arctaris rename_statements.py:1620 - main - [37/110] Processing file: Online Statements_2025-02-28 (5).pdf
2025-04-02 16:09:19 - INFO - Arctaris rename_statements.py:170 - process_pdf - Processing Online Statements file as Cambridge: Online Statements_2025-02-28 (5).pdf
2025-04-02 16:09:19 - INFO - Arctaris rename_statements.py:1627 - main - Extracted information: <__main__.StatementInfo object at 0x0000025A4D6927E0>
2025-04-02 16:09:19 - INFO - Arctaris rename_statements.py:170 - process_pdf - Processing Online Statements file as Cambridge: Online Statements_2025-02-28 (5).pdf
2025-04-02 16:09:19 - INFO - Arctaris rename_statements.py:1640 - main - Would rename to: Cambridge\2025-02\Arctaris-5 Cambridge Savings 0005 February 2025.pdf
2025-04-02 16:09:19 - INFO - Arctaris rename_statements.py:1620 - main - [38/110] Processing file: Online Statements_2025-02-28 (6).pdf
2025-04-02 16:09:19 - INFO - Arctaris rename_statements.py:170 - process_pdf - Processing Online Statements file as Cambridge: Online Statements_2025-02-28 (6).pdf
2025-04-02 16:09:19 - INFO - Arctaris rename_statements.py:1627 - main - Extracted information: <__main__.StatementInfo object at 0x0000025A4D692840>
2025-04-02 16:09:19 - INFO - Arctaris rename_statements.py:170 - process_pdf - Processing Online Statements file as Cambridge: Online Statements_2025-02-28 (6).pdf
2025-04-02 16:09:19 - INFO - Arctaris rename_statements.py:1640 - main - Would rename to: Cambridge\2025-02\Arctaris-6 Cambridge Savings 0006 February 2025.pdf
2025-04-02 16:09:19 - INFO - Arctaris rename_statements.py:1620 - main - [39/110] Processing file: Online Statements_2025-02-28 (7).pdf
2025-04-02 16:09:19 - INFO - Arctaris rename_statements.py:170 - process_pdf - Processing Online Statements file as Cambridge: Online Statements_2025-02-28 (7).pdf
2025-04-02 16:09:19 - INFO - Arctaris rename_statements.py:1627 - main - Extracted information: <__main__.StatementInfo object at 0x0000025A4D3B4350>
2025-04-02 16:09:19 - INFO - Arctaris rename_statements.py:170 - process_pdf - Processing Online Statements file as Cambridge: Online Statements_2025-02-28 (7).pdf
2025-04-02 16:09:19 - INFO - Arctaris rename_statements.py:1640 - main - Would rename to: Cambridge\2025-02\Arctaris-7 Cambridge Savings 0007 February 2025.pdf
2025-04-02 16:09:19 - INFO - Arctaris rename_statements.py:1620 - main - [40/110] Processing file: Online Statements_2025-02-28 (8).pdf
2025-04-02 16:09:19 - INFO - Arctaris rename_statements.py:170 - process_pdf - Processing Online Statements file as Cambridge: Online Statements_2025-02-28 (8).pdf
2025-04-02 16:09:19 - INFO - Arctaris rename_statements.py:1627 - main - Extracted information: <__main__.StatementInfo object at 0x0000025A4D692510>
2025-04-02 16:09:19 - INFO - Arctaris rename_statements.py:170 - process_pdf - Processing Online Statements file as Cambridge: Online Statements_2025-02-28 (8).pdf
2025-04-02 16:09:19 - INFO - Arctaris rename_statements.py:1640 - main - Would rename to: Cambridge\2025-02\Arctaris-8 Cambridge Savings 0008 February 2025.pdf
2025-04-02 16:09:19 - INFO - Arctaris rename_statements.py:1615 - main - 
Processing batch 3 (41-60 of 110)
2025-04-02 16:09:19 - INFO - Arctaris rename_statements.py:1620 - main - [41/110] Processing file: Online Statements_2025-02-28 (9).pdf
2025-04-02 16:09:19 - INFO - Arctaris rename_statements.py:170 - process_pdf - Processing Online Statements file as Cambridge: Online Statements_2025-02-28 (9).pdf
2025-04-02 16:09:19 - INFO - Arctaris rename_statements.py:1627 - main - Extracted information: <__main__.StatementInfo object at 0x0000025A4D692930>
2025-04-02 16:09:19 - INFO - Arctaris rename_statements.py:170 - process_pdf - Processing Online Statements file as Cambridge: Online Statements_2025-02-28 (9).pdf
2025-04-02 16:09:19 - INFO - Arctaris rename_statements.py:1640 - main - Would rename to: Cambridge\2025-02\Arctaris-9 Cambridge Savings 0009 February 2025.pdf
2025-04-02 16:09:19 - INFO - Arctaris rename_statements.py:1620 - main - [42/110] Processing file: Online Statements_2025-02-28.pdf
2025-04-02 16:09:19 - INFO - Arctaris rename_statements.py:170 - process_pdf - Processing Online Statements file as Cambridge: Online Statements_2025-02-28.pdf
2025-04-02 16:09:19 - INFO - Arctaris rename_statements.py:1627 - main - Extracted information: <__main__.StatementInfo object at 0x0000025A4D6929C0>
2025-04-02 16:09:19 - INFO - Arctaris rename_statements.py:170 - process_pdf - Processing Online Statements file as Cambridge: Online Statements_2025-02-28.pdf
2025-04-02 16:09:19 - INFO - Arctaris rename_statements.py:1640 - main - Would rename to: Cambridge\2025-02\Arctaris Cambridge Savings 0000 February 2025.pdf
2025-04-02 16:09:19 - INFO - Arctaris rename_statements.py:1620 - main - [43/110] Processing file: Online Statements_2025-03-31 (1).pdf
2025-04-02 16:09:19 - INFO - Arctaris rename_statements.py:170 - process_pdf - Processing Online Statements file as Cambridge: Online Statements_2025-03-31 (1).pdf
2025-04-02 16:09:19 - INFO - Arctaris rename_statements.py:1627 - main - Extracted information: <__main__.StatementInfo object at 0x0000025A4D6928A0>
2025-04-02 16:09:19 - INFO - Arctaris rename_statements.py:170 - process_pdf - Processing Online Statements file as Cambridge: Online Statements_2025-03-31 (1).pdf
2025-04-02 16:09:19 - INFO - Arctaris rename_statements.py:1640 - main - Would rename to: Cambridge\2025-03\Arctaris-1 Cambridge Savings 0001 March 2025.pdf
2025-04-02 16:09:19 - INFO - Arctaris rename_statements.py:1620 - main - [44/110] Processing file: Online Statements_2025-03-31 (10).pdf
2025-04-02 16:09:19 - INFO - Arctaris rename_statements.py:170 - process_pdf - Processing Online Statements file as Cambridge: Online Statements_2025-03-31 (10).pdf
2025-04-02 16:09:19 - INFO - Arctaris rename_statements.py:1627 - main - Extracted information: <__main__.StatementInfo object at 0x0000025A4D692960>
2025-04-02 16:09:19 - INFO - Arctaris rename_statements.py:170 - process_pdf - Processing Online Statements file as Cambridge: Online Statements_2025-03-31 (10).pdf
2025-04-02 16:09:19 - INFO - Arctaris rename_statements.py:1640 - main - Would rename to: Cambridge\2025-03\Arctaris-10 Cambridge Savings 0010 March 2025.pdf
2025-04-02 16:09:19 - INFO - Arctaris rename_statements.py:1620 - main - [45/110] Processing file: Online Statements_2025-03-31 (11).pdf
2025-04-02 16:09:19 - INFO - Arctaris rename_statements.py:170 - process_pdf - Processing Online Statements file as Cambridge: Online Statements_2025-03-31 (11).pdf
2025-04-02 16:09:19 - INFO - Arctaris rename_statements.py:1627 - main - Extracted information: <__main__.StatementInfo object at 0x0000025A4D692B70>
2025-04-02 16:09:19 - INFO - Arctaris rename_statements.py:170 - process_pdf - Processing Online Statements file as Cambridge: Online Statements_2025-03-31 (11).pdf
2025-04-02 16:09:19 - INFO - Arctaris rename_statements.py:1640 - main - Would rename to: Cambridge\2025-03\Arctaris-11 Cambridge Savings 0011 March 2025.pdf
2025-04-02 16:09:19 - INFO - Arctaris rename_statements.py:1620 - main - [46/110] Processing file: Online Statements_2025-03-31 (12).pdf
2025-04-02 16:09:19 - INFO - Arctaris rename_statements.py:170 - process_pdf - Processing Online Statements file as Cambridge: Online Statements_2025-03-31 (12).pdf
2025-04-02 16:09:19 - INFO - Arctaris rename_statements.py:1627 - main - Extracted information: <__main__.StatementInfo object at 0x0000025A4D692BD0>
2025-04-02 16:09:19 - INFO - Arctaris rename_statements.py:170 - process_pdf - Processing Online Statements file as Cambridge: Online Statements_2025-03-31 (12).pdf
2025-04-02 16:09:19 - INFO - Arctaris rename_statements.py:1640 - main - Would rename to: Cambridge\2025-03\Arctaris-12 Cambridge Savings 0012 March 2025.pdf
2025-04-02 16:09:19 - INFO - Arctaris rename_statements.py:1620 - main - [47/110] Processing file: Online Statements_2025-03-31 (13).pdf
2025-04-02 16:09:19 - INFO - Arctaris rename_statements.py:170 - process_pdf - Processing Online Statements file as Cambridge: Online Statements_2025-03-31 (13).pdf
2025-04-02 16:09:19 - INFO - Arctaris rename_statements.py:1627 - main - Extracted information: <__main__.StatementInfo object at 0x0000025A4D692C30>
2025-04-02 16:09:19 - INFO - Arctaris rename_statements.py:170 - process_pdf - Processing Online Statements file as Cambridge: Online Statements_2025-03-31 (13).pdf
2025-04-02 16:09:19 - INFO - Arctaris rename_statements.py:1640 - main - Would rename to: Cambridge\2025-03\Arctaris-13 Cambridge Savings 0013 March 2025.pdf
2025-04-02 16:09:19 - INFO - Arctaris rename_statements.py:1620 - main - [48/110] Processing file: Online Statements_2025-03-31 (2).pdf
2025-04-02 16:09:19 - INFO - Arctaris rename_statements.py:170 - process_pdf - Processing Online Statements file as Cambridge: Online Statements_2025-03-31 (2).pdf
2025-04-02 16:09:19 - INFO - Arctaris rename_statements.py:1627 - main - Extracted information: <__main__.StatementInfo object at 0x0000025A4D692C90>
2025-04-02 16:09:19 - INFO - Arctaris rename_statements.py:170 - process_pdf - Processing Online Statements file as Cambridge: Online Statements_2025-03-31 (2).pdf
2025-04-02 16:09:19 - INFO - Arctaris rename_statements.py:1640 - main - Would rename to: Cambridge\2025-03\Arctaris-2 Cambridge Savings 0002 March 2025.pdf
2025-04-02 16:09:19 - INFO - Arctaris rename_statements.py:1620 - main - [49/110] Processing file: Online Statements_2025-03-31 (3).pdf
2025-04-02 16:09:19 - INFO - Arctaris rename_statements.py:170 - process_pdf - Processing Online Statements file as Cambridge: Online Statements_2025-03-31 (3).pdf
2025-04-02 16:09:19 - INFO - Arctaris rename_statements.py:1627 - main - Extracted information: <__main__.StatementInfo object at 0x0000025A4D692B40>
2025-04-02 16:09:19 - INFO - Arctaris rename_statements.py:170 - process_pdf - Processing Online Statements file as Cambridge: Online Statements_2025-03-31 (3).pdf
2025-04-02 16:09:19 - INFO - Arctaris rename_statements.py:1640 - main - Would rename to: Cambridge\2025-03\Arctaris-3 Cambridge Savings 0003 March 2025.pdf
2025-04-02 16:09:19 - INFO - Arctaris rename_statements.py:1620 - main - [50/110] Processing file: Online Statements_2025-03-31 (4).pdf
2025-04-02 16:09:19 - INFO - Arctaris rename_statements.py:170 - process_pdf - Processing Online Statements file as Cambridge: Online Statements_2025-03-31 (4).pdf
2025-04-02 16:09:19 - INFO - Arctaris rename_statements.py:1627 - main - Extracted information: <__main__.StatementInfo object at 0x0000025A4D692BA0>
2025-04-02 16:09:19 - INFO - Arctaris rename_statements.py:170 - process_pdf - Processing Online Statements file as Cambridge: Online Statements_2025-03-31 (4).pdf
2025-04-02 16:09:19 - INFO - Arctaris rename_statements.py:1640 - main - Would rename to: Cambridge\2025-03\Arctaris-4 Cambridge Savings 0004 March 2025.pdf
2025-04-02 16:09:19 - INFO - Arctaris rename_statements.py:1620 - main - [51/110] Processing file: Online Statements_2025-03-31 (5).pdf
2025-04-02 16:09:19 - INFO - Arctaris rename_statements.py:170 - process_pdf - Processing Online Statements file as Cambridge: Online Statements_2025-03-31 (5).pdf
2025-04-02 16:09:19 - INFO - Arctaris rename_statements.py:1627 - main - Extracted information: <__main__.StatementInfo object at 0x0000025A4D692C00>
2025-04-02 16:09:19 - INFO - Arctaris rename_statements.py:170 - process_pdf - Processing Online Statements file as Cambridge: Online Statements_2025-03-31 (5).pdf
2025-04-02 16:09:19 - INFO - Arctaris rename_statements.py:1640 - main - Would rename to: Cambridge\2025-03\Arctaris-5 Cambridge Savings 0005 March 2025.pdf
2025-04-02 16:09:19 - INFO - Arctaris rename_statements.py:1620 - main - [52/110] Processing file: Online Statements_2025-03-31 (6).pdf
2025-04-02 16:09:19 - INFO - Arctaris rename_statements.py:170 - process_pdf - Processing Online Statements file as Cambridge: Online Statements_2025-03-31 (6).pdf
2025-04-02 16:09:19 - INFO - Arctaris rename_statements.py:1627 - main - Extracted information: <__main__.StatementInfo object at 0x0000025A4D692C60>
2025-04-02 16:09:19 - INFO - Arctaris rename_statements.py:170 - process_pdf - Processing Online Statements file as Cambridge: Online Statements_2025-03-31 (6).pdf
2025-04-02 16:09:19 - INFO - Arctaris rename_statements.py:1640 - main - Would rename to: Cambridge\2025-03\Arctaris-6 Cambridge Savings 0006 March 2025.pdf
2025-04-02 16:09:19 - INFO - Arctaris rename_statements.py:1620 - main - [53/110] Processing file: Online Statements_2025-03-31 (7).pdf
2025-04-02 16:09:19 - INFO - Arctaris rename_statements.py:170 - process_pdf - Processing Online Statements file as Cambridge: Online Statements_2025-03-31 (7).pdf
2025-04-02 16:09:19 - INFO - Arctaris rename_statements.py:1627 - main - Extracted information: <__main__.StatementInfo object at 0x0000025A4D692CC0>
2025-04-02 16:09:19 - INFO - Arctaris rename_statements.py:170 - process_pdf - Processing Online Statements file as Cambridge: Online Statements_2025-03-31 (7).pdf
2025-04-02 16:09:19 - INFO - Arctaris rename_statements.py:1640 - main - Would rename to: Cambridge\2025-03\Arctaris-7 Cambridge Savings 0007 March 2025.pdf
2025-04-02 16:09:19 - INFO - Arctaris rename_statements.py:1620 - main - [54/110] Processing file: Online Statements_2025-03-31 (8).pdf
2025-04-02 16:09:19 - INFO - Arctaris rename_statements.py:170 - process_pdf - Processing Online Statements file as Cambridge: Online Statements_2025-03-31 (8).pdf
2025-04-02 16:09:19 - INFO - Arctaris rename_statements.py:1627 - main - Extracted information: <__main__.StatementInfo object at 0x0000025A4D692D20>
2025-04-02 16:09:19 - INFO - Arctaris rename_statements.py:170 - process_pdf - Processing Online Statements file as Cambridge: Online Statements_2025-03-31 (8).pdf
2025-04-02 16:09:19 - INFO - Arctaris rename_statements.py:1640 - main - Would rename to: Cambridge\2025-03\Arctaris-8 Cambridge Savings 0008 March 2025.pdf
2025-04-02 16:09:19 - INFO - Arctaris rename_statements.py:1620 - main - [55/110] Processing file: Online Statements_2025-03-31 (9).pdf
2025-04-02 16:09:19 - INFO - Arctaris rename_statements.py:170 - process_pdf - Processing Online Statements file as Cambridge: Online Statements_2025-03-31 (9).pdf
2025-04-02 16:09:19 - INFO - Arctaris rename_statements.py:1627 - main - Extracted information: <__main__.StatementInfo object at 0x0000025A4D692D80>
2025-04-02 16:09:19 - INFO - Arctaris rename_statements.py:170 - process_pdf - Processing Online Statements file as Cambridge: Online Statements_2025-03-31 (9).pdf
2025-04-02 16:09:19 - INFO - Arctaris rename_statements.py:1640 - main - Would rename to: Cambridge\2025-03\Arctaris-9 Cambridge Savings 0009 March 2025.pdf
2025-04-02 16:09:19 - INFO - Arctaris rename_statements.py:1620 - main - [56/110] Processing file: Online Statements_2025-03-31.pdf
2025-04-02 16:09:19 - INFO - Arctaris rename_statements.py:170 - process_pdf - Processing Online Statements file as Cambridge: Online Statements_2025-03-31.pdf
2025-04-02 16:09:19 - INFO - Arctaris rename_statements.py:1627 - main - Extracted information: <__main__.StatementInfo object at 0x0000025A4D692DE0>
2025-04-02 16:09:19 - INFO - Arctaris rename_statements.py:170 - process_pdf - Processing Online Statements file as Cambridge: Online Statements_2025-03-31.pdf
2025-04-02 16:09:19 - INFO - Arctaris rename_statements.py:1640 - main - Would rename to: Cambridge\2025-03\Arctaris Cambridge Savings 0000 March 2025.pdf
2025-04-02 16:09:19 - INFO - Arctaris rename_statements.py:1620 - main - [57/110] Processing file: statement_1092246474_2025-03-31.pdf
2025-04-02 16:09:19 - INFO - Arctaris rename_statements.py:303 - process_pdf - Successfully identified bank type: PNC
2025-04-02 16:09:19 - INFO - Arctaris rename_statements.py:1627 - main - Extracted information: <__main__.StatementInfo object at 0x0000025A4D693920>
2025-04-02 16:09:19 - INFO - Arctaris rename_statements.py:303 - process_pdf - Successfully identified bank type: PNC
2025-04-02 16:09:19 - INFO - Arctaris rename_statements.py:1640 - main - Would rename to: PNC\2025-03\CDE 2 LLC statement_1092246474_2025-03-31.pdf
2025-04-02 16:09:19 - INFO - Arctaris rename_statements.py:1620 - main - [58/110] Processing file: statement_4116465916_2025-03-31.pdf
2025-04-02 16:09:19 - INFO - Arctaris rename_statements.py:303 - process_pdf - Successfully identified bank type: PNC
2025-04-02 16:09:19 - INFO - Arctaris rename_statements.py:1627 - main - Extracted information: <__main__.StatementInfo object at 0x0000025A4D53FEF0>
2025-04-02 16:09:19 - INFO - Arctaris rename_statements.py:303 - process_pdf - Successfully identified bank type: PNC
2025-04-02 16:09:19 - INFO - Arctaris rename_statements.py:1640 - main - Would rename to: PNC\2025-03\statement_4116465916_2025-03-31.pdf
2025-04-02 16:09:19 - INFO - Arctaris rename_statements.py:1620 - main - [59/110] Processing file: statement_4116465932_2025-03-31.pdf
2025-04-02 16:09:19 - INFO - Arctaris rename_statements.py:303 - process_pdf - Successfully identified bank type: PNC
2025-04-02 16:09:19 - INFO - Arctaris rename_statements.py:1627 - main - Extracted information: <__main__.StatementInfo object at 0x0000025A4D5640B0>
2025-04-02 16:09:19 - INFO - Arctaris rename_statements.py:303 - process_pdf - Successfully identified bank type: PNC
2025-04-02 16:09:19 - INFO - Arctaris rename_statements.py:1640 - main - Would rename to: PNC\2025-03\ARCTARIS MICHIGAN MANAGER LLC statement_4116465932_2025-03-31.pdf
2025-04-02 16:09:19 - INFO - Arctaris rename_statements.py:1620 - main - [60/110] Processing file: statement_4116465959_2025-03-31.pdf
2025-04-02 16:09:19 - INFO - Arctaris rename_statements.py:303 - process_pdf - Successfully identified bank type: PNC
2025-04-02 16:09:19 - INFO - Arctaris rename_statements.py:1627 - main - Extracted information: <__main__.StatementInfo object at 0x0000025A4D410C50>
2025-04-02 16:09:19 - INFO - Arctaris rename_statements.py:303 - process_pdf - Successfully identified bank type: PNC
2025-04-02 16:09:19 - INFO - Arctaris rename_statements.py:1640 - main - Would rename to: PNC\2025-03\statement_4116465959_2025-03-31.pdf
2025-04-02 16:09:19 - INFO - Arctaris rename_statements.py:1615 - main - 
Processing batch 4 (61-80 of 110)
2025-04-02 16:09:19 - INFO - Arctaris rename_statements.py:1620 - main - [61/110] Processing file: statement_4130261135_2025-03-31.pdf
2025-04-02 16:09:19 - INFO - Arctaris rename_statements.py:303 - process_pdf - Successfully identified bank type: PNC
2025-04-02 16:09:19 - INFO - Arctaris rename_statements.py:1627 - main - Extracted information: <__main__.StatementInfo object at 0x0000025A4D4DF740>
2025-04-02 16:09:19 - INFO - Arctaris rename_statements.py:303 - process_pdf - Successfully identified bank type: PNC
2025-04-02 16:09:19 - INFO - Arctaris rename_statements.py:1640 - main - Would rename to: PNC\2025-03\statement_4130261135_2025-03-31.pdf
2025-04-02 16:09:19 - INFO - Arctaris rename_statements.py:1620 - main - [62/110] Processing file: statement_4130263798_2025-03-31.pdf
2025-04-02 16:09:19 - INFO - Arctaris rename_statements.py:303 - process_pdf - Successfully identified bank type: PNC
2025-04-02 16:09:19 - INFO - Arctaris rename_statements.py:1627 - main - Extracted information: <__main__.StatementInfo object at 0x0000025A4D5C0AD0>
2025-04-02 16:09:19 - INFO - Arctaris rename_statements.py:303 - process_pdf - Successfully identified bank type: PNC
2025-04-02 16:09:19 - INFO - Arctaris rename_statements.py:1640 - main - Would rename to: PNC\2025-03\ARP MANAGEMENT LLC statement_4130263798_2025-03-31.pdf
2025-04-02 16:09:19 - INFO - Arctaris rename_statements.py:1620 - main - [63/110] Processing file: statement_4130272854_2025-03-31.pdf
2025-04-02 16:09:19 - INFO - Arctaris rename_statements.py:303 - process_pdf - Successfully identified bank type: PNC
2025-04-02 16:09:19 - INFO - Arctaris rename_statements.py:1627 - main - Extracted information: <__main__.StatementInfo object at 0x0000025A4D5C1190>
2025-04-02 16:09:19 - INFO - Arctaris rename_statements.py:303 - process_pdf - Successfully identified bank type: PNC
2025-04-02 16:09:19 - INFO - Arctaris rename_statements.py:1640 - main - Would rename to: PNC\2025-04\MANAGEMENT LLC statement_4130272854_2025-03-31.pdf
2025-04-02 16:09:19 - INFO - Arctaris rename_statements.py:1620 - main - [64/110] Processing file: statement_4130275895_2025-03-31.pdf
2025-04-02 16:09:19 - INFO - Arctaris rename_statements.py:303 - process_pdf - Successfully identified bank type: PNC
2025-04-02 16:09:19 - INFO - Arctaris rename_statements.py:1627 - main - Extracted information: <__main__.StatementInfo object at 0x0000025A4D693860>
2025-04-02 16:09:19 - INFO - Arctaris rename_statements.py:303 - process_pdf - Successfully identified bank type: PNC
2025-04-02 16:09:19 - INFO - Arctaris rename_statements.py:1640 - main - Would rename to: PNC\2025-03\statement_4130275895_2025-03-31.pdf
2025-04-02 16:09:19 - INFO - Arctaris rename_statements.py:1620 - main - [65/110] Processing file: statement_4130279968_2025-03-31.pdf
2025-04-02 16:09:19 - INFO - Arctaris rename_statements.py:303 - process_pdf - Successfully identified bank type: PNC
2025-04-02 16:09:19 - INFO - Arctaris rename_statements.py:1627 - main - Extracted information: <__main__.StatementInfo object at 0x0000025A4D5C3DD0>
2025-04-02 16:09:19 - INFO - Arctaris rename_statements.py:303 - process_pdf - Successfully identified bank type: PNC
2025-04-02 16:09:19 - INFO - Arctaris rename_statements.py:1640 - main - Would rename to: PNC\2025-03\ARC IMPACT PROGRAM ERIE LLC statement_4130279968_2025-03-31.pdf
2025-04-02 16:09:19 - INFO - Arctaris rename_statements.py:1620 - main - [66/110] Processing file: statement_4130281339_2025-03-31.pdf
2025-04-02 16:09:20 - INFO - Arctaris rename_statements.py:303 - process_pdf - Successfully identified bank type: PNC
2025-04-02 16:09:20 - INFO - Arctaris rename_statements.py:1627 - main - Extracted information: <__main__.StatementInfo object at 0x0000025A4D564080>
2025-04-02 16:09:20 - INFO - Arctaris rename_statements.py:303 - process_pdf - Successfully identified bank type: PNC
2025-04-02 16:09:20 - INFO - Arctaris rename_statements.py:1640 - main - Would rename to: PNC\2025-03\ARCTARIS BROADBAND COMPANY LLC statement_4130281339_2025-03-31.pdf
2025-04-02 16:09:20 - INFO - Arctaris rename_statements.py:1620 - main - [67/110] Processing file: statement_4130281355_2025-03-31.pdf
2025-04-02 16:09:20 - INFO - Arctaris rename_statements.py:303 - process_pdf - Successfully identified bank type: PNC
2025-04-02 16:09:20 - INFO - Arctaris rename_statements.py:1627 - main - Extracted information: <__main__.StatementInfo object at 0x0000025A4D2F2600>
2025-04-02 16:09:20 - INFO - Arctaris rename_statements.py:303 - process_pdf - Successfully identified bank type: PNC
2025-04-02 16:09:20 - INFO - Arctaris rename_statements.py:1640 - main - Would rename to: PNC\2025-03\2020 LLC statement_4130281355_2025-03-31.pdf
2025-04-02 16:09:20 - INFO - Arctaris rename_statements.py:1620 - main - [68/110] Processing file: statement_4130283078_2025-03-31.pdf
2025-04-02 16:09:20 - INFO - Arctaris rename_statements.py:303 - process_pdf - Successfully identified bank type: PNC
2025-04-02 16:09:20 - INFO - Arctaris rename_statements.py:1627 - main - Extracted information: <__main__.StatementInfo object at 0x0000025A4D436B10>
2025-04-02 16:09:20 - INFO - Arctaris rename_statements.py:303 - process_pdf - Successfully identified bank type: PNC
2025-04-02 16:09:20 - INFO - Arctaris rename_statements.py:1640 - main - Would rename to: PNC\2025-03\ARCTARIS IMPACT INVESTORS LLC statement_4130283078_2025-03-31.pdf
2025-04-02 16:09:20 - INFO - Arctaris rename_statements.py:1620 - main - [69/110] Processing file: statement_4130283369_2025-03-31.pdf
2025-04-02 16:09:20 - INFO - Arctaris rename_statements.py:303 - process_pdf - Successfully identified bank type: PNC
2025-04-02 16:09:20 - INFO - Arctaris rename_statements.py:1627 - main - Extracted information: <__main__.StatementInfo object at 0x0000025A4D564CE0>
2025-04-02 16:09:20 - INFO - Arctaris rename_statements.py:303 - process_pdf - Successfully identified bank type: PNC
2025-04-02 16:09:20 - INFO - Arctaris rename_statements.py:1640 - main - Would rename to: PNC\2025-03\PROGRAM SWPA LLC statement_4130283369_2025-03-31.pdf
2025-04-02 16:09:20 - INFO - Arctaris rename_statements.py:1620 - main - [70/110] Processing file: statement_4130283633_2025-03-31.pdf
2025-04-02 16:09:20 - INFO - Arctaris rename_statements.py:303 - process_pdf - Successfully identified bank type: PNC
2025-04-02 16:09:20 - INFO - Arctaris rename_statements.py:1627 - main - Extracted information: <__main__.StatementInfo object at 0x0000025A4D386AE0>
2025-04-02 16:09:20 - INFO - Arctaris rename_statements.py:303 - process_pdf - Successfully identified bank type: PNC
2025-04-02 16:09:20 - INFO - Arctaris rename_statements.py:1640 - main - Would rename to: PNC\2025-03\ARC IMPACT PROGRAM CUYAHOGA LLC statement_4130283633_2025-03-31.pdf
2025-04-02 16:09:20 - INFO - Arctaris rename_statements.py:1620 - main - [71/110] Processing file: statement_4130290884_2025-03-31.pdf
2025-04-02 16:09:20 - INFO - Arctaris rename_statements.py:303 - process_pdf - Successfully identified bank type: PNC
2025-04-02 16:09:20 - INFO - Arctaris rename_statements.py:1627 - main - Extracted information: <__main__.StatementInfo object at 0x0000025A4B905BE0>
2025-04-02 16:09:20 - INFO - Arctaris rename_statements.py:303 - process_pdf - Successfully identified bank type: PNC
2025-04-02 16:09:20 - INFO - Arctaris rename_statements.py:1640 - main - Would rename to: PNC\2025-03\statement_4130290884_2025-03-31.pdf
2025-04-02 16:09:20 - INFO - Arctaris rename_statements.py:1620 - main - [72/110] Processing file: statement_4130293022_2025-03-31.pdf
2025-04-02 16:09:20 - INFO - Arctaris rename_statements.py:303 - process_pdf - Successfully identified bank type: PNC
2025-04-02 16:09:20 - INFO - Arctaris rename_statements.py:1627 - main - Extracted information: <__main__.StatementInfo object at 0x0000025A4D4BF800>
2025-04-02 16:09:20 - INFO - Arctaris rename_statements.py:303 - process_pdf - Successfully identified bank type: PNC
2025-04-02 16:09:20 - INFO - Arctaris rename_statements.py:1640 - main - Would rename to: PNC\2025-03\2022 LLC statement_4130293022_2025-03-31.pdf
2025-04-02 16:09:20 - INFO - Arctaris rename_statements.py:1620 - main - [73/110] Processing file: statement_4130294324_2025-03-31.pdf
2025-04-02 16:09:20 - INFO - Arctaris rename_statements.py:303 - process_pdf - Successfully identified bank type: PNC
2025-04-02 16:09:20 - INFO - Arctaris rename_statements.py:1627 - main - Extracted information: <__main__.StatementInfo object at 0x0000025A4D2DB080>
2025-04-02 16:09:20 - INFO - Arctaris rename_statements.py:303 - process_pdf - Successfully identified bank type: PNC
2025-04-02 16:09:20 - INFO - Arctaris rename_statements.py:1640 - main - Would rename to: PNC\2025-03\PROGRAM BUFFALO LLC statement_4130294324_2025-03-31.pdf
2025-04-02 16:09:20 - INFO - Arctaris rename_statements.py:1620 - main - [74/110] Processing file: statement_4130294332_2025-03-31.pdf
2025-04-02 16:09:20 - INFO - Arctaris rename_statements.py:303 - process_pdf - Successfully identified bank type: PNC
2025-04-02 16:09:20 - INFO - Arctaris rename_statements.py:1627 - main - Extracted information: <__main__.StatementInfo object at 0x0000025A4D4DFEF0>
2025-04-02 16:09:20 - INFO - Arctaris rename_statements.py:303 - process_pdf - Successfully identified bank type: PNC
2025-04-02 16:09:20 - INFO - Arctaris rename_statements.py:1640 - main - Would rename to: PNC\2025-03\PROGRAM HARTFORD LLC statement_4130294332_2025-03-31.pdf
2025-04-02 16:09:20 - INFO - Arctaris rename_statements.py:1620 - main - [75/110] Processing file: statement_4130294359_2025-03-31.pdf
2025-04-02 16:09:20 - INFO - Arctaris rename_statements.py:303 - process_pdf - Successfully identified bank type: PNC
2025-04-02 16:09:20 - INFO - Arctaris rename_statements.py:1627 - main - Extracted information: <__main__.StatementInfo object at 0x0000025A4D53FEC0>
2025-04-02 16:09:20 - INFO - Arctaris rename_statements.py:303 - process_pdf - Successfully identified bank type: PNC
2025-04-02 16:09:20 - INFO - Arctaris rename_statements.py:1640 - main - Would rename to: PNC\2025-04\PROGRAM LIMA LLC statement_4130294359_2025-03-31.pdf
2025-04-02 16:09:20 - INFO - Arctaris rename_statements.py:1620 - main - [76/110] Processing file: statement_4130294367_2025-03-31.pdf
2025-04-02 16:09:20 - INFO - Arctaris rename_statements.py:303 - process_pdf - Successfully identified bank type: PNC
2025-04-02 16:09:20 - INFO - Arctaris rename_statements.py:1627 - main - Extracted information: <__main__.StatementInfo object at 0x0000025A4D53FE60>
2025-04-02 16:09:20 - INFO - Arctaris rename_statements.py:303 - process_pdf - Successfully identified bank type: PNC
2025-04-02 16:09:20 - INFO - Arctaris rename_statements.py:1640 - main - Would rename to: PNC\2025-03\PROGRAM PITTSBURGH LLC statement_4130294367_2025-03-31.pdf
2025-04-02 16:09:20 - INFO - Arctaris rename_statements.py:1620 - main - [77/110] Processing file: statement_4130294383_2025-03-31.pdf
2025-04-02 16:09:20 - INFO - Arctaris rename_statements.py:303 - process_pdf - Successfully identified bank type: PNC
2025-04-02 16:09:20 - INFO - Arctaris rename_statements.py:1627 - main - Extracted information: <__main__.StatementInfo object at 0x0000025A4D59F830>
2025-04-02 16:09:20 - INFO - Arctaris rename_statements.py:303 - process_pdf - Successfully identified bank type: PNC
2025-04-02 16:09:20 - INFO - Arctaris rename_statements.py:1640 - main - Would rename to: PNC\2025-03\PHASE 1B HOLDINGS LLC statement_4130294383_2025-03-31.pdf
2025-04-02 16:09:20 - INFO - Arctaris rename_statements.py:1620 - main - [78/110] Processing file: statement_4130294412_2025-03-31.pdf
2025-04-02 16:09:20 - INFO - Arctaris rename_statements.py:303 - process_pdf - Successfully identified bank type: PNC
2025-04-02 16:09:20 - INFO - Arctaris rename_statements.py:1627 - main - Extracted information: <__main__.StatementInfo object at 0x0000025A4D564D70>
2025-04-02 16:09:20 - INFO - Arctaris rename_statements.py:303 - process_pdf - Successfully identified bank type: PNC
2025-04-02 16:09:20 - INFO - Arctaris rename_statements.py:1640 - main - Would rename to: PNC\2025-03\ARCTARIS PRODUCT DEVELOPMENT IV LLC statement_4130294412_2025-03-31.pdf
2025-04-02 16:09:20 - INFO - Arctaris rename_statements.py:1620 - main - [79/110] Processing file: statement_4130294447_2025-03-31.pdf
2025-04-02 16:09:20 - INFO - Arctaris rename_statements.py:303 - process_pdf - Successfully identified bank type: PNC
2025-04-02 16:09:20 - INFO - Arctaris rename_statements.py:1627 - main - Extracted information: <__main__.StatementInfo object at 0x0000025A4B8CE0C0>
2025-04-02 16:09:20 - INFO - Arctaris rename_statements.py:303 - process_pdf - Successfully identified bank type: PNC
2025-04-02 16:09:20 - INFO - Arctaris rename_statements.py:1640 - main - Would rename to: PNC\2025-03\ARCTARIS PRODUCT DEVELOPMENT VI LLC statement_4130294447_2025-03-31.pdf
2025-04-02 16:09:20 - INFO - Arctaris rename_statements.py:1620 - main - [80/110] Processing file: statement_4130294455_2025-03-31.pdf
2025-04-02 16:09:20 - INFO - Arctaris rename_statements.py:303 - process_pdf - Successfully identified bank type: PNC
2025-04-02 16:09:20 - INFO - Arctaris rename_statements.py:1627 - main - Extracted information: <__main__.StatementInfo object at 0x0000025A4D493B60>
2025-04-02 16:09:20 - INFO - Arctaris rename_statements.py:303 - process_pdf - Successfully identified bank type: PNC
2025-04-02 16:09:20 - INFO - Arctaris rename_statements.py:1640 - main - Would rename to: PNC\2025-04\statement_4130294455_2025-03-31.pdf
2025-04-02 16:09:20 - INFO - Arctaris rename_statements.py:1615 - main - 
Processing batch 5 (81-100 of 110)
2025-04-02 16:09:20 - INFO - Arctaris rename_statements.py:1620 - main - [81/110] Processing file: statement_4130297058_2025-03-31.pdf
2025-04-02 16:09:20 - INFO - Arctaris rename_statements.py:303 - process_pdf - Successfully identified bank type: PNC
2025-04-02 16:09:20 - INFO - Arctaris rename_statements.py:1627 - main - Extracted information: <__main__.StatementInfo object at 0x0000025A4D53F3B0>
2025-04-02 16:09:20 - INFO - Arctaris rename_statements.py:303 - process_pdf - Successfully identified bank type: PNC
2025-04-02 16:09:20 - INFO - Arctaris rename_statements.py:1640 - main - Would rename to: PNC\2025-03\II LLC statement_4130297058_2025-03-31.pdf
2025-04-02 16:09:20 - INFO - Arctaris rename_statements.py:1620 - main - [82/110] Processing file: statement_4130297779_2025-03-31.pdf
2025-04-02 16:09:20 - INFO - Arctaris rename_statements.py:303 - process_pdf - Successfully identified bank type: PNC
2025-04-02 16:09:20 - INFO - Arctaris rename_statements.py:1627 - main - Extracted information: <__main__.StatementInfo object at 0x0000025A4D4104A0>
2025-04-02 16:09:20 - INFO - Arctaris rename_statements.py:303 - process_pdf - Successfully identified bank type: PNC
2025-04-02 16:09:20 - INFO - Arctaris rename_statements.py:1640 - main - Would rename to: PNC\2025-03\ARCTARIS IMPACT CDE LLC statement_4130297779_2025-03-31.pdf
2025-04-02 16:09:20 - INFO - Arctaris rename_statements.py:1620 - main - [83/110] Processing file: statement_4130300931_2025-03-31.pdf
2025-04-02 16:09:20 - INFO - Arctaris rename_statements.py:303 - process_pdf - Successfully identified bank type: PNC
2025-04-02 16:09:20 - INFO - Arctaris rename_statements.py:1627 - main - Extracted information: <__main__.StatementInfo object at 0x0000025A4B8A7620>
2025-04-02 16:09:20 - INFO - Arctaris rename_statements.py:303 - process_pdf - Successfully identified bank type: PNC
2025-04-02 16:09:20 - INFO - Arctaris rename_statements.py:1640 - main - Would rename to: PNC\2025-03\ARCTARIS ROYALTY PARTNERS LLC statement_4130300931_2025-03-31.pdf
2025-04-02 16:09:20 - INFO - Arctaris rename_statements.py:1620 - main - [84/110] Processing file: statement_4130301336_2025-03-31.pdf
2025-04-02 16:09:20 - INFO - Arctaris rename_statements.py:303 - process_pdf - Successfully identified bank type: PNC
2025-04-02 16:09:20 - INFO - Arctaris rename_statements.py:1627 - main - Extracted information: <__main__.StatementInfo object at 0x0000025A4D72E540>
2025-04-02 16:09:20 - INFO - Arctaris rename_statements.py:303 - process_pdf - Successfully identified bank type: PNC
2025-04-02 16:09:20 - INFO - Arctaris rename_statements.py:1640 - main - Would rename to: PNC\2025-03\DETROIT AFFORDABLE HOUSING LLC statement_4130301336_2025-03-31.pdf
2025-04-02 16:09:20 - INFO - Arctaris rename_statements.py:1620 - main - [85/110] Processing file: statement_4130301344_2025-03-31.pdf
2025-04-02 16:09:20 - INFO - Arctaris rename_statements.py:303 - process_pdf - Successfully identified bank type: PNC
2025-04-02 16:09:20 - INFO - Arctaris rename_statements.py:1627 - main - Extracted information: <__main__.StatementInfo object at 0x0000025A4D4DEDE0>
2025-04-02 16:09:20 - INFO - Arctaris rename_statements.py:303 - process_pdf - Successfully identified bank type: PNC
2025-04-02 16:09:20 - INFO - Arctaris rename_statements.py:1640 - main - Would rename to: PNC\2025-03\BRADDOCK FLEX LLC statement_4130301344_2025-03-31.pdf
2025-04-02 16:09:20 - INFO - Arctaris rename_statements.py:1620 - main - [86/110] Processing file: statement_4130301694_2025-03-31.pdf
2025-04-02 16:09:20 - INFO - Arctaris rename_statements.py:303 - process_pdf - Successfully identified bank type: PNC
2025-04-02 16:09:20 - INFO - Arctaris rename_statements.py:1627 - main - Extracted information: <__main__.StatementInfo object at 0x0000025A4D72F620>
2025-04-02 16:09:20 - INFO - Arctaris rename_statements.py:303 - process_pdf - Successfully identified bank type: PNC
2025-04-02 16:09:20 - INFO - Arctaris rename_statements.py:1640 - main - Would rename to: PNC\2025-03\SADDLEBACK SERVICES LLC statement_4130301694_2025-03-31.pdf
2025-04-02 16:09:20 - INFO - Arctaris rename_statements.py:1620 - main - [87/110] Processing file: statement_4130301889_2025-03-31.pdf
2025-04-02 16:09:20 - INFO - Arctaris rename_statements.py:303 - process_pdf - Successfully identified bank type: PNC
2025-04-02 16:09:20 - INFO - Arctaris rename_statements.py:1627 - main - Extracted information: <__main__.StatementInfo object at 0x0000025A4D749B80>
2025-04-02 16:09:20 - INFO - Arctaris rename_statements.py:303 - process_pdf - Successfully identified bank type: PNC
2025-04-02 16:09:20 - INFO - Arctaris rename_statements.py:1640 - main - Would rename to: PNC\2025-03\NEW ENGLAND INCLUSIVE HOUSING LLC statement_4130301889_2025-03-31.pdf
2025-04-02 16:09:20 - INFO - Arctaris rename_statements.py:1620 - main - [88/110] Processing file: statement_4130301897_2025-03-31.pdf
2025-04-02 16:09:20 - INFO - Arctaris rename_statements.py:303 - process_pdf - Successfully identified bank type: PNC
2025-04-02 16:09:20 - INFO - Arctaris rename_statements.py:1627 - main - Extracted information: <__main__.StatementInfo object at 0x0000025A4D59CCB0>
2025-04-02 16:09:20 - INFO - Arctaris rename_statements.py:303 - process_pdf - Successfully identified bank type: PNC
2025-04-02 16:09:20 - INFO - Arctaris rename_statements.py:1640 - main - Would rename to: PNC\2025-03\ARCTARIS MIDWEST DEVELOPMENT I LLC statement_4130301897_2025-03-31.pdf
2025-04-02 16:09:20 - INFO - Arctaris rename_statements.py:1620 - main - [89/110] Processing file: statement_4130301918_2025-03-31.pdf
2025-04-02 16:09:20 - INFO - Arctaris rename_statements.py:303 - process_pdf - Successfully identified bank type: PNC
2025-04-02 16:09:20 - INFO - Arctaris rename_statements.py:1627 - main - Extracted information: <__main__.StatementInfo object at 0x0000025A4D72E240>
2025-04-02 16:09:20 - INFO - Arctaris rename_statements.py:303 - process_pdf - Successfully identified bank type: PNC
2025-04-02 16:09:20 - INFO - Arctaris rename_statements.py:1640 - main - Would rename to: PNC\2025-03\MID ATLANTIC INCLUSIVE HOUSING LLC statement_4130301918_2025-03-31.pdf
2025-04-02 16:09:20 - INFO - Arctaris rename_statements.py:1620 - main - [90/110] Processing file: statement_4130301926_2025-03-31.pdf
2025-04-02 16:09:20 - INFO - Arctaris rename_statements.py:303 - process_pdf - Successfully identified bank type: PNC
2025-04-02 16:09:20 - INFO - Arctaris rename_statements.py:1627 - main - Extracted information: <__main__.StatementInfo object at 0x0000025A4B45B2C0>
2025-04-02 16:09:20 - INFO - Arctaris rename_statements.py:303 - process_pdf - Successfully identified bank type: PNC
2025-04-02 16:09:20 - INFO - Arctaris rename_statements.py:1640 - main - Would rename to: PNC\2025-03\statement_4130301926_2025-03-31.pdf
2025-04-02 16:09:20 - INFO - Arctaris rename_statements.py:1620 - main - [91/110] Processing file: statement_4130301934_2025-03-31.pdf
2025-04-02 16:09:20 - INFO - Arctaris rename_statements.py:303 - process_pdf - Successfully identified bank type: PNC
2025-04-02 16:09:20 - INFO - Arctaris rename_statements.py:1627 - main - Extracted information: <__main__.StatementInfo object at 0x0000025A4D53E210>
2025-04-02 16:09:20 - INFO - Arctaris rename_statements.py:303 - process_pdf - Successfully identified bank type: PNC
2025-04-02 16:09:20 - INFO - Arctaris rename_statements.py:1640 - main - Would rename to: PNC\2025-03\PENNSYLVANIA INCLUSIVE HOUSING LLC statement_4130301934_2025-03-31.pdf
2025-04-02 16:09:20 - INFO - Arctaris rename_statements.py:1620 - main - [92/110] Processing file: statement_4130302128_2025-03-31.pdf
2025-04-02 16:09:20 - INFO - Arctaris rename_statements.py:303 - process_pdf - Successfully identified bank type: PNC
2025-04-02 16:09:20 - INFO - Arctaris rename_statements.py:1627 - main - Extracted information: <__main__.StatementInfo object at 0x0000025A4D53E2A0>
2025-04-02 16:09:20 - INFO - Arctaris rename_statements.py:303 - process_pdf - Successfully identified bank type: PNC
2025-04-02 16:09:20 - INFO - Arctaris rename_statements.py:1640 - main - Would rename to: PNC\2025-03\HOUSING LLC statement_4130302128_2025-03-31.pdf
2025-04-02 16:09:20 - INFO - Arctaris rename_statements.py:1620 - main - [93/110] Processing file: statement_4175623128_2025-03-31.pdf
2025-04-02 16:09:20 - INFO - Arctaris rename_statements.py:303 - process_pdf - Successfully identified bank type: PNC
2025-04-02 16:09:20 - INFO - Arctaris rename_statements.py:1627 - main - Extracted information: <__main__.StatementInfo object at 0x0000025A4BF30BC0>
2025-04-02 16:09:20 - INFO - Arctaris rename_statements.py:303 - process_pdf - Successfully identified bank type: PNC
2025-04-02 16:09:20 - INFO - Arctaris rename_statements.py:1640 - main - Would rename to: PNC\2025-03\05 5487 ACH SETTLEMENT ACH OZ FUND 2024 LLC statement_4175623128_2025-03-31.pdf
2025-04-02 16:09:20 - INFO - Arctaris rename_statements.py:1620 - main - [94/110] Processing file: statement_4176547892_2025-03-31.pdf
2025-04-02 16:09:20 - INFO - Arctaris rename_statements.py:303 - process_pdf - Successfully identified bank type: PNC
2025-04-02 16:09:20 - INFO - Arctaris rename_statements.py:1627 - main - Extracted information: <__main__.StatementInfo object at 0x0000025A4D72D940>
2025-04-02 16:09:20 - INFO - Arctaris rename_statements.py:303 - process_pdf - Successfully identified bank type: PNC
2025-04-02 16:09:20 - INFO - Arctaris rename_statements.py:1640 - main - Would rename to: PNC\2025-03\SSP HOLDCO LLC statement_4176547892_2025-03-31.pdf
2025-04-02 16:09:20 - INFO - Arctaris rename_statements.py:1620 - main - [95/110] Processing file: statement_4176565548_2025-03-31.pdf
2025-04-02 16:09:20 - INFO - Arctaris rename_statements.py:303 - process_pdf - Successfully identified bank type: PNC
2025-04-02 16:09:20 - INFO - Arctaris rename_statements.py:1627 - main - Extracted information: <__main__.StatementInfo object at 0x0000025A4D5C16D0>
2025-04-02 16:09:20 - INFO - Arctaris rename_statements.py:303 - process_pdf - Successfully identified bank type: PNC
2025-04-02 16:09:20 - INFO - Arctaris rename_statements.py:1640 - main - Would rename to: PNC\2025-03\ARCTARIS EAST COAST DEVELOPMENT LLC statement_4176565548_2025-03-31.pdf
2025-04-02 16:09:20 - INFO - Arctaris rename_statements.py:1620 - main - [96/110] Processing file: statement_4176641344_2025-03-31.pdf
2025-04-02 16:09:20 - INFO - Arctaris rename_statements.py:303 - process_pdf - Successfully identified bank type: PNC
2025-04-02 16:09:20 - INFO - Arctaris rename_statements.py:1627 - main - Extracted information: <__main__.StatementInfo object at 0x0000025A4D72CD70>
2025-04-02 16:09:20 - INFO - Arctaris rename_statements.py:303 - process_pdf - Successfully identified bank type: PNC
2025-04-02 16:09:20 - INFO - Arctaris rename_statements.py:1640 - main - Would rename to: PNC\2025-03\statement_4176641344_2025-03-31.pdf
2025-04-02 16:09:20 - INFO - Arctaris rename_statements.py:1620 - main - [97/110] Processing file: statement_4176706259_2025-03-31.pdf
2025-04-02 16:09:21 - INFO - Arctaris rename_statements.py:303 - process_pdf - Successfully identified bank type: PNC
2025-04-02 16:09:21 - INFO - Arctaris rename_statements.py:1627 - main - Extracted information: <__main__.StatementInfo object at 0x0000025A4D72E6F0>
2025-04-02 16:09:21 - INFO - Arctaris rename_statements.py:303 - process_pdf - Successfully identified bank type: PNC
2025-04-02 16:09:21 - INFO - Arctaris rename_statements.py:1640 - main - Would rename to: PNC\2025-03\ARCTARIS ADVISORY HOLDING LLC statement_4176706259_2025-03-31.pdf
2025-04-02 16:09:21 - INFO - Arctaris rename_statements.py:1620 - main - [98/110] Processing file: statement_4176786746_2025-03-31.pdf
2025-04-02 16:09:21 - INFO - Arctaris rename_statements.py:303 - process_pdf - Successfully identified bank type: PNC
2025-04-02 16:09:21 - INFO - Arctaris rename_statements.py:1627 - main - Extracted information: <__main__.StatementInfo object at 0x0000025A4D72F6E0>
2025-04-02 16:09:21 - INFO - Arctaris rename_statements.py:303 - process_pdf - Successfully identified bank type: PNC
2025-04-02 16:09:21 - INFO - Arctaris rename_statements.py:1640 - main - Would rename to: PNC\2025-03\ARC IMPACT PROGRAM CT LLC statement_4176786746_2025-03-31.pdf
2025-04-02 16:09:21 - INFO - Arctaris rename_statements.py:1620 - main - [99/110] Processing file: statement_4176790542_2025-03-31.pdf
2025-04-02 16:09:21 - INFO - Arctaris rename_statements.py:303 - process_pdf - Successfully identified bank type: PNC
2025-04-02 16:09:21 - INFO - Arctaris rename_statements.py:1627 - main - Extracted information: <__main__.StatementInfo object at 0x0000025A4D59F3B0>
2025-04-02 16:09:21 - INFO - Arctaris rename_statements.py:303 - process_pdf - Successfully identified bank type: PNC
2025-04-02 16:09:21 - INFO - Arctaris rename_statements.py:1640 - main - Would rename to: PNC\2025-03\ARCTARIS HOLDCO LLC statement_4176790542_2025-03-31.pdf
2025-04-02 16:09:21 - INFO - Arctaris rename_statements.py:1620 - main - [100/110] Processing file: statement_4176790577_2025-03-31.pdf
2025-04-02 16:09:21 - INFO - Arctaris rename_statements.py:303 - process_pdf - Successfully identified bank type: PNC
2025-04-02 16:09:21 - INFO - Arctaris rename_statements.py:1627 - main - Extracted information: <__main__.StatementInfo object at 0x0000025A4D5C0F50>
2025-04-02 16:09:21 - INFO - Arctaris rename_statements.py:303 - process_pdf - Successfully identified bank type: PNC
2025-04-02 16:09:21 - INFO - Arctaris rename_statements.py:1640 - main - Would rename to: PNC\2025-03\TOWER PERSONAL SERVICES LLC statement_4176790577_2025-03-31.pdf
2025-04-02 16:09:21 - INFO - Arctaris rename_statements.py:1615 - main - 
Processing batch 6 (101-110 of 110)
2025-04-02 16:09:21 - INFO - Arctaris rename_statements.py:1620 - main - [101/110] Processing file: statement_4176790593_2025-03-31.pdf
2025-04-02 16:09:21 - INFO - Arctaris rename_statements.py:303 - process_pdf - Successfully identified bank type: PNC
2025-04-02 16:09:21 - INFO - Arctaris rename_statements.py:1627 - main - Extracted information: <__main__.StatementInfo object at 0x0000025A4D72ECF0>
2025-04-02 16:09:21 - INFO - Arctaris rename_statements.py:303 - process_pdf - Successfully identified bank type: PNC
2025-04-02 16:09:21 - INFO - Arctaris rename_statements.py:1640 - main - Would rename to: PNC\2025-03\ARCTARIS MANAGEMENT CO LLC statement_4176790593_2025-03-31.pdf
2025-04-02 16:09:21 - INFO - Arctaris rename_statements.py:1620 - main - [102/110] Processing file: statement_4179447491_2025-03-31.pdf
2025-04-02 16:09:21 - INFO - Arctaris rename_statements.py:303 - process_pdf - Successfully identified bank type: PNC
2025-04-02 16:09:21 - INFO - Arctaris rename_statements.py:1627 - main - Extracted information: <__main__.StatementInfo object at 0x0000025A4D693530>
2025-04-02 16:09:21 - INFO - Arctaris rename_statements.py:303 - process_pdf - Successfully identified bank type: PNC
2025-04-02 16:09:21 - INFO - Arctaris rename_statements.py:1640 - main - Would rename to: PNC\2025-03\ARCTARIS MICHIGAN PARTNERS LLC statement_4179447491_2025-03-31.pdf
2025-04-02 16:09:21 - INFO - Arctaris rename_statements.py:1620 - main - [103/110] Processing file: statement_4179559231_2025-03-31.pdf
2025-04-02 16:09:21 - INFO - Arctaris rename_statements.py:303 - process_pdf - Successfully identified bank type: PNC
2025-04-02 16:09:21 - INFO - Arctaris rename_statements.py:1627 - main - Extracted information: <__main__.StatementInfo object at 0x0000025A4D693A10>
2025-04-02 16:09:21 - INFO - Arctaris rename_statements.py:303 - process_pdf - Successfully identified bank type: PNC
2025-04-02 16:09:21 - INFO - Arctaris rename_statements.py:1640 - main - Would rename to: PNC\2025-03\ARCTARIS REAL ESTATE MANAGEMENT LLC statement_4179559231_2025-03-31.pdf
2025-04-02 16:09:21 - INFO - Arctaris rename_statements.py:1620 - main - [104/110] Processing file: statement_4179559338_2025-03-31.pdf
2025-04-02 16:09:21 - INFO - Arctaris rename_statements.py:303 - process_pdf - Successfully identified bank type: PNC
2025-04-02 16:09:21 - INFO - Arctaris rename_statements.py:1627 - main - Extracted information: <__main__.StatementInfo object at 0x0000025A4D693620>
2025-04-02 16:09:21 - INFO - Arctaris rename_statements.py:303 - process_pdf - Successfully identified bank type: PNC
2025-04-02 16:09:21 - INFO - Arctaris rename_statements.py:1640 - main - Would rename to: PNC\2025-03\ARCTARIS SBIC PARTNERS LLC statement_4179559338_2025-03-31.pdf
2025-04-02 16:09:21 - INFO - Arctaris rename_statements.py:1620 - main - [105/110] Processing file: statement_4179667988_2025-03-31.pdf
2025-04-02 16:09:22 - INFO - Arctaris rename_statements.py:303 - process_pdf - Successfully identified bank type: PNC
2025-04-02 16:09:22 - INFO - Arctaris rename_statements.py:1627 - main - Extracted information: <__main__.StatementInfo object at 0x0000025A4D5DE030>
2025-04-02 16:09:22 - INFO - Arctaris rename_statements.py:303 - process_pdf - Successfully identified bank type: PNC
2025-04-02 16:09:22 - INFO - Arctaris rename_statements.py:1640 - main - Would rename to: PNC\2025-03\ARCTARIS MIDWEST DEVELOPMENT II LLC statement_4179667988_2025-03-31.pdf
2025-04-02 16:09:22 - INFO - Arctaris rename_statements.py:1620 - main - [106/110] Processing file: statement_4698117603_2025-03-31.pdf
2025-04-02 16:09:22 - INFO - Arctaris rename_statements.py:303 - process_pdf - Successfully identified bank type: PNC
2025-04-02 16:09:22 - INFO - Arctaris rename_statements.py:1627 - main - Extracted information: <__main__.StatementInfo object at 0x0000025A4D6931A0>
2025-04-02 16:09:22 - INFO - Arctaris rename_statements.py:303 - process_pdf - Successfully identified bank type: PNC
2025-04-02 16:09:22 - INFO - Arctaris rename_statements.py:1640 - main - Would rename to: PNC\2025-03\2019 LLC statement_4698117603_2025-03-31.pdf
2025-04-02 16:09:22 - INFO - Arctaris rename_statements.py:1620 - main - [107/110] Processing file: NewStatement (1).pdf
2025-04-02 16:09:22 - WARNING - Arctaris rename_statements.py:241 - process_pdf - Limited text extracted from newstatement (1).pdf, attempting filename-based detection
2025-04-02 16:09:22 - INFO - Arctaris rename_statements.py:252 - process_pdf - Using filename-based detection: Classified as Berkshire
2025-04-02 16:09:22 - INFO - Arctaris rename_statements.py:1627 - main - Extracted information: <__main__.StatementInfo object at 0x0000025A4D5DD730>
2025-04-02 16:09:22 - WARNING - Arctaris rename_statements.py:241 - process_pdf - Limited text extracted from newstatement (1).pdf, attempting filename-based detection
2025-04-02 16:09:22 - INFO - Arctaris rename_statements.py:252 - process_pdf - Using filename-based detection: Classified as Berkshire
2025-04-02 16:09:22 - INFO - Arctaris rename_statements.py:1640 - main - Would rename to: Berkshire\2025-04\0000 - ARCTARIS FUND-20250402.pdf
2025-04-02 16:09:22 - INFO - Arctaris rename_statements.py:1620 - main - [108/110] Processing file: NewStatement (2).pdf
2025-04-02 16:09:22 - WARNING - Arctaris rename_statements.py:241 - process_pdf - Limited text extracted from newstatement (2).pdf, attempting filename-based detection
2025-04-02 16:09:22 - INFO - Arctaris rename_statements.py:252 - process_pdf - Using filename-based detection: Classified as Berkshire
2025-04-02 16:09:22 - INFO - Arctaris rename_statements.py:1627 - main - Extracted information: <__main__.StatementInfo object at 0x0000025A4D5FF740>
2025-04-02 16:09:22 - WARNING - Arctaris rename_statements.py:241 - process_pdf - Limited text extracted from newstatement (2).pdf, attempting filename-based detection
2025-04-02 16:09:22 - INFO - Arctaris rename_statements.py:252 - process_pdf - Using filename-based detection: Classified as Berkshire
2025-04-02 16:09:22 - INFO - Arctaris rename_statements.py:1640 - main - Would rename to: Berkshire\2025-04\0000 - ARCTARIS FUND-20250402.pdf
2025-04-02 16:09:22 - INFO - Arctaris rename_statements.py:1620 - main - [109/110] Processing file: NewStatement (3).pdf
2025-04-02 16:09:22 - WARNING - Arctaris rename_statements.py:241 - process_pdf - Limited text extracted from newstatement (3).pdf, attempting filename-based detection
2025-04-02 16:09:22 - INFO - Arctaris rename_statements.py:252 - process_pdf - Using filename-based detection: Classified as Berkshire
2025-04-02 16:09:22 - INFO - Arctaris rename_statements.py:1627 - main - Extracted information: <__main__.StatementInfo object at 0x0000025A4D581460>
2025-04-02 16:09:22 - WARNING - Arctaris rename_statements.py:241 - process_pdf - Limited text extracted from newstatement (3).pdf, attempting filename-based detection
2025-04-02 16:09:22 - INFO - Arctaris rename_statements.py:252 - process_pdf - Using filename-based detection: Classified as Berkshire
2025-04-02 16:09:22 - INFO - Arctaris rename_statements.py:1640 - main - Would rename to: Berkshire\2025-04\0000 - ARCTARIS FUND-20250402.pdf
2025-04-02 16:09:22 - INFO - Arctaris rename_statements.py:1620 - main - [110/110] Processing file: NewStatement.pdf
2025-04-02 16:09:22 - WARNING - Arctaris rename_statements.py:241 - process_pdf - Limited text extracted from newstatement.pdf, attempting filename-based detection
2025-04-02 16:09:22 - INFO - Arctaris rename_statements.py:252 - process_pdf - Using filename-based detection: Classified as Berkshire
2025-04-02 16:09:22 - INFO - Arctaris rename_statements.py:1627 - main - Extracted information: <__main__.StatementInfo object at 0x0000025A4D749D60>
2025-04-02 16:09:22 - WARNING - Arctaris rename_statements.py:241 - process_pdf - Limited text extracted from newstatement.pdf, attempting filename-based detection
2025-04-02 16:09:22 - INFO - Arctaris rename_statements.py:252 - process_pdf - Using filename-based detection: Classified as Berkshire
2025-04-02 16:09:22 - INFO - Arctaris rename_statements.py:1640 - main - Would rename to: Berkshire\2025-04\0000 - ARCTARIS FUND-20250402.pdf
2025-04-02 16:09:22 - INFO - Arctaris rename_statements.py:1696 - main - 
Dry run completed in 4.64 seconds.
2025-04-02 16:09:22 - INFO - Arctaris rename_statements.py:1700 - main - Preview checklist saved to: checklists\preview_checklist_20250402_160922.csv
2025-04-02 16:09:22 - INFO - Arctaris rename_statements.py:1704 - main - 110 files would be processed.
