2025-04-03 11:12:32 - INFO - Arctaris rename_statements.py:1886 - setup_logging - Logging initialized at level INFO
2025-04-03 11:12:32 - INFO - Arctaris rename_statements.py:1887 - setup_logging - Log file: C:\Users\Christian\OneDrive - Arctaris Michigan Partners, LLC\Desktop\Bank Automation\Codes\Bank Statements\logs\pdf_processor_20250403_111232.log
2025-04-03 11:12:32 - INFO - Arctaris rename_statements.py:1952 - main - Starting PDF rename script (version 2.0)
2025-04-03 11:12:32 - INFO - Arctaris rename_statements.py:1953 - main - Input folder: C:\Users\Christian\OneDrive - Arctaris Michigan Partners, LLC\Desktop\Bank Automation\input_statements
2025-04-03 11:12:32 - INFO - Arctaris rename_statements.py:1954 - main - Output folder: C:\Users\Christian\OneDrive - Arctaris Michigan Partners, LLC\Desktop\Bank Automation\processed_statements
2025-04-03 11:12:32 - INFO - Arctaris rename_statements.py:1972 - main - Found 4 repaired files that will be skipped
2025-04-03 11:12:32 - INFO - Arctaris rename_statements.py:1987 - main - Found 110 PDF file(s) to process
2025-04-03 11:12:33 - INFO - Arctaris rename_statements.py:1622 - find_duplicate_files - Duplicate group - Original: dxweb (26).pdf, Duplicates: dxweb (27).pdf
2025-04-03 11:12:33 - INFO - Arctaris rename_statements.py:1622 - find_duplicate_files - Duplicate group - Original: dxweb (32).pdf, Duplicates: dxweb (33).pdf
2025-04-03 11:12:33 - WARNING - Arctaris rename_statements.py:1995 - main - Found 2 groups of duplicate files:
2025-04-03 11:12:33 - WARNING - Arctaris rename_statements.py:1997 - main -   Duplicate group (2 files):
2025-04-03 11:12:33 - WARNING - Arctaris rename_statements.py:2000 - main -     - dxweb (26).pdf
2025-04-03 11:12:33 - WARNING - Arctaris rename_statements.py:2000 - main -     - dxweb (27).pdf
2025-04-03 11:12:33 - INFO - Arctaris rename_statements.py:2005 - main -   Original: dxweb (26).pdf, Duplicates: dxweb (27).pdf
2025-04-03 11:12:33 - WARNING - Arctaris rename_statements.py:1997 - main -   Duplicate group (2 files):
2025-04-03 11:12:33 - WARNING - Arctaris rename_statements.py:2000 - main -     - dxweb (32).pdf
2025-04-03 11:12:33 - WARNING - Arctaris rename_statements.py:2000 - main -     - dxweb (33).pdf
2025-04-03 11:12:33 - INFO - Arctaris rename_statements.py:2005 - main -   Original: dxweb (32).pdf, Duplicates: dxweb (33).pdf
2025-04-03 11:12:33 - INFO - Arctaris rename_statements.py:2024 - main - 
=== PREVIEW MODE ===
2025-04-03 11:12:33 - INFO - Arctaris rename_statements.py:2032 - main - Verifying PDF files...
2025-04-03 11:12:33 - INFO - Arctaris rename_statements.py:2069 - main - 110 files verified and ready for processing
2025-04-03 11:12:33 - INFO - Arctaris rename_statements.py:2078 - main - 
Processing batch 1 (1-20 of 110)
2025-04-03 11:12:33 - INFO - Arctaris rename_statements.py:2083 - main - [1/110] Processing file: dxweb (10).pdf
2025-04-03 11:12:33 - INFO - Arctaris rename_statements.py:270 - process_pdf - Processing dxweb file as BankUnited: dxweb (10).pdf
2025-04-03 11:12:33 - INFO - Arctaris rename_statements.py:2090 - main - Extracted information: <__main__.StatementInfo object at 0x00000178B977C620>
2025-04-03 11:12:33 - INFO - Arctaris rename_statements.py:270 - process_pdf - Processing dxweb file as BankUnited: dxweb (10).pdf
2025-04-03 11:12:33 - INFO - Arctaris rename_statements.py:2103 - main - Would rename to: BankUnited\2025-04\Bank United Arctaris-10 April 2025 Statement.pdf
2025-04-03 11:12:33 - INFO - Arctaris rename_statements.py:2083 - main - [2/110] Processing file: dxweb (11).pdf
2025-04-03 11:12:33 - INFO - Arctaris rename_statements.py:270 - process_pdf - Processing dxweb file as BankUnited: dxweb (11).pdf
2025-04-03 11:12:33 - INFO - Arctaris rename_statements.py:2090 - main - Extracted information: <__main__.StatementInfo object at 0x00000178B9797FE0>
2025-04-03 11:12:33 - INFO - Arctaris rename_statements.py:270 - process_pdf - Processing dxweb file as BankUnited: dxweb (11).pdf
2025-04-03 11:12:33 - INFO - Arctaris rename_statements.py:2103 - main - Would rename to: BankUnited\2025-04\Bank United Arctaris-11 April 2025 Statement.pdf
2025-04-03 11:12:33 - INFO - Arctaris rename_statements.py:2083 - main - [3/110] Processing file: dxweb (12).pdf
2025-04-03 11:12:33 - INFO - Arctaris rename_statements.py:270 - process_pdf - Processing dxweb file as BankUnited: dxweb (12).pdf
2025-04-03 11:12:33 - INFO - Arctaris rename_statements.py:2090 - main - Extracted information: <__main__.StatementInfo object at 0x00000178B9794140>
2025-04-03 11:12:33 - INFO - Arctaris rename_statements.py:270 - process_pdf - Processing dxweb file as BankUnited: dxweb (12).pdf
2025-04-03 11:12:33 - INFO - Arctaris rename_statements.py:2103 - main - Would rename to: BankUnited\2025-04\Bank United Arctaris-12 April 2025 Statement.pdf
2025-04-03 11:12:33 - INFO - Arctaris rename_statements.py:2083 - main - [4/110] Processing file: dxweb (13).pdf
2025-04-03 11:12:33 - INFO - Arctaris rename_statements.py:270 - process_pdf - Processing dxweb file as BankUnited: dxweb (13).pdf
2025-04-03 11:12:33 - INFO - Arctaris rename_statements.py:2090 - main - Extracted information: <__main__.StatementInfo object at 0x00000178B97BCA70>
2025-04-03 11:12:33 - INFO - Arctaris rename_statements.py:270 - process_pdf - Processing dxweb file as BankUnited: dxweb (13).pdf
2025-04-03 11:12:33 - INFO - Arctaris rename_statements.py:2103 - main - Would rename to: BankUnited\2025-04\Bank United Arctaris-13 April 2025 Statement.pdf
2025-04-03 11:12:33 - INFO - Arctaris rename_statements.py:2083 - main - [5/110] Processing file: dxweb (14).pdf
2025-04-03 11:12:33 - INFO - Arctaris rename_statements.py:270 - process_pdf - Processing dxweb file as BankUnited: dxweb (14).pdf
2025-04-03 11:12:33 - INFO - Arctaris rename_statements.py:2090 - main - Extracted information: <__main__.StatementInfo object at 0x00000178B97BCAD0>
2025-04-03 11:12:33 - INFO - Arctaris rename_statements.py:270 - process_pdf - Processing dxweb file as BankUnited: dxweb (14).pdf
2025-04-03 11:12:33 - INFO - Arctaris rename_statements.py:2103 - main - Would rename to: BankUnited\2025-04\Bank United Arctaris-14 April 2025 Statement.pdf
2025-04-03 11:12:33 - INFO - Arctaris rename_statements.py:2083 - main - [6/110] Processing file: dxweb (15).pdf
2025-04-03 11:12:33 - INFO - Arctaris rename_statements.py:270 - process_pdf - Processing dxweb file as BankUnited: dxweb (15).pdf
2025-04-03 11:12:33 - INFO - Arctaris rename_statements.py:2090 - main - Extracted information: <__main__.StatementInfo object at 0x00000178B97BCB30>
2025-04-03 11:12:33 - INFO - Arctaris rename_statements.py:270 - process_pdf - Processing dxweb file as BankUnited: dxweb (15).pdf
2025-04-03 11:12:33 - INFO - Arctaris rename_statements.py:2103 - main - Would rename to: BankUnited\2025-04\Bank United Arctaris-15 April 2025 Statement.pdf
2025-04-03 11:12:33 - INFO - Arctaris rename_statements.py:2083 - main - [7/110] Processing file: dxweb (16).pdf
2025-04-03 11:12:33 - INFO - Arctaris rename_statements.py:270 - process_pdf - Processing dxweb file as BankUnited: dxweb (16).pdf
2025-04-03 11:12:33 - INFO - Arctaris rename_statements.py:2090 - main - Extracted information: <__main__.StatementInfo object at 0x00000178B97BCB90>
2025-04-03 11:12:33 - INFO - Arctaris rename_statements.py:270 - process_pdf - Processing dxweb file as BankUnited: dxweb (16).pdf
2025-04-03 11:12:33 - INFO - Arctaris rename_statements.py:2103 - main - Would rename to: BankUnited\2025-04\Bank United Arctaris-16 April 2025 Statement.pdf
2025-04-03 11:12:33 - INFO - Arctaris rename_statements.py:2083 - main - [8/110] Processing file: dxweb (17).pdf
2025-04-03 11:12:33 - INFO - Arctaris rename_statements.py:270 - process_pdf - Processing dxweb file as BankUnited: dxweb (17).pdf
2025-04-03 11:12:33 - INFO - Arctaris rename_statements.py:2090 - main - Extracted information: <__main__.StatementInfo object at 0x00000178B97BCBF0>
2025-04-03 11:12:33 - INFO - Arctaris rename_statements.py:270 - process_pdf - Processing dxweb file as BankUnited: dxweb (17).pdf
2025-04-03 11:12:33 - INFO - Arctaris rename_statements.py:2103 - main - Would rename to: BankUnited\2025-04\Bank United Arctaris-17 April 2025 Statement.pdf
2025-04-03 11:12:33 - INFO - Arctaris rename_statements.py:2083 - main - [9/110] Processing file: dxweb (18).pdf
2025-04-03 11:12:33 - INFO - Arctaris rename_statements.py:270 - process_pdf - Processing dxweb file as BankUnited: dxweb (18).pdf
2025-04-03 11:12:33 - INFO - Arctaris rename_statements.py:2090 - main - Extracted information: <__main__.StatementInfo object at 0x00000178B96FBE90>
2025-04-03 11:12:33 - INFO - Arctaris rename_statements.py:270 - process_pdf - Processing dxweb file as BankUnited: dxweb (18).pdf
2025-04-03 11:12:33 - INFO - Arctaris rename_statements.py:2103 - main - Would rename to: BankUnited\2025-04\Bank United Arctaris-18 April 2025 Statement.pdf
2025-04-03 11:12:33 - INFO - Arctaris rename_statements.py:2083 - main - [10/110] Processing file: dxweb (19).pdf
2025-04-03 11:12:33 - INFO - Arctaris rename_statements.py:270 - process_pdf - Processing dxweb file as BankUnited: dxweb (19).pdf
2025-04-03 11:12:33 - INFO - Arctaris rename_statements.py:2090 - main - Extracted information: <__main__.StatementInfo object at 0x00000178B9797770>
2025-04-03 11:12:33 - INFO - Arctaris rename_statements.py:270 - process_pdf - Processing dxweb file as BankUnited: dxweb (19).pdf
2025-04-03 11:12:33 - INFO - Arctaris rename_statements.py:2103 - main - Would rename to: BankUnited\2025-04\Bank United Arctaris-19 April 2025 Statement.pdf
2025-04-03 11:12:33 - INFO - Arctaris rename_statements.py:2083 - main - [11/110] Processing file: dxweb (20).pdf
2025-04-03 11:12:33 - INFO - Arctaris rename_statements.py:270 - process_pdf - Processing dxweb file as BankUnited: dxweb (20).pdf
2025-04-03 11:12:33 - INFO - Arctaris rename_statements.py:2090 - main - Extracted information: <__main__.StatementInfo object at 0x00000178B9797F50>
2025-04-03 11:12:33 - INFO - Arctaris rename_statements.py:270 - process_pdf - Processing dxweb file as BankUnited: dxweb (20).pdf
2025-04-03 11:12:33 - INFO - Arctaris rename_statements.py:2103 - main - Would rename to: BankUnited\2025-04\Bank United Arctaris-20 April 2025 Statement.pdf
2025-04-03 11:12:33 - INFO - Arctaris rename_statements.py:2083 - main - [12/110] Processing file: dxweb (21).pdf
2025-04-03 11:12:33 - INFO - Arctaris rename_statements.py:270 - process_pdf - Processing dxweb file as BankUnited: dxweb (21).pdf
2025-04-03 11:12:33 - INFO - Arctaris rename_statements.py:2090 - main - Extracted information: <__main__.StatementInfo object at 0x00000178B9797FB0>
2025-04-03 11:12:33 - INFO - Arctaris rename_statements.py:270 - process_pdf - Processing dxweb file as BankUnited: dxweb (21).pdf
2025-04-03 11:12:33 - INFO - Arctaris rename_statements.py:2103 - main - Would rename to: BankUnited\2025-04\Bank United Arctaris-21 April 2025 Statement.pdf
2025-04-03 11:12:33 - INFO - Arctaris rename_statements.py:2083 - main - [13/110] Processing file: dxweb (22).pdf
2025-04-03 11:12:33 - INFO - Arctaris rename_statements.py:270 - process_pdf - Processing dxweb file as BankUnited: dxweb (22).pdf
2025-04-03 11:12:33 - INFO - Arctaris rename_statements.py:2090 - main - Extracted information: <__main__.StatementInfo object at 0x00000178B9797EF0>
2025-04-03 11:12:33 - INFO - Arctaris rename_statements.py:270 - process_pdf - Processing dxweb file as BankUnited: dxweb (22).pdf
2025-04-03 11:12:33 - INFO - Arctaris rename_statements.py:2103 - main - Would rename to: BankUnited\2025-04\Bank United Arctaris-22 April 2025 Statement.pdf
2025-04-03 11:12:33 - INFO - Arctaris rename_statements.py:2083 - main - [14/110] Processing file: dxweb (23).pdf
2025-04-03 11:12:33 - INFO - Arctaris rename_statements.py:270 - process_pdf - Processing dxweb file as BankUnited: dxweb (23).pdf
2025-04-03 11:12:33 - INFO - Arctaris rename_statements.py:2090 - main - Extracted information: <__main__.StatementInfo object at 0x00000178B9729D90>
2025-04-03 11:12:33 - INFO - Arctaris rename_statements.py:270 - process_pdf - Processing dxweb file as BankUnited: dxweb (23).pdf
2025-04-03 11:12:33 - INFO - Arctaris rename_statements.py:2103 - main - Would rename to: BankUnited\2025-04\Bank United Arctaris-23 April 2025 Statement.pdf
2025-04-03 11:12:33 - INFO - Arctaris rename_statements.py:2083 - main - [15/110] Processing file: dxweb (24).pdf
2025-04-03 11:12:33 - INFO - Arctaris rename_statements.py:270 - process_pdf - Processing dxweb file as BankUnited: dxweb (24).pdf
2025-04-03 11:12:33 - INFO - Arctaris rename_statements.py:2090 - main - Extracted information: <__main__.StatementInfo object at 0x00000178B9797E00>
2025-04-03 11:12:33 - INFO - Arctaris rename_statements.py:270 - process_pdf - Processing dxweb file as BankUnited: dxweb (24).pdf
2025-04-03 11:12:33 - INFO - Arctaris rename_statements.py:2103 - main - Would rename to: BankUnited\2025-04\Bank United Arctaris-24 April 2025 Statement.pdf
2025-04-03 11:12:33 - INFO - Arctaris rename_statements.py:2083 - main - [16/110] Processing file: dxweb (25).pdf
2025-04-03 11:12:33 - INFO - Arctaris rename_statements.py:270 - process_pdf - Processing dxweb file as BankUnited: dxweb (25).pdf
2025-04-03 11:12:33 - INFO - Arctaris rename_statements.py:2090 - main - Extracted information: <__main__.StatementInfo object at 0x00000178B9796C90>
2025-04-03 11:12:33 - INFO - Arctaris rename_statements.py:270 - process_pdf - Processing dxweb file as BankUnited: dxweb (25).pdf
2025-04-03 11:12:33 - INFO - Arctaris rename_statements.py:2103 - main - Would rename to: BankUnited\2025-04\Bank United Arctaris-25 April 2025 Statement.pdf
2025-04-03 11:12:33 - INFO - Arctaris rename_statements.py:2083 - main - [17/110] Processing file: dxweb (26).pdf
2025-04-03 11:12:33 - INFO - Arctaris rename_statements.py:270 - process_pdf - Processing dxweb file as BankUnited: dxweb (26).pdf
2025-04-03 11:12:33 - INFO - Arctaris rename_statements.py:2090 - main - Extracted information: <__main__.StatementInfo object at 0x00000178B97973B0>
2025-04-03 11:12:33 - INFO - Arctaris rename_statements.py:270 - process_pdf - Processing dxweb file as BankUnited: dxweb (26).pdf
2025-04-03 11:12:33 - INFO - Arctaris rename_statements.py:2103 - main - Would rename to: BankUnited\2025-04\Bank United Arctaris-26 April 2025 Statement.pdf
2025-04-03 11:12:33 - INFO - Arctaris rename_statements.py:2083 - main - [18/110] Processing file: dxweb (27).pdf
2025-04-03 11:12:33 - INFO - Arctaris rename_statements.py:270 - process_pdf - Processing dxweb file as BankUnited: dxweb (27).pdf
2025-04-03 11:12:33 - INFO - Arctaris rename_statements.py:2090 - main - Extracted information: <__main__.StatementInfo object at 0x00000178B9797200>
2025-04-03 11:12:33 - INFO - Arctaris rename_statements.py:270 - process_pdf - Processing dxweb file as BankUnited: dxweb (27).pdf
2025-04-03 11:12:33 - INFO - Arctaris rename_statements.py:2103 - main - Would rename to: BankUnited\2025-04\Bank United Arctaris-27 April 2025 Statement.pdf
2025-04-03 11:12:33 - INFO - Arctaris rename_statements.py:2083 - main - [19/110] Processing file: dxweb (28).pdf
2025-04-03 11:12:33 - INFO - Arctaris rename_statements.py:270 - process_pdf - Processing dxweb file as BankUnited: dxweb (28).pdf
2025-04-03 11:12:33 - INFO - Arctaris rename_statements.py:2090 - main - Extracted information: <__main__.StatementInfo object at 0x00000178B9796F30>
2025-04-03 11:12:33 - INFO - Arctaris rename_statements.py:270 - process_pdf - Processing dxweb file as BankUnited: dxweb (28).pdf
2025-04-03 11:12:33 - INFO - Arctaris rename_statements.py:2103 - main - Would rename to: BankUnited\2025-04\Bank United Arctaris-28 April 2025 Statement.pdf
2025-04-03 11:12:33 - INFO - Arctaris rename_statements.py:2083 - main - [20/110] Processing file: dxweb (29).pdf
2025-04-03 11:12:33 - INFO - Arctaris rename_statements.py:270 - process_pdf - Processing dxweb file as BankUnited: dxweb (29).pdf
2025-04-03 11:12:33 - INFO - Arctaris rename_statements.py:2090 - main - Extracted information: <__main__.StatementInfo object at 0x00000178B96A5CA0>
2025-04-03 11:12:33 - INFO - Arctaris rename_statements.py:270 - process_pdf - Processing dxweb file as BankUnited: dxweb (29).pdf
2025-04-03 11:12:33 - INFO - Arctaris rename_statements.py:2103 - main - Would rename to: BankUnited\2025-04\Bank United Arctaris-29 April 2025 Statement.pdf
2025-04-03 11:12:33 - INFO - Arctaris rename_statements.py:2078 - main - 
Processing batch 2 (21-40 of 110)
2025-04-03 11:12:33 - INFO - Arctaris rename_statements.py:2083 - main - [21/110] Processing file: dxweb (30).pdf
2025-04-03 11:12:33 - INFO - Arctaris rename_statements.py:270 - process_pdf - Processing dxweb file as BankUnited: dxweb (30).pdf
2025-04-03 11:12:33 - INFO - Arctaris rename_statements.py:2090 - main - Extracted information: <__main__.StatementInfo object at 0x00000178B9797E90>
2025-04-03 11:12:33 - INFO - Arctaris rename_statements.py:270 - process_pdf - Processing dxweb file as BankUnited: dxweb (30).pdf
2025-04-03 11:12:33 - INFO - Arctaris rename_statements.py:2103 - main - Would rename to: BankUnited\2025-04\Bank United Arctaris-30 April 2025 Statement.pdf
2025-04-03 11:12:33 - INFO - Arctaris rename_statements.py:2083 - main - [22/110] Processing file: dxweb (31).pdf
2025-04-03 11:12:33 - INFO - Arctaris rename_statements.py:270 - process_pdf - Processing dxweb file as BankUnited: dxweb (31).pdf
2025-04-03 11:12:33 - INFO - Arctaris rename_statements.py:2090 - main - Extracted information: <__main__.StatementInfo object at 0x00000178B9606210>
2025-04-03 11:12:33 - INFO - Arctaris rename_statements.py:270 - process_pdf - Processing dxweb file as BankUnited: dxweb (31).pdf
2025-04-03 11:12:33 - INFO - Arctaris rename_statements.py:2103 - main - Would rename to: BankUnited\2025-04\Bank United Arctaris-31 April 2025 Statement.pdf
2025-04-03 11:12:33 - INFO - Arctaris rename_statements.py:2083 - main - [23/110] Processing file: dxweb (32).pdf
2025-04-03 11:12:33 - INFO - Arctaris rename_statements.py:270 - process_pdf - Processing dxweb file as BankUnited: dxweb (32).pdf
2025-04-03 11:12:33 - INFO - Arctaris rename_statements.py:2090 - main - Extracted information: <__main__.StatementInfo object at 0x00000178B96062D0>
2025-04-03 11:12:33 - INFO - Arctaris rename_statements.py:270 - process_pdf - Processing dxweb file as BankUnited: dxweb (32).pdf
2025-04-03 11:12:33 - INFO - Arctaris rename_statements.py:2103 - main - Would rename to: BankUnited\2025-04\Bank United Arctaris-32 April 2025 Statement.pdf
2025-04-03 11:12:33 - INFO - Arctaris rename_statements.py:2083 - main - [24/110] Processing file: dxweb (33).pdf
2025-04-03 11:12:33 - INFO - Arctaris rename_statements.py:270 - process_pdf - Processing dxweb file as BankUnited: dxweb (33).pdf
2025-04-03 11:12:33 - INFO - Arctaris rename_statements.py:2090 - main - Extracted information: <__main__.StatementInfo object at 0x00000178B94E65D0>
2025-04-03 11:12:33 - INFO - Arctaris rename_statements.py:270 - process_pdf - Processing dxweb file as BankUnited: dxweb (33).pdf
2025-04-03 11:12:33 - INFO - Arctaris rename_statements.py:2103 - main - Would rename to: BankUnited\2025-04\Bank United Arctaris-33 April 2025 Statement.pdf
2025-04-03 11:12:33 - INFO - Arctaris rename_statements.py:2083 - main - [25/110] Processing file: dxweb (34).pdf
2025-04-03 11:12:33 - INFO - Arctaris rename_statements.py:270 - process_pdf - Processing dxweb file as BankUnited: dxweb (34).pdf
2025-04-03 11:12:33 - INFO - Arctaris rename_statements.py:2090 - main - Extracted information: <__main__.StatementInfo object at 0x00000178B9795D30>
2025-04-03 11:12:33 - INFO - Arctaris rename_statements.py:270 - process_pdf - Processing dxweb file as BankUnited: dxweb (34).pdf
2025-04-03 11:12:33 - INFO - Arctaris rename_statements.py:2103 - main - Would rename to: BankUnited\2025-04\Bank United Arctaris-34 April 2025 Statement.pdf
2025-04-03 11:12:33 - INFO - Arctaris rename_statements.py:2083 - main - [26/110] Processing file: dxweb (35).pdf
2025-04-03 11:12:33 - INFO - Arctaris rename_statements.py:270 - process_pdf - Processing dxweb file as BankUnited: dxweb (35).pdf
2025-04-03 11:12:33 - INFO - Arctaris rename_statements.py:2090 - main - Extracted information: <__main__.StatementInfo object at 0x00000178B9794380>
2025-04-03 11:12:33 - INFO - Arctaris rename_statements.py:270 - process_pdf - Processing dxweb file as BankUnited: dxweb (35).pdf
2025-04-03 11:12:33 - INFO - Arctaris rename_statements.py:2103 - main - Would rename to: BankUnited\2025-04\Bank United Arctaris-35 April 2025 Statement.pdf
2025-04-03 11:12:33 - INFO - Arctaris rename_statements.py:2083 - main - [27/110] Processing file: dxweb (8).pdf
2025-04-03 11:12:33 - INFO - Arctaris rename_statements.py:270 - process_pdf - Processing dxweb file as BankUnited: dxweb (8).pdf
2025-04-03 11:12:33 - INFO - Arctaris rename_statements.py:2090 - main - Extracted information: <__main__.StatementInfo object at 0x00000178B9797050>
2025-04-03 11:12:33 - INFO - Arctaris rename_statements.py:270 - process_pdf - Processing dxweb file as BankUnited: dxweb (8).pdf
2025-04-03 11:12:33 - INFO - Arctaris rename_statements.py:2103 - main - Would rename to: BankUnited\2025-04\Bank United Arctaris-8 April 2025 Statement.pdf
2025-04-03 11:12:33 - INFO - Arctaris rename_statements.py:2083 - main - [28/110] Processing file: dxweb (9).pdf
2025-04-03 11:12:33 - INFO - Arctaris rename_statements.py:270 - process_pdf - Processing dxweb file as BankUnited: dxweb (9).pdf
2025-04-03 11:12:33 - INFO - Arctaris rename_statements.py:2090 - main - Extracted information: <__main__.StatementInfo object at 0x00000178B9796D20>
2025-04-03 11:12:33 - INFO - Arctaris rename_statements.py:270 - process_pdf - Processing dxweb file as BankUnited: dxweb (9).pdf
2025-04-03 11:12:33 - INFO - Arctaris rename_statements.py:2103 - main - Would rename to: BankUnited\2025-04\Bank United Arctaris-9 April 2025 Statement.pdf
2025-04-03 11:12:33 - INFO - Arctaris rename_statements.py:2083 - main - [29/110] Processing file: NewStatement (1).pdf
2025-04-03 11:12:33 - WARNING - Arctaris rename_statements.py:309 - process_pdf - Limited text extracted from newstatement (1).pdf, attempting filename-based detection
2025-04-03 11:12:33 - INFO - Arctaris rename_statements.py:339 - process_pdf - Using filename-based detection: Classified as Berkshire
2025-04-03 11:12:33 - INFO - Arctaris rename_statements.py:2090 - main - Extracted information: <__main__.StatementInfo object at 0x00000178B9795520>
2025-04-03 11:12:33 - WARNING - Arctaris rename_statements.py:309 - process_pdf - Limited text extracted from newstatement (1).pdf, attempting filename-based detection
2025-04-03 11:12:33 - INFO - Arctaris rename_statements.py:339 - process_pdf - Using filename-based detection: Classified as Berkshire
2025-04-03 11:12:33 - INFO - Arctaris rename_statements.py:2103 - main - Would rename to: Berkshire\2025-04\4519-ARCTARIS OPPORTUNITY ZONE FUND 2020, LLC-20250403.pdf
2025-04-03 11:12:33 - INFO - Arctaris rename_statements.py:2083 - main - [30/110] Processing file: NewStatement (2).pdf
2025-04-03 11:12:33 - WARNING - Arctaris rename_statements.py:309 - process_pdf - Limited text extracted from newstatement (2).pdf, attempting filename-based detection
2025-04-03 11:12:33 - INFO - Arctaris rename_statements.py:339 - process_pdf - Using filename-based detection: Classified as Berkshire
2025-04-03 11:12:33 - INFO - Arctaris rename_statements.py:2090 - main - Extracted information: <__main__.StatementInfo object at 0x00000178B97E73E0>
2025-04-03 11:12:33 - WARNING - Arctaris rename_statements.py:309 - process_pdf - Limited text extracted from newstatement (2).pdf, attempting filename-based detection
2025-04-03 11:12:33 - INFO - Arctaris rename_statements.py:339 - process_pdf - Using filename-based detection: Classified as Berkshire
2025-04-03 11:12:33 - INFO - Arctaris rename_statements.py:2103 - main - Would rename to: Berkshire\2025-04\7076-ARCTARIS INCOME FUND LP-20250403.pdf
2025-04-03 11:12:33 - INFO - Arctaris rename_statements.py:2083 - main - [31/110] Processing file: NewStatement (3).pdf
2025-04-03 11:12:33 - WARNING - Arctaris rename_statements.py:309 - process_pdf - Limited text extracted from newstatement (3).pdf, attempting filename-based detection
2025-04-03 11:12:33 - INFO - Arctaris rename_statements.py:339 - process_pdf - Using filename-based detection: Classified as Berkshire
2025-04-03 11:12:33 - INFO - Arctaris rename_statements.py:2090 - main - Extracted information: <__main__.StatementInfo object at 0x00000178B9A7A000>
2025-04-03 11:12:33 - WARNING - Arctaris rename_statements.py:309 - process_pdf - Limited text extracted from newstatement (3).pdf, attempting filename-based detection
2025-04-03 11:12:33 - INFO - Arctaris rename_statements.py:339 - process_pdf - Using filename-based detection: Classified as Berkshire
2025-04-03 11:12:33 - INFO - Arctaris rename_statements.py:2103 - main - Would rename to: Berkshire\2025-04\8430-ARCTARIS OPPORTUNITY ZONE FUND 2022, LLC-20250403.pdf
2025-04-03 11:12:33 - INFO - Arctaris rename_statements.py:2083 - main - [32/110] Processing file: NewStatement.pdf
2025-04-03 11:12:33 - WARNING - Arctaris rename_statements.py:309 - process_pdf - Limited text extracted from newstatement.pdf, attempting filename-based detection
2025-04-03 11:12:33 - INFO - Arctaris rename_statements.py:339 - process_pdf - Using filename-based detection: Classified as Berkshire
2025-04-03 11:12:33 - INFO - Arctaris rename_statements.py:2090 - main - Extracted information: <__main__.StatementInfo object at 0x00000178B9AFFF20>
2025-04-03 11:12:33 - WARNING - Arctaris rename_statements.py:309 - process_pdf - Limited text extracted from newstatement.pdf, attempting filename-based detection
2025-04-03 11:12:33 - INFO - Arctaris rename_statements.py:339 - process_pdf - Using filename-based detection: Classified as Berkshire
2025-04-03 11:12:33 - INFO - Arctaris rename_statements.py:2103 - main - Would rename to: Berkshire\2025-04\1396-ARCTARIS OPPORTUNITY ZONE FUND 2019 LLC-20250403.pdf
2025-04-03 11:12:33 - INFO - Arctaris rename_statements.py:2083 - main - [33/110] Processing file: Online Statements_2025-02-28 (1).pdf
2025-04-03 11:12:33 - INFO - Arctaris rename_statements.py:170 - process_pdf - Processing Online Statements file as Cambridge: Online Statements_2025-02-28 (1).pdf
2025-04-03 11:12:33 - INFO - Arctaris rename_statements.py:2090 - main - Extracted information: <__main__.StatementInfo object at 0x00000178B9765D00>
2025-04-03 11:12:33 - INFO - Arctaris rename_statements.py:170 - process_pdf - Processing Online Statements file as Cambridge: Online Statements_2025-02-28 (1).pdf
2025-04-03 11:12:33 - INFO - Arctaris rename_statements.py:2103 - main - Would rename to: Cambridge\2025-02\ARCTARIS IMPACT INVESTORS, LLC 3346 Cambridge Savings February 2025.pdf
2025-04-03 11:12:33 - INFO - Arctaris rename_statements.py:2083 - main - [34/110] Processing file: Online Statements_2025-02-28 (10).pdf
2025-04-03 11:12:33 - INFO - Arctaris rename_statements.py:170 - process_pdf - Processing Online Statements file as Cambridge: Online Statements_2025-02-28 (10).pdf
2025-04-03 11:12:33 - INFO - Arctaris rename_statements.py:2090 - main - Extracted information: <__main__.StatementInfo object at 0x00000178B9AFFFB0>
2025-04-03 11:12:33 - INFO - Arctaris rename_statements.py:170 - process_pdf - Processing Online Statements file as Cambridge: Online Statements_2025-02-28 (10).pdf
2025-04-03 11:12:33 - INFO - Arctaris rename_statements.py:2103 - main - Would rename to: Cambridge\2025-02\WEST COAST COMMERCIAL DEVELOPMENT LLC 3495 Cambridge Savings February 2025.pdf
2025-04-03 11:12:33 - INFO - Arctaris rename_statements.py:2083 - main - [35/110] Processing file: Online Statements_2025-02-28 (11).pdf
2025-04-03 11:12:33 - INFO - Arctaris rename_statements.py:170 - process_pdf - Processing Online Statements file as Cambridge: Online Statements_2025-02-28 (11).pdf
2025-04-03 11:12:33 - INFO - Arctaris rename_statements.py:2090 - main - Extracted information: <__main__.StatementInfo object at 0x00000178B8B95850>
2025-04-03 11:12:33 - INFO - Arctaris rename_statements.py:170 - process_pdf - Processing Online Statements file as Cambridge: Online Statements_2025-02-28 (11).pdf
2025-04-03 11:12:33 - INFO - Arctaris rename_statements.py:2103 - main - Would rename to: Cambridge\2025-02\EAST COAST INDUSTRIAL, LLC 3502 Cambridge Savings February 2025.pdf
2025-04-03 11:12:33 - INFO - Arctaris rename_statements.py:2083 - main - [36/110] Processing file: Online Statements_2025-02-28 (12).pdf
2025-04-03 11:12:33 - INFO - Arctaris rename_statements.py:170 - process_pdf - Processing Online Statements file as Cambridge: Online Statements_2025-02-28 (12).pdf
2025-04-03 11:12:33 - INFO - Arctaris rename_statements.py:2090 - main - Extracted information: <__main__.StatementInfo object at 0x00000178B9767290>
2025-04-03 11:12:33 - INFO - Arctaris rename_statements.py:170 - process_pdf - Processing Online Statements file as Cambridge: Online Statements_2025-02-28 (12).pdf
2025-04-03 11:12:33 - INFO - Arctaris rename_statements.py:2103 - main - Would rename to: Cambridge\2025-02\EAST COAST INDUSTRIAL, LLC 3510 Cambridge Savings February 2025.pdf
2025-04-03 11:12:33 - INFO - Arctaris rename_statements.py:2083 - main - [37/110] Processing file: Online Statements_2025-02-28 (13).pdf
2025-04-03 11:12:33 - INFO - Arctaris rename_statements.py:170 - process_pdf - Processing Online Statements file as Cambridge: Online Statements_2025-02-28 (13).pdf
2025-04-03 11:12:33 - INFO - Arctaris rename_statements.py:2090 - main - Extracted information: <__main__.StatementInfo object at 0x00000178B9A78BC0>
2025-04-03 11:12:33 - INFO - Arctaris rename_statements.py:170 - process_pdf - Processing Online Statements file as Cambridge: Online Statements_2025-02-28 (13).pdf
2025-04-03 11:12:33 - INFO - Arctaris rename_statements.py:2103 - main - Would rename to: Cambridge\2025-02\ARCTARIS OPPORTUNITY ZONE FUND 2024,LLC 3528 Cambridge Savings February 2025.pdf
2025-04-03 11:12:33 - INFO - Arctaris rename_statements.py:2083 - main - [38/110] Processing file: Online Statements_2025-02-28 (2).pdf
2025-04-03 11:12:33 - INFO - Arctaris rename_statements.py:170 - process_pdf - Processing Online Statements file as Cambridge: Online Statements_2025-02-28 (2).pdf
2025-04-03 11:12:33 - INFO - Arctaris rename_statements.py:2090 - main - Extracted information: <__main__.StatementInfo object at 0x00000178B9A7A840>
2025-04-03 11:12:33 - INFO - Arctaris rename_statements.py:170 - process_pdf - Processing Online Statements file as Cambridge: Online Statements_2025-02-28 (2).pdf
2025-04-03 11:12:33 - INFO - Arctaris rename_statements.py:2103 - main - Would rename to: Cambridge\2025-02\ARCTARIS IMPACT FUND, LP 3354 Cambridge Savings February 2025.pdf
2025-04-03 11:12:33 - INFO - Arctaris rename_statements.py:2083 - main - [39/110] Processing file: Online Statements_2025-02-28 (3).pdf
2025-04-03 11:12:33 - INFO - Arctaris rename_statements.py:170 - process_pdf - Processing Online Statements file as Cambridge: Online Statements_2025-02-28 (3).pdf
2025-04-03 11:12:33 - INFO - Arctaris rename_statements.py:2090 - main - Extracted information: <__main__.StatementInfo object at 0x00000178B94E6750>
2025-04-03 11:12:33 - INFO - Arctaris rename_statements.py:170 - process_pdf - Processing Online Statements file as Cambridge: Online Statements_2025-02-28 (3).pdf
2025-04-03 11:12:33 - INFO - Arctaris rename_statements.py:2103 - main - Would rename to: Cambridge\2025-02\ARCTARIS IMPACT FUND, LP 3362 Cambridge Savings February 2025.pdf
2025-04-03 11:12:33 - INFO - Arctaris rename_statements.py:2083 - main - [40/110] Processing file: Online Statements_2025-02-28 (4).pdf
2025-04-03 11:12:33 - INFO - Arctaris rename_statements.py:170 - process_pdf - Processing Online Statements file as Cambridge: Online Statements_2025-02-28 (4).pdf
2025-04-03 11:12:33 - INFO - Arctaris rename_statements.py:2090 - main - Extracted information: <__main__.StatementInfo object at 0x00000178B9A78D40>
2025-04-03 11:12:33 - INFO - Arctaris rename_statements.py:170 - process_pdf - Processing Online Statements file as Cambridge: Online Statements_2025-02-28 (4).pdf
2025-04-03 11:12:33 - INFO - Arctaris rename_statements.py:2103 - main - Would rename to: Cambridge\2025-02\ARCTARIS OPPORTUNITY ZONE 2022, LLC 3396 Cambridge Savings February 2025.pdf
2025-04-03 11:12:33 - INFO - Arctaris rename_statements.py:2078 - main - 
Processing batch 3 (41-60 of 110)
2025-04-03 11:12:33 - INFO - Arctaris rename_statements.py:2083 - main - [41/110] Processing file: Online Statements_2025-02-28 (5).pdf
2025-04-03 11:12:33 - INFO - Arctaris rename_statements.py:170 - process_pdf - Processing Online Statements file as Cambridge: Online Statements_2025-02-28 (5).pdf
2025-04-03 11:12:33 - INFO - Arctaris rename_statements.py:2090 - main - Extracted information: <__main__.StatementInfo object at 0x00000178B9A78CE0>
2025-04-03 11:12:33 - INFO - Arctaris rename_statements.py:170 - process_pdf - Processing Online Statements file as Cambridge: Online Statements_2025-02-28 (5).pdf
2025-04-03 11:12:33 - INFO - Arctaris rename_statements.py:2103 - main - Would rename to: Cambridge\2025-02\ARCTARIS OPPORTUNITY ZONE 2022, LLC 3403 Cambridge Savings February 2025.pdf
2025-04-03 11:12:33 - INFO - Arctaris rename_statements.py:2083 - main - [42/110] Processing file: Online Statements_2025-02-28 (6).pdf
2025-04-03 11:12:33 - INFO - Arctaris rename_statements.py:170 - process_pdf - Processing Online Statements file as Cambridge: Online Statements_2025-02-28 (6).pdf
2025-04-03 11:12:33 - INFO - Arctaris rename_statements.py:2090 - main - Extracted information: <__main__.StatementInfo object at 0x00000178B9A79580>
2025-04-03 11:12:33 - INFO - Arctaris rename_statements.py:170 - process_pdf - Processing Online Statements file as Cambridge: Online Statements_2025-02-28 (6).pdf
2025-04-03 11:12:33 - INFO - Arctaris rename_statements.py:2103 - main - Would rename to: Cambridge\2025-02\OHIO INCLUSIVE HOUSING, LLC 3445 Cambridge Savings February 2025.pdf
2025-04-03 11:12:33 - INFO - Arctaris rename_statements.py:2083 - main - [43/110] Processing file: Online Statements_2025-02-28 (7).pdf
2025-04-03 11:12:33 - INFO - Arctaris rename_statements.py:170 - process_pdf - Processing Online Statements file as Cambridge: Online Statements_2025-02-28 (7).pdf
2025-04-03 11:12:33 - INFO - Arctaris rename_statements.py:2090 - main - Extracted information: <__main__.StatementInfo object at 0x00000178B9A79460>
2025-04-03 11:12:33 - INFO - Arctaris rename_statements.py:170 - process_pdf - Processing Online Statements file as Cambridge: Online Statements_2025-02-28 (7).pdf
2025-04-03 11:12:33 - INFO - Arctaris rename_statements.py:2103 - main - Would rename to: Cambridge\2025-02\OHIO INCLUSIVE HOUSING, LLC 3453 Cambridge Savings February 2025.pdf
2025-04-03 11:12:33 - INFO - Arctaris rename_statements.py:2083 - main - [44/110] Processing file: Online Statements_2025-02-28 (8).pdf
2025-04-03 11:12:33 - INFO - Arctaris rename_statements.py:170 - process_pdf - Processing Online Statements file as Cambridge: Online Statements_2025-02-28 (8).pdf
2025-04-03 11:12:33 - INFO - Arctaris rename_statements.py:2090 - main - Extracted information: <__main__.StatementInfo object at 0x00000178B9A79340>
2025-04-03 11:12:33 - INFO - Arctaris rename_statements.py:170 - process_pdf - Processing Online Statements file as Cambridge: Online Statements_2025-02-28 (8).pdf
2025-04-03 11:12:33 - INFO - Arctaris rename_statements.py:2103 - main - Would rename to: Cambridge\2025-02\MIDWEST COMMERCIAL DEVELOPMENT, LLC 3479 Cambridge Savings February 2025.pdf
2025-04-03 11:12:33 - INFO - Arctaris rename_statements.py:2083 - main - [45/110] Processing file: Online Statements_2025-02-28 (9).pdf
2025-04-03 11:12:33 - INFO - Arctaris rename_statements.py:170 - process_pdf - Processing Online Statements file as Cambridge: Online Statements_2025-02-28 (9).pdf
2025-04-03 11:12:33 - INFO - Arctaris rename_statements.py:2090 - main - Extracted information: <__main__.StatementInfo object at 0x00000178B9A79220>
2025-04-03 11:12:33 - INFO - Arctaris rename_statements.py:170 - process_pdf - Processing Online Statements file as Cambridge: Online Statements_2025-02-28 (9).pdf
2025-04-03 11:12:33 - INFO - Arctaris rename_statements.py:2103 - main - Would rename to: Cambridge\2025-02\WEST COAST COMMERCIAL DEVELOPMENT LLC 3487 Cambridge Savings February 2025.pdf
2025-04-03 11:12:33 - INFO - Arctaris rename_statements.py:2083 - main - [46/110] Processing file: Online Statements_2025-02-28.pdf
2025-04-03 11:12:33 - INFO - Arctaris rename_statements.py:170 - process_pdf - Processing Online Statements file as Cambridge: Online Statements_2025-02-28.pdf
2025-04-03 11:12:33 - INFO - Arctaris rename_statements.py:2090 - main - Extracted information: <__main__.StatementInfo object at 0x00000178B9A79100>
2025-04-03 11:12:33 - INFO - Arctaris rename_statements.py:170 - process_pdf - Processing Online Statements file as Cambridge: Online Statements_2025-02-28.pdf
2025-04-03 11:12:33 - INFO - Arctaris rename_statements.py:2103 - main - Would rename to: Cambridge\2025-02\ARCTARIS IMPACT INVESTORS, LLC 3346 Cambridge Savings February 2025.pdf
2025-04-03 11:12:33 - INFO - Arctaris rename_statements.py:2083 - main - [47/110] Processing file: Online Statements_2025-03-31 (1).pdf
2025-04-03 11:12:33 - INFO - Arctaris rename_statements.py:170 - process_pdf - Processing Online Statements file as Cambridge: Online Statements_2025-03-31 (1).pdf
2025-04-03 11:12:33 - INFO - Arctaris rename_statements.py:2090 - main - Extracted information: <__main__.StatementInfo object at 0x00000178B9A7B1A0>
2025-04-03 11:12:33 - INFO - Arctaris rename_statements.py:170 - process_pdf - Processing Online Statements file as Cambridge: Online Statements_2025-03-31 (1).pdf
2025-04-03 11:12:33 - INFO - Arctaris rename_statements.py:2103 - main - Would rename to: Cambridge\2025-03\ARCTARIS IMPACT INVESTORS, LLC 3346 Cambridge Savings March 2025.pdf
2025-04-03 11:12:33 - INFO - Arctaris rename_statements.py:2083 - main - [48/110] Processing file: Online Statements_2025-03-31 (10).pdf
2025-04-03 11:12:33 - INFO - Arctaris rename_statements.py:170 - process_pdf - Processing Online Statements file as Cambridge: Online Statements_2025-03-31 (10).pdf
2025-04-03 11:12:33 - INFO - Arctaris rename_statements.py:2090 - main - Extracted information: <__main__.StatementInfo object at 0x00000178B9A7AAE0>
2025-04-03 11:12:33 - INFO - Arctaris rename_statements.py:170 - process_pdf - Processing Online Statements file as Cambridge: Online Statements_2025-03-31 (10).pdf
2025-04-03 11:12:33 - INFO - Arctaris rename_statements.py:2103 - main - Would rename to: Cambridge\2025-03\WEST COAST COMMERCIAL DEVELOPMENT LLC 3495 Cambridge Savings March 2025.pdf
2025-04-03 11:12:33 - INFO - Arctaris rename_statements.py:2083 - main - [49/110] Processing file: Online Statements_2025-03-31 (11).pdf
2025-04-03 11:12:33 - INFO - Arctaris rename_statements.py:170 - process_pdf - Processing Online Statements file as Cambridge: Online Statements_2025-03-31 (11).pdf
2025-04-03 11:12:33 - INFO - Arctaris rename_statements.py:2090 - main - Extracted information: <__main__.StatementInfo object at 0x00000178B9A7ACF0>
2025-04-03 11:12:33 - INFO - Arctaris rename_statements.py:170 - process_pdf - Processing Online Statements file as Cambridge: Online Statements_2025-03-31 (11).pdf
2025-04-03 11:12:33 - INFO - Arctaris rename_statements.py:2103 - main - Would rename to: Cambridge\2025-03\EAST COAST INDUSTRIAL, LLC 3502 Cambridge Savings March 2025.pdf
2025-04-03 11:12:33 - INFO - Arctaris rename_statements.py:2083 - main - [50/110] Processing file: Online Statements_2025-03-31 (12).pdf
2025-04-03 11:12:33 - INFO - Arctaris rename_statements.py:170 - process_pdf - Processing Online Statements file as Cambridge: Online Statements_2025-03-31 (12).pdf
2025-04-03 11:12:33 - INFO - Arctaris rename_statements.py:2090 - main - Extracted information: <__main__.StatementInfo object at 0x00000178B9A791F0>
2025-04-03 11:12:33 - INFO - Arctaris rename_statements.py:170 - process_pdf - Processing Online Statements file as Cambridge: Online Statements_2025-03-31 (12).pdf
2025-04-03 11:12:33 - INFO - Arctaris rename_statements.py:2103 - main - Would rename to: Cambridge\2025-03\EAST COAST INDUSTRIAL, LLC 3510 Cambridge Savings March 2025.pdf
2025-04-03 11:12:33 - INFO - Arctaris rename_statements.py:2083 - main - [51/110] Processing file: Online Statements_2025-03-31 (13).pdf
2025-04-03 11:12:33 - INFO - Arctaris rename_statements.py:170 - process_pdf - Processing Online Statements file as Cambridge: Online Statements_2025-03-31 (13).pdf
2025-04-03 11:12:33 - INFO - Arctaris rename_statements.py:2090 - main - Extracted information: <__main__.StatementInfo object at 0x00000178B9A7B320>
2025-04-03 11:12:33 - INFO - Arctaris rename_statements.py:170 - process_pdf - Processing Online Statements file as Cambridge: Online Statements_2025-03-31 (13).pdf
2025-04-03 11:12:33 - INFO - Arctaris rename_statements.py:2103 - main - Would rename to: Cambridge\2025-03\ARCTARIS OPPORTUNITY ZONE FUND 2024,LLC 3528 Cambridge Savings March 2025.pdf
2025-04-03 11:12:33 - INFO - Arctaris rename_statements.py:2083 - main - [52/110] Processing file: Online Statements_2025-03-31 (2).pdf
2025-04-03 11:12:33 - INFO - Arctaris rename_statements.py:170 - process_pdf - Processing Online Statements file as Cambridge: Online Statements_2025-03-31 (2).pdf
2025-04-03 11:12:33 - INFO - Arctaris rename_statements.py:2090 - main - Extracted information: <__main__.StatementInfo object at 0x00000178B9A7B200>
2025-04-03 11:12:33 - INFO - Arctaris rename_statements.py:170 - process_pdf - Processing Online Statements file as Cambridge: Online Statements_2025-03-31 (2).pdf
2025-04-03 11:12:33 - INFO - Arctaris rename_statements.py:2103 - main - Would rename to: Cambridge\2025-03\ARCTARIS IMPACT FUND, LP 3354 Cambridge Savings March 2025.pdf
2025-04-03 11:12:33 - INFO - Arctaris rename_statements.py:2083 - main - [53/110] Processing file: Online Statements_2025-03-31 (3).pdf
2025-04-03 11:12:33 - INFO - Arctaris rename_statements.py:170 - process_pdf - Processing Online Statements file as Cambridge: Online Statements_2025-03-31 (3).pdf
2025-04-03 11:12:33 - INFO - Arctaris rename_statements.py:2090 - main - Extracted information: <__main__.StatementInfo object at 0x00000178B9A7B830>
2025-04-03 11:12:33 - INFO - Arctaris rename_statements.py:170 - process_pdf - Processing Online Statements file as Cambridge: Online Statements_2025-03-31 (3).pdf
2025-04-03 11:12:33 - INFO - Arctaris rename_statements.py:2103 - main - Would rename to: Cambridge\2025-03\ARCTARIS IMPACT FUND, LP 3362 Cambridge Savings March 2025.pdf
2025-04-03 11:12:33 - INFO - Arctaris rename_statements.py:2083 - main - [54/110] Processing file: Online Statements_2025-03-31 (4).pdf
2025-04-03 11:12:33 - INFO - Arctaris rename_statements.py:170 - process_pdf - Processing Online Statements file as Cambridge: Online Statements_2025-03-31 (4).pdf
2025-04-03 11:12:33 - INFO - Arctaris rename_statements.py:2090 - main - Extracted information: <__main__.StatementInfo object at 0x00000178B9A7B620>
2025-04-03 11:12:33 - INFO - Arctaris rename_statements.py:170 - process_pdf - Processing Online Statements file as Cambridge: Online Statements_2025-03-31 (4).pdf
2025-04-03 11:12:33 - INFO - Arctaris rename_statements.py:2103 - main - Would rename to: Cambridge\2025-03\ARCTARIS OPPORTUNITY ZONE 2022, LLC 3396 Cambridge Savings March 2025.pdf
2025-04-03 11:12:33 - INFO - Arctaris rename_statements.py:2083 - main - [55/110] Processing file: Online Statements_2025-03-31 (5).pdf
2025-04-03 11:12:33 - INFO - Arctaris rename_statements.py:170 - process_pdf - Processing Online Statements file as Cambridge: Online Statements_2025-03-31 (5).pdf
2025-04-03 11:12:33 - INFO - Arctaris rename_statements.py:2090 - main - Extracted information: <__main__.StatementInfo object at 0x00000178B9A7B590>
2025-04-03 11:12:33 - INFO - Arctaris rename_statements.py:170 - process_pdf - Processing Online Statements file as Cambridge: Online Statements_2025-03-31 (5).pdf
2025-04-03 11:12:33 - INFO - Arctaris rename_statements.py:2103 - main - Would rename to: Cambridge\2025-03\ARCTARIS OPPORTUNITY ZONE 2022, LLC 3403 Cambridge Savings March 2025.pdf
2025-04-03 11:12:33 - INFO - Arctaris rename_statements.py:2083 - main - [56/110] Processing file: Online Statements_2025-03-31 (6).pdf
2025-04-03 11:12:33 - INFO - Arctaris rename_statements.py:170 - process_pdf - Processing Online Statements file as Cambridge: Online Statements_2025-03-31 (6).pdf
2025-04-03 11:12:33 - INFO - Arctaris rename_statements.py:2090 - main - Extracted information: <__main__.StatementInfo object at 0x00000178B9A7B9B0>
2025-04-03 11:12:33 - INFO - Arctaris rename_statements.py:170 - process_pdf - Processing Online Statements file as Cambridge: Online Statements_2025-03-31 (6).pdf
2025-04-03 11:12:33 - INFO - Arctaris rename_statements.py:2103 - main - Would rename to: Cambridge\2025-03\OHIO INCLUSIVE HOUSING, LLC 3445 Cambridge Savings March 2025.pdf
2025-04-03 11:12:33 - INFO - Arctaris rename_statements.py:2083 - main - [57/110] Processing file: Online Statements_2025-03-31 (7).pdf
2025-04-03 11:12:33 - INFO - Arctaris rename_statements.py:170 - process_pdf - Processing Online Statements file as Cambridge: Online Statements_2025-03-31 (7).pdf
2025-04-03 11:12:33 - INFO - Arctaris rename_statements.py:2090 - main - Extracted information: <__main__.StatementInfo object at 0x00000178B962E8D0>
2025-04-03 11:12:33 - INFO - Arctaris rename_statements.py:170 - process_pdf - Processing Online Statements file as Cambridge: Online Statements_2025-03-31 (7).pdf
2025-04-03 11:12:33 - INFO - Arctaris rename_statements.py:2103 - main - Would rename to: Cambridge\2025-03\OHIO INCLUSIVE HOUSING, LLC 3453 Cambridge Savings March 2025.pdf
2025-04-03 11:12:33 - INFO - Arctaris rename_statements.py:2083 - main - [58/110] Processing file: Online Statements_2025-03-31 (8).pdf
2025-04-03 11:12:33 - INFO - Arctaris rename_statements.py:170 - process_pdf - Processing Online Statements file as Cambridge: Online Statements_2025-03-31 (8).pdf
2025-04-03 11:12:33 - INFO - Arctaris rename_statements.py:2090 - main - Extracted information: <__main__.StatementInfo object at 0x00000178B9A78B90>
2025-04-03 11:12:33 - INFO - Arctaris rename_statements.py:170 - process_pdf - Processing Online Statements file as Cambridge: Online Statements_2025-03-31 (8).pdf
2025-04-03 11:12:33 - INFO - Arctaris rename_statements.py:2103 - main - Would rename to: Cambridge\2025-03\MIDWEST COMMERCIAL DEVELOPMENT, LLC 3479 Cambridge Savings March 2025.pdf
2025-04-03 11:12:33 - INFO - Arctaris rename_statements.py:2083 - main - [59/110] Processing file: Online Statements_2025-03-31 (9).pdf
2025-04-03 11:12:33 - INFO - Arctaris rename_statements.py:170 - process_pdf - Processing Online Statements file as Cambridge: Online Statements_2025-03-31 (9).pdf
2025-04-03 11:12:33 - INFO - Arctaris rename_statements.py:2090 - main - Extracted information: <__main__.StatementInfo object at 0x00000178B9A78B00>
2025-04-03 11:12:33 - INFO - Arctaris rename_statements.py:170 - process_pdf - Processing Online Statements file as Cambridge: Online Statements_2025-03-31 (9).pdf
2025-04-03 11:12:33 - INFO - Arctaris rename_statements.py:2103 - main - Would rename to: Cambridge\2025-03\WEST COAST COMMERCIAL DEVELOPMENT LLC 3487 Cambridge Savings March 2025.pdf
2025-04-03 11:12:33 - INFO - Arctaris rename_statements.py:2083 - main - [60/110] Processing file: Online Statements_2025-03-31.pdf
2025-04-03 11:12:33 - INFO - Arctaris rename_statements.py:170 - process_pdf - Processing Online Statements file as Cambridge: Online Statements_2025-03-31.pdf
2025-04-03 11:12:33 - INFO - Arctaris rename_statements.py:2090 - main - Extracted information: <__main__.StatementInfo object at 0x00000178B9A78A70>
2025-04-03 11:12:33 - INFO - Arctaris rename_statements.py:170 - process_pdf - Processing Online Statements file as Cambridge: Online Statements_2025-03-31.pdf
2025-04-03 11:12:33 - INFO - Arctaris rename_statements.py:2103 - main - Would rename to: Cambridge\2025-03\ARCTARIS IMPACT INVESTORS, LLC 3346 Cambridge Savings March 2025.pdf
2025-04-03 11:12:33 - INFO - Arctaris rename_statements.py:2078 - main - 
Processing batch 4 (61-80 of 110)
2025-04-03 11:12:33 - INFO - Arctaris rename_statements.py:2083 - main - [61/110] Processing file: statement_1092246474_2025-03-31.pdf
2025-04-03 11:12:33 - INFO - Arctaris rename_statements.py:390 - process_pdf - Successfully identified bank type: PNC
2025-04-03 11:12:33 - INFO - Arctaris rename_statements.py:2090 - main - Extracted information: <__main__.StatementInfo object at 0x00000178B9A78500>
2025-04-03 11:12:33 - INFO - Arctaris rename_statements.py:390 - process_pdf - Successfully identified bank type: PNC
2025-04-03 11:12:33 - INFO - Arctaris rename_statements.py:2103 - main - Would rename to: PNC\2025-03\ARCTARIS IMPACT SUB-CDE 2 LLC statement_1092246474_2025-03-31.pdf
2025-04-03 11:12:33 - INFO - Arctaris rename_statements.py:2083 - main - [62/110] Processing file: statement_4116465916_2025-03-31.pdf
2025-04-03 11:12:33 - INFO - Arctaris rename_statements.py:390 - process_pdf - Successfully identified bank type: PNC
2025-04-03 11:12:33 - INFO - Arctaris rename_statements.py:2090 - main - Extracted information: <__main__.StatementInfo object at 0x00000178B9B20830>
2025-04-03 11:12:34 - INFO - Arctaris rename_statements.py:390 - process_pdf - Successfully identified bank type: PNC
2025-04-03 11:12:34 - INFO - Arctaris rename_statements.py:2103 - main - Would rename to: PNC\2025-03\MICHIGAN INCOME PRINCIPAL PR statement_4116465916_2025-03-31.pdf
2025-04-03 11:12:34 - INFO - Arctaris rename_statements.py:2083 - main - [63/110] Processing file: statement_4116465932_2025-03-31.pdf
2025-04-03 11:12:34 - INFO - Arctaris rename_statements.py:390 - process_pdf - Successfully identified bank type: PNC
2025-04-03 11:12:34 - INFO - Arctaris rename_statements.py:2090 - main - Extracted information: <__main__.StatementInfo object at 0x00000178B9607FE0>
2025-04-03 11:12:34 - INFO - Arctaris rename_statements.py:390 - process_pdf - Successfully identified bank type: PNC
2025-04-03 11:12:34 - INFO - Arctaris rename_statements.py:2103 - main - Would rename to: PNC\2025-03\ARCTARIS MICHIGAN MANAGE statement_4116465932_2025-03-31.pdf
2025-04-03 11:12:34 - INFO - Arctaris rename_statements.py:2083 - main - [64/110] Processing file: statement_4116465959_2025-03-31.pdf
2025-04-03 11:12:34 - INFO - Arctaris rename_statements.py:390 - process_pdf - Successfully identified bank type: PNC
2025-04-03 11:12:34 - INFO - Arctaris rename_statements.py:2090 - main - Extracted information: <__main__.StatementInfo object at 0x00000178B92622A0>
2025-04-03 11:12:34 - INFO - Arctaris rename_statements.py:390 - process_pdf - Successfully identified bank type: PNC
2025-04-03 11:12:34 - INFO - Arctaris rename_statements.py:2103 - main - Would rename to: PNC\2025-03\ARCTARIS ROYALTY VENTURES CO-I statement_4116465959_2025-03-31.pdf
2025-04-03 11:12:34 - INFO - Arctaris rename_statements.py:2083 - main - [65/110] Processing file: statement_4130261135_2025-03-31.pdf
2025-04-03 11:12:34 - INFO - Arctaris rename_statements.py:390 - process_pdf - Successfully identified bank type: PNC
2025-04-03 11:12:34 - INFO - Arctaris rename_statements.py:2090 - main - Extracted information: <__main__.StatementInfo object at 0x00000178B8B95820>
2025-04-03 11:12:34 - INFO - Arctaris rename_statements.py:390 - process_pdf - Successfully identified bank type: PNC
2025-04-03 11:12:34 - INFO - Arctaris rename_statements.py:2103 - main - Would rename to: PNC\2025-03\ARCTARIS IMPACT FUND statement_4130261135_2025-03-31.pdf
2025-04-03 11:12:34 - INFO - Arctaris rename_statements.py:2083 - main - [66/110] Processing file: statement_4130263798_2025-03-31.pdf
2025-04-03 11:12:34 - INFO - Arctaris rename_statements.py:390 - process_pdf - Successfully identified bank type: PNC
2025-04-03 11:12:34 - INFO - Arctaris rename_statements.py:2090 - main - Extracted information: <__main__.StatementInfo object at 0x00000178B9AA7500>
2025-04-03 11:12:34 - INFO - Arctaris rename_statements.py:390 - process_pdf - Successfully identified bank type: PNC
2025-04-03 11:12:34 - INFO - Arctaris rename_statements.py:2103 - main - Would rename to: PNC\2025-03\ARP MANAGEMENT statement_4130263798_2025-03-31.pdf
2025-04-03 11:12:34 - INFO - Arctaris rename_statements.py:2083 - main - [67/110] Processing file: statement_4130272854_2025-03-31.pdf
2025-04-03 11:12:34 - INFO - Arctaris rename_statements.py:390 - process_pdf - Successfully identified bank type: PNC
2025-04-03 11:12:34 - INFO - Arctaris rename_statements.py:2090 - main - Extracted information: <__main__.StatementInfo object at 0x00000178B9A7A930>
2025-04-03 11:12:34 - INFO - Arctaris rename_statements.py:390 - process_pdf - Successfully identified bank type: PNC
2025-04-03 11:12:34 - INFO - Arctaris rename_statements.py:2103 - main - Would rename to: PNC\2025-04\ARCTARIS OZ MAN statement_4130272854_2025-03-31.pdf
2025-04-03 11:12:34 - INFO - Arctaris rename_statements.py:2083 - main - [68/110] Processing file: statement_4130275895_2025-03-31.pdf
2025-04-03 11:12:34 - INFO - Arctaris rename_statements.py:390 - process_pdf - Successfully identified bank type: PNC
2025-04-03 11:12:34 - INFO - Arctaris rename_statements.py:2090 - main - Extracted information: <__main__.StatementInfo object at 0x00000178B97E51F0>
2025-04-03 11:12:34 - INFO - Arctaris rename_statements.py:390 - process_pdf - Successfully identified bank type: PNC
2025-04-03 11:12:34 - INFO - Arctaris rename_statements.py:2103 - main - Would rename to: PNC\2025-03\ARCTARIS SADDLEBACK SKI OPERAT statement_4130275895_2025-03-31.pdf
2025-04-03 11:12:34 - INFO - Arctaris rename_statements.py:2083 - main - [69/110] Processing file: statement_4130279968_2025-03-31.pdf
2025-04-03 11:12:34 - INFO - Arctaris rename_statements.py:390 - process_pdf - Successfully identified bank type: PNC
2025-04-03 11:12:34 - INFO - Arctaris rename_statements.py:2090 - main - Extracted information: <__main__.StatementInfo object at 0x00000178B9765F70>
2025-04-03 11:12:34 - INFO - Arctaris rename_statements.py:390 - process_pdf - Successfully identified bank type: PNC
2025-04-03 11:12:34 - INFO - Arctaris rename_statements.py:2103 - main - Would rename to: PNC\2025-03\ARC-IMPACT PROGRAM ERIE LLC statement_4130279968_2025-03-31.pdf
2025-04-03 11:12:34 - INFO - Arctaris rename_statements.py:2083 - main - [70/110] Processing file: statement_4130281339_2025-03-31.pdf
2025-04-03 11:12:34 - INFO - Arctaris rename_statements.py:390 - process_pdf - Successfully identified bank type: PNC
2025-04-03 11:12:34 - INFO - Arctaris rename_statements.py:2090 - main - Extracted information: <__main__.StatementInfo object at 0x00000178B972B8C0>
2025-04-03 11:12:34 - INFO - Arctaris rename_statements.py:390 - process_pdf - Successfully identified bank type: PNC
2025-04-03 11:12:34 - INFO - Arctaris rename_statements.py:2103 - main - Would rename to: PNC\2025-03\ARCTARIS BROADBAND statement_4130281339_2025-03-31.pdf
2025-04-03 11:12:34 - INFO - Arctaris rename_statements.py:2083 - main - [71/110] Processing file: statement_4130281355_2025-03-31.pdf
2025-04-03 11:12:34 - INFO - Arctaris rename_statements.py:390 - process_pdf - Successfully identified bank type: PNC
2025-04-03 11:12:34 - INFO - Arctaris rename_statements.py:2090 - main - Extracted information: <__main__.StatementInfo object at 0x00000178B9729430>
2025-04-03 11:12:34 - INFO - Arctaris rename_statements.py:390 - process_pdf - Successfully identified bank type: PNC
2025-04-03 11:12:34 - INFO - Arctaris rename_statements.py:2103 - main - Would rename to: PNC\2025-03\ARCTARIS OZ FUND 2020 statement_4130281355_2025-03-31.pdf
2025-04-03 11:12:34 - INFO - Arctaris rename_statements.py:2083 - main - [72/110] Processing file: statement_4130283078_2025-03-31.pdf
2025-04-03 11:12:34 - INFO - Arctaris rename_statements.py:390 - process_pdf - Successfully identified bank type: PNC
2025-04-03 11:12:34 - INFO - Arctaris rename_statements.py:2090 - main - Extracted information: <__main__.StatementInfo object at 0x00000178B97655E0>
2025-04-03 11:12:34 - INFO - Arctaris rename_statements.py:390 - process_pdf - Successfully identified bank type: PNC
2025-04-03 11:12:34 - INFO - Arctaris rename_statements.py:2103 - main - Would rename to: PNC\2025-03\ARCTARIS IMPACT INVESTORS LLC statement_4130283078_2025-03-31.pdf
2025-04-03 11:12:34 - INFO - Arctaris rename_statements.py:2083 - main - [73/110] Processing file: statement_4130283369_2025-03-31.pdf
2025-04-03 11:12:34 - INFO - Arctaris rename_statements.py:390 - process_pdf - Successfully identified bank type: PNC
2025-04-03 11:12:34 - INFO - Arctaris rename_statements.py:2090 - main - Extracted information: <__main__.StatementInfo object at 0x00000178B972BC20>
2025-04-03 11:12:34 - INFO - Arctaris rename_statements.py:390 - process_pdf - Successfully identified bank type: PNC
2025-04-03 11:12:34 - INFO - Arctaris rename_statements.py:2103 - main - Would rename to: PNC\2025-03\ARC-IMPACT-PROGRAM SWPA LLC statement_4130283369_2025-03-31.pdf
2025-04-03 11:12:34 - INFO - Arctaris rename_statements.py:2083 - main - [74/110] Processing file: statement_4130283633_2025-03-31.pdf
2025-04-03 11:12:34 - INFO - Arctaris rename_statements.py:390 - process_pdf - Successfully identified bank type: PNC
2025-04-03 11:12:34 - INFO - Arctaris rename_statements.py:2090 - main - Extracted information: <__main__.StatementInfo object at 0x00000178B972BC80>
2025-04-03 11:12:34 - INFO - Arctaris rename_statements.py:390 - process_pdf - Successfully identified bank type: PNC
2025-04-03 11:12:34 - INFO - Arctaris rename_statements.py:2103 - main - Would rename to: PNC\2025-03\ARC-IMPACT PROGRAM CUYAHOGA LLC statement_4130283633_2025-03-31.pdf
2025-04-03 11:12:34 - INFO - Arctaris rename_statements.py:2083 - main - [75/110] Processing file: statement_4130290884_2025-03-31.pdf
2025-04-03 11:12:34 - INFO - Arctaris rename_statements.py:390 - process_pdf - Successfully identified bank type: PNC
2025-04-03 11:12:34 - INFO - Arctaris rename_statements.py:2090 - main - Extracted information: <__main__.StatementInfo object at 0x00000178B972BAD0>
2025-04-03 11:12:34 - INFO - Arctaris rename_statements.py:390 - process_pdf - Successfully identified bank type: PNC
2025-04-03 11:12:34 - INFO - Arctaris rename_statements.py:2103 - main - Would rename to: PNC\2025-03\ARCTARIS INCOME FUND LP statement_4130290884_2025-03-31.pdf
2025-04-03 11:12:34 - INFO - Arctaris rename_statements.py:2083 - main - [76/110] Processing file: statement_4130293022_2025-03-31.pdf
2025-04-03 11:12:34 - INFO - Arctaris rename_statements.py:390 - process_pdf - Successfully identified bank type: PNC
2025-04-03 11:12:34 - INFO - Arctaris rename_statements.py:2090 - main - Extracted information: <__main__.StatementInfo object at 0x00000178B974C9E0>
2025-04-03 11:12:34 - INFO - Arctaris rename_statements.py:390 - process_pdf - Successfully identified bank type: PNC
2025-04-03 11:12:34 - INFO - Arctaris rename_statements.py:2103 - main - Would rename to: PNC\2025-03\OZ 2022 FUND statement_4130293022_2025-03-31.pdf
2025-04-03 11:12:34 - INFO - Arctaris rename_statements.py:2083 - main - [77/110] Processing file: statement_4130294324_2025-03-31.pdf
2025-04-03 11:12:34 - INFO - Arctaris rename_statements.py:390 - process_pdf - Successfully identified bank type: PNC
2025-04-03 11:12:34 - INFO - Arctaris rename_statements.py:2090 - main - Extracted information: <__main__.StatementInfo object at 0x00000178B9A7BCE0>
2025-04-03 11:12:34 - INFO - Arctaris rename_statements.py:390 - process_pdf - Successfully identified bank type: PNC
2025-04-03 11:12:34 - INFO - Arctaris rename_statements.py:2103 - main - Would rename to: PNC\2025-03\ARC-IMPACT-PROGRAM BUFFALO LLC statement_4130294324_2025-03-31.pdf
2025-04-03 11:12:34 - INFO - Arctaris rename_statements.py:2083 - main - [78/110] Processing file: statement_4130294332_2025-03-31.pdf
2025-04-03 11:12:34 - INFO - Arctaris rename_statements.py:390 - process_pdf - Successfully identified bank type: PNC
2025-04-03 11:12:34 - INFO - Arctaris rename_statements.py:2090 - main - Extracted information: <__main__.StatementInfo object at 0x00000178B97BD5B0>
2025-04-03 11:12:34 - INFO - Arctaris rename_statements.py:390 - process_pdf - Successfully identified bank type: PNC
2025-04-03 11:12:34 - INFO - Arctaris rename_statements.py:2103 - main - Would rename to: PNC\2025-03\ARC-IMPACT-PROGRAM HARTFORD LL statement_4130294332_2025-03-31.pdf
2025-04-03 11:12:34 - INFO - Arctaris rename_statements.py:2083 - main - [79/110] Processing file: statement_4130294359_2025-03-31.pdf
2025-04-03 11:12:34 - INFO - Arctaris rename_statements.py:390 - process_pdf - Successfully identified bank type: PNC
2025-04-03 11:12:34 - INFO - Arctaris rename_statements.py:2090 - main - Extracted information: <__main__.StatementInfo object at 0x00000178B97BC800>
2025-04-03 11:12:34 - INFO - Arctaris rename_statements.py:390 - process_pdf - Successfully identified bank type: PNC
2025-04-03 11:12:34 - INFO - Arctaris rename_statements.py:2103 - main - Would rename to: PNC\2025-04\ARC-IMPACT-PROGRAM LIMA LLC statement_4130294359_2025-03-31.pdf
2025-04-03 11:12:34 - INFO - Arctaris rename_statements.py:2083 - main - [80/110] Processing file: statement_4130294367_2025-03-31.pdf
2025-04-03 11:12:34 - INFO - Arctaris rename_statements.py:390 - process_pdf - Successfully identified bank type: PNC
2025-04-03 11:12:34 - INFO - Arctaris rename_statements.py:2090 - main - Extracted information: <__main__.StatementInfo object at 0x00000178B97BE540>
2025-04-03 11:12:34 - INFO - Arctaris rename_statements.py:390 - process_pdf - Successfully identified bank type: PNC
2025-04-03 11:12:34 - INFO - Arctaris rename_statements.py:2103 - main - Would rename to: PNC\2025-03\ARC-IMPACT-PROGRAM PITTSBURGH statement_4130294367_2025-03-31.pdf
2025-04-03 11:12:34 - INFO - Arctaris rename_statements.py:2078 - main - 
Processing batch 5 (81-100 of 110)
2025-04-03 11:12:34 - INFO - Arctaris rename_statements.py:2083 - main - [81/110] Processing file: statement_4130294383_2025-03-31.pdf
2025-04-03 11:12:34 - INFO - Arctaris rename_statements.py:390 - process_pdf - Successfully identified bank type: PNC
2025-04-03 11:12:34 - INFO - Arctaris rename_statements.py:2090 - main - Extracted information: <__main__.StatementInfo object at 0x00000178B9AA7410>
2025-04-03 11:12:34 - INFO - Arctaris rename_statements.py:390 - process_pdf - Successfully identified bank type: PNC
2025-04-03 11:12:34 - INFO - Arctaris rename_statements.py:2103 - main - Would rename to: PNC\2025-03\PHASE 1B HOLDINGS statement_4130294383_2025-03-31.pdf
2025-04-03 11:12:34 - INFO - Arctaris rename_statements.py:2083 - main - [82/110] Processing file: statement_4130294412_2025-03-31.pdf
2025-04-03 11:12:34 - INFO - Arctaris rename_statements.py:390 - process_pdf - Successfully identified bank type: PNC
2025-04-03 11:12:34 - INFO - Arctaris rename_statements.py:2090 - main - Extracted information: <__main__.StatementInfo object at 0x00000178B97E5460>
2025-04-03 11:12:34 - INFO - Arctaris rename_statements.py:390 - process_pdf - Successfully identified bank type: PNC
2025-04-03 11:12:34 - INFO - Arctaris rename_statements.py:2103 - main - Would rename to: PNC\2025-03\ARCTARIS PRODUCT DEV IV statement_4130294412_2025-03-31.pdf
2025-04-03 11:12:34 - INFO - Arctaris rename_statements.py:2083 - main - [83/110] Processing file: statement_4130294447_2025-03-31.pdf
2025-04-03 11:12:34 - INFO - Arctaris rename_statements.py:390 - process_pdf - Successfully identified bank type: PNC
2025-04-03 11:12:34 - INFO - Arctaris rename_statements.py:2090 - main - Extracted information: <__main__.StatementInfo object at 0x00000178B97BFE90>
2025-04-03 11:12:34 - INFO - Arctaris rename_statements.py:390 - process_pdf - Successfully identified bank type: PNC
2025-04-03 11:12:34 - INFO - Arctaris rename_statements.py:2103 - main - Would rename to: PNC\2025-03\ARCTARIS PRODUCT DEV VI statement_4130294447_2025-03-31.pdf
2025-04-03 11:12:34 - INFO - Arctaris rename_statements.py:2083 - main - [84/110] Processing file: statement_4130294455_2025-03-31.pdf
2025-04-03 11:12:34 - INFO - Arctaris rename_statements.py:390 - process_pdf - Successfully identified bank type: PNC
2025-04-03 11:12:34 - INFO - Arctaris rename_statements.py:2090 - main - Extracted information: <__main__.StatementInfo object at 0x00000178B97666F0>
2025-04-03 11:12:34 - INFO - Arctaris rename_statements.py:390 - process_pdf - Successfully identified bank type: PNC
2025-04-03 11:12:34 - INFO - Arctaris rename_statements.py:2103 - main - Would rename to: PNC\2025-04\ARCTARIS PRODUCT DEV VII statement_4130294455_2025-03-31.pdf
2025-04-03 11:12:34 - INFO - Arctaris rename_statements.py:2083 - main - [85/110] Processing file: statement_4130297058_2025-03-31.pdf
2025-04-03 11:12:34 - INFO - Arctaris rename_statements.py:390 - process_pdf - Successfully identified bank type: PNC
2025-04-03 11:12:34 - INFO - Arctaris rename_statements.py:2090 - main - Extracted information: <__main__.StatementInfo object at 0x00000178B9A79E50>
2025-04-03 11:12:34 - INFO - Arctaris rename_statements.py:390 - process_pdf - Successfully identified bank type: PNC
2025-04-03 11:12:34 - INFO - Arctaris rename_statements.py:2103 - main - Would rename to: PNC\2025-03\NORTHEAST REAL ESTATE statement_4130297058_2025-03-31.pdf
2025-04-03 11:12:34 - INFO - Arctaris rename_statements.py:2083 - main - [86/110] Processing file: statement_4130297779_2025-03-31.pdf
2025-04-03 11:12:34 - INFO - Arctaris rename_statements.py:390 - process_pdf - Successfully identified bank type: PNC
2025-04-03 11:12:34 - INFO - Arctaris rename_statements.py:2090 - main - Extracted information: <__main__.StatementInfo object at 0x00000178B9572360>
2025-04-03 11:12:34 - INFO - Arctaris rename_statements.py:390 - process_pdf - Successfully identified bank type: PNC
2025-04-03 11:12:34 - INFO - Arctaris rename_statements.py:2103 - main - Would rename to: PNC\2025-03\ARCTARIS IMPACT CDC LLC statement_4130297779_2025-03-31.pdf
2025-04-03 11:12:34 - INFO - Arctaris rename_statements.py:2083 - main - [87/110] Processing file: statement_4130300931_2025-03-31.pdf
2025-04-03 11:12:34 - INFO - Arctaris rename_statements.py:390 - process_pdf - Successfully identified bank type: PNC
2025-04-03 11:12:34 - INFO - Arctaris rename_statements.py:2090 - main - Extracted information: <__main__.StatementInfo object at 0x00000178B9606B10>
2025-04-03 11:12:34 - INFO - Arctaris rename_statements.py:390 - process_pdf - Successfully identified bank type: PNC
2025-04-03 11:12:34 - INFO - Arctaris rename_statements.py:2103 - main - Would rename to: PNC\2025-03\ARCTARIS ROYALTY PARTNERS LLC statement_4130300931_2025-03-31.pdf
2025-04-03 11:12:34 - INFO - Arctaris rename_statements.py:2083 - main - [88/110] Processing file: statement_4130301336_2025-03-31.pdf
2025-04-03 11:12:34 - INFO - Arctaris rename_statements.py:390 - process_pdf - Successfully identified bank type: PNC
2025-04-03 11:12:34 - INFO - Arctaris rename_statements.py:2090 - main - Extracted information: <__main__.StatementInfo object at 0x00000178B950B110>
2025-04-03 11:12:34 - INFO - Arctaris rename_statements.py:390 - process_pdf - Successfully identified bank type: PNC
2025-04-03 11:12:34 - INFO - Arctaris rename_statements.py:2103 - main - Would rename to: PNC\2025-03\DETROIT AFFORDABLE HOUSING statement_4130301336_2025-03-31.pdf
2025-04-03 11:12:34 - INFO - Arctaris rename_statements.py:2083 - main - [89/110] Processing file: statement_4130301344_2025-03-31.pdf
2025-04-03 11:12:34 - INFO - Arctaris rename_statements.py:390 - process_pdf - Successfully identified bank type: PNC
2025-04-03 11:12:34 - INFO - Arctaris rename_statements.py:2090 - main - Extracted information: <__main__.StatementInfo object at 0x00000178B9AA7620>
2025-04-03 11:12:34 - INFO - Arctaris rename_statements.py:390 - process_pdf - Successfully identified bank type: PNC
2025-04-03 11:12:34 - INFO - Arctaris rename_statements.py:2103 - main - Would rename to: PNC\2025-03\BRADDOCK FLEX statement_4130301344_2025-03-31.pdf
2025-04-03 11:12:34 - INFO - Arctaris rename_statements.py:2083 - main - [90/110] Processing file: statement_4130301694_2025-03-31.pdf
2025-04-03 11:12:34 - INFO - Arctaris rename_statements.py:390 - process_pdf - Successfully identified bank type: PNC
2025-04-03 11:12:34 - INFO - Arctaris rename_statements.py:2090 - main - Extracted information: <__main__.StatementInfo object at 0x00000178B9A7BB60>
2025-04-03 11:12:34 - INFO - Arctaris rename_statements.py:390 - process_pdf - Successfully identified bank type: PNC
2025-04-03 11:12:34 - INFO - Arctaris rename_statements.py:2103 - main - Would rename to: PNC\2025-03\SADDLEBACK SERVICES LLC statement_4130301694_2025-03-31.pdf
2025-04-03 11:12:34 - INFO - Arctaris rename_statements.py:2083 - main - [91/110] Processing file: statement_4130301889_2025-03-31.pdf
2025-04-03 11:12:34 - INFO - Arctaris rename_statements.py:390 - process_pdf - Successfully identified bank type: PNC
2025-04-03 11:12:34 - INFO - Arctaris rename_statements.py:2090 - main - Extracted information: <__main__.StatementInfo object at 0x00000178B9A79EE0>
2025-04-03 11:12:34 - INFO - Arctaris rename_statements.py:390 - process_pdf - Successfully identified bank type: PNC
2025-04-03 11:12:34 - INFO - Arctaris rename_statements.py:2103 - main - Would rename to: PNC\2025-03\NEW ENGLAND INCLUSIVE HOUSING statement_4130301889_2025-03-31.pdf
2025-04-03 11:12:34 - INFO - Arctaris rename_statements.py:2083 - main - [92/110] Processing file: statement_4130301897_2025-03-31.pdf
2025-04-03 11:12:34 - INFO - Arctaris rename_statements.py:390 - process_pdf - Successfully identified bank type: PNC
2025-04-03 11:12:34 - INFO - Arctaris rename_statements.py:2090 - main - Extracted information: <__main__.StatementInfo object at 0x00000178B9A78800>
2025-04-03 11:12:34 - INFO - Arctaris rename_statements.py:390 - process_pdf - Successfully identified bank type: PNC
2025-04-03 11:12:34 - INFO - Arctaris rename_statements.py:2103 - main - Would rename to: PNC\2025-03\MIDWESTERN DEVELOPMENT I statement_4130301897_2025-03-31.pdf
2025-04-03 11:12:34 - INFO - Arctaris rename_statements.py:2083 - main - [93/110] Processing file: statement_4130301918_2025-03-31.pdf
2025-04-03 11:12:34 - INFO - Arctaris rename_statements.py:390 - process_pdf - Successfully identified bank type: PNC
2025-04-03 11:12:34 - INFO - Arctaris rename_statements.py:2090 - main - Extracted information: <__main__.StatementInfo object at 0x00000178B9767B00>
2025-04-03 11:12:34 - INFO - Arctaris rename_statements.py:390 - process_pdf - Successfully identified bank type: PNC
2025-04-03 11:12:34 - INFO - Arctaris rename_statements.py:2103 - main - Would rename to: PNC\2025-03\MID ATLANTIC INCLUSIVE HOUSING statement_4130301918_2025-03-31.pdf
2025-04-03 11:12:34 - INFO - Arctaris rename_statements.py:2083 - main - [94/110] Processing file: statement_4130301926_2025-03-31.pdf
2025-04-03 11:12:34 - INFO - Arctaris rename_statements.py:390 - process_pdf - Successfully identified bank type: PNC
2025-04-03 11:12:34 - INFO - Arctaris rename_statements.py:2090 - main - Extracted information: <__main__.StatementInfo object at 0x00000178B9607AD0>
2025-04-03 11:12:34 - INFO - Arctaris rename_statements.py:390 - process_pdf - Successfully identified bank type: PNC
2025-04-03 11:12:34 - INFO - Arctaris rename_statements.py:2103 - main - Would rename to: PNC\2025-03\SOUTH EAST DEVELOPMENT statement_4130301926_2025-03-31.pdf
2025-04-03 11:12:34 - INFO - Arctaris rename_statements.py:2083 - main - [95/110] Processing file: statement_4130301934_2025-03-31.pdf
2025-04-03 11:12:34 - INFO - Arctaris rename_statements.py:390 - process_pdf - Successfully identified bank type: PNC
2025-04-03 11:12:34 - INFO - Arctaris rename_statements.py:2090 - main - Extracted information: <__main__.StatementInfo object at 0x00000178B9A79760>
2025-04-03 11:12:34 - INFO - Arctaris rename_statements.py:390 - process_pdf - Successfully identified bank type: PNC
2025-04-03 11:12:34 - INFO - Arctaris rename_statements.py:2103 - main - Would rename to: PNC\2025-03\PENN INCLUSIVE HOUSING statement_4130301934_2025-03-31.pdf
2025-04-03 11:12:34 - INFO - Arctaris rename_statements.py:2083 - main - [96/110] Processing file: statement_4130302128_2025-03-31.pdf
2025-04-03 11:12:34 - INFO - Arctaris rename_statements.py:390 - process_pdf - Successfully identified bank type: PNC
2025-04-03 11:12:34 - INFO - Arctaris rename_statements.py:2090 - main - Extracted information: <__main__.StatementInfo object at 0x00000178B9AA4740>
2025-04-03 11:12:34 - INFO - Arctaris rename_statements.py:390 - process_pdf - Successfully identified bank type: PNC
2025-04-03 11:12:34 - INFO - Arctaris rename_statements.py:2103 - main - Would rename to: PNC\2025-03\EASTERN DEVELOPMENT HOUSING statement_4130302128_2025-03-31.pdf
2025-04-03 11:12:34 - INFO - Arctaris rename_statements.py:2083 - main - [97/110] Processing file: statement_4175623128_2025-03-31.pdf
2025-04-03 11:12:34 - INFO - Arctaris rename_statements.py:390 - process_pdf - Successfully identified bank type: PNC
2025-04-03 11:12:34 - INFO - Arctaris rename_statements.py:2090 - main - Extracted information: <__main__.StatementInfo object at 0x00000178B97E65D0>
2025-04-03 11:12:34 - INFO - Arctaris rename_statements.py:390 - process_pdf - Successfully identified bank type: PNC
2025-04-03 11:12:34 - INFO - Arctaris rename_statements.py:2103 - main - Would rename to: PNC\2025-03\ARCTARIS OZ FUND 2024 statement_4175623128_2025-03-31.pdf
2025-04-03 11:12:34 - INFO - Arctaris rename_statements.py:2083 - main - [98/110] Processing file: statement_4176547892_2025-03-31.pdf
2025-04-03 11:12:34 - INFO - Arctaris rename_statements.py:390 - process_pdf - Successfully identified bank type: PNC
2025-04-03 11:12:34 - INFO - Arctaris rename_statements.py:2090 - main - Extracted information: <__main__.StatementInfo object at 0x00000178B97E4AA0>
2025-04-03 11:12:35 - INFO - Arctaris rename_statements.py:390 - process_pdf - Successfully identified bank type: PNC
2025-04-03 11:12:35 - INFO - Arctaris rename_statements.py:2103 - main - Would rename to: PNC\2025-03\SSP HOLDCO LLC statement_4176547892_2025-03-31.pdf
2025-04-03 11:12:35 - INFO - Arctaris rename_statements.py:2083 - main - [99/110] Processing file: statement_4176565548_2025-03-31.pdf
2025-04-03 11:12:35 - INFO - Arctaris rename_statements.py:390 - process_pdf - Successfully identified bank type: PNC
2025-04-03 11:12:35 - INFO - Arctaris rename_statements.py:2090 - main - Extracted information: <__main__.StatementInfo object at 0x00000178B97E5190>
2025-04-03 11:12:35 - INFO - Arctaris rename_statements.py:390 - process_pdf - Successfully identified bank type: PNC
2025-04-03 11:12:35 - INFO - Arctaris rename_statements.py:2103 - main - Would rename to: PNC\2025-03\ARCTARIS EAST COAST DEVELOPMEN statement_4176565548_2025-03-31.pdf
2025-04-03 11:12:35 - INFO - Arctaris rename_statements.py:2083 - main - [100/110] Processing file: statement_4176641344_2025-03-31.pdf
2025-04-03 11:12:35 - INFO - Arctaris rename_statements.py:390 - process_pdf - Successfully identified bank type: PNC
2025-04-03 11:12:35 - INFO - Arctaris rename_statements.py:2090 - main - Extracted information: <__main__.StatementInfo object at 0x00000178B97BF4D0>
2025-04-03 11:12:35 - INFO - Arctaris rename_statements.py:390 - process_pdf - Successfully identified bank type: PNC
2025-04-03 11:12:35 - INFO - Arctaris rename_statements.py:2103 - main - Would rename to: PNC\2025-03\GREATER ERIE STRATEGIC INVESTM statement_4176641344_2025-03-31.pdf
2025-04-03 11:12:35 - INFO - Arctaris rename_statements.py:2078 - main - 
Processing batch 6 (101-110 of 110)
2025-04-03 11:12:35 - INFO - Arctaris rename_statements.py:2083 - main - [101/110] Processing file: statement_4176706259_2025-03-31.pdf
2025-04-03 11:12:35 - INFO - Arctaris rename_statements.py:390 - process_pdf - Successfully identified bank type: PNC
2025-04-03 11:12:35 - INFO - Arctaris rename_statements.py:2090 - main - Extracted information: <__main__.StatementInfo object at 0x00000178B97E42C0>
2025-04-03 11:12:35 - INFO - Arctaris rename_statements.py:390 - process_pdf - Successfully identified bank type: PNC
2025-04-03 11:12:35 - INFO - Arctaris rename_statements.py:2103 - main - Would rename to: PNC\2025-03\ARCTARIS ADVISORY HOLDING LLC statement_4176706259_2025-03-31.pdf
2025-04-03 11:12:35 - INFO - Arctaris rename_statements.py:2083 - main - [102/110] Processing file: statement_4176786746_2025-03-31.pdf
2025-04-03 11:12:35 - INFO - Arctaris rename_statements.py:390 - process_pdf - Successfully identified bank type: PNC
2025-04-03 11:12:35 - INFO - Arctaris rename_statements.py:2090 - main - Extracted information: <__main__.StatementInfo object at 0x00000178B97E5040>
2025-04-03 11:12:35 - INFO - Arctaris rename_statements.py:390 - process_pdf - Successfully identified bank type: PNC
2025-04-03 11:12:35 - INFO - Arctaris rename_statements.py:2103 - main - Would rename to: PNC\2025-03\ARC-IMPACT PROGRAM CT LLC statement_4176786746_2025-03-31.pdf
2025-04-03 11:12:35 - INFO - Arctaris rename_statements.py:2083 - main - [103/110] Processing file: statement_4176790542_2025-03-31.pdf
2025-04-03 11:12:35 - INFO - Arctaris rename_statements.py:390 - process_pdf - Successfully identified bank type: PNC
2025-04-03 11:12:35 - INFO - Arctaris rename_statements.py:2090 - main - Extracted information: <__main__.StatementInfo object at 0x00000178B9AA7DA0>
2025-04-03 11:12:35 - INFO - Arctaris rename_statements.py:390 - process_pdf - Successfully identified bank type: PNC
2025-04-03 11:12:35 - INFO - Arctaris rename_statements.py:2103 - main - Would rename to: PNC\2025-03\ARCTARIS HOLDCO LLC statement_4176790542_2025-03-31.pdf
2025-04-03 11:12:35 - INFO - Arctaris rename_statements.py:2083 - main - [104/110] Processing file: statement_4176790577_2025-03-31.pdf
2025-04-03 11:12:35 - INFO - Arctaris rename_statements.py:390 - process_pdf - Successfully identified bank type: PNC
2025-04-03 11:12:35 - INFO - Arctaris rename_statements.py:2090 - main - Extracted information: <__main__.StatementInfo object at 0x00000178B97BFD10>
2025-04-03 11:12:35 - INFO - Arctaris rename_statements.py:390 - process_pdf - Successfully identified bank type: PNC
2025-04-03 11:12:35 - INFO - Arctaris rename_statements.py:2103 - main - Would rename to: PNC\2025-03\TOWER PERSONAL SERVICES LLC statement_4176790577_2025-03-31.pdf
2025-04-03 11:12:35 - INFO - Arctaris rename_statements.py:2083 - main - [105/110] Processing file: statement_4176790593_2025-03-31.pdf
2025-04-03 11:12:35 - INFO - Arctaris rename_statements.py:390 - process_pdf - Successfully identified bank type: PNC
2025-04-03 11:12:35 - INFO - Arctaris rename_statements.py:2090 - main - Extracted information: <__main__.StatementInfo object at 0x00000178B97BC740>
2025-04-03 11:12:35 - INFO - Arctaris rename_statements.py:390 - process_pdf - Successfully identified bank type: PNC
2025-04-03 11:12:35 - INFO - Arctaris rename_statements.py:2103 - main - Would rename to: PNC\2025-03\ARCTARIS MANAGEMENT CO LLC statement_4176790593_2025-03-31.pdf
2025-04-03 11:12:35 - INFO - Arctaris rename_statements.py:2083 - main - [106/110] Processing file: statement_4179447491_2025-03-31.pdf
2025-04-03 11:12:35 - INFO - Arctaris rename_statements.py:390 - process_pdf - Successfully identified bank type: PNC
2025-04-03 11:12:35 - INFO - Arctaris rename_statements.py:2090 - main - Extracted information: <__main__.StatementInfo object at 0x00000178B97E6750>
2025-04-03 11:12:35 - INFO - Arctaris rename_statements.py:390 - process_pdf - Successfully identified bank type: PNC
2025-04-03 11:12:35 - INFO - Arctaris rename_statements.py:2103 - main - Would rename to: PNC\2025-03\ARCTARIS MICHIGAN PARTNERS LLC statement_4179447491_2025-03-31.pdf
2025-04-03 11:12:35 - INFO - Arctaris rename_statements.py:2083 - main - [107/110] Processing file: statement_4179559231_2025-03-31.pdf
2025-04-03 11:12:35 - INFO - Arctaris rename_statements.py:390 - process_pdf - Successfully identified bank type: PNC
2025-04-03 11:12:35 - INFO - Arctaris rename_statements.py:2090 - main - Extracted information: <__main__.StatementInfo object at 0x00000178B9767410>
2025-04-03 11:12:35 - INFO - Arctaris rename_statements.py:390 - process_pdf - Successfully identified bank type: PNC
2025-04-03 11:12:35 - INFO - Arctaris rename_statements.py:2103 - main - Would rename to: PNC\2025-03\ARCTARIS REAL ESTATE MANAGEMEN statement_4179559231_2025-03-31.pdf
2025-04-03 11:12:35 - INFO - Arctaris rename_statements.py:2083 - main - [108/110] Processing file: statement_4179559338_2025-03-31.pdf
2025-04-03 11:12:35 - INFO - Arctaris rename_statements.py:390 - process_pdf - Successfully identified bank type: PNC
2025-04-03 11:12:35 - INFO - Arctaris rename_statements.py:2090 - main - Extracted information: <__main__.StatementInfo object at 0x00000178B9AA70B0>
2025-04-03 11:12:35 - INFO - Arctaris rename_statements.py:390 - process_pdf - Successfully identified bank type: PNC
2025-04-03 11:12:35 - INFO - Arctaris rename_statements.py:2103 - main - Would rename to: PNC\2025-03\ARCTARIS HOUSING CO LLC statement_4179559338_2025-03-31.pdf
2025-04-03 11:12:35 - INFO - Arctaris rename_statements.py:2083 - main - [109/110] Processing file: statement_4179667988_2025-03-31.pdf
2025-04-03 11:12:35 - INFO - Arctaris rename_statements.py:390 - process_pdf - Successfully identified bank type: PNC
2025-04-03 11:12:35 - INFO - Arctaris rename_statements.py:2090 - main - Extracted information: <__main__.StatementInfo object at 0x00000178B97BC650>
2025-04-03 11:12:35 - INFO - Arctaris rename_statements.py:390 - process_pdf - Successfully identified bank type: PNC
2025-04-03 11:12:35 - INFO - Arctaris rename_statements.py:2103 - main - Would rename to: PNC\2025-03\ARCTARIS MIDWEST DEV II statement_4179667988_2025-03-31.pdf
2025-04-03 11:12:35 - INFO - Arctaris rename_statements.py:2083 - main - [110/110] Processing file: statement_4698117603_2025-03-31.pdf
2025-04-03 11:12:35 - INFO - Arctaris rename_statements.py:390 - process_pdf - Successfully identified bank type: PNC
2025-04-03 11:12:35 - INFO - Arctaris rename_statements.py:2090 - main - Extracted information: <__main__.StatementInfo object at 0x00000178B9AA7080>
2025-04-03 11:12:35 - INFO - Arctaris rename_statements.py:390 - process_pdf - Successfully identified bank type: PNC
2025-04-03 11:12:35 - INFO - Arctaris rename_statements.py:2103 - main - Would rename to: PNC\2025-03\ARCTARIS OZ FUND 2019 statement_4698117603_2025-03-31.pdf
2025-04-03 11:12:35 - INFO - Arctaris rename_statements.py:2159 - main - 
Dry run completed in 2.37 seconds.
2025-04-03 11:12:35 - INFO - Arctaris rename_statements.py:2163 - main - Preview checklist saved to: checklists\preview_checklist_20250403_111235.csv
2025-04-03 11:12:35 - INFO - Arctaris rename_statements.py:2167 - main - 110 files would be processed.
