2025-04-01 17:19:58 - INFO - Arctaris rename_statements.py:1478 - setup_logging - Logging initialized at level INFO
2025-04-01 17:19:58 - INFO - Arctaris rename_statements.py:1479 - setup_logging - Log file: C:\Users\Christian\OneDrive - Arctaris Michigan Partners, LLC\Desktop\Bank Automation\Codes\Bank Statements\logs\pdf_processor_20250401_171958.log
2025-04-01 17:19:58 - INFO - Arctaris rename_statements.py:1542 - main - Starting PDF rename script (version 2.0)
2025-04-01 17:19:58 - INFO - Arctaris rename_statements.py:1543 - main - Input folder: C:\Users\Christian\OneDrive - Arctaris Michigan Partners, LLC\Desktop\Bank Automation\input_statements
2025-04-01 17:19:58 - INFO - Arctaris rename_statements.py:1544 - main - Output folder: C:\Users\Christian\OneDrive - Arctaris Michigan Partners, LLC\Desktop\Bank Automation\processed_statements
2025-04-01 17:19:58 - INFO - Arctaris rename_statements.py:1562 - main - Found 4 repaired files that will be skipped
2025-04-01 17:19:58 - INFO - Arctaris rename_statements.py:1577 - main - Found 110 PDF file(s) to process
2025-04-01 17:19:59 - INFO - Arctaris rename_statements.py:1214 - find_duplicate_files - Duplicate group - Original: dxweb (26).pdf, Duplicates: dxweb (27).pdf
2025-04-01 17:19:59 - INFO - Arctaris rename_statements.py:1214 - find_duplicate_files - Duplicate group - Original: dxweb (32).pdf, Duplicates: dxweb (33).pdf
2025-04-01 17:19:59 - WARNING - Arctaris rename_statements.py:1585 - main - Found 2 groups of duplicate files:
2025-04-01 17:19:59 - WARNING - Arctaris rename_statements.py:1587 - main -   Duplicate group (2 files):
2025-04-01 17:19:59 - WARNING - Arctaris rename_statements.py:1590 - main -     - dxweb (26).pdf
2025-04-01 17:19:59 - WARNING - Arctaris rename_statements.py:1590 - main -     - dxweb (27).pdf
2025-04-01 17:19:59 - INFO - Arctaris rename_statements.py:1595 - main -   Original: dxweb (26).pdf, Duplicates: dxweb (27).pdf
2025-04-01 17:19:59 - WARNING - Arctaris rename_statements.py:1587 - main -   Duplicate group (2 files):
2025-04-01 17:19:59 - WARNING - Arctaris rename_statements.py:1590 - main -     - dxweb (32).pdf
2025-04-01 17:19:59 - WARNING - Arctaris rename_statements.py:1590 - main -     - dxweb (33).pdf
2025-04-01 17:19:59 - INFO - Arctaris rename_statements.py:1595 - main -   Original: dxweb (32).pdf, Duplicates: dxweb (33).pdf
2025-04-01 17:19:59 - INFO - Arctaris rename_statements.py:1598 - main - Use --process-duplicates to process duplicate files
2025-04-01 17:20:00 - INFO - Arctaris rename_statements.py:1611 - main - Processing 108 unique files after removing duplicates
2025-04-01 17:20:00 - INFO - Arctaris rename_statements.py:1614 - main - 
=== PREVIEW MODE ===
2025-04-01 17:20:00 - INFO - Arctaris rename_statements.py:1622 - main - Verifying PDF files...
2025-04-01 17:20:00 - WARNING - Arctaris rename_statements.py:1633 - main - File verification failed for NewStatement (1).pdf: Could not extract text (possible scan/image PDF)
2025-04-01 17:20:00 - WARNING - Arctaris rename_statements.py:1633 - main - File verification failed for NewStatement (2).pdf: Could not extract text (possible scan/image PDF)
2025-04-01 17:20:00 - WARNING - Arctaris rename_statements.py:1633 - main - File verification failed for NewStatement (3).pdf: Could not extract text (possible scan/image PDF)
2025-04-01 17:20:01 - WARNING - Arctaris rename_statements.py:1633 - main - File verification failed for NewStatement.pdf: Could not extract text (possible scan/image PDF)
2025-04-01 17:20:02 - WARNING - Arctaris rename_statements.py:1637 - main - 4 files failed verification
2025-04-01 17:20:02 - INFO - Arctaris rename_statements.py:1645 - main - Attempting to repair NewStatement (1).pdf
2025-04-01 17:20:02 - INFO - Arctaris rename_statements.py:1650 - main - Successfully repaired NewStatement (1).pdf
2025-04-01 17:20:02 - INFO - Arctaris rename_statements.py:1645 - main - Attempting to repair NewStatement (2).pdf
2025-04-01 17:20:02 - INFO - Arctaris rename_statements.py:1650 - main - Successfully repaired NewStatement (2).pdf
2025-04-01 17:20:02 - INFO - Arctaris rename_statements.py:1645 - main - Attempting to repair NewStatement (3).pdf
2025-04-01 17:20:02 - INFO - Arctaris rename_statements.py:1650 - main - Successfully repaired NewStatement (3).pdf
2025-04-01 17:20:02 - INFO - Arctaris rename_statements.py:1645 - main - Attempting to repair NewStatement.pdf
2025-04-01 17:20:02 - INFO - Arctaris rename_statements.py:1650 - main - Successfully repaired NewStatement.pdf
2025-04-01 17:20:02 - INFO - Arctaris rename_statements.py:1655 - main - Added repaired file NewStatement (1).pdf to processing queue
2025-04-01 17:20:02 - INFO - Arctaris rename_statements.py:1655 - main - Added repaired file NewStatement (2).pdf to processing queue
2025-04-01 17:20:02 - INFO - Arctaris rename_statements.py:1655 - main - Added repaired file NewStatement (3).pdf to processing queue
2025-04-01 17:20:02 - INFO - Arctaris rename_statements.py:1655 - main - Added repaired file NewStatement.pdf to processing queue
2025-04-01 17:20:02 - INFO - Arctaris rename_statements.py:1659 - main - 108 files verified and ready for processing
2025-04-01 17:20:02 - INFO - Arctaris rename_statements.py:1668 - main - 
Processing batch 1 (1-20 of 108)
2025-04-01 17:20:02 - INFO - Arctaris rename_statements.py:1673 - main - [1/108] Processing file: dxweb (10).pdf
2025-04-01 17:20:02 - INFO - Arctaris rename_statements.py:316 - process_pdf - Processing dxweb file as BankUnited: dxweb (10).pdf
2025-04-01 17:20:02 - INFO - Arctaris rename_statements.py:1680 - main - Extracted information: Bank Type: BankUnited, Fund Name: Arctaris-10
2025-04-01 17:20:02 - INFO - Arctaris rename_statements.py:1693 - main - Would rename to: BankUnited\April\BankUnited Arctaris-10 April 2025 statement.pdf
2025-04-01 17:20:02 - INFO - Arctaris rename_statements.py:1673 - main - [2/108] Processing file: dxweb (11).pdf
2025-04-01 17:20:02 - INFO - Arctaris rename_statements.py:316 - process_pdf - Processing dxweb file as BankUnited: dxweb (11).pdf
2025-04-01 17:20:02 - INFO - Arctaris rename_statements.py:1680 - main - Extracted information: Bank Type: BankUnited, Fund Name: Arctaris-11
2025-04-01 17:20:02 - INFO - Arctaris rename_statements.py:1693 - main - Would rename to: BankUnited\April\BankUnited Arctaris-11 April 2025 statement.pdf
2025-04-01 17:20:02 - INFO - Arctaris rename_statements.py:1673 - main - [3/108] Processing file: dxweb (12).pdf
2025-04-01 17:20:02 - INFO - Arctaris rename_statements.py:316 - process_pdf - Processing dxweb file as BankUnited: dxweb (12).pdf
2025-04-01 17:20:02 - INFO - Arctaris rename_statements.py:1680 - main - Extracted information: Bank Type: BankUnited, Fund Name: Arctaris-12
2025-04-01 17:20:02 - INFO - Arctaris rename_statements.py:1693 - main - Would rename to: BankUnited\April\BankUnited Arctaris-12 April 2025 statement.pdf
2025-04-01 17:20:02 - INFO - Arctaris rename_statements.py:1673 - main - [4/108] Processing file: dxweb (13).pdf
2025-04-01 17:20:02 - INFO - Arctaris rename_statements.py:316 - process_pdf - Processing dxweb file as BankUnited: dxweb (13).pdf
2025-04-01 17:20:02 - INFO - Arctaris rename_statements.py:1680 - main - Extracted information: Bank Type: BankUnited, Fund Name: Arctaris-13
2025-04-01 17:20:02 - INFO - Arctaris rename_statements.py:1693 - main - Would rename to: BankUnited\April\BankUnited Arctaris-13 April 2025 statement.pdf
2025-04-01 17:20:02 - INFO - Arctaris rename_statements.py:1673 - main - [5/108] Processing file: dxweb (14).pdf
2025-04-01 17:20:02 - INFO - Arctaris rename_statements.py:316 - process_pdf - Processing dxweb file as BankUnited: dxweb (14).pdf
2025-04-01 17:20:02 - INFO - Arctaris rename_statements.py:1680 - main - Extracted information: Bank Type: BankUnited, Fund Name: Arctaris-14
2025-04-01 17:20:02 - INFO - Arctaris rename_statements.py:1693 - main - Would rename to: BankUnited\April\BankUnited Arctaris-14 April 2025 statement.pdf
2025-04-01 17:20:02 - INFO - Arctaris rename_statements.py:1673 - main - [6/108] Processing file: dxweb (15).pdf
2025-04-01 17:20:02 - INFO - Arctaris rename_statements.py:316 - process_pdf - Processing dxweb file as BankUnited: dxweb (15).pdf
2025-04-01 17:20:02 - INFO - Arctaris rename_statements.py:1680 - main - Extracted information: Bank Type: BankUnited, Fund Name: Arctaris-15
2025-04-01 17:20:02 - INFO - Arctaris rename_statements.py:1693 - main - Would rename to: BankUnited\April\BankUnited Arctaris-15 April 2025 statement.pdf
2025-04-01 17:20:02 - INFO - Arctaris rename_statements.py:1673 - main - [7/108] Processing file: dxweb (16).pdf
2025-04-01 17:20:02 - INFO - Arctaris rename_statements.py:316 - process_pdf - Processing dxweb file as BankUnited: dxweb (16).pdf
2025-04-01 17:20:02 - INFO - Arctaris rename_statements.py:1680 - main - Extracted information: Bank Type: BankUnited, Fund Name: Arctaris-16
2025-04-01 17:20:02 - INFO - Arctaris rename_statements.py:1693 - main - Would rename to: BankUnited\April\BankUnited Arctaris-16 April 2025 statement.pdf
2025-04-01 17:20:02 - INFO - Arctaris rename_statements.py:1673 - main - [8/108] Processing file: dxweb (17).pdf
2025-04-01 17:20:02 - INFO - Arctaris rename_statements.py:316 - process_pdf - Processing dxweb file as BankUnited: dxweb (17).pdf
2025-04-01 17:20:02 - INFO - Arctaris rename_statements.py:1680 - main - Extracted information: Bank Type: BankUnited, Fund Name: Arctaris-17
2025-04-01 17:20:02 - INFO - Arctaris rename_statements.py:1693 - main - Would rename to: BankUnited\April\BankUnited Arctaris-17 April 2025 statement.pdf
2025-04-01 17:20:02 - INFO - Arctaris rename_statements.py:1673 - main - [9/108] Processing file: dxweb (18).pdf
2025-04-01 17:20:02 - INFO - Arctaris rename_statements.py:316 - process_pdf - Processing dxweb file as BankUnited: dxweb (18).pdf
2025-04-01 17:20:02 - INFO - Arctaris rename_statements.py:1680 - main - Extracted information: Bank Type: BankUnited, Fund Name: Arctaris-18
2025-04-01 17:20:02 - INFO - Arctaris rename_statements.py:1693 - main - Would rename to: BankUnited\April\BankUnited Arctaris-18 April 2025 statement.pdf
2025-04-01 17:20:02 - INFO - Arctaris rename_statements.py:1673 - main - [10/108] Processing file: dxweb (19).pdf
2025-04-01 17:20:02 - INFO - Arctaris rename_statements.py:316 - process_pdf - Processing dxweb file as BankUnited: dxweb (19).pdf
2025-04-01 17:20:02 - INFO - Arctaris rename_statements.py:1680 - main - Extracted information: Bank Type: BankUnited, Fund Name: Arctaris-19
2025-04-01 17:20:02 - INFO - Arctaris rename_statements.py:1693 - main - Would rename to: BankUnited\April\BankUnited Arctaris-19 April 2025 statement.pdf
2025-04-01 17:20:02 - INFO - Arctaris rename_statements.py:1673 - main - [11/108] Processing file: dxweb (20).pdf
2025-04-01 17:20:02 - INFO - Arctaris rename_statements.py:316 - process_pdf - Processing dxweb file as BankUnited: dxweb (20).pdf
2025-04-01 17:20:02 - INFO - Arctaris rename_statements.py:1680 - main - Extracted information: Bank Type: BankUnited, Fund Name: Arctaris-20
2025-04-01 17:20:02 - INFO - Arctaris rename_statements.py:1693 - main - Would rename to: BankUnited\April\BankUnited Arctaris-20 April 2025 statement.pdf
2025-04-01 17:20:02 - INFO - Arctaris rename_statements.py:1673 - main - [12/108] Processing file: dxweb (21).pdf
2025-04-01 17:20:02 - INFO - Arctaris rename_statements.py:316 - process_pdf - Processing dxweb file as BankUnited: dxweb (21).pdf
2025-04-01 17:20:02 - INFO - Arctaris rename_statements.py:1680 - main - Extracted information: Bank Type: BankUnited, Fund Name: Arctaris-21
2025-04-01 17:20:02 - INFO - Arctaris rename_statements.py:1693 - main - Would rename to: BankUnited\April\BankUnited Arctaris-21 April 2025 statement.pdf
2025-04-01 17:20:02 - INFO - Arctaris rename_statements.py:1673 - main - [13/108] Processing file: dxweb (22).pdf
2025-04-01 17:20:02 - INFO - Arctaris rename_statements.py:316 - process_pdf - Processing dxweb file as BankUnited: dxweb (22).pdf
2025-04-01 17:20:02 - INFO - Arctaris rename_statements.py:1680 - main - Extracted information: Bank Type: BankUnited, Fund Name: Arctaris-22
2025-04-01 17:20:02 - INFO - Arctaris rename_statements.py:1693 - main - Would rename to: BankUnited\April\BankUnited Arctaris-22 April 2025 statement.pdf
2025-04-01 17:20:02 - INFO - Arctaris rename_statements.py:1673 - main - [14/108] Processing file: dxweb (23).pdf
2025-04-01 17:20:02 - INFO - Arctaris rename_statements.py:316 - process_pdf - Processing dxweb file as BankUnited: dxweb (23).pdf
2025-04-01 17:20:02 - INFO - Arctaris rename_statements.py:1680 - main - Extracted information: Bank Type: BankUnited, Fund Name: Arctaris-23
2025-04-01 17:20:02 - INFO - Arctaris rename_statements.py:1693 - main - Would rename to: BankUnited\April\BankUnited Arctaris-23 April 2025 statement.pdf
2025-04-01 17:20:02 - INFO - Arctaris rename_statements.py:1673 - main - [15/108] Processing file: dxweb (24).pdf
2025-04-01 17:20:02 - INFO - Arctaris rename_statements.py:316 - process_pdf - Processing dxweb file as BankUnited: dxweb (24).pdf
2025-04-01 17:20:02 - INFO - Arctaris rename_statements.py:1680 - main - Extracted information: Bank Type: BankUnited, Fund Name: Arctaris-24
2025-04-01 17:20:02 - INFO - Arctaris rename_statements.py:1693 - main - Would rename to: BankUnited\April\BankUnited Arctaris-24 April 2025 statement.pdf
2025-04-01 17:20:02 - INFO - Arctaris rename_statements.py:1673 - main - [16/108] Processing file: dxweb (25).pdf
2025-04-01 17:20:02 - INFO - Arctaris rename_statements.py:316 - process_pdf - Processing dxweb file as BankUnited: dxweb (25).pdf
2025-04-01 17:20:02 - INFO - Arctaris rename_statements.py:1680 - main - Extracted information: Bank Type: BankUnited, Fund Name: Arctaris-25
2025-04-01 17:20:02 - INFO - Arctaris rename_statements.py:1693 - main - Would rename to: BankUnited\April\BankUnited Arctaris-25 April 2025 statement.pdf
2025-04-01 17:20:02 - INFO - Arctaris rename_statements.py:1673 - main - [17/108] Processing file: dxweb (26).pdf
2025-04-01 17:20:02 - INFO - Arctaris rename_statements.py:316 - process_pdf - Processing dxweb file as BankUnited: dxweb (26).pdf
2025-04-01 17:20:02 - INFO - Arctaris rename_statements.py:1680 - main - Extracted information: Bank Type: BankUnited, Fund Name: Arctaris-26
2025-04-01 17:20:02 - INFO - Arctaris rename_statements.py:1693 - main - Would rename to: BankUnited\April\BankUnited Arctaris-26 April 2025 statement.pdf
2025-04-01 17:20:02 - INFO - Arctaris rename_statements.py:1673 - main - [18/108] Processing file: dxweb (28).pdf
2025-04-01 17:20:02 - INFO - Arctaris rename_statements.py:316 - process_pdf - Processing dxweb file as BankUnited: dxweb (28).pdf
2025-04-01 17:20:02 - INFO - Arctaris rename_statements.py:1680 - main - Extracted information: Bank Type: BankUnited, Fund Name: Arctaris-28
2025-04-01 17:20:02 - INFO - Arctaris rename_statements.py:1693 - main - Would rename to: BankUnited\April\BankUnited Arctaris-28 April 2025 statement.pdf
2025-04-01 17:20:02 - INFO - Arctaris rename_statements.py:1673 - main - [19/108] Processing file: dxweb (29).pdf
2025-04-01 17:20:02 - INFO - Arctaris rename_statements.py:316 - process_pdf - Processing dxweb file as BankUnited: dxweb (29).pdf
2025-04-01 17:20:02 - INFO - Arctaris rename_statements.py:1680 - main - Extracted information: Bank Type: BankUnited, Fund Name: Arctaris-29
2025-04-01 17:20:02 - INFO - Arctaris rename_statements.py:1693 - main - Would rename to: BankUnited\April\BankUnited Arctaris-29 April 2025 statement.pdf
2025-04-01 17:20:02 - INFO - Arctaris rename_statements.py:1673 - main - [20/108] Processing file: dxweb (30).pdf
2025-04-01 17:20:02 - INFO - Arctaris rename_statements.py:316 - process_pdf - Processing dxweb file as BankUnited: dxweb (30).pdf
2025-04-01 17:20:02 - INFO - Arctaris rename_statements.py:1680 - main - Extracted information: Bank Type: BankUnited, Fund Name: Arctaris-30
2025-04-01 17:20:02 - INFO - Arctaris rename_statements.py:1693 - main - Would rename to: BankUnited\April\BankUnited Arctaris-30 April 2025 statement.pdf
2025-04-01 17:20:02 - INFO - Arctaris rename_statements.py:1668 - main - 
Processing batch 2 (21-40 of 108)
2025-04-01 17:20:02 - INFO - Arctaris rename_statements.py:1673 - main - [21/108] Processing file: dxweb (31).pdf
2025-04-01 17:20:02 - INFO - Arctaris rename_statements.py:316 - process_pdf - Processing dxweb file as BankUnited: dxweb (31).pdf
2025-04-01 17:20:02 - INFO - Arctaris rename_statements.py:1680 - main - Extracted information: Bank Type: BankUnited, Fund Name: Arctaris-31
2025-04-01 17:20:02 - INFO - Arctaris rename_statements.py:1693 - main - Would rename to: BankUnited\April\BankUnited Arctaris-31 April 2025 statement.pdf
2025-04-01 17:20:02 - INFO - Arctaris rename_statements.py:1673 - main - [22/108] Processing file: dxweb (32).pdf
2025-04-01 17:20:02 - INFO - Arctaris rename_statements.py:316 - process_pdf - Processing dxweb file as BankUnited: dxweb (32).pdf
2025-04-01 17:20:02 - INFO - Arctaris rename_statements.py:1680 - main - Extracted information: Bank Type: BankUnited, Fund Name: Arctaris-32
2025-04-01 17:20:02 - INFO - Arctaris rename_statements.py:1693 - main - Would rename to: BankUnited\April\BankUnited Arctaris-32 April 2025 statement.pdf
2025-04-01 17:20:02 - INFO - Arctaris rename_statements.py:1673 - main - [23/108] Processing file: dxweb (34).pdf
2025-04-01 17:20:02 - INFO - Arctaris rename_statements.py:316 - process_pdf - Processing dxweb file as BankUnited: dxweb (34).pdf
2025-04-01 17:20:02 - INFO - Arctaris rename_statements.py:1680 - main - Extracted information: Bank Type: BankUnited, Fund Name: Arctaris-34
2025-04-01 17:20:02 - INFO - Arctaris rename_statements.py:1693 - main - Would rename to: BankUnited\April\BankUnited Arctaris-34 April 2025 statement.pdf
2025-04-01 17:20:02 - INFO - Arctaris rename_statements.py:1673 - main - [24/108] Processing file: dxweb (35).pdf
2025-04-01 17:20:02 - INFO - Arctaris rename_statements.py:316 - process_pdf - Processing dxweb file as BankUnited: dxweb (35).pdf
2025-04-01 17:20:02 - INFO - Arctaris rename_statements.py:1680 - main - Extracted information: Bank Type: BankUnited, Fund Name: Arctaris-35
2025-04-01 17:20:02 - INFO - Arctaris rename_statements.py:1693 - main - Would rename to: BankUnited\April\BankUnited Arctaris-35 April 2025 statement.pdf
2025-04-01 17:20:02 - INFO - Arctaris rename_statements.py:1673 - main - [25/108] Processing file: dxweb (8).pdf
2025-04-01 17:20:02 - INFO - Arctaris rename_statements.py:316 - process_pdf - Processing dxweb file as BankUnited: dxweb (8).pdf
2025-04-01 17:20:02 - INFO - Arctaris rename_statements.py:1680 - main - Extracted information: Bank Type: BankUnited, Fund Name: Arctaris-8
2025-04-01 17:20:02 - INFO - Arctaris rename_statements.py:1693 - main - Would rename to: BankUnited\April\BankUnited Arctaris-8 April 2025 statement.pdf
2025-04-01 17:20:02 - INFO - Arctaris rename_statements.py:1673 - main - [26/108] Processing file: dxweb (9).pdf
2025-04-01 17:20:02 - INFO - Arctaris rename_statements.py:316 - process_pdf - Processing dxweb file as BankUnited: dxweb (9).pdf
2025-04-01 17:20:02 - INFO - Arctaris rename_statements.py:1680 - main - Extracted information: Bank Type: BankUnited, Fund Name: Arctaris-9
2025-04-01 17:20:02 - INFO - Arctaris rename_statements.py:1693 - main - Would rename to: BankUnited\April\BankUnited Arctaris-9 April 2025 statement.pdf
2025-04-01 17:20:02 - INFO - Arctaris rename_statements.py:1673 - main - [27/108] Processing file: Online Statements_2025-02-28 (1).pdf
2025-04-01 17:20:02 - INFO - Arctaris rename_statements.py:280 - process_pdf - Processing Online Statements file as Cambridge: Online Statements_2025-02-28 (1).pdf
2025-04-01 17:20:02 - INFO - Arctaris rename_statements.py:1680 - main - Extracted information: Bank Type: Cambridge, Fund Name: Arctaris-1, Statement Date: 20250228
2025-04-01 17:20:02 - INFO - Arctaris rename_statements.py:1693 - main - Would rename to: Cambridge\February\Cambridge Arctaris-1 February 2025 statement.pdf
2025-04-01 17:20:02 - INFO - Arctaris rename_statements.py:1673 - main - [28/108] Processing file: Online Statements_2025-02-28 (10).pdf
2025-04-01 17:20:02 - INFO - Arctaris rename_statements.py:280 - process_pdf - Processing Online Statements file as Cambridge: Online Statements_2025-02-28 (10).pdf
2025-04-01 17:20:02 - INFO - Arctaris rename_statements.py:1680 - main - Extracted information: Bank Type: Cambridge, Fund Name: Arctaris-10, Statement Date: 20250228
2025-04-01 17:20:02 - INFO - Arctaris rename_statements.py:1693 - main - Would rename to: Cambridge\February\Cambridge Arctaris-10 February 2025 statement.pdf
2025-04-01 17:20:02 - INFO - Arctaris rename_statements.py:1673 - main - [29/108] Processing file: Online Statements_2025-02-28 (11).pdf
2025-04-01 17:20:02 - INFO - Arctaris rename_statements.py:280 - process_pdf - Processing Online Statements file as Cambridge: Online Statements_2025-02-28 (11).pdf
2025-04-01 17:20:02 - INFO - Arctaris rename_statements.py:1680 - main - Extracted information: Bank Type: Cambridge, Fund Name: Arctaris-11, Statement Date: 20250228
2025-04-01 17:20:02 - INFO - Arctaris rename_statements.py:1693 - main - Would rename to: Cambridge\February\Cambridge Arctaris-11 February 2025 statement.pdf
2025-04-01 17:20:02 - INFO - Arctaris rename_statements.py:1673 - main - [30/108] Processing file: Online Statements_2025-02-28 (12).pdf
2025-04-01 17:20:02 - INFO - Arctaris rename_statements.py:280 - process_pdf - Processing Online Statements file as Cambridge: Online Statements_2025-02-28 (12).pdf
2025-04-01 17:20:02 - INFO - Arctaris rename_statements.py:1680 - main - Extracted information: Bank Type: Cambridge, Fund Name: Arctaris-12, Statement Date: 20250228
2025-04-01 17:20:02 - INFO - Arctaris rename_statements.py:1693 - main - Would rename to: Cambridge\February\Cambridge Arctaris-12 February 2025 statement.pdf
2025-04-01 17:20:02 - INFO - Arctaris rename_statements.py:1673 - main - [31/108] Processing file: Online Statements_2025-02-28 (13).pdf
2025-04-01 17:20:02 - INFO - Arctaris rename_statements.py:280 - process_pdf - Processing Online Statements file as Cambridge: Online Statements_2025-02-28 (13).pdf
2025-04-01 17:20:03 - INFO - Arctaris rename_statements.py:1680 - main - Extracted information: Bank Type: Cambridge, Fund Name: Arctaris-13, Statement Date: 20250228
2025-04-01 17:20:03 - INFO - Arctaris rename_statements.py:1693 - main - Would rename to: Cambridge\February\Cambridge Arctaris-13 February 2025 statement.pdf
2025-04-01 17:20:03 - INFO - Arctaris rename_statements.py:1673 - main - [32/108] Processing file: Online Statements_2025-02-28 (2).pdf
2025-04-01 17:20:03 - INFO - Arctaris rename_statements.py:280 - process_pdf - Processing Online Statements file as Cambridge: Online Statements_2025-02-28 (2).pdf
2025-04-01 17:20:03 - INFO - Arctaris rename_statements.py:1680 - main - Extracted information: Bank Type: Cambridge, Fund Name: Arctaris-2, Statement Date: 20250228
2025-04-01 17:20:03 - INFO - Arctaris rename_statements.py:1693 - main - Would rename to: Cambridge\February\Cambridge Arctaris-2 February 2025 statement.pdf
2025-04-01 17:20:03 - INFO - Arctaris rename_statements.py:1673 - main - [33/108] Processing file: Online Statements_2025-02-28 (3).pdf
2025-04-01 17:20:03 - INFO - Arctaris rename_statements.py:280 - process_pdf - Processing Online Statements file as Cambridge: Online Statements_2025-02-28 (3).pdf
2025-04-01 17:20:03 - INFO - Arctaris rename_statements.py:1680 - main - Extracted information: Bank Type: Cambridge, Fund Name: Arctaris-3, Statement Date: 20250228
2025-04-01 17:20:03 - INFO - Arctaris rename_statements.py:1693 - main - Would rename to: Cambridge\February\Cambridge Arctaris-3 February 2025 statement.pdf
2025-04-01 17:20:03 - INFO - Arctaris rename_statements.py:1673 - main - [34/108] Processing file: Online Statements_2025-02-28 (4).pdf
2025-04-01 17:20:03 - INFO - Arctaris rename_statements.py:280 - process_pdf - Processing Online Statements file as Cambridge: Online Statements_2025-02-28 (4).pdf
2025-04-01 17:20:03 - INFO - Arctaris rename_statements.py:1680 - main - Extracted information: Bank Type: Cambridge, Fund Name: Arctaris-4, Statement Date: 20250228
2025-04-01 17:20:03 - INFO - Arctaris rename_statements.py:1693 - main - Would rename to: Cambridge\February\Cambridge Arctaris-4 February 2025 statement.pdf
2025-04-01 17:20:03 - INFO - Arctaris rename_statements.py:1673 - main - [35/108] Processing file: Online Statements_2025-02-28 (5).pdf
2025-04-01 17:20:03 - INFO - Arctaris rename_statements.py:280 - process_pdf - Processing Online Statements file as Cambridge: Online Statements_2025-02-28 (5).pdf
2025-04-01 17:20:03 - INFO - Arctaris rename_statements.py:1680 - main - Extracted information: Bank Type: Cambridge, Fund Name: Arctaris-5, Statement Date: 20250228
2025-04-01 17:20:03 - INFO - Arctaris rename_statements.py:1693 - main - Would rename to: Cambridge\February\Cambridge Arctaris-5 February 2025 statement.pdf
2025-04-01 17:20:03 - INFO - Arctaris rename_statements.py:1673 - main - [36/108] Processing file: Online Statements_2025-02-28 (6).pdf
2025-04-01 17:20:03 - INFO - Arctaris rename_statements.py:280 - process_pdf - Processing Online Statements file as Cambridge: Online Statements_2025-02-28 (6).pdf
2025-04-01 17:20:03 - INFO - Arctaris rename_statements.py:1680 - main - Extracted information: Bank Type: Cambridge, Fund Name: Arctaris-6, Statement Date: 20250228
2025-04-01 17:20:03 - INFO - Arctaris rename_statements.py:1693 - main - Would rename to: Cambridge\February\Cambridge Arctaris-6 February 2025 statement.pdf
2025-04-01 17:20:03 - INFO - Arctaris rename_statements.py:1673 - main - [37/108] Processing file: Online Statements_2025-02-28 (7).pdf
2025-04-01 17:20:03 - INFO - Arctaris rename_statements.py:280 - process_pdf - Processing Online Statements file as Cambridge: Online Statements_2025-02-28 (7).pdf
2025-04-01 17:20:03 - INFO - Arctaris rename_statements.py:1680 - main - Extracted information: Bank Type: Cambridge, Fund Name: Arctaris-7, Statement Date: 20250228
2025-04-01 17:20:03 - INFO - Arctaris rename_statements.py:1693 - main - Would rename to: Cambridge\February\Cambridge Arctaris-7 February 2025 statement.pdf
2025-04-01 17:20:03 - INFO - Arctaris rename_statements.py:1673 - main - [38/108] Processing file: Online Statements_2025-02-28 (8).pdf
2025-04-01 17:20:03 - INFO - Arctaris rename_statements.py:280 - process_pdf - Processing Online Statements file as Cambridge: Online Statements_2025-02-28 (8).pdf
2025-04-01 17:20:03 - INFO - Arctaris rename_statements.py:1680 - main - Extracted information: Bank Type: Cambridge, Fund Name: Arctaris-8, Statement Date: 20250228
2025-04-01 17:20:03 - INFO - Arctaris rename_statements.py:1693 - main - Would rename to: Cambridge\February\Cambridge Arctaris-8 February 2025 statement.pdf
2025-04-01 17:20:03 - INFO - Arctaris rename_statements.py:1673 - main - [39/108] Processing file: Online Statements_2025-02-28 (9).pdf
2025-04-01 17:20:03 - INFO - Arctaris rename_statements.py:280 - process_pdf - Processing Online Statements file as Cambridge: Online Statements_2025-02-28 (9).pdf
2025-04-01 17:20:03 - INFO - Arctaris rename_statements.py:1680 - main - Extracted information: Bank Type: Cambridge, Fund Name: Arctaris-9, Statement Date: 20250228
2025-04-01 17:20:03 - INFO - Arctaris rename_statements.py:1693 - main - Would rename to: Cambridge\February\Cambridge Arctaris-9 February 2025 statement.pdf
2025-04-01 17:20:03 - INFO - Arctaris rename_statements.py:1673 - main - [40/108] Processing file: Online Statements_2025-02-28.pdf
2025-04-01 17:20:03 - INFO - Arctaris rename_statements.py:280 - process_pdf - Processing Online Statements file as Cambridge: Online Statements_2025-02-28.pdf
2025-04-01 17:20:03 - INFO - Arctaris rename_statements.py:1680 - main - Extracted information: Bank Type: Cambridge, Fund Name: Arctaris, Statement Date: 20250228
2025-04-01 17:20:03 - INFO - Arctaris rename_statements.py:1693 - main - Would rename to: Cambridge\February\Cambridge Arctaris February 2025 statement.pdf
2025-04-01 17:20:03 - INFO - Arctaris rename_statements.py:1668 - main - 
Processing batch 3 (41-60 of 108)
2025-04-01 17:20:03 - INFO - Arctaris rename_statements.py:1673 - main - [41/108] Processing file: Online Statements_2025-03-31 (1).pdf
2025-04-01 17:20:03 - INFO - Arctaris rename_statements.py:280 - process_pdf - Processing Online Statements file as Cambridge: Online Statements_2025-03-31 (1).pdf
2025-04-01 17:20:03 - INFO - Arctaris rename_statements.py:1680 - main - Extracted information: Bank Type: Cambridge, Fund Name: Arctaris-1, Statement Date: 20250331
2025-04-01 17:20:03 - INFO - Arctaris rename_statements.py:1693 - main - Would rename to: Cambridge\March\Cambridge Arctaris-1 March 2025 statement.pdf
2025-04-01 17:20:03 - INFO - Arctaris rename_statements.py:1673 - main - [42/108] Processing file: Online Statements_2025-03-31 (10).pdf
2025-04-01 17:20:03 - INFO - Arctaris rename_statements.py:280 - process_pdf - Processing Online Statements file as Cambridge: Online Statements_2025-03-31 (10).pdf
2025-04-01 17:20:03 - INFO - Arctaris rename_statements.py:1680 - main - Extracted information: Bank Type: Cambridge, Fund Name: Arctaris-10, Statement Date: 20250331
2025-04-01 17:20:03 - INFO - Arctaris rename_statements.py:1693 - main - Would rename to: Cambridge\March\Cambridge Arctaris-10 March 2025 statement.pdf
2025-04-01 17:20:03 - INFO - Arctaris rename_statements.py:1673 - main - [43/108] Processing file: Online Statements_2025-03-31 (11).pdf
2025-04-01 17:20:03 - INFO - Arctaris rename_statements.py:280 - process_pdf - Processing Online Statements file as Cambridge: Online Statements_2025-03-31 (11).pdf
2025-04-01 17:20:03 - INFO - Arctaris rename_statements.py:1680 - main - Extracted information: Bank Type: Cambridge, Fund Name: Arctaris-11, Statement Date: 20250331
2025-04-01 17:20:03 - INFO - Arctaris rename_statements.py:1693 - main - Would rename to: Cambridge\March\Cambridge Arctaris-11 March 2025 statement.pdf
2025-04-01 17:20:03 - INFO - Arctaris rename_statements.py:1673 - main - [44/108] Processing file: Online Statements_2025-03-31 (12).pdf
2025-04-01 17:20:03 - INFO - Arctaris rename_statements.py:280 - process_pdf - Processing Online Statements file as Cambridge: Online Statements_2025-03-31 (12).pdf
2025-04-01 17:20:03 - INFO - Arctaris rename_statements.py:1680 - main - Extracted information: Bank Type: Cambridge, Fund Name: Arctaris-12, Statement Date: 20250331
2025-04-01 17:20:03 - INFO - Arctaris rename_statements.py:1693 - main - Would rename to: Cambridge\March\Cambridge Arctaris-12 March 2025 statement.pdf
2025-04-01 17:20:03 - INFO - Arctaris rename_statements.py:1673 - main - [45/108] Processing file: Online Statements_2025-03-31 (13).pdf
2025-04-01 17:20:03 - INFO - Arctaris rename_statements.py:280 - process_pdf - Processing Online Statements file as Cambridge: Online Statements_2025-03-31 (13).pdf
2025-04-01 17:20:03 - INFO - Arctaris rename_statements.py:1680 - main - Extracted information: Bank Type: Cambridge, Fund Name: Arctaris-13, Statement Date: 20250331
2025-04-01 17:20:03 - INFO - Arctaris rename_statements.py:1693 - main - Would rename to: Cambridge\March\Cambridge Arctaris-13 March 2025 statement.pdf
2025-04-01 17:20:03 - INFO - Arctaris rename_statements.py:1673 - main - [46/108] Processing file: Online Statements_2025-03-31 (2).pdf
2025-04-01 17:20:03 - INFO - Arctaris rename_statements.py:280 - process_pdf - Processing Online Statements file as Cambridge: Online Statements_2025-03-31 (2).pdf
2025-04-01 17:20:03 - INFO - Arctaris rename_statements.py:1680 - main - Extracted information: Bank Type: Cambridge, Fund Name: Arctaris-2, Statement Date: 20250331
2025-04-01 17:20:03 - INFO - Arctaris rename_statements.py:1693 - main - Would rename to: Cambridge\March\Cambridge Arctaris-2 March 2025 statement.pdf
2025-04-01 17:20:03 - INFO - Arctaris rename_statements.py:1673 - main - [47/108] Processing file: Online Statements_2025-03-31 (3).pdf
2025-04-01 17:20:03 - INFO - Arctaris rename_statements.py:280 - process_pdf - Processing Online Statements file as Cambridge: Online Statements_2025-03-31 (3).pdf
2025-04-01 17:20:03 - INFO - Arctaris rename_statements.py:1680 - main - Extracted information: Bank Type: Cambridge, Fund Name: Arctaris-3, Statement Date: 20250331
2025-04-01 17:20:03 - INFO - Arctaris rename_statements.py:1693 - main - Would rename to: Cambridge\March\Cambridge Arctaris-3 March 2025 statement.pdf
2025-04-01 17:20:03 - INFO - Arctaris rename_statements.py:1673 - main - [48/108] Processing file: Online Statements_2025-03-31 (4).pdf
2025-04-01 17:20:03 - INFO - Arctaris rename_statements.py:280 - process_pdf - Processing Online Statements file as Cambridge: Online Statements_2025-03-31 (4).pdf
2025-04-01 17:20:03 - INFO - Arctaris rename_statements.py:1680 - main - Extracted information: Bank Type: Cambridge, Fund Name: Arctaris-4, Statement Date: 20250331
2025-04-01 17:20:03 - INFO - Arctaris rename_statements.py:1693 - main - Would rename to: Cambridge\March\Cambridge Arctaris-4 March 2025 statement.pdf
2025-04-01 17:20:03 - INFO - Arctaris rename_statements.py:1673 - main - [49/108] Processing file: Online Statements_2025-03-31 (5).pdf
2025-04-01 17:20:03 - INFO - Arctaris rename_statements.py:280 - process_pdf - Processing Online Statements file as Cambridge: Online Statements_2025-03-31 (5).pdf
2025-04-01 17:20:03 - INFO - Arctaris rename_statements.py:1680 - main - Extracted information: Bank Type: Cambridge, Fund Name: Arctaris-5, Statement Date: 20250331
2025-04-01 17:20:03 - INFO - Arctaris rename_statements.py:1693 - main - Would rename to: Cambridge\March\Cambridge Arctaris-5 March 2025 statement.pdf
2025-04-01 17:20:03 - INFO - Arctaris rename_statements.py:1673 - main - [50/108] Processing file: Online Statements_2025-03-31 (6).pdf
2025-04-01 17:20:03 - INFO - Arctaris rename_statements.py:280 - process_pdf - Processing Online Statements file as Cambridge: Online Statements_2025-03-31 (6).pdf
2025-04-01 17:20:03 - INFO - Arctaris rename_statements.py:1680 - main - Extracted information: Bank Type: Cambridge, Fund Name: Arctaris-6, Statement Date: 20250331
2025-04-01 17:20:03 - INFO - Arctaris rename_statements.py:1693 - main - Would rename to: Cambridge\March\Cambridge Arctaris-6 March 2025 statement.pdf
2025-04-01 17:20:03 - INFO - Arctaris rename_statements.py:1673 - main - [51/108] Processing file: Online Statements_2025-03-31 (7).pdf
2025-04-01 17:20:03 - INFO - Arctaris rename_statements.py:280 - process_pdf - Processing Online Statements file as Cambridge: Online Statements_2025-03-31 (7).pdf
2025-04-01 17:20:03 - INFO - Arctaris rename_statements.py:1680 - main - Extracted information: Bank Type: Cambridge, Fund Name: Arctaris-7, Statement Date: 20250331
2025-04-01 17:20:03 - INFO - Arctaris rename_statements.py:1693 - main - Would rename to: Cambridge\March\Cambridge Arctaris-7 March 2025 statement.pdf
2025-04-01 17:20:03 - INFO - Arctaris rename_statements.py:1673 - main - [52/108] Processing file: Online Statements_2025-03-31 (8).pdf
2025-04-01 17:20:03 - INFO - Arctaris rename_statements.py:280 - process_pdf - Processing Online Statements file as Cambridge: Online Statements_2025-03-31 (8).pdf
2025-04-01 17:20:03 - INFO - Arctaris rename_statements.py:1680 - main - Extracted information: Bank Type: Cambridge, Fund Name: Arctaris-8, Statement Date: 20250331
2025-04-01 17:20:03 - INFO - Arctaris rename_statements.py:1693 - main - Would rename to: Cambridge\March\Cambridge Arctaris-8 March 2025 statement.pdf
2025-04-01 17:20:03 - INFO - Arctaris rename_statements.py:1673 - main - [53/108] Processing file: Online Statements_2025-03-31 (9).pdf
2025-04-01 17:20:03 - INFO - Arctaris rename_statements.py:280 - process_pdf - Processing Online Statements file as Cambridge: Online Statements_2025-03-31 (9).pdf
2025-04-01 17:20:03 - INFO - Arctaris rename_statements.py:1680 - main - Extracted information: Bank Type: Cambridge, Fund Name: Arctaris-9, Statement Date: 20250331
2025-04-01 17:20:03 - INFO - Arctaris rename_statements.py:1693 - main - Would rename to: Cambridge\March\Cambridge Arctaris-9 March 2025 statement.pdf
2025-04-01 17:20:03 - INFO - Arctaris rename_statements.py:1673 - main - [54/108] Processing file: Online Statements_2025-03-31.pdf
2025-04-01 17:20:03 - INFO - Arctaris rename_statements.py:280 - process_pdf - Processing Online Statements file as Cambridge: Online Statements_2025-03-31.pdf
2025-04-01 17:20:03 - INFO - Arctaris rename_statements.py:1680 - main - Extracted information: Bank Type: Cambridge, Fund Name: Arctaris, Statement Date: 20250331
2025-04-01 17:20:03 - INFO - Arctaris rename_statements.py:1693 - main - Would rename to: Cambridge\March\Cambridge Arctaris March 2025 statement.pdf
2025-04-01 17:20:03 - INFO - Arctaris rename_statements.py:1673 - main - [55/108] Processing file: statement_1092246474_2025-03-31.pdf
2025-04-01 17:20:03 - INFO - Arctaris rename_statements.py:428 - process_pdf - Successfully identified bank type: PNC
2025-04-01 17:20:03 - INFO - Arctaris rename_statements.py:1680 - main - Extracted information: Bank Type: PNC, Fund Name: CDE 2 LLC, Statement Date: 20250331
2025-04-01 17:20:03 - INFO - Arctaris rename_statements.py:1693 - main - Would rename to: PNC\March\PNC_CDE-2-LLC_20250331.pdf
2025-04-01 17:20:03 - INFO - Arctaris rename_statements.py:1673 - main - [56/108] Processing file: statement_4116465916_2025-03-31.pdf
2025-04-01 17:20:03 - INFO - Arctaris rename_statements.py:428 - process_pdf - Successfully identified bank type: PNC
2025-04-01 17:20:03 - INFO - Arctaris rename_statements.py:1680 - main - Extracted information: Bank Type: PNC, Statement Date: 20250331
2025-04-01 17:20:03 - INFO - Arctaris rename_statements.py:1693 - main - Would rename to: PNC\March\PNC_statement_4116465916_2025-03-31.pdf
2025-04-01 17:20:03 - INFO - Arctaris rename_statements.py:1673 - main - [57/108] Processing file: statement_4116465932_2025-03-31.pdf
2025-04-01 17:20:03 - INFO - Arctaris rename_statements.py:428 - process_pdf - Successfully identified bank type: PNC
2025-04-01 17:20:03 - INFO - Arctaris rename_statements.py:1680 - main - Extracted information: Bank Type: PNC, Fund Name: ARCTARIS MICHIGAN MANAGER LLC, Statement Date: 20250331
2025-04-01 17:20:03 - INFO - Arctaris rename_statements.py:1693 - main - Would rename to: PNC\March\PNC_ARCTARIS-MICHIGAN-MANAGER-LLC_20250331.pdf
2025-04-01 17:20:03 - INFO - Arctaris rename_statements.py:1673 - main - [58/108] Processing file: statement_4116465959_2025-03-31.pdf
2025-04-01 17:20:03 - INFO - Arctaris rename_statements.py:428 - process_pdf - Successfully identified bank type: PNC
2025-04-01 17:20:03 - INFO - Arctaris rename_statements.py:1680 - main - Extracted information: Bank Type: PNC, Statement Date: 20250331
2025-04-01 17:20:03 - INFO - Arctaris rename_statements.py:1693 - main - Would rename to: PNC\March\PNC_statement_4116465959_2025-03-31.pdf
2025-04-01 17:20:03 - INFO - Arctaris rename_statements.py:1673 - main - [59/108] Processing file: statement_4130261135_2025-03-31.pdf
2025-04-01 17:20:03 - INFO - Arctaris rename_statements.py:428 - process_pdf - Successfully identified bank type: PNC
2025-04-01 17:20:03 - INFO - Arctaris rename_statements.py:1680 - main - Extracted information: Bank Type: PNC, Statement Date: 20250331
2025-04-01 17:20:03 - INFO - Arctaris rename_statements.py:1693 - main - Would rename to: PNC\March\PNC_statement_4130261135_2025-03-31.pdf
2025-04-01 17:20:03 - INFO - Arctaris rename_statements.py:1673 - main - [60/108] Processing file: statement_4130263798_2025-03-31.pdf
2025-04-01 17:20:03 - INFO - Arctaris rename_statements.py:428 - process_pdf - Successfully identified bank type: PNC
2025-04-01 17:20:03 - INFO - Arctaris rename_statements.py:1680 - main - Extracted information: Bank Type: PNC, Fund Name: ARP MANAGEMENT LLC, Statement Date: 20250331
2025-04-01 17:20:03 - INFO - Arctaris rename_statements.py:1693 - main - Would rename to: PNC\March\PNC_ARP-MANAGEMENT-LLC_20250331.pdf
2025-04-01 17:20:03 - INFO - Arctaris rename_statements.py:1668 - main - 
Processing batch 4 (61-80 of 108)
2025-04-01 17:20:03 - INFO - Arctaris rename_statements.py:1673 - main - [61/108] Processing file: statement_4130272854_2025-03-31.pdf
2025-04-01 17:20:03 - INFO - Arctaris rename_statements.py:428 - process_pdf - Successfully identified bank type: PNC
2025-04-01 17:20:03 - INFO - Arctaris rename_statements.py:1680 - main - Extracted information: Bank Type: PNC, Fund Name: MANAGEMENT LLC
2025-04-01 17:20:03 - INFO - Arctaris rename_statements.py:1693 - main - Would rename to: PNC\PNC_MANAGEMENT-LLC.pdf
2025-04-01 17:20:03 - INFO - Arctaris rename_statements.py:1673 - main - [62/108] Processing file: statement_4130275895_2025-03-31.pdf
2025-04-01 17:20:03 - INFO - Arctaris rename_statements.py:428 - process_pdf - Successfully identified bank type: PNC
2025-04-01 17:20:03 - INFO - Arctaris rename_statements.py:1680 - main - Extracted information: Bank Type: PNC, Statement Date: 20250331
2025-04-01 17:20:03 - INFO - Arctaris rename_statements.py:1693 - main - Would rename to: PNC\March\PNC_statement_4130275895_2025-03-31.pdf
2025-04-01 17:20:03 - INFO - Arctaris rename_statements.py:1673 - main - [63/108] Processing file: statement_4130279968_2025-03-31.pdf
2025-04-01 17:20:03 - INFO - Arctaris rename_statements.py:428 - process_pdf - Successfully identified bank type: PNC
2025-04-01 17:20:03 - INFO - Arctaris rename_statements.py:1680 - main - Extracted information: Bank Type: PNC, Fund Name: ARC IMPACT PROGRAM ERIE LLC, Statement Date: 20250331
2025-04-01 17:20:03 - INFO - Arctaris rename_statements.py:1693 - main - Would rename to: PNC\March\PNC_ARC-IMPACT-PROGRAM-ERIE-LLC_20250331.pdf
2025-04-01 17:20:03 - INFO - Arctaris rename_statements.py:1673 - main - [64/108] Processing file: statement_4130281339_2025-03-31.pdf
2025-04-01 17:20:03 - INFO - Arctaris rename_statements.py:428 - process_pdf - Successfully identified bank type: PNC
2025-04-01 17:20:03 - INFO - Arctaris rename_statements.py:1680 - main - Extracted information: Bank Type: PNC, Fund Name: ARCTARIS BROADBAND COMPANY LLC, Statement Date: 20250331
2025-04-01 17:20:03 - INFO - Arctaris rename_statements.py:1693 - main - Would rename to: PNC\March\PNC_ARCTARIS-BROADBAND-COMPANY-LLC_20250331.pdf
2025-04-01 17:20:03 - INFO - Arctaris rename_statements.py:1673 - main - [65/108] Processing file: statement_4130281355_2025-03-31.pdf
2025-04-01 17:20:03 - INFO - Arctaris rename_statements.py:428 - process_pdf - Successfully identified bank type: PNC
2025-04-01 17:20:03 - INFO - Arctaris rename_statements.py:1680 - main - Extracted information: Bank Type: PNC, Fund Name: 2020 LLC, Statement Date: 20250331
2025-04-01 17:20:03 - INFO - Arctaris rename_statements.py:1693 - main - Would rename to: PNC\March\PNC_2020-LLC_20250331.pdf
2025-04-01 17:20:03 - INFO - Arctaris rename_statements.py:1673 - main - [66/108] Processing file: statement_4130283078_2025-03-31.pdf
2025-04-01 17:20:04 - INFO - Arctaris rename_statements.py:428 - process_pdf - Successfully identified bank type: PNC
2025-04-01 17:20:04 - INFO - Arctaris rename_statements.py:1680 - main - Extracted information: Bank Type: PNC, Fund Name: ARCTARIS IMPACT INVESTORS LLC, Statement Date: 20250331
2025-04-01 17:20:04 - INFO - Arctaris rename_statements.py:1693 - main - Would rename to: PNC\March\PNC_ARCTARIS-IMPACT-INVESTORS-LLC_20250331.pdf
2025-04-01 17:20:04 - INFO - Arctaris rename_statements.py:1673 - main - [67/108] Processing file: statement_4130283369_2025-03-31.pdf
2025-04-01 17:20:04 - INFO - Arctaris rename_statements.py:428 - process_pdf - Successfully identified bank type: PNC
2025-04-01 17:20:04 - INFO - Arctaris rename_statements.py:1680 - main - Extracted information: Bank Type: PNC, Fund Name: PROGRAM SWPA LLC, Statement Date: 20250331
2025-04-01 17:20:04 - INFO - Arctaris rename_statements.py:1693 - main - Would rename to: PNC\March\PNC_PROGRAM-SWPA-LLC_20250331.pdf
2025-04-01 17:20:04 - INFO - Arctaris rename_statements.py:1673 - main - [68/108] Processing file: statement_4130283633_2025-03-31.pdf
2025-04-01 17:20:04 - INFO - Arctaris rename_statements.py:428 - process_pdf - Successfully identified bank type: PNC
2025-04-01 17:20:04 - INFO - Arctaris rename_statements.py:1680 - main - Extracted information: Bank Type: PNC, Fund Name: ARC IMPACT PROGRAM CUYAHOGA LLC, Statement Date: 20250331
2025-04-01 17:20:04 - INFO - Arctaris rename_statements.py:1693 - main - Would rename to: PNC\March\PNC_ARC-IMPACT-PROGRAM-CUYAHOGA-LLC_20250331.pdf
2025-04-01 17:20:04 - INFO - Arctaris rename_statements.py:1673 - main - [69/108] Processing file: statement_4130290884_2025-03-31.pdf
2025-04-01 17:20:04 - INFO - Arctaris rename_statements.py:428 - process_pdf - Successfully identified bank type: PNC
2025-04-01 17:20:04 - INFO - Arctaris rename_statements.py:1680 - main - Extracted information: Bank Type: PNC, Statement Date: 20250331
2025-04-01 17:20:04 - INFO - Arctaris rename_statements.py:1693 - main - Would rename to: PNC\March\PNC_statement_4130290884_2025-03-31.pdf
2025-04-01 17:20:04 - INFO - Arctaris rename_statements.py:1673 - main - [70/108] Processing file: statement_4130293022_2025-03-31.pdf
2025-04-01 17:20:04 - INFO - Arctaris rename_statements.py:428 - process_pdf - Successfully identified bank type: PNC
2025-04-01 17:20:04 - INFO - Arctaris rename_statements.py:1680 - main - Extracted information: Bank Type: PNC, Fund Name: 2022 LLC, Statement Date: 20250331
2025-04-01 17:20:04 - INFO - Arctaris rename_statements.py:1693 - main - Would rename to: PNC\March\PNC_2022-LLC_20250331.pdf
2025-04-01 17:20:04 - INFO - Arctaris rename_statements.py:1673 - main - [71/108] Processing file: statement_4130294324_2025-03-31.pdf
2025-04-01 17:20:04 - INFO - Arctaris rename_statements.py:428 - process_pdf - Successfully identified bank type: PNC
2025-04-01 17:20:04 - INFO - Arctaris rename_statements.py:1680 - main - Extracted information: Bank Type: PNC, Fund Name: PROGRAM BUFFALO LLC, Statement Date: 20250331
2025-04-01 17:20:04 - INFO - Arctaris rename_statements.py:1693 - main - Would rename to: PNC\March\PNC_PROGRAM-BUFFALO-LLC_20250331.pdf
2025-04-01 17:20:04 - INFO - Arctaris rename_statements.py:1673 - main - [72/108] Processing file: statement_4130294332_2025-03-31.pdf
2025-04-01 17:20:04 - INFO - Arctaris rename_statements.py:428 - process_pdf - Successfully identified bank type: PNC
2025-04-01 17:20:04 - INFO - Arctaris rename_statements.py:1680 - main - Extracted information: Bank Type: PNC, Fund Name: PROGRAM HARTFORD LLC, Statement Date: 20250331
2025-04-01 17:20:04 - INFO - Arctaris rename_statements.py:1693 - main - Would rename to: PNC\March\PNC_PROGRAM-HARTFORD-LLC_20250331.pdf
2025-04-01 17:20:04 - INFO - Arctaris rename_statements.py:1673 - main - [73/108] Processing file: statement_4130294359_2025-03-31.pdf
2025-04-01 17:20:04 - INFO - Arctaris rename_statements.py:428 - process_pdf - Successfully identified bank type: PNC
2025-04-01 17:20:04 - INFO - Arctaris rename_statements.py:1680 - main - Extracted information: Bank Type: PNC, Fund Name: PROGRAM LIMA LLC
2025-04-01 17:20:04 - INFO - Arctaris rename_statements.py:1693 - main - Would rename to: PNC\PNC_PROGRAM-LIMA-LLC.pdf
2025-04-01 17:20:04 - INFO - Arctaris rename_statements.py:1673 - main - [74/108] Processing file: statement_4130294367_2025-03-31.pdf
2025-04-01 17:20:04 - INFO - Arctaris rename_statements.py:428 - process_pdf - Successfully identified bank type: PNC
2025-04-01 17:20:04 - INFO - Arctaris rename_statements.py:1680 - main - Extracted information: Bank Type: PNC, Fund Name: PROGRAM PITTSBURGH LLC, Statement Date: 20250331
2025-04-01 17:20:04 - INFO - Arctaris rename_statements.py:1693 - main - Would rename to: PNC\March\PNC_PROGRAM-PITTSBURGH-LLC_20250331.pdf
2025-04-01 17:20:04 - INFO - Arctaris rename_statements.py:1673 - main - [75/108] Processing file: statement_4130294383_2025-03-31.pdf
2025-04-01 17:20:04 - INFO - Arctaris rename_statements.py:428 - process_pdf - Successfully identified bank type: PNC
2025-04-01 17:20:04 - INFO - Arctaris rename_statements.py:1680 - main - Extracted information: Bank Type: PNC, Fund Name: PHASE 1B HOLDINGS LLC, Statement Date: 20250331
2025-04-01 17:20:04 - INFO - Arctaris rename_statements.py:1693 - main - Would rename to: PNC\March\PNC_PHASE-1B-HOLDINGS-LLC_20250331.pdf
2025-04-01 17:20:04 - INFO - Arctaris rename_statements.py:1673 - main - [76/108] Processing file: statement_4130294412_2025-03-31.pdf
2025-04-01 17:20:04 - INFO - Arctaris rename_statements.py:428 - process_pdf - Successfully identified bank type: PNC
2025-04-01 17:20:04 - INFO - Arctaris rename_statements.py:1680 - main - Extracted information: Bank Type: PNC, Fund Name: ARCTARIS PRODUCT DEVELOPMENT IV LLC, Statement Date: 20250331
2025-04-01 17:20:04 - INFO - Arctaris rename_statements.py:1693 - main - Would rename to: PNC\March\PNC_ARCTARIS-PRODUCT-DEVELOPMENT-IV-LLC_20250331.pdf
2025-04-01 17:20:04 - INFO - Arctaris rename_statements.py:1673 - main - [77/108] Processing file: statement_4130294447_2025-03-31.pdf
2025-04-01 17:20:04 - INFO - Arctaris rename_statements.py:428 - process_pdf - Successfully identified bank type: PNC
2025-04-01 17:20:04 - INFO - Arctaris rename_statements.py:1680 - main - Extracted information: Bank Type: PNC, Fund Name: ARCTARIS PRODUCT DEVELOPMENT VI LLC, Statement Date: 20250331
2025-04-01 17:20:04 - INFO - Arctaris rename_statements.py:1693 - main - Would rename to: PNC\March\PNC_ARCTARIS-PRODUCT-DEVELOPMENT-VI-LLC_20250331.pdf
2025-04-01 17:20:04 - INFO - Arctaris rename_statements.py:1673 - main - [78/108] Processing file: statement_4130294455_2025-03-31.pdf
2025-04-01 17:20:04 - INFO - Arctaris rename_statements.py:428 - process_pdf - Successfully identified bank type: PNC
2025-04-01 17:20:04 - INFO - Arctaris rename_statements.py:1680 - main - Extracted information: Bank Type: PNC
2025-04-01 17:20:04 - INFO - Arctaris rename_statements.py:1693 - main - Would rename to: PNC\PNC_statement_4130294455_2025-03-31.pdf
2025-04-01 17:20:04 - INFO - Arctaris rename_statements.py:1673 - main - [79/108] Processing file: statement_4130297058_2025-03-31.pdf
2025-04-01 17:20:04 - INFO - Arctaris rename_statements.py:428 - process_pdf - Successfully identified bank type: PNC
2025-04-01 17:20:04 - INFO - Arctaris rename_statements.py:1680 - main - Extracted information: Bank Type: PNC, Fund Name: II LLC, Statement Date: 20250331
2025-04-01 17:20:04 - INFO - Arctaris rename_statements.py:1693 - main - Would rename to: PNC\March\PNC_II-LLC_20250331.pdf
2025-04-01 17:20:04 - INFO - Arctaris rename_statements.py:1673 - main - [80/108] Processing file: statement_4130297779_2025-03-31.pdf
2025-04-01 17:20:04 - INFO - Arctaris rename_statements.py:428 - process_pdf - Successfully identified bank type: PNC
2025-04-01 17:20:04 - INFO - Arctaris rename_statements.py:1680 - main - Extracted information: Bank Type: PNC, Fund Name: ARCTARIS IMPACT CDE LLC, Statement Date: 20250331
2025-04-01 17:20:04 - INFO - Arctaris rename_statements.py:1693 - main - Would rename to: PNC\March\PNC_ARCTARIS-IMPACT-CDE-LLC_20250331.pdf
2025-04-01 17:20:04 - INFO - Arctaris rename_statements.py:1668 - main - 
Processing batch 5 (81-100 of 108)
2025-04-01 17:20:04 - INFO - Arctaris rename_statements.py:1673 - main - [81/108] Processing file: statement_4130300931_2025-03-31.pdf
2025-04-01 17:20:04 - INFO - Arctaris rename_statements.py:428 - process_pdf - Successfully identified bank type: PNC
2025-04-01 17:20:04 - INFO - Arctaris rename_statements.py:1680 - main - Extracted information: Bank Type: PNC, Fund Name: ARCTARIS ROYALTY PARTNERS LLC, Statement Date: 20250331
2025-04-01 17:20:04 - INFO - Arctaris rename_statements.py:1693 - main - Would rename to: PNC\March\PNC_ARCTARIS-ROYALTY-PARTNERS-LLC_20250331.pdf
2025-04-01 17:20:04 - INFO - Arctaris rename_statements.py:1673 - main - [82/108] Processing file: statement_4130301336_2025-03-31.pdf
2025-04-01 17:20:04 - INFO - Arctaris rename_statements.py:428 - process_pdf - Successfully identified bank type: PNC
2025-04-01 17:20:04 - INFO - Arctaris rename_statements.py:1680 - main - Extracted information: Bank Type: PNC, Fund Name: DETROIT AFFORDABLE HOUSING LLC, Statement Date: 20250331
2025-04-01 17:20:04 - INFO - Arctaris rename_statements.py:1693 - main - Would rename to: PNC\March\PNC_DETROIT-AFFORDABLE-HOUSING-LLC_20250331.pdf
2025-04-01 17:20:04 - INFO - Arctaris rename_statements.py:1673 - main - [83/108] Processing file: statement_4130301344_2025-03-31.pdf
2025-04-01 17:20:04 - INFO - Arctaris rename_statements.py:428 - process_pdf - Successfully identified bank type: PNC
2025-04-01 17:20:04 - INFO - Arctaris rename_statements.py:1680 - main - Extracted information: Bank Type: PNC, Fund Name: BRADDOCK FLEX LLC, Statement Date: 20250331
2025-04-01 17:20:04 - INFO - Arctaris rename_statements.py:1693 - main - Would rename to: PNC\March\PNC_BRADDOCK-FLEX-LLC_20250331.pdf
2025-04-01 17:20:04 - INFO - Arctaris rename_statements.py:1673 - main - [84/108] Processing file: statement_4130301694_2025-03-31.pdf
2025-04-01 17:20:05 - INFO - Arctaris rename_statements.py:428 - process_pdf - Successfully identified bank type: PNC
2025-04-01 17:20:05 - INFO - Arctaris rename_statements.py:1680 - main - Extracted information: Bank Type: PNC, Fund Name: SADDLEBACK SERVICES LLC, Statement Date: 20250331
2025-04-01 17:20:05 - INFO - Arctaris rename_statements.py:1693 - main - Would rename to: PNC\March\PNC_SADDLEBACK-SERVICES-LLC_20250331.pdf
2025-04-01 17:20:05 - INFO - Arctaris rename_statements.py:1673 - main - [85/108] Processing file: statement_4130301889_2025-03-31.pdf
2025-04-01 17:20:05 - INFO - Arctaris rename_statements.py:428 - process_pdf - Successfully identified bank type: PNC
2025-04-01 17:20:05 - INFO - Arctaris rename_statements.py:1680 - main - Extracted information: Bank Type: PNC, Fund Name: NEW ENGLAND INCLUSIVE HOUSING LLC, Statement Date: 20250331
2025-04-01 17:20:05 - INFO - Arctaris rename_statements.py:1693 - main - Would rename to: PNC\March\PNC_NEW-ENGLAND-INCLUSIVE-HOUSING-LLC_20250331.pdf
2025-04-01 17:20:05 - INFO - Arctaris rename_statements.py:1673 - main - [86/108] Processing file: statement_4130301897_2025-03-31.pdf
2025-04-01 17:20:05 - INFO - Arctaris rename_statements.py:428 - process_pdf - Successfully identified bank type: PNC
2025-04-01 17:20:05 - INFO - Arctaris rename_statements.py:1680 - main - Extracted information: Bank Type: PNC, Fund Name: ARCTARIS MIDWEST DEVELOPMENT I LLC, Statement Date: 20250331
2025-04-01 17:20:05 - INFO - Arctaris rename_statements.py:1693 - main - Would rename to: PNC\March\PNC_ARCTARIS-MIDWEST-DEVELOPMENT-I-LLC_20250331.pdf
2025-04-01 17:20:05 - INFO - Arctaris rename_statements.py:1673 - main - [87/108] Processing file: statement_4130301918_2025-03-31.pdf
2025-04-01 17:20:05 - INFO - Arctaris rename_statements.py:428 - process_pdf - Successfully identified bank type: PNC
2025-04-01 17:20:05 - INFO - Arctaris rename_statements.py:1680 - main - Extracted information: Bank Type: PNC, Fund Name: MID ATLANTIC INCLUSIVE HOUSING LLC, Statement Date: 20250331
2025-04-01 17:20:05 - INFO - Arctaris rename_statements.py:1693 - main - Would rename to: PNC\March\PNC_MID-ATLANTIC-INCLUSIVE-HOUSING-LLC_20250331.pdf
2025-04-01 17:20:05 - INFO - Arctaris rename_statements.py:1673 - main - [88/108] Processing file: statement_4130301926_2025-03-31.pdf
2025-04-01 17:20:05 - INFO - Arctaris rename_statements.py:428 - process_pdf - Successfully identified bank type: PNC
2025-04-01 17:20:05 - INFO - Arctaris rename_statements.py:1680 - main - Extracted information: Bank Type: PNC, Statement Date: 20250331
2025-04-01 17:20:05 - INFO - Arctaris rename_statements.py:1693 - main - Would rename to: PNC\March\PNC_statement_4130301926_2025-03-31.pdf
2025-04-01 17:20:05 - INFO - Arctaris rename_statements.py:1673 - main - [89/108] Processing file: statement_4130301934_2025-03-31.pdf
2025-04-01 17:20:05 - INFO - Arctaris rename_statements.py:428 - process_pdf - Successfully identified bank type: PNC
2025-04-01 17:20:05 - INFO - Arctaris rename_statements.py:1680 - main - Extracted information: Bank Type: PNC, Fund Name: PENNSYLVANIA INCLUSIVE HOUSING LLC, Statement Date: 20250331
2025-04-01 17:20:05 - INFO - Arctaris rename_statements.py:1693 - main - Would rename to: PNC\March\PNC_PENNSYLVANIA-INCLUSIVE-HOUSING-LLC_20250331.pdf
2025-04-01 17:20:05 - INFO - Arctaris rename_statements.py:1673 - main - [90/108] Processing file: statement_4130302128_2025-03-31.pdf
2025-04-01 17:20:05 - INFO - Arctaris rename_statements.py:428 - process_pdf - Successfully identified bank type: PNC
2025-04-01 17:20:05 - INFO - Arctaris rename_statements.py:1680 - main - Extracted information: Bank Type: PNC, Fund Name: HOUSING LLC, Statement Date: 20250331
2025-04-01 17:20:05 - INFO - Arctaris rename_statements.py:1693 - main - Would rename to: PNC\March\PNC_HOUSING-LLC_20250331.pdf
2025-04-01 17:20:05 - INFO - Arctaris rename_statements.py:1673 - main - [91/108] Processing file: statement_4175623128_2025-03-31.pdf
2025-04-01 17:20:05 - INFO - Arctaris rename_statements.py:428 - process_pdf - Successfully identified bank type: PNC
2025-04-01 17:20:05 - INFO - Arctaris rename_statements.py:1680 - main - Extracted information: Bank Type: PNC, Fund Name: 05 5487 ACH Settlement ACH Oz Fund 2024 Llc, Statement Date: 20250331
2025-04-01 17:20:05 - INFO - Arctaris rename_statements.py:1693 - main - Would rename to: PNC\March\PNC_05-5487-ACH-Settlement-ACH-Oz-Fund-2024-Llc_20250331.pdf
2025-04-01 17:20:05 - INFO - Arctaris rename_statements.py:1673 - main - [92/108] Processing file: statement_4176547892_2025-03-31.pdf
2025-04-01 17:20:05 - INFO - Arctaris rename_statements.py:428 - process_pdf - Successfully identified bank type: PNC
2025-04-01 17:20:05 - INFO - Arctaris rename_statements.py:1680 - main - Extracted information: Bank Type: PNC, Fund Name: SSP HOLDCO LLC, Statement Date: 20250331
2025-04-01 17:20:05 - INFO - Arctaris rename_statements.py:1693 - main - Would rename to: PNC\March\PNC_SSP-HOLDCO-LLC_20250331.pdf
2025-04-01 17:20:05 - INFO - Arctaris rename_statements.py:1673 - main - [93/108] Processing file: statement_4176565548_2025-03-31.pdf
2025-04-01 17:20:05 - INFO - Arctaris rename_statements.py:428 - process_pdf - Successfully identified bank type: PNC
2025-04-01 17:20:05 - INFO - Arctaris rename_statements.py:1680 - main - Extracted information: Bank Type: PNC, Fund Name: ARCTARIS EAST COAST DEVELOPMENT LLC, Statement Date: 20250331
2025-04-01 17:20:05 - INFO - Arctaris rename_statements.py:1693 - main - Would rename to: PNC\March\PNC_ARCTARIS-EAST-COAST-DEVELOPMENT-LLC_20250331.pdf
2025-04-01 17:20:05 - INFO - Arctaris rename_statements.py:1673 - main - [94/108] Processing file: statement_4176641344_2025-03-31.pdf
2025-04-01 17:20:05 - INFO - Arctaris rename_statements.py:428 - process_pdf - Successfully identified bank type: PNC
2025-04-01 17:20:05 - INFO - Arctaris rename_statements.py:1680 - main - Extracted information: Bank Type: PNC, Statement Date: 20250331
2025-04-01 17:20:05 - INFO - Arctaris rename_statements.py:1693 - main - Would rename to: PNC\March\PNC_statement_4176641344_2025-03-31.pdf
2025-04-01 17:20:05 - INFO - Arctaris rename_statements.py:1673 - main - [95/108] Processing file: statement_4176706259_2025-03-31.pdf
2025-04-01 17:20:05 - INFO - Arctaris rename_statements.py:428 - process_pdf - Successfully identified bank type: PNC
2025-04-01 17:20:05 - INFO - Arctaris rename_statements.py:1680 - main - Extracted information: Bank Type: PNC, Fund Name: ARCTARIS ADVISORY HOLDING LLC, Statement Date: 20250331
2025-04-01 17:20:05 - INFO - Arctaris rename_statements.py:1693 - main - Would rename to: PNC\March\PNC_ARCTARIS-ADVISORY-HOLDING-LLC_20250331.pdf
2025-04-01 17:20:05 - INFO - Arctaris rename_statements.py:1673 - main - [96/108] Processing file: statement_4176786746_2025-03-31.pdf
2025-04-01 17:20:05 - INFO - Arctaris rename_statements.py:428 - process_pdf - Successfully identified bank type: PNC
2025-04-01 17:20:05 - INFO - Arctaris rename_statements.py:1680 - main - Extracted information: Bank Type: PNC, Fund Name: ARC IMPACT PROGRAM CT LLC, Statement Date: 20250331
2025-04-01 17:20:05 - INFO - Arctaris rename_statements.py:1693 - main - Would rename to: PNC\March\PNC_ARC-IMPACT-PROGRAM-CT-LLC_20250331.pdf
2025-04-01 17:20:05 - INFO - Arctaris rename_statements.py:1673 - main - [97/108] Processing file: statement_4176790542_2025-03-31.pdf
2025-04-01 17:20:05 - INFO - Arctaris rename_statements.py:428 - process_pdf - Successfully identified bank type: PNC
2025-04-01 17:20:05 - INFO - Arctaris rename_statements.py:1680 - main - Extracted information: Bank Type: PNC, Fund Name: ARCTARIS HOLDCO LLC, Statement Date: 20250331
2025-04-01 17:20:05 - INFO - Arctaris rename_statements.py:1693 - main - Would rename to: PNC\March\PNC_ARCTARIS-HOLDCO-LLC_20250331.pdf
2025-04-01 17:20:05 - INFO - Arctaris rename_statements.py:1673 - main - [98/108] Processing file: statement_4176790577_2025-03-31.pdf
2025-04-01 17:20:05 - INFO - Arctaris rename_statements.py:428 - process_pdf - Successfully identified bank type: PNC
2025-04-01 17:20:05 - INFO - Arctaris rename_statements.py:1680 - main - Extracted information: Bank Type: PNC, Fund Name: TOWER PERSONAL SERVICES LLC, Statement Date: 20250331
2025-04-01 17:20:05 - INFO - Arctaris rename_statements.py:1693 - main - Would rename to: PNC\March\PNC_TOWER-PERSONAL-SERVICES-LLC_20250331.pdf
2025-04-01 17:20:05 - INFO - Arctaris rename_statements.py:1673 - main - [99/108] Processing file: statement_4176790593_2025-03-31.pdf
2025-04-01 17:20:05 - INFO - Arctaris rename_statements.py:428 - process_pdf - Successfully identified bank type: PNC
2025-04-01 17:20:05 - INFO - Arctaris rename_statements.py:1680 - main - Extracted information: Bank Type: PNC, Fund Name: ARCTARIS MANAGEMENT CO LLC, Statement Date: 20250331
2025-04-01 17:20:05 - INFO - Arctaris rename_statements.py:1693 - main - Would rename to: PNC\March\PNC_ARCTARIS-MANAGEMENT-CO-LLC_20250331.pdf
2025-04-01 17:20:05 - INFO - Arctaris rename_statements.py:1673 - main - [100/108] Processing file: statement_4179447491_2025-03-31.pdf
2025-04-01 17:20:05 - INFO - Arctaris rename_statements.py:428 - process_pdf - Successfully identified bank type: PNC
2025-04-01 17:20:05 - INFO - Arctaris rename_statements.py:1680 - main - Extracted information: Bank Type: PNC, Fund Name: ARCTARIS MICHIGAN PARTNERS LLC, Statement Date: 20250331
2025-04-01 17:20:05 - INFO - Arctaris rename_statements.py:1693 - main - Would rename to: PNC\March\PNC_ARCTARIS-MICHIGAN-PARTNERS-LLC_20250331.pdf
2025-04-01 17:20:05 - INFO - Arctaris rename_statements.py:1668 - main - 
Processing batch 6 (101-108 of 108)
2025-04-01 17:20:05 - INFO - Arctaris rename_statements.py:1673 - main - [101/108] Processing file: statement_4179559231_2025-03-31.pdf
2025-04-01 17:20:05 - INFO - Arctaris rename_statements.py:428 - process_pdf - Successfully identified bank type: PNC
2025-04-01 17:20:05 - INFO - Arctaris rename_statements.py:1680 - main - Extracted information: Bank Type: PNC, Fund Name: ARCTARIS REAL ESTATE MANAGEMENT LLC, Statement Date: 20250331
2025-04-01 17:20:05 - INFO - Arctaris rename_statements.py:1693 - main - Would rename to: PNC\March\PNC_ARCTARIS-REAL-ESTATE-MANAGEMENT-LLC_20250331.pdf
2025-04-01 17:20:05 - INFO - Arctaris rename_statements.py:1673 - main - [102/108] Processing file: statement_4179559338_2025-03-31.pdf
2025-04-01 17:20:05 - INFO - Arctaris rename_statements.py:428 - process_pdf - Successfully identified bank type: PNC
2025-04-01 17:20:05 - INFO - Arctaris rename_statements.py:1680 - main - Extracted information: Bank Type: PNC, Fund Name: ARCTARIS SBIC PARTNERS LLC, Statement Date: 20250331
2025-04-01 17:20:05 - INFO - Arctaris rename_statements.py:1693 - main - Would rename to: PNC\March\PNC_ARCTARIS-SBIC-PARTNERS-LLC_20250331.pdf
2025-04-01 17:20:05 - INFO - Arctaris rename_statements.py:1673 - main - [103/108] Processing file: statement_4179667988_2025-03-31.pdf
2025-04-01 17:20:05 - INFO - Arctaris rename_statements.py:428 - process_pdf - Successfully identified bank type: PNC
2025-04-01 17:20:05 - INFO - Arctaris rename_statements.py:1680 - main - Extracted information: Bank Type: PNC, Fund Name: ARCTARIS MIDWEST DEVELOPMENT II LLC, Statement Date: 20250331
2025-04-01 17:20:05 - INFO - Arctaris rename_statements.py:1693 - main - Would rename to: PNC\March\PNC_ARCTARIS-MIDWEST-DEVELOPMENT-II-LLC_20250331.pdf
2025-04-01 17:20:05 - INFO - Arctaris rename_statements.py:1673 - main - [104/108] Processing file: statement_4698117603_2025-03-31.pdf
2025-04-01 17:20:05 - INFO - Arctaris rename_statements.py:428 - process_pdf - Successfully identified bank type: PNC
2025-04-01 17:20:05 - INFO - Arctaris rename_statements.py:1680 - main - Extracted information: Bank Type: PNC, Fund Name: 2019 LLC, Statement Date: 20250331
2025-04-01 17:20:05 - INFO - Arctaris rename_statements.py:1693 - main - Would rename to: PNC\March\PNC_2019-LLC_20250331.pdf
2025-04-01 17:20:05 - INFO - Arctaris rename_statements.py:1673 - main - [105/108] Processing file: NewStatement (1).pdf
2025-04-01 17:20:05 - WARNING - Arctaris rename_statements.py:356 - process_pdf - Limited text extracted from newstatement (1).pdf, attempting filename-based detection
2025-04-01 17:20:05 - INFO - Arctaris rename_statements.py:375 - process_pdf - Using filename-based detection: Classified as Berkshire
2025-04-01 17:20:06 - INFO - Arctaris rename_statements.py:1680 - main - Extracted information: Bank Type: Berkshire, Fund Name: Arctaris Fund, Statement Date: 20250401
2025-04-01 17:20:06 - INFO - Arctaris rename_statements.py:1693 - main - Would rename to: Berkshire\April\Berkshire\April\0000-Arctaris-Fund-20250401.pdf
2025-04-01 17:20:06 - INFO - Arctaris rename_statements.py:1673 - main - [106/108] Processing file: NewStatement (2).pdf
2025-04-01 17:20:06 - WARNING - Arctaris rename_statements.py:356 - process_pdf - Limited text extracted from newstatement (2).pdf, attempting filename-based detection
2025-04-01 17:20:06 - INFO - Arctaris rename_statements.py:375 - process_pdf - Using filename-based detection: Classified as Berkshire
2025-04-01 17:20:06 - INFO - Arctaris rename_statements.py:1680 - main - Extracted information: Bank Type: Berkshire, Fund Name: Arctaris Fund, Statement Date: 20250401
2025-04-01 17:20:06 - INFO - Arctaris rename_statements.py:1693 - main - Would rename to: Berkshire\April\Berkshire\April\0000-Arctaris-Fund-20250401.pdf
2025-04-01 17:20:06 - INFO - Arctaris rename_statements.py:1673 - main - [107/108] Processing file: NewStatement (3).pdf
2025-04-01 17:20:06 - WARNING - Arctaris rename_statements.py:356 - process_pdf - Limited text extracted from newstatement (3).pdf, attempting filename-based detection
2025-04-01 17:20:06 - INFO - Arctaris rename_statements.py:375 - process_pdf - Using filename-based detection: Classified as Berkshire
2025-04-01 17:20:06 - INFO - Arctaris rename_statements.py:1680 - main - Extracted information: Bank Type: Berkshire, Fund Name: Arctaris Fund, Statement Date: 20250401
2025-04-01 17:20:06 - INFO - Arctaris rename_statements.py:1693 - main - Would rename to: Berkshire\April\Berkshire\April\0000-Arctaris-Fund-20250401.pdf
2025-04-01 17:20:06 - INFO - Arctaris rename_statements.py:1673 - main - [108/108] Processing file: NewStatement.pdf
2025-04-01 17:20:06 - WARNING - Arctaris rename_statements.py:356 - process_pdf - Limited text extracted from newstatement.pdf, attempting filename-based detection
2025-04-01 17:20:06 - INFO - Arctaris rename_statements.py:375 - process_pdf - Using filename-based detection: Classified as Berkshire
2025-04-01 17:20:06 - INFO - Arctaris rename_statements.py:1680 - main - Extracted information: Bank Type: Berkshire, Fund Name: Arctaris Fund, Statement Date: 20250401
2025-04-01 17:20:06 - INFO - Arctaris rename_statements.py:1693 - main - Would rename to: Berkshire\April\Berkshire\April\0000-Arctaris-Fund-20250401.pdf
2025-04-01 17:31:28 - INFO - Arctaris rename_statements.py:1850 - <module> - Operation interrupted by user.
