2025-04-03 11:10:07 - INFO - Arctaris rename_statements.py:1867 - setup_logging - Logging initialized at level INFO
2025-04-03 11:10:07 - INFO - Arctaris rename_statements.py:1868 - setup_logging - Log file: C:\Users\Christian\OneDrive - Arctaris Michigan Partners, LLC\Desktop\Bank Automation\Codes\Bank Statements\logs\pdf_processor_20250403_111007.log
2025-04-03 11:10:07 - INFO - Arctaris rename_statements.py:1933 - main - Starting PDF rename script (version 2.0)
2025-04-03 11:10:07 - INFO - Arctaris rename_statements.py:1934 - main - Input folder: C:\Users\Christian\OneDrive - Arctaris Michigan Partners, LLC\Desktop\Bank Automation\input_statements
2025-04-03 11:10:07 - INFO - Arctaris rename_statements.py:1935 - main - Output folder: C:\Users\Christian\OneDrive - Arctaris Michigan Partners, LLC\Desktop\Bank Automation\processed_statements
2025-04-03 11:10:07 - INFO - Arctaris rename_statements.py:1953 - main - Found 4 repaired files that will be skipped
2025-04-03 11:10:07 - INFO - Arctaris rename_statements.py:1968 - main - Found 110 PDF file(s) to process
2025-04-03 11:10:08 - INFO - Arctaris rename_statements.py:1603 - find_duplicate_files - Duplicate group - Original: dxweb (26).pdf, Duplicates: dxweb (27).pdf
2025-04-03 11:10:08 - INFO - Arctaris rename_statements.py:1603 - find_duplicate_files - Duplicate group - Original: dxweb (32).pdf, Duplicates: dxweb (33).pdf
2025-04-03 11:10:08 - WARNING - Arctaris rename_statements.py:1976 - main - Found 2 groups of duplicate files:
2025-04-03 11:10:08 - WARNING - Arctaris rename_statements.py:1978 - main -   Duplicate group (2 files):
2025-04-03 11:10:08 - WARNING - Arctaris rename_statements.py:1981 - main -     - dxweb (26).pdf
2025-04-03 11:10:08 - WARNING - Arctaris rename_statements.py:1981 - main -     - dxweb (27).pdf
2025-04-03 11:10:08 - INFO - Arctaris rename_statements.py:1986 - main -   Original: dxweb (26).pdf, Duplicates: dxweb (27).pdf
2025-04-03 11:10:08 - WARNING - Arctaris rename_statements.py:1978 - main -   Duplicate group (2 files):
2025-04-03 11:10:08 - WARNING - Arctaris rename_statements.py:1981 - main -     - dxweb (32).pdf
2025-04-03 11:10:08 - WARNING - Arctaris rename_statements.py:1981 - main -     - dxweb (33).pdf
2025-04-03 11:10:08 - INFO - Arctaris rename_statements.py:1986 - main -   Original: dxweb (32).pdf, Duplicates: dxweb (33).pdf
2025-04-03 11:10:08 - INFO - Arctaris rename_statements.py:2005 - main - 
=== PREVIEW MODE ===
2025-04-03 11:10:08 - INFO - Arctaris rename_statements.py:2013 - main - Verifying PDF files...
2025-04-03 11:10:08 - INFO - Arctaris rename_statements.py:2050 - main - 110 files verified and ready for processing
2025-04-03 11:10:08 - INFO - Arctaris rename_statements.py:2059 - main - 
Processing batch 1 (1-20 of 110)
2025-04-03 11:10:08 - INFO - Arctaris rename_statements.py:2064 - main - [1/110] Processing file: dxweb (10).pdf
2025-04-03 11:10:08 - INFO - Arctaris rename_statements.py:270 - process_pdf - Processing dxweb file as BankUnited: dxweb (10).pdf
2025-04-03 11:10:08 - INFO - Arctaris rename_statements.py:2071 - main - Extracted information: <__main__.StatementInfo object at 0x000001EFC957F1A0>
2025-04-03 11:10:08 - INFO - Arctaris rename_statements.py:270 - process_pdf - Processing dxweb file as BankUnited: dxweb (10).pdf
2025-04-03 11:10:08 - INFO - Arctaris rename_statements.py:2084 - main - Would rename to: BankUnited\2025-04\Bank United Arctaris-10 April 2025 Statement.pdf
2025-04-03 11:10:08 - INFO - Arctaris rename_statements.py:2064 - main - [2/110] Processing file: dxweb (11).pdf
2025-04-03 11:10:08 - INFO - Arctaris rename_statements.py:270 - process_pdf - Processing dxweb file as BankUnited: dxweb (11).pdf
2025-04-03 11:10:08 - INFO - Arctaris rename_statements.py:2071 - main - Extracted information: <__main__.StatementInfo object at 0x000001EFC95974D0>
2025-04-03 11:10:08 - INFO - Arctaris rename_statements.py:270 - process_pdf - Processing dxweb file as BankUnited: dxweb (11).pdf
2025-04-03 11:10:08 - INFO - Arctaris rename_statements.py:2084 - main - Would rename to: BankUnited\2025-04\Bank United Arctaris-11 April 2025 Statement.pdf
2025-04-03 11:10:08 - INFO - Arctaris rename_statements.py:2064 - main - [3/110] Processing file: dxweb (12).pdf
2025-04-03 11:10:08 - INFO - Arctaris rename_statements.py:270 - process_pdf - Processing dxweb file as BankUnited: dxweb (12).pdf
2025-04-03 11:10:08 - INFO - Arctaris rename_statements.py:2071 - main - Extracted information: <__main__.StatementInfo object at 0x000001EFC9597E90>
2025-04-03 11:10:08 - INFO - Arctaris rename_statements.py:270 - process_pdf - Processing dxweb file as BankUnited: dxweb (12).pdf
2025-04-03 11:10:08 - INFO - Arctaris rename_statements.py:2084 - main - Would rename to: BankUnited\2025-04\Bank United Arctaris-12 April 2025 Statement.pdf
2025-04-03 11:10:08 - INFO - Arctaris rename_statements.py:2064 - main - [4/110] Processing file: dxweb (13).pdf
2025-04-03 11:10:08 - INFO - Arctaris rename_statements.py:270 - process_pdf - Processing dxweb file as BankUnited: dxweb (13).pdf
2025-04-03 11:10:08 - INFO - Arctaris rename_statements.py:2071 - main - Extracted information: <__main__.StatementInfo object at 0x000001EFC9597F20>
2025-04-03 11:10:08 - INFO - Arctaris rename_statements.py:270 - process_pdf - Processing dxweb file as BankUnited: dxweb (13).pdf
2025-04-03 11:10:08 - INFO - Arctaris rename_statements.py:2084 - main - Would rename to: BankUnited\2025-04\Bank United Arctaris-13 April 2025 Statement.pdf
2025-04-03 11:10:08 - INFO - Arctaris rename_statements.py:2064 - main - [5/110] Processing file: dxweb (14).pdf
2025-04-03 11:10:08 - INFO - Arctaris rename_statements.py:270 - process_pdf - Processing dxweb file as BankUnited: dxweb (14).pdf
2025-04-03 11:10:08 - INFO - Arctaris rename_statements.py:2071 - main - Extracted information: <__main__.StatementInfo object at 0x000001EFC9597F80>
2025-04-03 11:10:08 - INFO - Arctaris rename_statements.py:270 - process_pdf - Processing dxweb file as BankUnited: dxweb (14).pdf
2025-04-03 11:10:08 - INFO - Arctaris rename_statements.py:2084 - main - Would rename to: BankUnited\2025-04\Bank United Arctaris-14 April 2025 Statement.pdf
2025-04-03 11:10:08 - INFO - Arctaris rename_statements.py:2064 - main - [6/110] Processing file: dxweb (15).pdf
2025-04-03 11:10:08 - INFO - Arctaris rename_statements.py:270 - process_pdf - Processing dxweb file as BankUnited: dxweb (15).pdf
2025-04-03 11:10:08 - INFO - Arctaris rename_statements.py:2071 - main - Extracted information: <__main__.StatementInfo object at 0x000001EFC8824F50>
2025-04-03 11:10:08 - INFO - Arctaris rename_statements.py:270 - process_pdf - Processing dxweb file as BankUnited: dxweb (15).pdf
2025-04-03 11:10:08 - INFO - Arctaris rename_statements.py:2084 - main - Would rename to: BankUnited\2025-04\Bank United Arctaris-15 April 2025 Statement.pdf
2025-04-03 11:10:08 - INFO - Arctaris rename_statements.py:2064 - main - [7/110] Processing file: dxweb (16).pdf
2025-04-03 11:10:08 - INFO - Arctaris rename_statements.py:270 - process_pdf - Processing dxweb file as BankUnited: dxweb (16).pdf
2025-04-03 11:10:08 - INFO - Arctaris rename_statements.py:2071 - main - Extracted information: <__main__.StatementInfo object at 0x000001EFC9597FE0>
2025-04-03 11:10:08 - INFO - Arctaris rename_statements.py:270 - process_pdf - Processing dxweb file as BankUnited: dxweb (16).pdf
2025-04-03 11:10:08 - INFO - Arctaris rename_statements.py:2084 - main - Would rename to: BankUnited\2025-04\Bank United Arctaris-16 April 2025 Statement.pdf
2025-04-03 11:10:08 - INFO - Arctaris rename_statements.py:2064 - main - [8/110] Processing file: dxweb (17).pdf
2025-04-03 11:10:08 - INFO - Arctaris rename_statements.py:270 - process_pdf - Processing dxweb file as BankUnited: dxweb (17).pdf
2025-04-03 11:10:08 - INFO - Arctaris rename_statements.py:2071 - main - Extracted information: <__main__.StatementInfo object at 0x000001EFC9597E00>
2025-04-03 11:10:08 - INFO - Arctaris rename_statements.py:270 - process_pdf - Processing dxweb file as BankUnited: dxweb (17).pdf
2025-04-03 11:10:08 - INFO - Arctaris rename_statements.py:2084 - main - Would rename to: BankUnited\2025-04\Bank United Arctaris-17 April 2025 Statement.pdf
2025-04-03 11:10:08 - INFO - Arctaris rename_statements.py:2064 - main - [9/110] Processing file: dxweb (18).pdf
2025-04-03 11:10:08 - INFO - Arctaris rename_statements.py:270 - process_pdf - Processing dxweb file as BankUnited: dxweb (18).pdf
2025-04-03 11:10:08 - INFO - Arctaris rename_statements.py:2071 - main - Extracted information: <__main__.StatementInfo object at 0x000001EFC9597A70>
2025-04-03 11:10:08 - INFO - Arctaris rename_statements.py:270 - process_pdf - Processing dxweb file as BankUnited: dxweb (18).pdf
2025-04-03 11:10:08 - INFO - Arctaris rename_statements.py:2084 - main - Would rename to: BankUnited\2025-04\Bank United Arctaris-18 April 2025 Statement.pdf
2025-04-03 11:10:08 - INFO - Arctaris rename_statements.py:2064 - main - [10/110] Processing file: dxweb (19).pdf
2025-04-03 11:10:08 - INFO - Arctaris rename_statements.py:270 - process_pdf - Processing dxweb file as BankUnited: dxweb (19).pdf
2025-04-03 11:10:08 - INFO - Arctaris rename_statements.py:2071 - main - Extracted information: <__main__.StatementInfo object at 0x000001EFC9597770>
2025-04-03 11:10:08 - INFO - Arctaris rename_statements.py:270 - process_pdf - Processing dxweb file as BankUnited: dxweb (19).pdf
2025-04-03 11:10:08 - INFO - Arctaris rename_statements.py:2084 - main - Would rename to: BankUnited\2025-04\Bank United Arctaris-19 April 2025 Statement.pdf
2025-04-03 11:10:08 - INFO - Arctaris rename_statements.py:2064 - main - [11/110] Processing file: dxweb (20).pdf
2025-04-03 11:10:08 - INFO - Arctaris rename_statements.py:270 - process_pdf - Processing dxweb file as BankUnited: dxweb (20).pdf
2025-04-03 11:10:08 - INFO - Arctaris rename_statements.py:2071 - main - Extracted information: <__main__.StatementInfo object at 0x000001EFC95976B0>
2025-04-03 11:10:08 - INFO - Arctaris rename_statements.py:270 - process_pdf - Processing dxweb file as BankUnited: dxweb (20).pdf
2025-04-03 11:10:08 - INFO - Arctaris rename_statements.py:2084 - main - Would rename to: BankUnited\2025-04\Bank United Arctaris-20 April 2025 Statement.pdf
2025-04-03 11:10:08 - INFO - Arctaris rename_statements.py:2064 - main - [12/110] Processing file: dxweb (21).pdf
2025-04-03 11:10:08 - INFO - Arctaris rename_statements.py:270 - process_pdf - Processing dxweb file as BankUnited: dxweb (21).pdf
2025-04-03 11:10:08 - INFO - Arctaris rename_statements.py:2071 - main - Extracted information: <__main__.StatementInfo object at 0x000001EFC952B050>
2025-04-03 11:10:08 - INFO - Arctaris rename_statements.py:270 - process_pdf - Processing dxweb file as BankUnited: dxweb (21).pdf
2025-04-03 11:10:08 - INFO - Arctaris rename_statements.py:2084 - main - Would rename to: BankUnited\2025-04\Bank United Arctaris-21 April 2025 Statement.pdf
2025-04-03 11:10:08 - INFO - Arctaris rename_statements.py:2064 - main - [13/110] Processing file: dxweb (22).pdf
2025-04-03 11:10:08 - INFO - Arctaris rename_statements.py:270 - process_pdf - Processing dxweb file as BankUnited: dxweb (22).pdf
2025-04-03 11:10:08 - INFO - Arctaris rename_statements.py:2071 - main - Extracted information: <__main__.StatementInfo object at 0x000001EFC95972C0>
2025-04-03 11:10:08 - INFO - Arctaris rename_statements.py:270 - process_pdf - Processing dxweb file as BankUnited: dxweb (22).pdf
2025-04-03 11:10:08 - INFO - Arctaris rename_statements.py:2084 - main - Would rename to: BankUnited\2025-04\Bank United Arctaris-22 April 2025 Statement.pdf
2025-04-03 11:10:08 - INFO - Arctaris rename_statements.py:2064 - main - [14/110] Processing file: dxweb (23).pdf
2025-04-03 11:10:08 - INFO - Arctaris rename_statements.py:270 - process_pdf - Processing dxweb file as BankUnited: dxweb (23).pdf
2025-04-03 11:10:08 - INFO - Arctaris rename_statements.py:2071 - main - Extracted information: <__main__.StatementInfo object at 0x000001EFC9597290>
2025-04-03 11:10:08 - INFO - Arctaris rename_statements.py:270 - process_pdf - Processing dxweb file as BankUnited: dxweb (23).pdf
2025-04-03 11:10:08 - INFO - Arctaris rename_statements.py:2084 - main - Would rename to: BankUnited\2025-04\Bank United Arctaris-23 April 2025 Statement.pdf
2025-04-03 11:10:08 - INFO - Arctaris rename_statements.py:2064 - main - [15/110] Processing file: dxweb (24).pdf
2025-04-03 11:10:08 - INFO - Arctaris rename_statements.py:270 - process_pdf - Processing dxweb file as BankUnited: dxweb (24).pdf
2025-04-03 11:10:08 - INFO - Arctaris rename_statements.py:2071 - main - Extracted information: <__main__.StatementInfo object at 0x000001EFC9596A50>
2025-04-03 11:10:08 - INFO - Arctaris rename_statements.py:270 - process_pdf - Processing dxweb file as BankUnited: dxweb (24).pdf
2025-04-03 11:10:08 - INFO - Arctaris rename_statements.py:2084 - main - Would rename to: BankUnited\2025-04\Bank United Arctaris-24 April 2025 Statement.pdf
2025-04-03 11:10:08 - INFO - Arctaris rename_statements.py:2064 - main - [16/110] Processing file: dxweb (25).pdf
2025-04-03 11:10:08 - INFO - Arctaris rename_statements.py:270 - process_pdf - Processing dxweb file as BankUnited: dxweb (25).pdf
2025-04-03 11:10:08 - INFO - Arctaris rename_statements.py:2071 - main - Extracted information: <__main__.StatementInfo object at 0x000001EFC9596900>
2025-04-03 11:10:08 - INFO - Arctaris rename_statements.py:270 - process_pdf - Processing dxweb file as BankUnited: dxweb (25).pdf
2025-04-03 11:10:08 - INFO - Arctaris rename_statements.py:2084 - main - Would rename to: BankUnited\2025-04\Bank United Arctaris-25 April 2025 Statement.pdf
2025-04-03 11:10:08 - INFO - Arctaris rename_statements.py:2064 - main - [17/110] Processing file: dxweb (26).pdf
2025-04-03 11:10:08 - INFO - Arctaris rename_statements.py:270 - process_pdf - Processing dxweb file as BankUnited: dxweb (26).pdf
2025-04-03 11:10:08 - INFO - Arctaris rename_statements.py:2071 - main - Extracted information: <__main__.StatementInfo object at 0x000001EFC9597B00>
2025-04-03 11:10:08 - INFO - Arctaris rename_statements.py:270 - process_pdf - Processing dxweb file as BankUnited: dxweb (26).pdf
2025-04-03 11:10:08 - INFO - Arctaris rename_statements.py:2084 - main - Would rename to: BankUnited\2025-04\Bank United Arctaris-26 April 2025 Statement.pdf
2025-04-03 11:10:08 - INFO - Arctaris rename_statements.py:2064 - main - [18/110] Processing file: dxweb (27).pdf
2025-04-03 11:10:08 - INFO - Arctaris rename_statements.py:270 - process_pdf - Processing dxweb file as BankUnited: dxweb (27).pdf
2025-04-03 11:10:08 - INFO - Arctaris rename_statements.py:2071 - main - Extracted information: <__main__.StatementInfo object at 0x000001EFC94FD790>
2025-04-03 11:10:08 - INFO - Arctaris rename_statements.py:270 - process_pdf - Processing dxweb file as BankUnited: dxweb (27).pdf
2025-04-03 11:10:08 - INFO - Arctaris rename_statements.py:2084 - main - Would rename to: BankUnited\2025-04\Bank United Arctaris-27 April 2025 Statement.pdf
2025-04-03 11:10:08 - INFO - Arctaris rename_statements.py:2064 - main - [19/110] Processing file: dxweb (28).pdf
2025-04-03 11:10:08 - INFO - Arctaris rename_statements.py:270 - process_pdf - Processing dxweb file as BankUnited: dxweb (28).pdf
2025-04-03 11:10:08 - INFO - Arctaris rename_statements.py:2071 - main - Extracted information: <__main__.StatementInfo object at 0x000001EFC9597D40>
2025-04-03 11:10:08 - INFO - Arctaris rename_statements.py:270 - process_pdf - Processing dxweb file as BankUnited: dxweb (28).pdf
2025-04-03 11:10:08 - INFO - Arctaris rename_statements.py:2084 - main - Would rename to: BankUnited\2025-04\Bank United Arctaris-28 April 2025 Statement.pdf
2025-04-03 11:10:08 - INFO - Arctaris rename_statements.py:2064 - main - [20/110] Processing file: dxweb (29).pdf
2025-04-03 11:10:08 - INFO - Arctaris rename_statements.py:270 - process_pdf - Processing dxweb file as BankUnited: dxweb (29).pdf
2025-04-03 11:10:08 - INFO - Arctaris rename_statements.py:2071 - main - Extracted information: <__main__.StatementInfo object at 0x000001EFC9597B90>
2025-04-03 11:10:08 - INFO - Arctaris rename_statements.py:270 - process_pdf - Processing dxweb file as BankUnited: dxweb (29).pdf
2025-04-03 11:10:08 - INFO - Arctaris rename_statements.py:2084 - main - Would rename to: BankUnited\2025-04\Bank United Arctaris-29 April 2025 Statement.pdf
2025-04-03 11:10:08 - INFO - Arctaris rename_statements.py:2059 - main - 
Processing batch 2 (21-40 of 110)
2025-04-03 11:10:08 - INFO - Arctaris rename_statements.py:2064 - main - [21/110] Processing file: dxweb (30).pdf
2025-04-03 11:10:08 - INFO - Arctaris rename_statements.py:270 - process_pdf - Processing dxweb file as BankUnited: dxweb (30).pdf
2025-04-03 11:10:08 - INFO - Arctaris rename_statements.py:2071 - main - Extracted information: <__main__.StatementInfo object at 0x000001EFC9597C50>
2025-04-03 11:10:08 - INFO - Arctaris rename_statements.py:270 - process_pdf - Processing dxweb file as BankUnited: dxweb (30).pdf
2025-04-03 11:10:08 - INFO - Arctaris rename_statements.py:2084 - main - Would rename to: BankUnited\2025-04\Bank United Arctaris-30 April 2025 Statement.pdf
2025-04-03 11:10:08 - INFO - Arctaris rename_statements.py:2064 - main - [22/110] Processing file: dxweb (31).pdf
2025-04-03 11:10:08 - INFO - Arctaris rename_statements.py:270 - process_pdf - Processing dxweb file as BankUnited: dxweb (31).pdf
2025-04-03 11:10:08 - INFO - Arctaris rename_statements.py:2071 - main - Extracted information: <__main__.StatementInfo object at 0x000001EFC9597C20>
2025-04-03 11:10:08 - INFO - Arctaris rename_statements.py:270 - process_pdf - Processing dxweb file as BankUnited: dxweb (31).pdf
2025-04-03 11:10:08 - INFO - Arctaris rename_statements.py:2084 - main - Would rename to: BankUnited\2025-04\Bank United Arctaris-31 April 2025 Statement.pdf
2025-04-03 11:10:08 - INFO - Arctaris rename_statements.py:2064 - main - [23/110] Processing file: dxweb (32).pdf
2025-04-03 11:10:08 - INFO - Arctaris rename_statements.py:270 - process_pdf - Processing dxweb file as BankUnited: dxweb (32).pdf
2025-04-03 11:10:08 - INFO - Arctaris rename_statements.py:2071 - main - Extracted information: <__main__.StatementInfo object at 0x000001EFC9597A40>
2025-04-03 11:10:08 - INFO - Arctaris rename_statements.py:270 - process_pdf - Processing dxweb file as BankUnited: dxweb (32).pdf
2025-04-03 11:10:08 - INFO - Arctaris rename_statements.py:2084 - main - Would rename to: BankUnited\2025-04\Bank United Arctaris-32 April 2025 Statement.pdf
2025-04-03 11:10:08 - INFO - Arctaris rename_statements.py:2064 - main - [24/110] Processing file: dxweb (33).pdf
2025-04-03 11:10:08 - INFO - Arctaris rename_statements.py:270 - process_pdf - Processing dxweb file as BankUnited: dxweb (33).pdf
2025-04-03 11:10:08 - INFO - Arctaris rename_statements.py:2071 - main - Extracted information: <__main__.StatementInfo object at 0x000001EFC95976E0>
2025-04-03 11:10:08 - INFO - Arctaris rename_statements.py:270 - process_pdf - Processing dxweb file as BankUnited: dxweb (33).pdf
2025-04-03 11:10:08 - INFO - Arctaris rename_statements.py:2084 - main - Would rename to: BankUnited\2025-04\Bank United Arctaris-33 April 2025 Statement.pdf
2025-04-03 11:10:08 - INFO - Arctaris rename_statements.py:2064 - main - [25/110] Processing file: dxweb (34).pdf
2025-04-03 11:10:08 - INFO - Arctaris rename_statements.py:270 - process_pdf - Processing dxweb file as BankUnited: dxweb (34).pdf
2025-04-03 11:10:08 - INFO - Arctaris rename_statements.py:2071 - main - Extracted information: <__main__.StatementInfo object at 0x000001EFC9597DA0>
2025-04-03 11:10:08 - INFO - Arctaris rename_statements.py:270 - process_pdf - Processing dxweb file as BankUnited: dxweb (34).pdf
2025-04-03 11:10:08 - INFO - Arctaris rename_statements.py:2084 - main - Would rename to: BankUnited\2025-04\Bank United Arctaris-34 April 2025 Statement.pdf
2025-04-03 11:10:08 - INFO - Arctaris rename_statements.py:2064 - main - [26/110] Processing file: dxweb (35).pdf
2025-04-03 11:10:08 - INFO - Arctaris rename_statements.py:270 - process_pdf - Processing dxweb file as BankUnited: dxweb (35).pdf
2025-04-03 11:10:08 - INFO - Arctaris rename_statements.py:2071 - main - Extracted information: <__main__.StatementInfo object at 0x000001EFC95979B0>
2025-04-03 11:10:08 - INFO - Arctaris rename_statements.py:270 - process_pdf - Processing dxweb file as BankUnited: dxweb (35).pdf
2025-04-03 11:10:08 - INFO - Arctaris rename_statements.py:2084 - main - Would rename to: BankUnited\2025-04\Bank United Arctaris-35 April 2025 Statement.pdf
2025-04-03 11:10:08 - INFO - Arctaris rename_statements.py:2064 - main - [27/110] Processing file: dxweb (8).pdf
2025-04-03 11:10:08 - INFO - Arctaris rename_statements.py:270 - process_pdf - Processing dxweb file as BankUnited: dxweb (8).pdf
2025-04-03 11:10:08 - INFO - Arctaris rename_statements.py:2071 - main - Extracted information: <__main__.StatementInfo object at 0x000001EFC9597920>
2025-04-03 11:10:08 - INFO - Arctaris rename_statements.py:270 - process_pdf - Processing dxweb file as BankUnited: dxweb (8).pdf
2025-04-03 11:10:08 - INFO - Arctaris rename_statements.py:2084 - main - Would rename to: BankUnited\2025-04\Bank United Arctaris-8 April 2025 Statement.pdf
2025-04-03 11:10:08 - INFO - Arctaris rename_statements.py:2064 - main - [28/110] Processing file: dxweb (9).pdf
2025-04-03 11:10:08 - INFO - Arctaris rename_statements.py:270 - process_pdf - Processing dxweb file as BankUnited: dxweb (9).pdf
2025-04-03 11:10:08 - INFO - Arctaris rename_statements.py:2071 - main - Extracted information: <__main__.StatementInfo object at 0x000001EFC95978C0>
2025-04-03 11:10:08 - INFO - Arctaris rename_statements.py:270 - process_pdf - Processing dxweb file as BankUnited: dxweb (9).pdf
2025-04-03 11:10:08 - INFO - Arctaris rename_statements.py:2084 - main - Would rename to: BankUnited\2025-04\Bank United Arctaris-9 April 2025 Statement.pdf
2025-04-03 11:10:08 - INFO - Arctaris rename_statements.py:2064 - main - [29/110] Processing file: NewStatement (1).pdf
2025-04-03 11:10:08 - WARNING - Arctaris rename_statements.py:309 - process_pdf - Limited text extracted from newstatement (1).pdf, attempting filename-based detection
2025-04-03 11:10:08 - INFO - Arctaris rename_statements.py:320 - process_pdf - Using filename-based detection: Classified as Berkshire
2025-04-03 11:10:08 - INFO - Arctaris rename_statements.py:2071 - main - Extracted information: <__main__.StatementInfo object at 0x000001EFC9596A20>
2025-04-03 11:10:08 - WARNING - Arctaris rename_statements.py:309 - process_pdf - Limited text extracted from newstatement (1).pdf, attempting filename-based detection
2025-04-03 11:10:08 - INFO - Arctaris rename_statements.py:320 - process_pdf - Using filename-based detection: Classified as Berkshire
2025-04-03 11:10:08 - INFO - Arctaris rename_statements.py:2084 - main - Would rename to: Berkshire\2025-04\0000-ARCTARIS FUND-20250403.pdf
2025-04-03 11:10:08 - INFO - Arctaris rename_statements.py:2064 - main - [30/110] Processing file: NewStatement (2).pdf
2025-04-03 11:10:08 - WARNING - Arctaris rename_statements.py:309 - process_pdf - Limited text extracted from newstatement (2).pdf, attempting filename-based detection
2025-04-03 11:10:08 - INFO - Arctaris rename_statements.py:320 - process_pdf - Using filename-based detection: Classified as Berkshire
2025-04-03 11:10:08 - INFO - Arctaris rename_statements.py:2071 - main - Extracted information: <__main__.StatementInfo object at 0x000001EFC9A1A9C0>
2025-04-03 11:10:08 - WARNING - Arctaris rename_statements.py:309 - process_pdf - Limited text extracted from newstatement (2).pdf, attempting filename-based detection
2025-04-03 11:10:08 - INFO - Arctaris rename_statements.py:320 - process_pdf - Using filename-based detection: Classified as Berkshire
2025-04-03 11:10:08 - INFO - Arctaris rename_statements.py:2084 - main - Would rename to: Berkshire\2025-04\0000-ARCTARIS FUND-20250403.pdf
2025-04-03 11:10:08 - INFO - Arctaris rename_statements.py:2064 - main - [31/110] Processing file: NewStatement (3).pdf
2025-04-03 11:10:08 - WARNING - Arctaris rename_statements.py:309 - process_pdf - Limited text extracted from newstatement (3).pdf, attempting filename-based detection
2025-04-03 11:10:08 - INFO - Arctaris rename_statements.py:320 - process_pdf - Using filename-based detection: Classified as Berkshire
2025-04-03 11:10:08 - INFO - Arctaris rename_statements.py:2071 - main - Extracted information: <__main__.StatementInfo object at 0x000001EFC9A409B0>
2025-04-03 11:10:08 - WARNING - Arctaris rename_statements.py:309 - process_pdf - Limited text extracted from newstatement (3).pdf, attempting filename-based detection
2025-04-03 11:10:08 - INFO - Arctaris rename_statements.py:320 - process_pdf - Using filename-based detection: Classified as Berkshire
2025-04-03 11:10:08 - INFO - Arctaris rename_statements.py:2084 - main - Would rename to: Berkshire\2025-04\0000-ARCTARIS FUND-20250403.pdf
2025-04-03 11:10:08 - INFO - Arctaris rename_statements.py:2064 - main - [32/110] Processing file: NewStatement.pdf
2025-04-03 11:10:08 - WARNING - Arctaris rename_statements.py:309 - process_pdf - Limited text extracted from newstatement.pdf, attempting filename-based detection
2025-04-03 11:10:08 - INFO - Arctaris rename_statements.py:320 - process_pdf - Using filename-based detection: Classified as Berkshire
2025-04-03 11:10:08 - INFO - Arctaris rename_statements.py:2071 - main - Extracted information: <__main__.StatementInfo object at 0x000001EFC9AC75F0>
2025-04-03 11:10:08 - WARNING - Arctaris rename_statements.py:309 - process_pdf - Limited text extracted from newstatement.pdf, attempting filename-based detection
2025-04-03 11:10:08 - INFO - Arctaris rename_statements.py:320 - process_pdf - Using filename-based detection: Classified as Berkshire
2025-04-03 11:10:08 - INFO - Arctaris rename_statements.py:2084 - main - Would rename to: Berkshire\2025-04\0000-ARCTARIS FUND-20250403.pdf
2025-04-03 11:10:08 - INFO - Arctaris rename_statements.py:2064 - main - [33/110] Processing file: Online Statements_2025-02-28 (1).pdf
2025-04-03 11:10:08 - INFO - Arctaris rename_statements.py:170 - process_pdf - Processing Online Statements file as Cambridge: Online Statements_2025-02-28 (1).pdf
2025-04-03 11:10:08 - INFO - Arctaris rename_statements.py:2071 - main - Extracted information: <__main__.StatementInfo object at 0x000001EFC94FD670>
2025-04-03 11:10:08 - INFO - Arctaris rename_statements.py:170 - process_pdf - Processing Online Statements file as Cambridge: Online Statements_2025-02-28 (1).pdf
2025-04-03 11:10:08 - INFO - Arctaris rename_statements.py:2084 - main - Would rename to: Cambridge\2025-02\ARCTARIS IMPACT INVESTORS, LLC 3346 Cambridge Savings February 2025.pdf
2025-04-03 11:10:08 - INFO - Arctaris rename_statements.py:2064 - main - [34/110] Processing file: Online Statements_2025-02-28 (10).pdf
2025-04-03 11:10:08 - INFO - Arctaris rename_statements.py:170 - process_pdf - Processing Online Statements file as Cambridge: Online Statements_2025-02-28 (10).pdf
2025-04-03 11:10:08 - INFO - Arctaris rename_statements.py:2071 - main - Extracted information: <__main__.StatementInfo object at 0x000001EFC95B9E50>
2025-04-03 11:10:08 - INFO - Arctaris rename_statements.py:170 - process_pdf - Processing Online Statements file as Cambridge: Online Statements_2025-02-28 (10).pdf
2025-04-03 11:10:08 - INFO - Arctaris rename_statements.py:2084 - main - Would rename to: Cambridge\2025-02\WEST COAST COMMERCIAL DEVELOPMENT LLC 3495 Cambridge Savings February 2025.pdf
2025-04-03 11:10:08 - INFO - Arctaris rename_statements.py:2064 - main - [35/110] Processing file: Online Statements_2025-02-28 (11).pdf
2025-04-03 11:10:08 - INFO - Arctaris rename_statements.py:170 - process_pdf - Processing Online Statements file as Cambridge: Online Statements_2025-02-28 (11).pdf
2025-04-03 11:10:08 - INFO - Arctaris rename_statements.py:2071 - main - Extracted information: <__main__.StatementInfo object at 0x000001EFC94FFF50>
2025-04-03 11:10:08 - INFO - Arctaris rename_statements.py:170 - process_pdf - Processing Online Statements file as Cambridge: Online Statements_2025-02-28 (11).pdf
2025-04-03 11:10:08 - INFO - Arctaris rename_statements.py:2084 - main - Would rename to: Cambridge\2025-02\EAST COAST INDUSTRIAL, LLC 3502 Cambridge Savings February 2025.pdf
2025-04-03 11:10:08 - INFO - Arctaris rename_statements.py:2064 - main - [36/110] Processing file: Online Statements_2025-02-28 (12).pdf
2025-04-03 11:10:08 - INFO - Arctaris rename_statements.py:170 - process_pdf - Processing Online Statements file as Cambridge: Online Statements_2025-02-28 (12).pdf
2025-04-03 11:10:08 - INFO - Arctaris rename_statements.py:2071 - main - Extracted information: <__main__.StatementInfo object at 0x000001EFC88E4E60>
2025-04-03 11:10:08 - INFO - Arctaris rename_statements.py:170 - process_pdf - Processing Online Statements file as Cambridge: Online Statements_2025-02-28 (12).pdf
2025-04-03 11:10:08 - INFO - Arctaris rename_statements.py:2084 - main - Would rename to: Cambridge\2025-02\EAST COAST INDUSTRIAL, LLC 3510 Cambridge Savings February 2025.pdf
2025-04-03 11:10:08 - INFO - Arctaris rename_statements.py:2064 - main - [37/110] Processing file: Online Statements_2025-02-28 (13).pdf
2025-04-03 11:10:08 - INFO - Arctaris rename_statements.py:170 - process_pdf - Processing Online Statements file as Cambridge: Online Statements_2025-02-28 (13).pdf
2025-04-03 11:10:08 - INFO - Arctaris rename_statements.py:2071 - main - Extracted information: <__main__.StatementInfo object at 0x000001EFC9A6C5C0>
2025-04-03 11:10:08 - INFO - Arctaris rename_statements.py:170 - process_pdf - Processing Online Statements file as Cambridge: Online Statements_2025-02-28 (13).pdf
2025-04-03 11:10:08 - INFO - Arctaris rename_statements.py:2084 - main - Would rename to: Cambridge\2025-02\ARCTARIS OPPORTUNITY ZONE FUND 2024,LLC 3528 Cambridge Savings February 2025.pdf
2025-04-03 11:10:08 - INFO - Arctaris rename_statements.py:2064 - main - [38/110] Processing file: Online Statements_2025-02-28 (2).pdf
2025-04-03 11:10:08 - INFO - Arctaris rename_statements.py:170 - process_pdf - Processing Online Statements file as Cambridge: Online Statements_2025-02-28 (2).pdf
2025-04-03 11:10:08 - INFO - Arctaris rename_statements.py:2071 - main - Extracted information: <__main__.StatementInfo object at 0x000001EFC9A6C650>
2025-04-03 11:10:08 - INFO - Arctaris rename_statements.py:170 - process_pdf - Processing Online Statements file as Cambridge: Online Statements_2025-02-28 (2).pdf
2025-04-03 11:10:08 - INFO - Arctaris rename_statements.py:2084 - main - Would rename to: Cambridge\2025-02\ARCTARIS IMPACT FUND, LP 3354 Cambridge Savings February 2025.pdf
2025-04-03 11:10:08 - INFO - Arctaris rename_statements.py:2064 - main - [39/110] Processing file: Online Statements_2025-02-28 (3).pdf
2025-04-03 11:10:08 - INFO - Arctaris rename_statements.py:170 - process_pdf - Processing Online Statements file as Cambridge: Online Statements_2025-02-28 (3).pdf
2025-04-03 11:10:08 - INFO - Arctaris rename_statements.py:2071 - main - Extracted information: <__main__.StatementInfo object at 0x000001EFC9A6C4A0>
2025-04-03 11:10:08 - INFO - Arctaris rename_statements.py:170 - process_pdf - Processing Online Statements file as Cambridge: Online Statements_2025-02-28 (3).pdf
2025-04-03 11:10:08 - INFO - Arctaris rename_statements.py:2084 - main - Would rename to: Cambridge\2025-02\ARCTARIS IMPACT FUND, LP 3362 Cambridge Savings February 2025.pdf
2025-04-03 11:10:08 - INFO - Arctaris rename_statements.py:2064 - main - [40/110] Processing file: Online Statements_2025-02-28 (4).pdf
2025-04-03 11:10:08 - INFO - Arctaris rename_statements.py:170 - process_pdf - Processing Online Statements file as Cambridge: Online Statements_2025-02-28 (4).pdf
2025-04-03 11:10:08 - INFO - Arctaris rename_statements.py:2071 - main - Extracted information: <__main__.StatementInfo object at 0x000001EFC9A6C8F0>
2025-04-03 11:10:08 - INFO - Arctaris rename_statements.py:170 - process_pdf - Processing Online Statements file as Cambridge: Online Statements_2025-02-28 (4).pdf
2025-04-03 11:10:08 - INFO - Arctaris rename_statements.py:2084 - main - Would rename to: Cambridge\2025-02\ARCTARIS OPPORTUNITY ZONE 2022, LLC 3396 Cambridge Savings February 2025.pdf
2025-04-03 11:10:08 - INFO - Arctaris rename_statements.py:2059 - main - 
Processing batch 3 (41-60 of 110)
2025-04-03 11:10:08 - INFO - Arctaris rename_statements.py:2064 - main - [41/110] Processing file: Online Statements_2025-02-28 (5).pdf
2025-04-03 11:10:08 - INFO - Arctaris rename_statements.py:170 - process_pdf - Processing Online Statements file as Cambridge: Online Statements_2025-02-28 (5).pdf
2025-04-03 11:10:08 - INFO - Arctaris rename_statements.py:2071 - main - Extracted information: <__main__.StatementInfo object at 0x000001EFC9A6C770>
2025-04-03 11:10:08 - INFO - Arctaris rename_statements.py:170 - process_pdf - Processing Online Statements file as Cambridge: Online Statements_2025-02-28 (5).pdf
2025-04-03 11:10:08 - INFO - Arctaris rename_statements.py:2084 - main - Would rename to: Cambridge\2025-02\ARCTARIS OPPORTUNITY ZONE 2022, LLC 3403 Cambridge Savings February 2025.pdf
2025-04-03 11:10:08 - INFO - Arctaris rename_statements.py:2064 - main - [42/110] Processing file: Online Statements_2025-02-28 (6).pdf
2025-04-03 11:10:08 - INFO - Arctaris rename_statements.py:170 - process_pdf - Processing Online Statements file as Cambridge: Online Statements_2025-02-28 (6).pdf
2025-04-03 11:10:08 - INFO - Arctaris rename_statements.py:2071 - main - Extracted information: <__main__.StatementInfo object at 0x000001EFC9A6C6B0>
2025-04-03 11:10:08 - INFO - Arctaris rename_statements.py:170 - process_pdf - Processing Online Statements file as Cambridge: Online Statements_2025-02-28 (6).pdf
2025-04-03 11:10:08 - INFO - Arctaris rename_statements.py:2084 - main - Would rename to: Cambridge\2025-02\OHIO INCLUSIVE HOUSING, LLC 3445 Cambridge Savings February 2025.pdf
2025-04-03 11:10:08 - INFO - Arctaris rename_statements.py:2064 - main - [43/110] Processing file: Online Statements_2025-02-28 (7).pdf
2025-04-03 11:10:08 - INFO - Arctaris rename_statements.py:170 - process_pdf - Processing Online Statements file as Cambridge: Online Statements_2025-02-28 (7).pdf
2025-04-03 11:10:08 - INFO - Arctaris rename_statements.py:2071 - main - Extracted information: <__main__.StatementInfo object at 0x000001EFC9A6C740>
2025-04-03 11:10:08 - INFO - Arctaris rename_statements.py:170 - process_pdf - Processing Online Statements file as Cambridge: Online Statements_2025-02-28 (7).pdf
2025-04-03 11:10:08 - INFO - Arctaris rename_statements.py:2084 - main - Would rename to: Cambridge\2025-02\OHIO INCLUSIVE HOUSING, LLC 3453 Cambridge Savings February 2025.pdf
2025-04-03 11:10:08 - INFO - Arctaris rename_statements.py:2064 - main - [44/110] Processing file: Online Statements_2025-02-28 (8).pdf
2025-04-03 11:10:08 - INFO - Arctaris rename_statements.py:170 - process_pdf - Processing Online Statements file as Cambridge: Online Statements_2025-02-28 (8).pdf
2025-04-03 11:10:08 - INFO - Arctaris rename_statements.py:2071 - main - Extracted information: <__main__.StatementInfo object at 0x000001EFC889F410>
2025-04-03 11:10:08 - INFO - Arctaris rename_statements.py:170 - process_pdf - Processing Online Statements file as Cambridge: Online Statements_2025-02-28 (8).pdf
2025-04-03 11:10:08 - INFO - Arctaris rename_statements.py:2084 - main - Would rename to: Cambridge\2025-02\MIDWEST COMMERCIAL DEVELOPMENT, LLC 3479 Cambridge Savings February 2025.pdf
2025-04-03 11:10:08 - INFO - Arctaris rename_statements.py:2064 - main - [45/110] Processing file: Online Statements_2025-02-28 (9).pdf
2025-04-03 11:10:08 - INFO - Arctaris rename_statements.py:170 - process_pdf - Processing Online Statements file as Cambridge: Online Statements_2025-02-28 (9).pdf
2025-04-03 11:10:08 - INFO - Arctaris rename_statements.py:2071 - main - Extracted information: <__main__.StatementInfo object at 0x000001EFC9A6C9B0>
2025-04-03 11:10:08 - INFO - Arctaris rename_statements.py:170 - process_pdf - Processing Online Statements file as Cambridge: Online Statements_2025-02-28 (9).pdf
2025-04-03 11:10:08 - INFO - Arctaris rename_statements.py:2084 - main - Would rename to: Cambridge\2025-02\WEST COAST COMMERCIAL DEVELOPMENT LLC 3487 Cambridge Savings February 2025.pdf
2025-04-03 11:10:08 - INFO - Arctaris rename_statements.py:2064 - main - [46/110] Processing file: Online Statements_2025-02-28.pdf
2025-04-03 11:10:08 - INFO - Arctaris rename_statements.py:170 - process_pdf - Processing Online Statements file as Cambridge: Online Statements_2025-02-28.pdf
2025-04-03 11:10:08 - INFO - Arctaris rename_statements.py:2071 - main - Extracted information: <__main__.StatementInfo object at 0x000001EFC9A6C500>
2025-04-03 11:10:08 - INFO - Arctaris rename_statements.py:170 - process_pdf - Processing Online Statements file as Cambridge: Online Statements_2025-02-28.pdf
2025-04-03 11:10:08 - INFO - Arctaris rename_statements.py:2084 - main - Would rename to: Cambridge\2025-02\ARCTARIS IMPACT INVESTORS, LLC 3346 Cambridge Savings February 2025.pdf
2025-04-03 11:10:08 - INFO - Arctaris rename_statements.py:2064 - main - [47/110] Processing file: Online Statements_2025-03-31 (1).pdf
2025-04-03 11:10:08 - INFO - Arctaris rename_statements.py:170 - process_pdf - Processing Online Statements file as Cambridge: Online Statements_2025-03-31 (1).pdf
2025-04-03 11:10:08 - INFO - Arctaris rename_statements.py:2071 - main - Extracted information: <__main__.StatementInfo object at 0x000001EFC9A6D190>
2025-04-03 11:10:08 - INFO - Arctaris rename_statements.py:170 - process_pdf - Processing Online Statements file as Cambridge: Online Statements_2025-03-31 (1).pdf
2025-04-03 11:10:08 - INFO - Arctaris rename_statements.py:2084 - main - Would rename to: Cambridge\2025-03\ARCTARIS IMPACT INVESTORS, LLC 3346 Cambridge Savings March 2025.pdf
2025-04-03 11:10:08 - INFO - Arctaris rename_statements.py:2064 - main - [48/110] Processing file: Online Statements_2025-03-31 (10).pdf
2025-04-03 11:10:08 - INFO - Arctaris rename_statements.py:170 - process_pdf - Processing Online Statements file as Cambridge: Online Statements_2025-03-31 (10).pdf
2025-04-03 11:10:08 - INFO - Arctaris rename_statements.py:2071 - main - Extracted information: <__main__.StatementInfo object at 0x000001EFC9A6CBF0>
2025-04-03 11:10:08 - INFO - Arctaris rename_statements.py:170 - process_pdf - Processing Online Statements file as Cambridge: Online Statements_2025-03-31 (10).pdf
2025-04-03 11:10:08 - INFO - Arctaris rename_statements.py:2084 - main - Would rename to: Cambridge\2025-03\WEST COAST COMMERCIAL DEVELOPMENT LLC 3495 Cambridge Savings March 2025.pdf
2025-04-03 11:10:08 - INFO - Arctaris rename_statements.py:2064 - main - [49/110] Processing file: Online Statements_2025-03-31 (11).pdf
2025-04-03 11:10:08 - INFO - Arctaris rename_statements.py:170 - process_pdf - Processing Online Statements file as Cambridge: Online Statements_2025-03-31 (11).pdf
2025-04-03 11:10:08 - INFO - Arctaris rename_statements.py:2071 - main - Extracted information: <__main__.StatementInfo object at 0x000001EFC9A6CC50>
2025-04-03 11:10:08 - INFO - Arctaris rename_statements.py:170 - process_pdf - Processing Online Statements file as Cambridge: Online Statements_2025-03-31 (11).pdf
2025-04-03 11:10:08 - INFO - Arctaris rename_statements.py:2084 - main - Would rename to: Cambridge\2025-03\EAST COAST INDUSTRIAL, LLC 3502 Cambridge Savings March 2025.pdf
2025-04-03 11:10:08 - INFO - Arctaris rename_statements.py:2064 - main - [50/110] Processing file: Online Statements_2025-03-31 (12).pdf
2025-04-03 11:10:08 - INFO - Arctaris rename_statements.py:170 - process_pdf - Processing Online Statements file as Cambridge: Online Statements_2025-03-31 (12).pdf
2025-04-03 11:10:08 - INFO - Arctaris rename_statements.py:2071 - main - Extracted information: <__main__.StatementInfo object at 0x000001EFC9A6C920>
2025-04-03 11:10:08 - INFO - Arctaris rename_statements.py:170 - process_pdf - Processing Online Statements file as Cambridge: Online Statements_2025-03-31 (12).pdf
2025-04-03 11:10:08 - INFO - Arctaris rename_statements.py:2084 - main - Would rename to: Cambridge\2025-03\EAST COAST INDUSTRIAL, LLC 3510 Cambridge Savings March 2025.pdf
2025-04-03 11:10:08 - INFO - Arctaris rename_statements.py:2064 - main - [51/110] Processing file: Online Statements_2025-03-31 (13).pdf
2025-04-03 11:10:08 - INFO - Arctaris rename_statements.py:170 - process_pdf - Processing Online Statements file as Cambridge: Online Statements_2025-03-31 (13).pdf
2025-04-03 11:10:08 - INFO - Arctaris rename_statements.py:2071 - main - Extracted information: <__main__.StatementInfo object at 0x000001EFC9A6CFB0>
2025-04-03 11:10:08 - INFO - Arctaris rename_statements.py:170 - process_pdf - Processing Online Statements file as Cambridge: Online Statements_2025-03-31 (13).pdf
2025-04-03 11:10:08 - INFO - Arctaris rename_statements.py:2084 - main - Would rename to: Cambridge\2025-03\ARCTARIS OPPORTUNITY ZONE FUND 2024,LLC 3528 Cambridge Savings March 2025.pdf
2025-04-03 11:10:08 - INFO - Arctaris rename_statements.py:2064 - main - [52/110] Processing file: Online Statements_2025-03-31 (2).pdf
2025-04-03 11:10:08 - INFO - Arctaris rename_statements.py:170 - process_pdf - Processing Online Statements file as Cambridge: Online Statements_2025-03-31 (2).pdf
2025-04-03 11:10:08 - INFO - Arctaris rename_statements.py:2071 - main - Extracted information: <__main__.StatementInfo object at 0x000001EFC9A6CF20>
2025-04-03 11:10:08 - INFO - Arctaris rename_statements.py:170 - process_pdf - Processing Online Statements file as Cambridge: Online Statements_2025-03-31 (2).pdf
2025-04-03 11:10:08 - INFO - Arctaris rename_statements.py:2084 - main - Would rename to: Cambridge\2025-03\ARCTARIS IMPACT FUND, LP 3354 Cambridge Savings March 2025.pdf
2025-04-03 11:10:08 - INFO - Arctaris rename_statements.py:2064 - main - [53/110] Processing file: Online Statements_2025-03-31 (3).pdf
2025-04-03 11:10:08 - INFO - Arctaris rename_statements.py:170 - process_pdf - Processing Online Statements file as Cambridge: Online Statements_2025-03-31 (3).pdf
2025-04-03 11:10:08 - INFO - Arctaris rename_statements.py:2071 - main - Extracted information: <__main__.StatementInfo object at 0x000001EFC9A6D0D0>
2025-04-03 11:10:08 - INFO - Arctaris rename_statements.py:170 - process_pdf - Processing Online Statements file as Cambridge: Online Statements_2025-03-31 (3).pdf
2025-04-03 11:10:08 - INFO - Arctaris rename_statements.py:2084 - main - Would rename to: Cambridge\2025-03\ARCTARIS IMPACT FUND, LP 3362 Cambridge Savings March 2025.pdf
2025-04-03 11:10:08 - INFO - Arctaris rename_statements.py:2064 - main - [54/110] Processing file: Online Statements_2025-03-31 (4).pdf
2025-04-03 11:10:08 - INFO - Arctaris rename_statements.py:170 - process_pdf - Processing Online Statements file as Cambridge: Online Statements_2025-03-31 (4).pdf
2025-04-03 11:10:08 - INFO - Arctaris rename_statements.py:2071 - main - Extracted information: <__main__.StatementInfo object at 0x000001EFC9A6D2B0>
2025-04-03 11:10:08 - INFO - Arctaris rename_statements.py:170 - process_pdf - Processing Online Statements file as Cambridge: Online Statements_2025-03-31 (4).pdf
2025-04-03 11:10:08 - INFO - Arctaris rename_statements.py:2084 - main - Would rename to: Cambridge\2025-03\ARCTARIS OPPORTUNITY ZONE 2022, LLC 3396 Cambridge Savings March 2025.pdf
2025-04-03 11:10:08 - INFO - Arctaris rename_statements.py:2064 - main - [55/110] Processing file: Online Statements_2025-03-31 (5).pdf
2025-04-03 11:10:08 - INFO - Arctaris rename_statements.py:170 - process_pdf - Processing Online Statements file as Cambridge: Online Statements_2025-03-31 (5).pdf
2025-04-03 11:10:08 - INFO - Arctaris rename_statements.py:2071 - main - Extracted information: <__main__.StatementInfo object at 0x000001EFC9A6D1F0>
2025-04-03 11:10:08 - INFO - Arctaris rename_statements.py:170 - process_pdf - Processing Online Statements file as Cambridge: Online Statements_2025-03-31 (5).pdf
2025-04-03 11:10:08 - INFO - Arctaris rename_statements.py:2084 - main - Would rename to: Cambridge\2025-03\ARCTARIS OPPORTUNITY ZONE 2022, LLC 3403 Cambridge Savings March 2025.pdf
2025-04-03 11:10:08 - INFO - Arctaris rename_statements.py:2064 - main - [56/110] Processing file: Online Statements_2025-03-31 (6).pdf
2025-04-03 11:10:08 - INFO - Arctaris rename_statements.py:170 - process_pdf - Processing Online Statements file as Cambridge: Online Statements_2025-03-31 (6).pdf
2025-04-03 11:10:08 - INFO - Arctaris rename_statements.py:2071 - main - Extracted information: <__main__.StatementInfo object at 0x000001EFC9A6CE90>
2025-04-03 11:10:08 - INFO - Arctaris rename_statements.py:170 - process_pdf - Processing Online Statements file as Cambridge: Online Statements_2025-03-31 (6).pdf
2025-04-03 11:10:08 - INFO - Arctaris rename_statements.py:2084 - main - Would rename to: Cambridge\2025-03\OHIO INCLUSIVE HOUSING, LLC 3445 Cambridge Savings March 2025.pdf
2025-04-03 11:10:08 - INFO - Arctaris rename_statements.py:2064 - main - [57/110] Processing file: Online Statements_2025-03-31 (7).pdf
2025-04-03 11:10:08 - INFO - Arctaris rename_statements.py:170 - process_pdf - Processing Online Statements file as Cambridge: Online Statements_2025-03-31 (7).pdf
2025-04-03 11:10:08 - INFO - Arctaris rename_statements.py:2071 - main - Extracted information: <__main__.StatementInfo object at 0x000001EFC9A6CC80>
2025-04-03 11:10:08 - INFO - Arctaris rename_statements.py:170 - process_pdf - Processing Online Statements file as Cambridge: Online Statements_2025-03-31 (7).pdf
2025-04-03 11:10:08 - INFO - Arctaris rename_statements.py:2084 - main - Would rename to: Cambridge\2025-03\OHIO INCLUSIVE HOUSING, LLC 3453 Cambridge Savings March 2025.pdf
2025-04-03 11:10:08 - INFO - Arctaris rename_statements.py:2064 - main - [58/110] Processing file: Online Statements_2025-03-31 (8).pdf
2025-04-03 11:10:08 - INFO - Arctaris rename_statements.py:170 - process_pdf - Processing Online Statements file as Cambridge: Online Statements_2025-03-31 (8).pdf
2025-04-03 11:10:08 - INFO - Arctaris rename_statements.py:2071 - main - Extracted information: <__main__.StatementInfo object at 0x000001EFC9A6CB60>
2025-04-03 11:10:08 - INFO - Arctaris rename_statements.py:170 - process_pdf - Processing Online Statements file as Cambridge: Online Statements_2025-03-31 (8).pdf
2025-04-03 11:10:08 - INFO - Arctaris rename_statements.py:2084 - main - Would rename to: Cambridge\2025-03\MIDWEST COMMERCIAL DEVELOPMENT, LLC 3479 Cambridge Savings March 2025.pdf
2025-04-03 11:10:08 - INFO - Arctaris rename_statements.py:2064 - main - [59/110] Processing file: Online Statements_2025-03-31 (9).pdf
2025-04-03 11:10:08 - INFO - Arctaris rename_statements.py:170 - process_pdf - Processing Online Statements file as Cambridge: Online Statements_2025-03-31 (9).pdf
2025-04-03 11:10:08 - INFO - Arctaris rename_statements.py:2071 - main - Extracted information: <__main__.StatementInfo object at 0x000001EFC9A42E70>
2025-04-03 11:10:08 - INFO - Arctaris rename_statements.py:170 - process_pdf - Processing Online Statements file as Cambridge: Online Statements_2025-03-31 (9).pdf
2025-04-03 11:10:08 - INFO - Arctaris rename_statements.py:2084 - main - Would rename to: Cambridge\2025-03\WEST COAST COMMERCIAL DEVELOPMENT LLC 3487 Cambridge Savings March 2025.pdf
2025-04-03 11:10:08 - INFO - Arctaris rename_statements.py:2064 - main - [60/110] Processing file: Online Statements_2025-03-31.pdf
2025-04-03 11:10:08 - INFO - Arctaris rename_statements.py:170 - process_pdf - Processing Online Statements file as Cambridge: Online Statements_2025-03-31.pdf
2025-04-03 11:10:08 - INFO - Arctaris rename_statements.py:2071 - main - Extracted information: <__main__.StatementInfo object at 0x000001EFC9A431D0>
2025-04-03 11:10:08 - INFO - Arctaris rename_statements.py:170 - process_pdf - Processing Online Statements file as Cambridge: Online Statements_2025-03-31.pdf
2025-04-03 11:10:08 - INFO - Arctaris rename_statements.py:2084 - main - Would rename to: Cambridge\2025-03\ARCTARIS IMPACT INVESTORS, LLC 3346 Cambridge Savings March 2025.pdf
2025-04-03 11:10:08 - INFO - Arctaris rename_statements.py:2059 - main - 
Processing batch 4 (61-80 of 110)
2025-04-03 11:10:08 - INFO - Arctaris rename_statements.py:2064 - main - [61/110] Processing file: statement_1092246474_2025-03-31.pdf
2025-04-03 11:10:08 - INFO - Arctaris rename_statements.py:371 - process_pdf - Successfully identified bank type: PNC
2025-04-03 11:10:08 - INFO - Arctaris rename_statements.py:2071 - main - Extracted information: <__main__.StatementInfo object at 0x000001EFC9A42660>
2025-04-03 11:10:08 - INFO - Arctaris rename_statements.py:371 - process_pdf - Successfully identified bank type: PNC
2025-04-03 11:10:08 - INFO - Arctaris rename_statements.py:2084 - main - Would rename to: PNC\2025-03\ARCTARIS IMPACT SUB-CDE 2 LLC statement_1092246474_2025-03-31.pdf
2025-04-03 11:10:08 - INFO - Arctaris rename_statements.py:2064 - main - [62/110] Processing file: statement_4116465916_2025-03-31.pdf
2025-04-03 11:10:08 - INFO - Arctaris rename_statements.py:371 - process_pdf - Successfully identified bank type: PNC
2025-04-03 11:10:08 - INFO - Arctaris rename_statements.py:2071 - main - Extracted information: <__main__.StatementInfo object at 0x000001EFC9AE4080>
2025-04-03 11:10:08 - INFO - Arctaris rename_statements.py:371 - process_pdf - Successfully identified bank type: PNC
2025-04-03 11:10:08 - INFO - Arctaris rename_statements.py:2084 - main - Would rename to: PNC\2025-03\MICHIGAN INCOME PRINCIPAL PR statement_4116465916_2025-03-31.pdf
2025-04-03 11:10:08 - INFO - Arctaris rename_statements.py:2064 - main - [63/110] Processing file: statement_4116465932_2025-03-31.pdf
2025-04-03 11:10:09 - INFO - Arctaris rename_statements.py:371 - process_pdf - Successfully identified bank type: PNC
2025-04-03 11:10:09 - INFO - Arctaris rename_statements.py:2071 - main - Extracted information: <__main__.StatementInfo object at 0x000001EFC938B2C0>
2025-04-03 11:10:09 - INFO - Arctaris rename_statements.py:371 - process_pdf - Successfully identified bank type: PNC
2025-04-03 11:10:09 - INFO - Arctaris rename_statements.py:2084 - main - Would rename to: PNC\2025-03\ARCTARIS MICHIGAN MANAGE statement_4116465932_2025-03-31.pdf
2025-04-03 11:10:09 - INFO - Arctaris rename_statements.py:2064 - main - [64/110] Processing file: statement_4116465959_2025-03-31.pdf
2025-04-03 11:10:09 - INFO - Arctaris rename_statements.py:371 - process_pdf - Successfully identified bank type: PNC
2025-04-03 11:10:09 - INFO - Arctaris rename_statements.py:2071 - main - Extracted information: <__main__.StatementInfo object at 0x000001EFC94FDFA0>
2025-04-03 11:10:09 - INFO - Arctaris rename_statements.py:371 - process_pdf - Successfully identified bank type: PNC
2025-04-03 11:10:09 - INFO - Arctaris rename_statements.py:2084 - main - Would rename to: PNC\2025-03\ARCTARIS ROYALTY VENTURES CO-I statement_4116465959_2025-03-31.pdf
2025-04-03 11:10:09 - INFO - Arctaris rename_statements.py:2064 - main - [65/110] Processing file: statement_4130261135_2025-03-31.pdf
2025-04-03 11:10:09 - INFO - Arctaris rename_statements.py:371 - process_pdf - Successfully identified bank type: PNC
2025-04-03 11:10:09 - INFO - Arctaris rename_statements.py:2071 - main - Extracted information: <__main__.StatementInfo object at 0x000001EFC9A1AAB0>
2025-04-03 11:10:09 - INFO - Arctaris rename_statements.py:371 - process_pdf - Successfully identified bank type: PNC
2025-04-03 11:10:09 - INFO - Arctaris rename_statements.py:2084 - main - Would rename to: PNC\2025-03\ARCTARIS IMPACT FUND statement_4130261135_2025-03-31.pdf
2025-04-03 11:10:09 - INFO - Arctaris rename_statements.py:2064 - main - [66/110] Processing file: statement_4130263798_2025-03-31.pdf
2025-04-03 11:10:09 - INFO - Arctaris rename_statements.py:371 - process_pdf - Successfully identified bank type: PNC
2025-04-03 11:10:09 - INFO - Arctaris rename_statements.py:2071 - main - Extracted information: <__main__.StatementInfo object at 0x000001EFC9A1A240>
2025-04-03 11:10:09 - INFO - Arctaris rename_statements.py:371 - process_pdf - Successfully identified bank type: PNC
2025-04-03 11:10:09 - INFO - Arctaris rename_statements.py:2084 - main - Would rename to: PNC\2025-03\ARP MANAGEMENT statement_4130263798_2025-03-31.pdf
2025-04-03 11:10:09 - INFO - Arctaris rename_statements.py:2064 - main - [67/110] Processing file: statement_4130272854_2025-03-31.pdf
2025-04-03 11:10:09 - INFO - Arctaris rename_statements.py:371 - process_pdf - Successfully identified bank type: PNC
2025-04-03 11:10:09 - INFO - Arctaris rename_statements.py:2071 - main - Extracted information: <__main__.StatementInfo object at 0x000001EFC9A42D50>
2025-04-03 11:10:09 - INFO - Arctaris rename_statements.py:371 - process_pdf - Successfully identified bank type: PNC
2025-04-03 11:10:09 - INFO - Arctaris rename_statements.py:2084 - main - Would rename to: PNC\2025-04\ARCTARIS OZ MAN statement_4130272854_2025-03-31.pdf
2025-04-03 11:10:09 - INFO - Arctaris rename_statements.py:2064 - main - [68/110] Processing file: statement_4130275895_2025-03-31.pdf
2025-04-03 11:10:09 - INFO - Arctaris rename_statements.py:371 - process_pdf - Successfully identified bank type: PNC
2025-04-03 11:10:09 - INFO - Arctaris rename_statements.py:2071 - main - Extracted information: <__main__.StatementInfo object at 0x000001EFC9A19DC0>
2025-04-03 11:10:09 - INFO - Arctaris rename_statements.py:371 - process_pdf - Successfully identified bank type: PNC
2025-04-03 11:10:09 - INFO - Arctaris rename_statements.py:2084 - main - Would rename to: PNC\2025-03\ARCTARIS SADDLEBACK SKI OPERAT statement_4130275895_2025-03-31.pdf
2025-04-03 11:10:09 - INFO - Arctaris rename_statements.py:2064 - main - [69/110] Processing file: statement_4130279968_2025-03-31.pdf
2025-04-03 11:10:09 - INFO - Arctaris rename_statements.py:371 - process_pdf - Successfully identified bank type: PNC
2025-04-03 11:10:09 - INFO - Arctaris rename_statements.py:2071 - main - Extracted information: <__main__.StatementInfo object at 0x000001EFC8E083E0>
2025-04-03 11:10:09 - INFO - Arctaris rename_statements.py:371 - process_pdf - Successfully identified bank type: PNC
2025-04-03 11:10:09 - INFO - Arctaris rename_statements.py:2084 - main - Would rename to: PNC\2025-03\ARC-IMPACT PROGRAM ERIE LLC statement_4130279968_2025-03-31.pdf
2025-04-03 11:10:09 - INFO - Arctaris rename_statements.py:2064 - main - [70/110] Processing file: statement_4130281339_2025-03-31.pdf
2025-04-03 11:10:09 - INFO - Arctaris rename_statements.py:371 - process_pdf - Successfully identified bank type: PNC
2025-04-03 11:10:09 - INFO - Arctaris rename_statements.py:2071 - main - Extracted information: <__main__.StatementInfo object at 0x000001EFC948B8F0>
2025-04-03 11:10:09 - INFO - Arctaris rename_statements.py:371 - process_pdf - Successfully identified bank type: PNC
2025-04-03 11:10:09 - INFO - Arctaris rename_statements.py:2084 - main - Would rename to: PNC\2025-03\ARCTARIS BROADBAND statement_4130281339_2025-03-31.pdf
2025-04-03 11:10:09 - INFO - Arctaris rename_statements.py:2064 - main - [71/110] Processing file: statement_4130281355_2025-03-31.pdf
2025-04-03 11:10:09 - INFO - Arctaris rename_statements.py:371 - process_pdf - Successfully identified bank type: PNC
2025-04-03 11:10:09 - INFO - Arctaris rename_statements.py:2071 - main - Extracted information: <__main__.StatementInfo object at 0x000001EFC9A6FF80>
2025-04-03 11:10:09 - INFO - Arctaris rename_statements.py:371 - process_pdf - Successfully identified bank type: PNC
2025-04-03 11:10:09 - INFO - Arctaris rename_statements.py:2084 - main - Would rename to: PNC\2025-03\ARCTARIS OZ FUND 2020 statement_4130281355_2025-03-31.pdf
2025-04-03 11:10:09 - INFO - Arctaris rename_statements.py:2064 - main - [72/110] Processing file: statement_4130283078_2025-03-31.pdf
2025-04-03 11:10:09 - INFO - Arctaris rename_statements.py:371 - process_pdf - Successfully identified bank type: PNC
2025-04-03 11:10:09 - INFO - Arctaris rename_statements.py:2071 - main - Extracted information: <__main__.StatementInfo object at 0x000001EFC95BB920>
2025-04-03 11:10:09 - INFO - Arctaris rename_statements.py:371 - process_pdf - Successfully identified bank type: PNC
2025-04-03 11:10:09 - INFO - Arctaris rename_statements.py:2084 - main - Would rename to: PNC\2025-03\ARCTARIS IMPACT INVESTORS LLC statement_4130283078_2025-03-31.pdf
2025-04-03 11:10:09 - INFO - Arctaris rename_statements.py:2064 - main - [73/110] Processing file: statement_4130283369_2025-03-31.pdf
2025-04-03 11:10:09 - INFO - Arctaris rename_statements.py:371 - process_pdf - Successfully identified bank type: PNC
2025-04-03 11:10:09 - INFO - Arctaris rename_statements.py:2071 - main - Extracted information: <__main__.StatementInfo object at 0x000001EFC9AE79B0>
2025-04-03 11:10:09 - INFO - Arctaris rename_statements.py:371 - process_pdf - Successfully identified bank type: PNC
2025-04-03 11:10:09 - INFO - Arctaris rename_statements.py:2084 - main - Would rename to: PNC\2025-03\ARC-IMPACT-PROGRAM SWPA LLC statement_4130283369_2025-03-31.pdf
2025-04-03 11:10:09 - INFO - Arctaris rename_statements.py:2064 - main - [74/110] Processing file: statement_4130283633_2025-03-31.pdf
2025-04-03 11:10:09 - INFO - Arctaris rename_statements.py:371 - process_pdf - Successfully identified bank type: PNC
2025-04-03 11:10:09 - INFO - Arctaris rename_statements.py:2071 - main - Extracted information: <__main__.StatementInfo object at 0x000001EFC948BC50>
2025-04-03 11:10:09 - INFO - Arctaris rename_statements.py:371 - process_pdf - Successfully identified bank type: PNC
2025-04-03 11:10:09 - INFO - Arctaris rename_statements.py:2084 - main - Would rename to: PNC\2025-03\ARC-IMPACT PROGRAM CUYAHOGA LLC statement_4130283633_2025-03-31.pdf
2025-04-03 11:10:09 - INFO - Arctaris rename_statements.py:2064 - main - [75/110] Processing file: statement_4130290884_2025-03-31.pdf
2025-04-03 11:10:09 - INFO - Arctaris rename_statements.py:371 - process_pdf - Successfully identified bank type: PNC
2025-04-03 11:10:09 - INFO - Arctaris rename_statements.py:2071 - main - Extracted information: <__main__.StatementInfo object at 0x000001EFC8759460>
2025-04-03 11:10:09 - INFO - Arctaris rename_statements.py:371 - process_pdf - Successfully identified bank type: PNC
2025-04-03 11:10:09 - INFO - Arctaris rename_statements.py:2084 - main - Would rename to: PNC\2025-03\ARCTARIS INCOME FUND LP statement_4130290884_2025-03-31.pdf
2025-04-03 11:10:09 - INFO - Arctaris rename_statements.py:2064 - main - [76/110] Processing file: statement_4130293022_2025-03-31.pdf
2025-04-03 11:10:09 - INFO - Arctaris rename_statements.py:371 - process_pdf - Successfully identified bank type: PNC
2025-04-03 11:10:09 - INFO - Arctaris rename_statements.py:2071 - main - Extracted information: <__main__.StatementInfo object at 0x000001EFC9AE7E30>
2025-04-03 11:10:09 - INFO - Arctaris rename_statements.py:371 - process_pdf - Successfully identified bank type: PNC
2025-04-03 11:10:09 - INFO - Arctaris rename_statements.py:2084 - main - Would rename to: PNC\2025-03\OZ 2022 FUND statement_4130293022_2025-03-31.pdf
2025-04-03 11:10:09 - INFO - Arctaris rename_statements.py:2064 - main - [77/110] Processing file: statement_4130294324_2025-03-31.pdf
2025-04-03 11:10:09 - INFO - Arctaris rename_statements.py:371 - process_pdf - Successfully identified bank type: PNC
2025-04-03 11:10:09 - INFO - Arctaris rename_statements.py:2071 - main - Extracted information: <__main__.StatementInfo object at 0x000001EFC9A19F40>
2025-04-03 11:10:09 - INFO - Arctaris rename_statements.py:371 - process_pdf - Successfully identified bank type: PNC
2025-04-03 11:10:09 - INFO - Arctaris rename_statements.py:2084 - main - Would rename to: PNC\2025-03\ARC-IMPACT-PROGRAM BUFFALO LLC statement_4130294324_2025-03-31.pdf
2025-04-03 11:10:09 - INFO - Arctaris rename_statements.py:2064 - main - [78/110] Processing file: statement_4130294332_2025-03-31.pdf
2025-04-03 11:10:09 - INFO - Arctaris rename_statements.py:371 - process_pdf - Successfully identified bank type: PNC
2025-04-03 11:10:09 - INFO - Arctaris rename_statements.py:2071 - main - Extracted information: <__main__.StatementInfo object at 0x000001EFC9AE6210>
2025-04-03 11:10:09 - INFO - Arctaris rename_statements.py:371 - process_pdf - Successfully identified bank type: PNC
2025-04-03 11:10:09 - INFO - Arctaris rename_statements.py:2084 - main - Would rename to: PNC\2025-03\ARC-IMPACT-PROGRAM HARTFORD LL statement_4130294332_2025-03-31.pdf
2025-04-03 11:10:09 - INFO - Arctaris rename_statements.py:2064 - main - [79/110] Processing file: statement_4130294359_2025-03-31.pdf
2025-04-03 11:10:09 - INFO - Arctaris rename_statements.py:371 - process_pdf - Successfully identified bank type: PNC
2025-04-03 11:10:09 - INFO - Arctaris rename_statements.py:2071 - main - Extracted information: <__main__.StatementInfo object at 0x000001EFC9AE4950>
2025-04-03 11:10:09 - INFO - Arctaris rename_statements.py:371 - process_pdf - Successfully identified bank type: PNC
2025-04-03 11:10:09 - INFO - Arctaris rename_statements.py:2084 - main - Would rename to: PNC\2025-04\ARC-IMPACT-PROGRAM LIMA LLC statement_4130294359_2025-03-31.pdf
2025-04-03 11:10:09 - INFO - Arctaris rename_statements.py:2064 - main - [80/110] Processing file: statement_4130294367_2025-03-31.pdf
2025-04-03 11:10:09 - INFO - Arctaris rename_statements.py:371 - process_pdf - Successfully identified bank type: PNC
2025-04-03 11:10:09 - INFO - Arctaris rename_statements.py:2071 - main - Extracted information: <__main__.StatementInfo object at 0x000001EFC9AE6E10>
2025-04-03 11:10:09 - INFO - Arctaris rename_statements.py:371 - process_pdf - Successfully identified bank type: PNC
2025-04-03 11:10:09 - INFO - Arctaris rename_statements.py:2084 - main - Would rename to: PNC\2025-03\ARC-IMPACT-PROGRAM PITTSBURGH statement_4130294367_2025-03-31.pdf
2025-04-03 11:10:09 - INFO - Arctaris rename_statements.py:2059 - main - 
Processing batch 5 (81-100 of 110)
2025-04-03 11:10:09 - INFO - Arctaris rename_statements.py:2064 - main - [81/110] Processing file: statement_4130294383_2025-03-31.pdf
2025-04-03 11:10:09 - INFO - Arctaris rename_statements.py:371 - process_pdf - Successfully identified bank type: PNC
2025-04-03 11:10:09 - INFO - Arctaris rename_statements.py:2071 - main - Extracted information: <__main__.StatementInfo object at 0x000001EFC9A42930>
2025-04-03 11:10:09 - INFO - Arctaris rename_statements.py:371 - process_pdf - Successfully identified bank type: PNC
2025-04-03 11:10:09 - INFO - Arctaris rename_statements.py:2084 - main - Would rename to: PNC\2025-03\PHASE 1B HOLDINGS statement_4130294383_2025-03-31.pdf
2025-04-03 11:10:09 - INFO - Arctaris rename_statements.py:2064 - main - [82/110] Processing file: statement_4130294412_2025-03-31.pdf
2025-04-03 11:10:09 - INFO - Arctaris rename_statements.py:371 - process_pdf - Successfully identified bank type: PNC
2025-04-03 11:10:09 - INFO - Arctaris rename_statements.py:2071 - main - Extracted information: <__main__.StatementInfo object at 0x000001EFC9A19C70>
2025-04-03 11:10:09 - INFO - Arctaris rename_statements.py:371 - process_pdf - Successfully identified bank type: PNC
2025-04-03 11:10:09 - INFO - Arctaris rename_statements.py:2084 - main - Would rename to: PNC\2025-03\ARCTARIS PRODUCT DEV IV statement_4130294412_2025-03-31.pdf
2025-04-03 11:10:09 - INFO - Arctaris rename_statements.py:2064 - main - [83/110] Processing file: statement_4130294447_2025-03-31.pdf
2025-04-03 11:10:09 - INFO - Arctaris rename_statements.py:371 - process_pdf - Successfully identified bank type: PNC
2025-04-03 11:10:09 - INFO - Arctaris rename_statements.py:2071 - main - Extracted information: <__main__.StatementInfo object at 0x000001EFC9A194F0>
2025-04-03 11:10:09 - INFO - Arctaris rename_statements.py:371 - process_pdf - Successfully identified bank type: PNC
2025-04-03 11:10:09 - INFO - Arctaris rename_statements.py:2084 - main - Would rename to: PNC\2025-03\ARCTARIS PRODUCT DEV VI statement_4130294447_2025-03-31.pdf
2025-04-03 11:10:09 - INFO - Arctaris rename_statements.py:2064 - main - [84/110] Processing file: statement_4130294455_2025-03-31.pdf
2025-04-03 11:10:09 - INFO - Arctaris rename_statements.py:371 - process_pdf - Successfully identified bank type: PNC
2025-04-03 11:10:09 - INFO - Arctaris rename_statements.py:2071 - main - Extracted information: <__main__.StatementInfo object at 0x000001EFC9A40CB0>
2025-04-03 11:10:09 - INFO - Arctaris rename_statements.py:371 - process_pdf - Successfully identified bank type: PNC
2025-04-03 11:10:09 - INFO - Arctaris rename_statements.py:2084 - main - Would rename to: PNC\2025-04\ARCTARIS PRODUCT DEV VII statement_4130294455_2025-03-31.pdf
2025-04-03 11:10:09 - INFO - Arctaris rename_statements.py:2064 - main - [85/110] Processing file: statement_4130297058_2025-03-31.pdf
2025-04-03 11:10:09 - INFO - Arctaris rename_statements.py:371 - process_pdf - Successfully identified bank type: PNC
2025-04-03 11:10:09 - INFO - Arctaris rename_statements.py:2071 - main - Extracted information: <__main__.StatementInfo object at 0x000001EFC9AE7770>
2025-04-03 11:10:09 - INFO - Arctaris rename_statements.py:371 - process_pdf - Successfully identified bank type: PNC
2025-04-03 11:10:09 - INFO - Arctaris rename_statements.py:2084 - main - Would rename to: PNC\2025-03\NORTHEAST REAL ESTATE statement_4130297058_2025-03-31.pdf
2025-04-03 11:10:09 - INFO - Arctaris rename_statements.py:2064 - main - [86/110] Processing file: statement_4130297779_2025-03-31.pdf
2025-04-03 11:10:09 - INFO - Arctaris rename_statements.py:371 - process_pdf - Successfully identified bank type: PNC
2025-04-03 11:10:09 - INFO - Arctaris rename_statements.py:2071 - main - Extracted information: <__main__.StatementInfo object at 0x000001EFC94FD040>
2025-04-03 11:10:09 - INFO - Arctaris rename_statements.py:371 - process_pdf - Successfully identified bank type: PNC
2025-04-03 11:10:09 - INFO - Arctaris rename_statements.py:2084 - main - Would rename to: PNC\2025-03\ARCTARIS IMPACT CDC LLC statement_4130297779_2025-03-31.pdf
2025-04-03 11:10:09 - INFO - Arctaris rename_statements.py:2064 - main - [87/110] Processing file: statement_4130300931_2025-03-31.pdf
2025-04-03 11:10:09 - INFO - Arctaris rename_statements.py:371 - process_pdf - Successfully identified bank type: PNC
2025-04-03 11:10:09 - INFO - Arctaris rename_statements.py:2071 - main - Extracted information: <__main__.StatementInfo object at 0x000001EFC93CFEC0>
2025-04-03 11:10:09 - INFO - Arctaris rename_statements.py:371 - process_pdf - Successfully identified bank type: PNC
2025-04-03 11:10:09 - INFO - Arctaris rename_statements.py:2084 - main - Would rename to: PNC\2025-03\ARCTARIS ROYALTY PARTNERS LLC statement_4130300931_2025-03-31.pdf
2025-04-03 11:10:09 - INFO - Arctaris rename_statements.py:2064 - main - [88/110] Processing file: statement_4130301336_2025-03-31.pdf
2025-04-03 11:10:09 - INFO - Arctaris rename_statements.py:371 - process_pdf - Successfully identified bank type: PNC
2025-04-03 11:10:09 - INFO - Arctaris rename_statements.py:2071 - main - Extracted information: <__main__.StatementInfo object at 0x000001EFC9A18470>
2025-04-03 11:10:09 - INFO - Arctaris rename_statements.py:371 - process_pdf - Successfully identified bank type: PNC
2025-04-03 11:10:09 - INFO - Arctaris rename_statements.py:2084 - main - Would rename to: PNC\2025-03\DETROIT AFFORDABLE HOUSING statement_4130301336_2025-03-31.pdf
2025-04-03 11:10:09 - INFO - Arctaris rename_statements.py:2064 - main - [89/110] Processing file: statement_4130301344_2025-03-31.pdf
2025-04-03 11:10:09 - INFO - Arctaris rename_statements.py:371 - process_pdf - Successfully identified bank type: PNC
2025-04-03 11:10:09 - INFO - Arctaris rename_statements.py:2071 - main - Extracted information: <__main__.StatementInfo object at 0x000001EFC9A42810>
2025-04-03 11:10:09 - INFO - Arctaris rename_statements.py:371 - process_pdf - Successfully identified bank type: PNC
2025-04-03 11:10:09 - INFO - Arctaris rename_statements.py:2084 - main - Would rename to: PNC\2025-03\BRADDOCK FLEX statement_4130301344_2025-03-31.pdf
2025-04-03 11:10:09 - INFO - Arctaris rename_statements.py:2064 - main - [90/110] Processing file: statement_4130301694_2025-03-31.pdf
2025-04-03 11:10:09 - INFO - Arctaris rename_statements.py:371 - process_pdf - Successfully identified bank type: PNC
2025-04-03 11:10:09 - INFO - Arctaris rename_statements.py:2071 - main - Extracted information: <__main__.StatementInfo object at 0x000001EFC95B94F0>
2025-04-03 11:10:09 - INFO - Arctaris rename_statements.py:371 - process_pdf - Successfully identified bank type: PNC
2025-04-03 11:10:09 - INFO - Arctaris rename_statements.py:2084 - main - Would rename to: PNC\2025-03\SADDLEBACK SERVICES LLC statement_4130301694_2025-03-31.pdf
2025-04-03 11:10:09 - INFO - Arctaris rename_statements.py:2064 - main - [91/110] Processing file: statement_4130301889_2025-03-31.pdf
2025-04-03 11:10:09 - INFO - Arctaris rename_statements.py:371 - process_pdf - Successfully identified bank type: PNC
2025-04-03 11:10:09 - INFO - Arctaris rename_statements.py:2071 - main - Extracted information: <__main__.StatementInfo object at 0x000001EFC95B9BE0>
2025-04-03 11:10:09 - INFO - Arctaris rename_statements.py:371 - process_pdf - Successfully identified bank type: PNC
2025-04-03 11:10:09 - INFO - Arctaris rename_statements.py:2084 - main - Would rename to: PNC\2025-03\NEW ENGLAND INCLUSIVE HOUSING statement_4130301889_2025-03-31.pdf
2025-04-03 11:10:09 - INFO - Arctaris rename_statements.py:2064 - main - [92/110] Processing file: statement_4130301897_2025-03-31.pdf
2025-04-03 11:10:09 - INFO - Arctaris rename_statements.py:371 - process_pdf - Successfully identified bank type: PNC
2025-04-03 11:10:09 - INFO - Arctaris rename_statements.py:2071 - main - Extracted information: <__main__.StatementInfo object at 0x000001EFC95B8F20>
2025-04-03 11:10:09 - INFO - Arctaris rename_statements.py:371 - process_pdf - Successfully identified bank type: PNC
2025-04-03 11:10:09 - INFO - Arctaris rename_statements.py:2084 - main - Would rename to: PNC\2025-03\MIDWESTERN DEVELOPMENT I statement_4130301897_2025-03-31.pdf
2025-04-03 11:10:09 - INFO - Arctaris rename_statements.py:2064 - main - [93/110] Processing file: statement_4130301918_2025-03-31.pdf
2025-04-03 11:10:09 - INFO - Arctaris rename_statements.py:371 - process_pdf - Successfully identified bank type: PNC
2025-04-03 11:10:09 - INFO - Arctaris rename_statements.py:2071 - main - Extracted information: <__main__.StatementInfo object at 0x000001EFC9A18740>
2025-04-03 11:10:09 - INFO - Arctaris rename_statements.py:371 - process_pdf - Successfully identified bank type: PNC
2025-04-03 11:10:09 - INFO - Arctaris rename_statements.py:2084 - main - Would rename to: PNC\2025-03\MID ATLANTIC INCLUSIVE HOUSING statement_4130301918_2025-03-31.pdf
2025-04-03 11:10:09 - INFO - Arctaris rename_statements.py:2064 - main - [94/110] Processing file: statement_4130301926_2025-03-31.pdf
2025-04-03 11:10:09 - INFO - Arctaris rename_statements.py:371 - process_pdf - Successfully identified bank type: PNC
2025-04-03 11:10:09 - INFO - Arctaris rename_statements.py:2071 - main - Extracted information: <__main__.StatementInfo object at 0x000001EFC9A41160>
2025-04-03 11:10:09 - INFO - Arctaris rename_statements.py:371 - process_pdf - Successfully identified bank type: PNC
2025-04-03 11:10:09 - INFO - Arctaris rename_statements.py:2084 - main - Would rename to: PNC\2025-03\SOUTH EAST DEVELOPMENT statement_4130301926_2025-03-31.pdf
2025-04-03 11:10:09 - INFO - Arctaris rename_statements.py:2064 - main - [95/110] Processing file: statement_4130301934_2025-03-31.pdf
2025-04-03 11:10:09 - INFO - Arctaris rename_statements.py:371 - process_pdf - Successfully identified bank type: PNC
2025-04-03 11:10:09 - INFO - Arctaris rename_statements.py:2071 - main - Extracted information: <__main__.StatementInfo object at 0x000001EFC95B8230>
2025-04-03 11:10:09 - INFO - Arctaris rename_statements.py:371 - process_pdf - Successfully identified bank type: PNC
2025-04-03 11:10:09 - INFO - Arctaris rename_statements.py:2084 - main - Would rename to: PNC\2025-03\PENN INCLUSIVE HOUSING statement_4130301934_2025-03-31.pdf
2025-04-03 11:10:09 - INFO - Arctaris rename_statements.py:2064 - main - [96/110] Processing file: statement_4130302128_2025-03-31.pdf
2025-04-03 11:10:09 - INFO - Arctaris rename_statements.py:371 - process_pdf - Successfully identified bank type: PNC
2025-04-03 11:10:09 - INFO - Arctaris rename_statements.py:2071 - main - Extracted information: <__main__.StatementInfo object at 0x000001EFC9A420F0>
2025-04-03 11:10:09 - INFO - Arctaris rename_statements.py:371 - process_pdf - Successfully identified bank type: PNC
2025-04-03 11:10:09 - INFO - Arctaris rename_statements.py:2084 - main - Would rename to: PNC\2025-03\EASTERN DEVELOPMENT HOUSING statement_4130302128_2025-03-31.pdf
2025-04-03 11:10:09 - INFO - Arctaris rename_statements.py:2064 - main - [97/110] Processing file: statement_4175623128_2025-03-31.pdf
2025-04-03 11:10:09 - INFO - Arctaris rename_statements.py:371 - process_pdf - Successfully identified bank type: PNC
2025-04-03 11:10:09 - INFO - Arctaris rename_statements.py:2071 - main - Extracted information: <__main__.StatementInfo object at 0x000001EFC9A6F020>
2025-04-03 11:10:09 - INFO - Arctaris rename_statements.py:371 - process_pdf - Successfully identified bank type: PNC
2025-04-03 11:10:09 - INFO - Arctaris rename_statements.py:2084 - main - Would rename to: PNC\2025-03\ARCTARIS OZ FUND 2024 statement_4175623128_2025-03-31.pdf
2025-04-03 11:10:09 - INFO - Arctaris rename_statements.py:2064 - main - [98/110] Processing file: statement_4176547892_2025-03-31.pdf
2025-04-03 11:10:09 - INFO - Arctaris rename_statements.py:371 - process_pdf - Successfully identified bank type: PNC
2025-04-03 11:10:09 - INFO - Arctaris rename_statements.py:2071 - main - Extracted information: <__main__.StatementInfo object at 0x000001EFC93DDBE0>
2025-04-03 11:10:09 - INFO - Arctaris rename_statements.py:371 - process_pdf - Successfully identified bank type: PNC
2025-04-03 11:10:09 - INFO - Arctaris rename_statements.py:2084 - main - Would rename to: PNC\2025-03\SSP HOLDCO LLC statement_4176547892_2025-03-31.pdf
2025-04-03 11:10:09 - INFO - Arctaris rename_statements.py:2064 - main - [99/110] Processing file: statement_4176565548_2025-03-31.pdf
2025-04-03 11:10:09 - INFO - Arctaris rename_statements.py:371 - process_pdf - Successfully identified bank type: PNC
2025-04-03 11:10:09 - INFO - Arctaris rename_statements.py:2071 - main - Extracted information: <__main__.StatementInfo object at 0x000001EFC9A19160>
2025-04-03 11:10:09 - INFO - Arctaris rename_statements.py:371 - process_pdf - Successfully identified bank type: PNC
2025-04-03 11:10:09 - INFO - Arctaris rename_statements.py:2084 - main - Would rename to: PNC\2025-03\ARCTARIS EAST COAST DEVELOPMEN statement_4176565548_2025-03-31.pdf
2025-04-03 11:10:09 - INFO - Arctaris rename_statements.py:2064 - main - [100/110] Processing file: statement_4176641344_2025-03-31.pdf
2025-04-03 11:10:09 - INFO - Arctaris rename_statements.py:371 - process_pdf - Successfully identified bank type: PNC
2025-04-03 11:10:09 - INFO - Arctaris rename_statements.py:2071 - main - Extracted information: <__main__.StatementInfo object at 0x000001EFC95B8BF0>
2025-04-03 11:10:09 - INFO - Arctaris rename_statements.py:371 - process_pdf - Successfully identified bank type: PNC
2025-04-03 11:10:09 - INFO - Arctaris rename_statements.py:2084 - main - Would rename to: PNC\2025-03\GREATER ERIE STRATEGIC INVESTM statement_4176641344_2025-03-31.pdf
2025-04-03 11:10:09 - INFO - Arctaris rename_statements.py:2059 - main - 
Processing batch 6 (101-110 of 110)
2025-04-03 11:10:09 - INFO - Arctaris rename_statements.py:2064 - main - [101/110] Processing file: statement_4176706259_2025-03-31.pdf
2025-04-03 11:10:09 - INFO - Arctaris rename_statements.py:371 - process_pdf - Successfully identified bank type: PNC
2025-04-03 11:10:09 - INFO - Arctaris rename_statements.py:2071 - main - Extracted information: <__main__.StatementInfo object at 0x000001EFC9A19D60>
2025-04-03 11:10:09 - INFO - Arctaris rename_statements.py:371 - process_pdf - Successfully identified bank type: PNC
2025-04-03 11:10:09 - INFO - Arctaris rename_statements.py:2084 - main - Would rename to: PNC\2025-03\ARCTARIS ADVISORY HOLDING LLC statement_4176706259_2025-03-31.pdf
2025-04-03 11:10:09 - INFO - Arctaris rename_statements.py:2064 - main - [102/110] Processing file: statement_4176786746_2025-03-31.pdf
2025-04-03 11:10:09 - INFO - Arctaris rename_statements.py:371 - process_pdf - Successfully identified bank type: PNC
2025-04-03 11:10:09 - INFO - Arctaris rename_statements.py:2071 - main - Extracted information: <__main__.StatementInfo object at 0x000001EFC9528AA0>
2025-04-03 11:10:10 - INFO - Arctaris rename_statements.py:371 - process_pdf - Successfully identified bank type: PNC
2025-04-03 11:10:10 - INFO - Arctaris rename_statements.py:2084 - main - Would rename to: PNC\2025-03\ARC-IMPACT PROGRAM CT LLC statement_4176786746_2025-03-31.pdf
2025-04-03 11:10:10 - INFO - Arctaris rename_statements.py:2064 - main - [103/110] Processing file: statement_4176790542_2025-03-31.pdf
2025-04-03 11:10:10 - INFO - Arctaris rename_statements.py:371 - process_pdf - Successfully identified bank type: PNC
2025-04-03 11:10:10 - INFO - Arctaris rename_statements.py:2071 - main - Extracted information: <__main__.StatementInfo object at 0x000001EFC952B110>
2025-04-03 11:10:10 - INFO - Arctaris rename_statements.py:371 - process_pdf - Successfully identified bank type: PNC
2025-04-03 11:10:10 - INFO - Arctaris rename_statements.py:2084 - main - Would rename to: PNC\2025-03\ARCTARIS HOLDCO LLC statement_4176790542_2025-03-31.pdf
2025-04-03 11:10:10 - INFO - Arctaris rename_statements.py:2064 - main - [104/110] Processing file: statement_4176790577_2025-03-31.pdf
2025-04-03 11:10:10 - INFO - Arctaris rename_statements.py:371 - process_pdf - Successfully identified bank type: PNC
2025-04-03 11:10:10 - INFO - Arctaris rename_statements.py:2071 - main - Extracted information: <__main__.StatementInfo object at 0x000001EFC93DEED0>
2025-04-03 11:10:10 - INFO - Arctaris rename_statements.py:371 - process_pdf - Successfully identified bank type: PNC
2025-04-03 11:10:10 - INFO - Arctaris rename_statements.py:2084 - main - Would rename to: PNC\2025-03\TOWER PERSONAL SERVICES LLC statement_4176790577_2025-03-31.pdf
2025-04-03 11:10:10 - INFO - Arctaris rename_statements.py:2064 - main - [105/110] Processing file: statement_4176790593_2025-03-31.pdf
2025-04-03 11:10:10 - INFO - Arctaris rename_statements.py:371 - process_pdf - Successfully identified bank type: PNC
2025-04-03 11:10:10 - INFO - Arctaris rename_statements.py:2071 - main - Extracted information: <__main__.StatementInfo object at 0x000001EFC9A1A7E0>
2025-04-03 11:10:10 - INFO - Arctaris rename_statements.py:371 - process_pdf - Successfully identified bank type: PNC
2025-04-03 11:10:10 - INFO - Arctaris rename_statements.py:2084 - main - Would rename to: PNC\2025-03\ARCTARIS MANAGEMENT CO LLC statement_4176790593_2025-03-31.pdf
2025-04-03 11:10:10 - INFO - Arctaris rename_statements.py:2064 - main - [106/110] Processing file: statement_4179447491_2025-03-31.pdf
2025-04-03 11:10:10 - INFO - Arctaris rename_statements.py:371 - process_pdf - Successfully identified bank type: PNC
2025-04-03 11:10:10 - INFO - Arctaris rename_statements.py:2071 - main - Extracted information: <__main__.StatementInfo object at 0x000001EFC95B8DD0>
2025-04-03 11:10:10 - INFO - Arctaris rename_statements.py:371 - process_pdf - Successfully identified bank type: PNC
2025-04-03 11:10:10 - INFO - Arctaris rename_statements.py:2084 - main - Would rename to: PNC\2025-03\ARCTARIS MICHIGAN PARTNERS LLC statement_4179447491_2025-03-31.pdf
2025-04-03 11:10:10 - INFO - Arctaris rename_statements.py:2064 - main - [107/110] Processing file: statement_4179559231_2025-03-31.pdf
2025-04-03 11:10:10 - INFO - Arctaris rename_statements.py:371 - process_pdf - Successfully identified bank type: PNC
2025-04-03 11:10:10 - INFO - Arctaris rename_statements.py:2071 - main - Extracted information: <__main__.StatementInfo object at 0x000001EFC9A196A0>
2025-04-03 11:10:10 - INFO - Arctaris rename_statements.py:371 - process_pdf - Successfully identified bank type: PNC
2025-04-03 11:10:10 - INFO - Arctaris rename_statements.py:2084 - main - Would rename to: PNC\2025-03\ARCTARIS REAL ESTATE MANAGEMEN statement_4179559231_2025-03-31.pdf
2025-04-03 11:10:10 - INFO - Arctaris rename_statements.py:2064 - main - [108/110] Processing file: statement_4179559338_2025-03-31.pdf
2025-04-03 11:10:10 - INFO - Arctaris rename_statements.py:371 - process_pdf - Successfully identified bank type: PNC
2025-04-03 11:10:10 - INFO - Arctaris rename_statements.py:2071 - main - Extracted information: <__main__.StatementInfo object at 0x000001EFC9A43890>
2025-04-03 11:10:10 - INFO - Arctaris rename_statements.py:371 - process_pdf - Successfully identified bank type: PNC
2025-04-03 11:10:10 - INFO - Arctaris rename_statements.py:2084 - main - Would rename to: PNC\2025-03\ARCTARIS HOUSING CO LLC statement_4179559338_2025-03-31.pdf
2025-04-03 11:10:10 - INFO - Arctaris rename_statements.py:2064 - main - [109/110] Processing file: statement_4179667988_2025-03-31.pdf
2025-04-03 11:10:10 - INFO - Arctaris rename_statements.py:371 - process_pdf - Successfully identified bank type: PNC
2025-04-03 11:10:10 - INFO - Arctaris rename_statements.py:2071 - main - Extracted information: <__main__.StatementInfo object at 0x000001EFC95B9610>
2025-04-03 11:10:10 - INFO - Arctaris rename_statements.py:371 - process_pdf - Successfully identified bank type: PNC
2025-04-03 11:10:10 - INFO - Arctaris rename_statements.py:2084 - main - Would rename to: PNC\2025-03\ARCTARIS MIDWEST DEV II statement_4179667988_2025-03-31.pdf
2025-04-03 11:10:10 - INFO - Arctaris rename_statements.py:2064 - main - [110/110] Processing file: statement_4698117603_2025-03-31.pdf
2025-04-03 11:10:10 - INFO - Arctaris rename_statements.py:371 - process_pdf - Successfully identified bank type: PNC
2025-04-03 11:10:10 - INFO - Arctaris rename_statements.py:2071 - main - Extracted information: <__main__.StatementInfo object at 0x000001EFC9A43A40>
2025-04-03 11:10:10 - INFO - Arctaris rename_statements.py:371 - process_pdf - Successfully identified bank type: PNC
2025-04-03 11:10:10 - INFO - Arctaris rename_statements.py:2084 - main - Would rename to: PNC\2025-03\ARCTARIS OZ FUND 2019 statement_4698117603_2025-03-31.pdf
2025-04-03 11:10:10 - INFO - Arctaris rename_statements.py:2140 - main - 
Dry run completed in 2.29 seconds.
2025-04-03 11:10:10 - INFO - Arctaris rename_statements.py:2144 - main - Preview checklist saved to: checklists\preview_checklist_20250403_111010.csv
2025-04-03 11:10:10 - INFO - Arctaris rename_statements.py:2148 - main - 110 files would be processed.
