2025-04-03 11:04:12 - INFO - Arctaris rename_statements.py:1802 - setup_logging - Logging initialized at level INFO
2025-04-03 11:04:12 - INFO - Arctaris rename_statements.py:1803 - setup_logging - Log file: C:\Users\Christian\OneDrive - Arctaris Michigan Partners, LLC\Desktop\Bank Automation\Codes\Bank Statements\logs\pdf_processor_20250403_110412.log
2025-04-03 11:04:12 - INFO - Arctaris rename_statements.py:1868 - main - Starting PDF rename script (version 2.0)
2025-04-03 11:04:12 - INFO - Arctaris rename_statements.py:1869 - main - Input folder: C:\Users\Christian\OneDrive - Arctaris Michigan Partners, LLC\Desktop\Bank Automation\input_statements
2025-04-03 11:04:12 - INFO - Arctaris rename_statements.py:1870 - main - Output folder: C:\Users\Christian\OneDrive - Arctaris Michigan Partners, LLC\Desktop\Bank Automation\processed_statements
2025-04-03 11:04:12 - INFO - Arctaris rename_statements.py:1888 - main - Found 4 repaired files that will be skipped
2025-04-03 11:04:12 - INFO - Arctaris rename_statements.py:1903 - main - Found 110 PDF file(s) to process
2025-04-03 11:04:12 - INFO - Arctaris rename_statements.py:1538 - find_duplicate_files - Duplicate group - Original: dxweb (26).pdf, Duplicates: dxweb (27).pdf
2025-04-03 11:04:12 - INFO - Arctaris rename_statements.py:1538 - find_duplicate_files - Duplicate group - Original: dxweb (32).pdf, Duplicates: dxweb (33).pdf
2025-04-03 11:04:12 - WARNING - Arctaris rename_statements.py:1911 - main - Found 2 groups of duplicate files:
2025-04-03 11:04:12 - WARNING - Arctaris rename_statements.py:1913 - main -   Duplicate group (2 files):
2025-04-03 11:04:12 - WARNING - Arctaris rename_statements.py:1916 - main -     - dxweb (26).pdf
2025-04-03 11:04:12 - WARNING - Arctaris rename_statements.py:1916 - main -     - dxweb (27).pdf
2025-04-03 11:04:12 - INFO - Arctaris rename_statements.py:1921 - main -   Original: dxweb (26).pdf, Duplicates: dxweb (27).pdf
2025-04-03 11:04:12 - WARNING - Arctaris rename_statements.py:1913 - main -   Duplicate group (2 files):
2025-04-03 11:04:12 - WARNING - Arctaris rename_statements.py:1916 - main -     - dxweb (32).pdf
2025-04-03 11:04:12 - WARNING - Arctaris rename_statements.py:1916 - main -     - dxweb (33).pdf
2025-04-03 11:04:12 - INFO - Arctaris rename_statements.py:1921 - main -   Original: dxweb (32).pdf, Duplicates: dxweb (33).pdf
2025-04-03 11:04:12 - INFO - Arctaris rename_statements.py:1940 - main - 
=== PREVIEW MODE ===
2025-04-03 11:04:12 - INFO - Arctaris rename_statements.py:1948 - main - Verifying PDF files...
2025-04-03 11:04:13 - INFO - Arctaris rename_statements.py:1985 - main - 110 files verified and ready for processing
2025-04-03 11:04:13 - INFO - Arctaris rename_statements.py:1994 - main - 
Processing batch 1 (1-20 of 110)
2025-04-03 11:04:13 - INFO - Arctaris rename_statements.py:1999 - main - [1/110] Processing file: dxweb (10).pdf
2025-04-03 11:04:13 - INFO - Arctaris rename_statements.py:270 - process_pdf - Processing dxweb file as BankUnited: dxweb (10).pdf
2025-04-03 11:04:13 - INFO - Arctaris rename_statements.py:2006 - main - Extracted information: <__main__.StatementInfo object at 0x00000213D85753D0>
2025-04-03 11:04:13 - INFO - Arctaris rename_statements.py:270 - process_pdf - Processing dxweb file as BankUnited: dxweb (10).pdf
2025-04-03 11:04:13 - INFO - Arctaris rename_statements.py:2019 - main - Would rename to: BankUnited\2025-04\Bank United Arctaris-10 April 2025 Statement.pdf
2025-04-03 11:04:13 - INFO - Arctaris rename_statements.py:1999 - main - [2/110] Processing file: dxweb (11).pdf
2025-04-03 11:04:13 - INFO - Arctaris rename_statements.py:270 - process_pdf - Processing dxweb file as BankUnited: dxweb (11).pdf
2025-04-03 11:04:13 - INFO - Arctaris rename_statements.py:2006 - main - Extracted information: <__main__.StatementInfo object at 0x00000213D8585E80>
2025-04-03 11:04:13 - INFO - Arctaris rename_statements.py:270 - process_pdf - Processing dxweb file as BankUnited: dxweb (11).pdf
2025-04-03 11:04:13 - INFO - Arctaris rename_statements.py:2019 - main - Would rename to: BankUnited\2025-04\Bank United Arctaris-11 April 2025 Statement.pdf
2025-04-03 11:04:13 - INFO - Arctaris rename_statements.py:1999 - main - [3/110] Processing file: dxweb (12).pdf
2025-04-03 11:04:13 - INFO - Arctaris rename_statements.py:270 - process_pdf - Processing dxweb file as BankUnited: dxweb (12).pdf
2025-04-03 11:04:13 - INFO - Arctaris rename_statements.py:2006 - main - Extracted information: <__main__.StatementInfo object at 0x00000213D85AA6F0>
2025-04-03 11:04:13 - INFO - Arctaris rename_statements.py:270 - process_pdf - Processing dxweb file as BankUnited: dxweb (12).pdf
2025-04-03 11:04:13 - INFO - Arctaris rename_statements.py:2019 - main - Would rename to: BankUnited\2025-04\Bank United Arctaris-12 April 2025 Statement.pdf
2025-04-03 11:04:13 - INFO - Arctaris rename_statements.py:1999 - main - [4/110] Processing file: dxweb (13).pdf
2025-04-03 11:04:13 - INFO - Arctaris rename_statements.py:270 - process_pdf - Processing dxweb file as BankUnited: dxweb (13).pdf
2025-04-03 11:04:13 - INFO - Arctaris rename_statements.py:2006 - main - Extracted information: <__main__.StatementInfo object at 0x00000213D85AA780>
2025-04-03 11:04:13 - INFO - Arctaris rename_statements.py:270 - process_pdf - Processing dxweb file as BankUnited: dxweb (13).pdf
2025-04-03 11:04:13 - INFO - Arctaris rename_statements.py:2019 - main - Would rename to: BankUnited\2025-04\Bank United Arctaris-13 April 2025 Statement.pdf
2025-04-03 11:04:13 - INFO - Arctaris rename_statements.py:1999 - main - [5/110] Processing file: dxweb (14).pdf
2025-04-03 11:04:13 - INFO - Arctaris rename_statements.py:270 - process_pdf - Processing dxweb file as BankUnited: dxweb (14).pdf
2025-04-03 11:04:13 - INFO - Arctaris rename_statements.py:2006 - main - Extracted information: <__main__.StatementInfo object at 0x00000213D85AA7E0>
2025-04-03 11:04:13 - INFO - Arctaris rename_statements.py:270 - process_pdf - Processing dxweb file as BankUnited: dxweb (14).pdf
2025-04-03 11:04:13 - INFO - Arctaris rename_statements.py:2019 - main - Would rename to: BankUnited\2025-04\Bank United Arctaris-14 April 2025 Statement.pdf
2025-04-03 11:04:13 - INFO - Arctaris rename_statements.py:1999 - main - [6/110] Processing file: dxweb (15).pdf
2025-04-03 11:04:13 - INFO - Arctaris rename_statements.py:270 - process_pdf - Processing dxweb file as BankUnited: dxweb (15).pdf
2025-04-03 11:04:13 - INFO - Arctaris rename_statements.py:2006 - main - Extracted information: <__main__.StatementInfo object at 0x00000213D85AA840>
2025-04-03 11:04:13 - INFO - Arctaris rename_statements.py:270 - process_pdf - Processing dxweb file as BankUnited: dxweb (15).pdf
2025-04-03 11:04:13 - INFO - Arctaris rename_statements.py:2019 - main - Would rename to: BankUnited\2025-04\Bank United Arctaris-15 April 2025 Statement.pdf
2025-04-03 11:04:13 - INFO - Arctaris rename_statements.py:1999 - main - [7/110] Processing file: dxweb (16).pdf
2025-04-03 11:04:13 - INFO - Arctaris rename_statements.py:270 - process_pdf - Processing dxweb file as BankUnited: dxweb (16).pdf
2025-04-03 11:04:13 - INFO - Arctaris rename_statements.py:2006 - main - Extracted information: <__main__.StatementInfo object at 0x00000213D85AA8A0>
2025-04-03 11:04:13 - INFO - Arctaris rename_statements.py:270 - process_pdf - Processing dxweb file as BankUnited: dxweb (16).pdf
2025-04-03 11:04:13 - INFO - Arctaris rename_statements.py:2019 - main - Would rename to: BankUnited\2025-04\Bank United Arctaris-16 April 2025 Statement.pdf
2025-04-03 11:04:13 - INFO - Arctaris rename_statements.py:1999 - main - [8/110] Processing file: dxweb (17).pdf
2025-04-03 11:04:13 - INFO - Arctaris rename_statements.py:270 - process_pdf - Processing dxweb file as BankUnited: dxweb (17).pdf
2025-04-03 11:04:13 - INFO - Arctaris rename_statements.py:2006 - main - Extracted information: <__main__.StatementInfo object at 0x00000213D85AA900>
2025-04-03 11:04:13 - INFO - Arctaris rename_statements.py:270 - process_pdf - Processing dxweb file as BankUnited: dxweb (17).pdf
2025-04-03 11:04:13 - INFO - Arctaris rename_statements.py:2019 - main - Would rename to: BankUnited\2025-04\Bank United Arctaris-17 April 2025 Statement.pdf
2025-04-03 11:04:13 - INFO - Arctaris rename_statements.py:1999 - main - [9/110] Processing file: dxweb (18).pdf
2025-04-03 11:04:13 - INFO - Arctaris rename_statements.py:270 - process_pdf - Processing dxweb file as BankUnited: dxweb (18).pdf
2025-04-03 11:04:13 - INFO - Arctaris rename_statements.py:2006 - main - Extracted information: <__main__.StatementInfo object at 0x00000213D8575B20>
2025-04-03 11:04:13 - INFO - Arctaris rename_statements.py:270 - process_pdf - Processing dxweb file as BankUnited: dxweb (18).pdf
2025-04-03 11:04:13 - INFO - Arctaris rename_statements.py:2019 - main - Would rename to: BankUnited\2025-04\Bank United Arctaris-18 April 2025 Statement.pdf
2025-04-03 11:04:13 - INFO - Arctaris rename_statements.py:1999 - main - [10/110] Processing file: dxweb (19).pdf
2025-04-03 11:04:13 - INFO - Arctaris rename_statements.py:270 - process_pdf - Processing dxweb file as BankUnited: dxweb (19).pdf
2025-04-03 11:04:13 - INFO - Arctaris rename_statements.py:2006 - main - Extracted information: <__main__.StatementInfo object at 0x00000213D7EE3AD0>
2025-04-03 11:04:13 - INFO - Arctaris rename_statements.py:270 - process_pdf - Processing dxweb file as BankUnited: dxweb (19).pdf
2025-04-03 11:04:13 - INFO - Arctaris rename_statements.py:2019 - main - Would rename to: BankUnited\2025-04\Bank United Arctaris-19 April 2025 Statement.pdf
2025-04-03 11:04:13 - INFO - Arctaris rename_statements.py:1999 - main - [11/110] Processing file: dxweb (20).pdf
2025-04-03 11:04:13 - INFO - Arctaris rename_statements.py:270 - process_pdf - Processing dxweb file as BankUnited: dxweb (20).pdf
2025-04-03 11:04:13 - INFO - Arctaris rename_statements.py:2006 - main - Extracted information: <__main__.StatementInfo object at 0x00000213D8576180>
2025-04-03 11:04:13 - INFO - Arctaris rename_statements.py:270 - process_pdf - Processing dxweb file as BankUnited: dxweb (20).pdf
2025-04-03 11:04:13 - INFO - Arctaris rename_statements.py:2019 - main - Would rename to: BankUnited\2025-04\Bank United Arctaris-20 April 2025 Statement.pdf
2025-04-03 11:04:13 - INFO - Arctaris rename_statements.py:1999 - main - [12/110] Processing file: dxweb (21).pdf
2025-04-03 11:04:13 - INFO - Arctaris rename_statements.py:270 - process_pdf - Processing dxweb file as BankUnited: dxweb (21).pdf
2025-04-03 11:04:13 - INFO - Arctaris rename_statements.py:2006 - main - Extracted information: <__main__.StatementInfo object at 0x00000213D8574BF0>
2025-04-03 11:04:13 - INFO - Arctaris rename_statements.py:270 - process_pdf - Processing dxweb file as BankUnited: dxweb (21).pdf
2025-04-03 11:04:13 - INFO - Arctaris rename_statements.py:2019 - main - Would rename to: BankUnited\2025-04\Bank United Arctaris-21 April 2025 Statement.pdf
2025-04-03 11:04:13 - INFO - Arctaris rename_statements.py:1999 - main - [13/110] Processing file: dxweb (22).pdf
2025-04-03 11:04:13 - INFO - Arctaris rename_statements.py:270 - process_pdf - Processing dxweb file as BankUnited: dxweb (22).pdf
2025-04-03 11:04:13 - INFO - Arctaris rename_statements.py:2006 - main - Extracted information: <__main__.StatementInfo object at 0x00000213D8576660>
2025-04-03 11:04:13 - INFO - Arctaris rename_statements.py:270 - process_pdf - Processing dxweb file as BankUnited: dxweb (22).pdf
2025-04-03 11:04:13 - INFO - Arctaris rename_statements.py:2019 - main - Would rename to: BankUnited\2025-04\Bank United Arctaris-22 April 2025 Statement.pdf
2025-04-03 11:04:13 - INFO - Arctaris rename_statements.py:1999 - main - [14/110] Processing file: dxweb (23).pdf
2025-04-03 11:04:13 - INFO - Arctaris rename_statements.py:270 - process_pdf - Processing dxweb file as BankUnited: dxweb (23).pdf
2025-04-03 11:04:13 - INFO - Arctaris rename_statements.py:2006 - main - Extracted information: <__main__.StatementInfo object at 0x00000213D85757C0>
2025-04-03 11:04:13 - INFO - Arctaris rename_statements.py:270 - process_pdf - Processing dxweb file as BankUnited: dxweb (23).pdf
2025-04-03 11:04:13 - INFO - Arctaris rename_statements.py:2019 - main - Would rename to: BankUnited\2025-04\Bank United Arctaris-23 April 2025 Statement.pdf
2025-04-03 11:04:13 - INFO - Arctaris rename_statements.py:1999 - main - [15/110] Processing file: dxweb (24).pdf
2025-04-03 11:04:13 - INFO - Arctaris rename_statements.py:270 - process_pdf - Processing dxweb file as BankUnited: dxweb (24).pdf
2025-04-03 11:04:13 - INFO - Arctaris rename_statements.py:2006 - main - Extracted information: <__main__.StatementInfo object at 0x00000213D85754C0>
2025-04-03 11:04:13 - INFO - Arctaris rename_statements.py:270 - process_pdf - Processing dxweb file as BankUnited: dxweb (24).pdf
2025-04-03 11:04:13 - INFO - Arctaris rename_statements.py:2019 - main - Would rename to: BankUnited\2025-04\Bank United Arctaris-24 April 2025 Statement.pdf
2025-04-03 11:04:13 - INFO - Arctaris rename_statements.py:1999 - main - [16/110] Processing file: dxweb (25).pdf
2025-04-03 11:04:13 - INFO - Arctaris rename_statements.py:270 - process_pdf - Processing dxweb file as BankUnited: dxweb (25).pdf
2025-04-03 11:04:13 - INFO - Arctaris rename_statements.py:2006 - main - Extracted information: <__main__.StatementInfo object at 0x00000213D85751F0>
2025-04-03 11:04:13 - INFO - Arctaris rename_statements.py:270 - process_pdf - Processing dxweb file as BankUnited: dxweb (25).pdf
2025-04-03 11:04:13 - INFO - Arctaris rename_statements.py:2019 - main - Would rename to: BankUnited\2025-04\Bank United Arctaris-25 April 2025 Statement.pdf
2025-04-03 11:04:13 - INFO - Arctaris rename_statements.py:1999 - main - [17/110] Processing file: dxweb (26).pdf
2025-04-03 11:04:13 - INFO - Arctaris rename_statements.py:270 - process_pdf - Processing dxweb file as BankUnited: dxweb (26).pdf
2025-04-03 11:04:13 - INFO - Arctaris rename_statements.py:2006 - main - Extracted information: <__main__.StatementInfo object at 0x00000213D85762A0>
2025-04-03 11:04:13 - INFO - Arctaris rename_statements.py:270 - process_pdf - Processing dxweb file as BankUnited: dxweb (26).pdf
2025-04-03 11:04:13 - INFO - Arctaris rename_statements.py:2019 - main - Would rename to: BankUnited\2025-04\Bank United Arctaris-26 April 2025 Statement.pdf
2025-04-03 11:04:13 - INFO - Arctaris rename_statements.py:1999 - main - [18/110] Processing file: dxweb (27).pdf
2025-04-03 11:04:13 - INFO - Arctaris rename_statements.py:270 - process_pdf - Processing dxweb file as BankUnited: dxweb (27).pdf
2025-04-03 11:04:13 - INFO - Arctaris rename_statements.py:2006 - main - Extracted information: <__main__.StatementInfo object at 0x00000213D85110D0>
2025-04-03 11:04:13 - INFO - Arctaris rename_statements.py:270 - process_pdf - Processing dxweb file as BankUnited: dxweb (27).pdf
2025-04-03 11:04:13 - INFO - Arctaris rename_statements.py:2019 - main - Would rename to: BankUnited\2025-04\Bank United Arctaris-27 April 2025 Statement.pdf
2025-04-03 11:04:13 - INFO - Arctaris rename_statements.py:1999 - main - [19/110] Processing file: dxweb (28).pdf
2025-04-03 11:04:13 - INFO - Arctaris rename_statements.py:270 - process_pdf - Processing dxweb file as BankUnited: dxweb (28).pdf
2025-04-03 11:04:13 - INFO - Arctaris rename_statements.py:2006 - main - Extracted information: <__main__.StatementInfo object at 0x00000213D8574C80>
2025-04-03 11:04:13 - INFO - Arctaris rename_statements.py:270 - process_pdf - Processing dxweb file as BankUnited: dxweb (28).pdf
2025-04-03 11:04:13 - INFO - Arctaris rename_statements.py:2019 - main - Would rename to: BankUnited\2025-04\Bank United Arctaris-28 April 2025 Statement.pdf
2025-04-03 11:04:13 - INFO - Arctaris rename_statements.py:1999 - main - [20/110] Processing file: dxweb (29).pdf
2025-04-03 11:04:13 - INFO - Arctaris rename_statements.py:270 - process_pdf - Processing dxweb file as BankUnited: dxweb (29).pdf
2025-04-03 11:04:13 - INFO - Arctaris rename_statements.py:2006 - main - Extracted information: <__main__.StatementInfo object at 0x00000213D8576720>
2025-04-03 11:04:13 - INFO - Arctaris rename_statements.py:270 - process_pdf - Processing dxweb file as BankUnited: dxweb (29).pdf
2025-04-03 11:04:13 - INFO - Arctaris rename_statements.py:2019 - main - Would rename to: BankUnited\2025-04\Bank United Arctaris-29 April 2025 Statement.pdf
2025-04-03 11:04:13 - INFO - Arctaris rename_statements.py:1994 - main - 
Processing batch 2 (21-40 of 110)
2025-04-03 11:04:13 - INFO - Arctaris rename_statements.py:1999 - main - [21/110] Processing file: dxweb (30).pdf
2025-04-03 11:04:13 - INFO - Arctaris rename_statements.py:270 - process_pdf - Processing dxweb file as BankUnited: dxweb (30).pdf
2025-04-03 11:04:13 - INFO - Arctaris rename_statements.py:2006 - main - Extracted information: <__main__.StatementInfo object at 0x00000213D8586DE0>
2025-04-03 11:04:13 - INFO - Arctaris rename_statements.py:270 - process_pdf - Processing dxweb file as BankUnited: dxweb (30).pdf
2025-04-03 11:04:13 - INFO - Arctaris rename_statements.py:2019 - main - Would rename to: BankUnited\2025-04\Bank United Arctaris-30 April 2025 Statement.pdf
2025-04-03 11:04:13 - INFO - Arctaris rename_statements.py:1999 - main - [22/110] Processing file: dxweb (31).pdf
2025-04-03 11:04:13 - INFO - Arctaris rename_statements.py:270 - process_pdf - Processing dxweb file as BankUnited: dxweb (31).pdf
2025-04-03 11:04:13 - INFO - Arctaris rename_statements.py:2006 - main - Extracted information: <__main__.StatementInfo object at 0x00000213D8586960>
2025-04-03 11:04:13 - INFO - Arctaris rename_statements.py:270 - process_pdf - Processing dxweb file as BankUnited: dxweb (31).pdf
2025-04-03 11:04:13 - INFO - Arctaris rename_statements.py:2019 - main - Would rename to: BankUnited\2025-04\Bank United Arctaris-31 April 2025 Statement.pdf
2025-04-03 11:04:13 - INFO - Arctaris rename_statements.py:1999 - main - [23/110] Processing file: dxweb (32).pdf
2025-04-03 11:04:13 - INFO - Arctaris rename_statements.py:270 - process_pdf - Processing dxweb file as BankUnited: dxweb (32).pdf
2025-04-03 11:04:13 - INFO - Arctaris rename_statements.py:2006 - main - Extracted information: <__main__.StatementInfo object at 0x00000213D8587650>
2025-04-03 11:04:13 - INFO - Arctaris rename_statements.py:270 - process_pdf - Processing dxweb file as BankUnited: dxweb (32).pdf
2025-04-03 11:04:13 - INFO - Arctaris rename_statements.py:2019 - main - Would rename to: BankUnited\2025-04\Bank United Arctaris-32 April 2025 Statement.pdf
2025-04-03 11:04:13 - INFO - Arctaris rename_statements.py:1999 - main - [24/110] Processing file: dxweb (33).pdf
2025-04-03 11:04:13 - INFO - Arctaris rename_statements.py:270 - process_pdf - Processing dxweb file as BankUnited: dxweb (33).pdf
2025-04-03 11:04:13 - INFO - Arctaris rename_statements.py:2006 - main - Extracted information: <__main__.StatementInfo object at 0x00000213D85856D0>
2025-04-03 11:04:13 - INFO - Arctaris rename_statements.py:270 - process_pdf - Processing dxweb file as BankUnited: dxweb (33).pdf
2025-04-03 11:04:13 - INFO - Arctaris rename_statements.py:2019 - main - Would rename to: BankUnited\2025-04\Bank United Arctaris-33 April 2025 Statement.pdf
2025-04-03 11:04:13 - INFO - Arctaris rename_statements.py:1999 - main - [25/110] Processing file: dxweb (34).pdf
2025-04-03 11:04:13 - INFO - Arctaris rename_statements.py:270 - process_pdf - Processing dxweb file as BankUnited: dxweb (34).pdf
2025-04-03 11:04:13 - INFO - Arctaris rename_statements.py:2006 - main - Extracted information: <__main__.StatementInfo object at 0x00000213D8585970>
2025-04-03 11:04:13 - INFO - Arctaris rename_statements.py:270 - process_pdf - Processing dxweb file as BankUnited: dxweb (34).pdf
2025-04-03 11:04:13 - INFO - Arctaris rename_statements.py:2019 - main - Would rename to: BankUnited\2025-04\Bank United Arctaris-34 April 2025 Statement.pdf
2025-04-03 11:04:13 - INFO - Arctaris rename_statements.py:1999 - main - [26/110] Processing file: dxweb (35).pdf
2025-04-03 11:04:13 - INFO - Arctaris rename_statements.py:270 - process_pdf - Processing dxweb file as BankUnited: dxweb (35).pdf
2025-04-03 11:04:13 - INFO - Arctaris rename_statements.py:2006 - main - Extracted information: <__main__.StatementInfo object at 0x00000213D8586060>
2025-04-03 11:04:13 - INFO - Arctaris rename_statements.py:270 - process_pdf - Processing dxweb file as BankUnited: dxweb (35).pdf
2025-04-03 11:04:13 - INFO - Arctaris rename_statements.py:2019 - main - Would rename to: BankUnited\2025-04\Bank United Arctaris-35 April 2025 Statement.pdf
2025-04-03 11:04:13 - INFO - Arctaris rename_statements.py:1999 - main - [27/110] Processing file: dxweb (8).pdf
2025-04-03 11:04:13 - INFO - Arctaris rename_statements.py:270 - process_pdf - Processing dxweb file as BankUnited: dxweb (8).pdf
2025-04-03 11:04:13 - INFO - Arctaris rename_statements.py:2006 - main - Extracted information: <__main__.StatementInfo object at 0x00000213D8586F90>
2025-04-03 11:04:13 - INFO - Arctaris rename_statements.py:270 - process_pdf - Processing dxweb file as BankUnited: dxweb (8).pdf
2025-04-03 11:04:13 - INFO - Arctaris rename_statements.py:2019 - main - Would rename to: BankUnited\2025-04\Bank United Arctaris-8 April 2025 Statement.pdf
2025-04-03 11:04:13 - INFO - Arctaris rename_statements.py:1999 - main - [28/110] Processing file: dxweb (9).pdf
2025-04-03 11:04:13 - INFO - Arctaris rename_statements.py:270 - process_pdf - Processing dxweb file as BankUnited: dxweb (9).pdf
2025-04-03 11:04:13 - INFO - Arctaris rename_statements.py:2006 - main - Extracted information: <__main__.StatementInfo object at 0x00000213D8587200>
2025-04-03 11:04:13 - INFO - Arctaris rename_statements.py:270 - process_pdf - Processing dxweb file as BankUnited: dxweb (9).pdf
2025-04-03 11:04:13 - INFO - Arctaris rename_statements.py:2019 - main - Would rename to: BankUnited\2025-04\Bank United Arctaris-9 April 2025 Statement.pdf
2025-04-03 11:04:13 - INFO - Arctaris rename_statements.py:1999 - main - [29/110] Processing file: NewStatement (1).pdf
2025-04-03 11:04:13 - WARNING - Arctaris rename_statements.py:309 - process_pdf - Limited text extracted from newstatement (1).pdf, attempting filename-based detection
2025-04-03 11:04:13 - INFO - Arctaris rename_statements.py:320 - process_pdf - Using filename-based detection: Classified as Berkshire
2025-04-03 11:04:13 - INFO - Arctaris rename_statements.py:2006 - main - Extracted information: <__main__.StatementInfo object at 0x00000213D83E9760>
2025-04-03 11:04:13 - WARNING - Arctaris rename_statements.py:309 - process_pdf - Limited text extracted from newstatement (1).pdf, attempting filename-based detection
2025-04-03 11:04:13 - INFO - Arctaris rename_statements.py:320 - process_pdf - Using filename-based detection: Classified as Berkshire
2025-04-03 11:04:13 - INFO - Arctaris rename_statements.py:2019 - main - Would rename to: Berkshire\2025-04\0000 - ARCTARIS FUND-20250403.pdf
2025-04-03 11:04:13 - INFO - Arctaris rename_statements.py:1999 - main - [30/110] Processing file: NewStatement (2).pdf
2025-04-03 11:04:13 - WARNING - Arctaris rename_statements.py:309 - process_pdf - Limited text extracted from newstatement (2).pdf, attempting filename-based detection
2025-04-03 11:04:13 - INFO - Arctaris rename_statements.py:320 - process_pdf - Using filename-based detection: Classified as Berkshire
2025-04-03 11:04:13 - INFO - Arctaris rename_statements.py:2006 - main - Extracted information: <__main__.StatementInfo object at 0x00000213D8879310>
2025-04-03 11:04:13 - WARNING - Arctaris rename_statements.py:309 - process_pdf - Limited text extracted from newstatement (2).pdf, attempting filename-based detection
2025-04-03 11:04:13 - INFO - Arctaris rename_statements.py:320 - process_pdf - Using filename-based detection: Classified as Berkshire
2025-04-03 11:04:13 - INFO - Arctaris rename_statements.py:2019 - main - Would rename to: Berkshire\2025-04\0000 - ARCTARIS FUND-20250403.pdf
2025-04-03 11:04:13 - INFO - Arctaris rename_statements.py:1999 - main - [31/110] Processing file: NewStatement (3).pdf
2025-04-03 11:04:13 - WARNING - Arctaris rename_statements.py:309 - process_pdf - Limited text extracted from newstatement (3).pdf, attempting filename-based detection
2025-04-03 11:04:13 - INFO - Arctaris rename_statements.py:320 - process_pdf - Using filename-based detection: Classified as Berkshire
2025-04-03 11:04:13 - INFO - Arctaris rename_statements.py:2006 - main - Extracted information: <__main__.StatementInfo object at 0x00000213D889C650>
2025-04-03 11:04:13 - WARNING - Arctaris rename_statements.py:309 - process_pdf - Limited text extracted from newstatement (3).pdf, attempting filename-based detection
2025-04-03 11:04:13 - INFO - Arctaris rename_statements.py:320 - process_pdf - Using filename-based detection: Classified as Berkshire
2025-04-03 11:04:13 - INFO - Arctaris rename_statements.py:2019 - main - Would rename to: Berkshire\2025-04\0000 - ARCTARIS FUND-20250403.pdf
2025-04-03 11:04:13 - INFO - Arctaris rename_statements.py:1999 - main - [32/110] Processing file: NewStatement.pdf
2025-04-03 11:04:13 - WARNING - Arctaris rename_statements.py:309 - process_pdf - Limited text extracted from newstatement.pdf, attempting filename-based detection
2025-04-03 11:04:13 - INFO - Arctaris rename_statements.py:320 - process_pdf - Using filename-based detection: Classified as Berkshire
2025-04-03 11:04:13 - INFO - Arctaris rename_statements.py:2006 - main - Extracted information: <__main__.StatementInfo object at 0x00000213D88F1D60>
2025-04-03 11:04:13 - WARNING - Arctaris rename_statements.py:309 - process_pdf - Limited text extracted from newstatement.pdf, attempting filename-based detection
2025-04-03 11:04:13 - INFO - Arctaris rename_statements.py:320 - process_pdf - Using filename-based detection: Classified as Berkshire
2025-04-03 11:04:13 - INFO - Arctaris rename_statements.py:2019 - main - Would rename to: Berkshire\2025-04\0000 - ARCTARIS FUND-20250403.pdf
2025-04-03 11:04:13 - INFO - Arctaris rename_statements.py:1999 - main - [33/110] Processing file: Online Statements_2025-02-28 (1).pdf
2025-04-03 11:04:13 - INFO - Arctaris rename_statements.py:170 - process_pdf - Processing Online Statements file as Cambridge: Online Statements_2025-02-28 (1).pdf
2025-04-03 11:04:13 - INFO - Arctaris rename_statements.py:2006 - main - Extracted information: <__main__.StatementInfo object at 0x00000213D8511CA0>
2025-04-03 11:04:13 - INFO - Arctaris rename_statements.py:170 - process_pdf - Processing Online Statements file as Cambridge: Online Statements_2025-02-28 (1).pdf
2025-04-03 11:04:13 - INFO - Arctaris rename_statements.py:2019 - main - Would rename to: Cambridge\2025-02\ARCTARIS IMPACT INVESTORS, LLC 3346 Cambridge Savings February 2025.pdf
2025-04-03 11:04:13 - INFO - Arctaris rename_statements.py:1999 - main - [34/110] Processing file: Online Statements_2025-02-28 (10).pdf
2025-04-03 11:04:13 - INFO - Arctaris rename_statements.py:170 - process_pdf - Processing Online Statements file as Cambridge: Online Statements_2025-02-28 (10).pdf
2025-04-03 11:04:13 - INFO - Arctaris rename_statements.py:2006 - main - Extracted information: <__main__.StatementInfo object at 0x00000213D88F1C10>
2025-04-03 11:04:13 - INFO - Arctaris rename_statements.py:170 - process_pdf - Processing Online Statements file as Cambridge: Online Statements_2025-02-28 (10).pdf
2025-04-03 11:04:13 - INFO - Arctaris rename_statements.py:2019 - main - Would rename to: Cambridge\2025-02\WEST COAST COMMERCIAL DEVELOPMENT LLC 3495 Cambridge Savings February 2025.pdf
2025-04-03 11:04:13 - INFO - Arctaris rename_statements.py:1999 - main - [35/110] Processing file: Online Statements_2025-02-28 (11).pdf
2025-04-03 11:04:13 - INFO - Arctaris rename_statements.py:170 - process_pdf - Processing Online Statements file as Cambridge: Online Statements_2025-02-28 (11).pdf
2025-04-03 11:04:13 - INFO - Arctaris rename_statements.py:2006 - main - Extracted information: <__main__.StatementInfo object at 0x00000213D855F7A0>
2025-04-03 11:04:13 - INFO - Arctaris rename_statements.py:170 - process_pdf - Processing Online Statements file as Cambridge: Online Statements_2025-02-28 (11).pdf
2025-04-03 11:04:13 - INFO - Arctaris rename_statements.py:2019 - main - Would rename to: Cambridge\2025-02\EAST COAST INDUSTRIAL, LLC 3502 Cambridge Savings February 2025.pdf
2025-04-03 11:04:13 - INFO - Arctaris rename_statements.py:1999 - main - [36/110] Processing file: Online Statements_2025-02-28 (12).pdf
2025-04-03 11:04:13 - INFO - Arctaris rename_statements.py:170 - process_pdf - Processing Online Statements file as Cambridge: Online Statements_2025-02-28 (12).pdf
2025-04-03 11:04:13 - INFO - Arctaris rename_statements.py:2006 - main - Extracted information: <__main__.StatementInfo object at 0x00000213D855E780>
2025-04-03 11:04:13 - INFO - Arctaris rename_statements.py:170 - process_pdf - Processing Online Statements file as Cambridge: Online Statements_2025-02-28 (12).pdf
2025-04-03 11:04:13 - INFO - Arctaris rename_statements.py:2019 - main - Would rename to: Cambridge\2025-02\EAST COAST INDUSTRIAL, LLC 3510 Cambridge Savings February 2025.pdf
2025-04-03 11:04:13 - INFO - Arctaris rename_statements.py:1999 - main - [37/110] Processing file: Online Statements_2025-02-28 (13).pdf
2025-04-03 11:04:13 - INFO - Arctaris rename_statements.py:170 - process_pdf - Processing Online Statements file as Cambridge: Online Statements_2025-02-28 (13).pdf
2025-04-03 11:04:13 - INFO - Arctaris rename_statements.py:2006 - main - Extracted information: <__main__.StatementInfo object at 0x00000213D887A870>
2025-04-03 11:04:13 - INFO - Arctaris rename_statements.py:170 - process_pdf - Processing Online Statements file as Cambridge: Online Statements_2025-02-28 (13).pdf
2025-04-03 11:04:13 - INFO - Arctaris rename_statements.py:2019 - main - Would rename to: Cambridge\2025-02\ARCTARIS OPPORTUNITY ZONE FUND 2024,LLC 3528 Cambridge Savings February 2025.pdf
2025-04-03 11:04:13 - INFO - Arctaris rename_statements.py:1999 - main - [38/110] Processing file: Online Statements_2025-02-28 (2).pdf
2025-04-03 11:04:13 - INFO - Arctaris rename_statements.py:170 - process_pdf - Processing Online Statements file as Cambridge: Online Statements_2025-02-28 (2).pdf
2025-04-03 11:04:13 - INFO - Arctaris rename_statements.py:2006 - main - Extracted information: <__main__.StatementInfo object at 0x00000213D887AAB0>
2025-04-03 11:04:13 - INFO - Arctaris rename_statements.py:170 - process_pdf - Processing Online Statements file as Cambridge: Online Statements_2025-02-28 (2).pdf
2025-04-03 11:04:13 - INFO - Arctaris rename_statements.py:2019 - main - Would rename to: Cambridge\2025-02\ARCTARIS IMPACT FUND, LP 3354 Cambridge Savings February 2025.pdf
2025-04-03 11:04:13 - INFO - Arctaris rename_statements.py:1999 - main - [39/110] Processing file: Online Statements_2025-02-28 (3).pdf
2025-04-03 11:04:13 - INFO - Arctaris rename_statements.py:170 - process_pdf - Processing Online Statements file as Cambridge: Online Statements_2025-02-28 (3).pdf
2025-04-03 11:04:13 - INFO - Arctaris rename_statements.py:2006 - main - Extracted information: <__main__.StatementInfo object at 0x00000213D887AA20>
2025-04-03 11:04:13 - INFO - Arctaris rename_statements.py:170 - process_pdf - Processing Online Statements file as Cambridge: Online Statements_2025-02-28 (3).pdf
2025-04-03 11:04:13 - INFO - Arctaris rename_statements.py:2019 - main - Would rename to: Cambridge\2025-02\ARCTARIS IMPACT FUND, LP 3362 Cambridge Savings February 2025.pdf
2025-04-03 11:04:13 - INFO - Arctaris rename_statements.py:1999 - main - [40/110] Processing file: Online Statements_2025-02-28 (4).pdf
2025-04-03 11:04:13 - INFO - Arctaris rename_statements.py:170 - process_pdf - Processing Online Statements file as Cambridge: Online Statements_2025-02-28 (4).pdf
2025-04-03 11:04:13 - INFO - Arctaris rename_statements.py:2006 - main - Extracted information: <__main__.StatementInfo object at 0x00000213D887BEF0>
2025-04-03 11:04:13 - INFO - Arctaris rename_statements.py:170 - process_pdf - Processing Online Statements file as Cambridge: Online Statements_2025-02-28 (4).pdf
2025-04-03 11:04:13 - INFO - Arctaris rename_statements.py:2019 - main - Would rename to: Cambridge\2025-02\ARCTARIS OPPORTUNITY ZONE 2022, LLC 3396 Cambridge Savings February 2025.pdf
2025-04-03 11:04:13 - INFO - Arctaris rename_statements.py:1994 - main - 
Processing batch 3 (41-60 of 110)
2025-04-03 11:04:13 - INFO - Arctaris rename_statements.py:1999 - main - [41/110] Processing file: Online Statements_2025-02-28 (5).pdf
2025-04-03 11:04:13 - INFO - Arctaris rename_statements.py:170 - process_pdf - Processing Online Statements file as Cambridge: Online Statements_2025-02-28 (5).pdf
2025-04-03 11:04:13 - INFO - Arctaris rename_statements.py:2006 - main - Extracted information: <__main__.StatementInfo object at 0x00000213D887A5D0>
2025-04-03 11:04:13 - INFO - Arctaris rename_statements.py:170 - process_pdf - Processing Online Statements file as Cambridge: Online Statements_2025-02-28 (5).pdf
2025-04-03 11:04:13 - INFO - Arctaris rename_statements.py:2019 - main - Would rename to: Cambridge\2025-02\ARCTARIS OPPORTUNITY ZONE 2022, LLC 3403 Cambridge Savings February 2025.pdf
2025-04-03 11:04:13 - INFO - Arctaris rename_statements.py:1999 - main - [42/110] Processing file: Online Statements_2025-02-28 (6).pdf
2025-04-03 11:04:13 - INFO - Arctaris rename_statements.py:170 - process_pdf - Processing Online Statements file as Cambridge: Online Statements_2025-02-28 (6).pdf
2025-04-03 11:04:13 - INFO - Arctaris rename_statements.py:2006 - main - Extracted information: <__main__.StatementInfo object at 0x00000213D887BDD0>
2025-04-03 11:04:13 - INFO - Arctaris rename_statements.py:170 - process_pdf - Processing Online Statements file as Cambridge: Online Statements_2025-02-28 (6).pdf
2025-04-03 11:04:13 - INFO - Arctaris rename_statements.py:2019 - main - Would rename to: Cambridge\2025-02\OHIO INCLUSIVE HOUSING, LLC 3445 Cambridge Savings February 2025.pdf
2025-04-03 11:04:13 - INFO - Arctaris rename_statements.py:1999 - main - [43/110] Processing file: Online Statements_2025-02-28 (7).pdf
2025-04-03 11:04:13 - INFO - Arctaris rename_statements.py:170 - process_pdf - Processing Online Statements file as Cambridge: Online Statements_2025-02-28 (7).pdf
2025-04-03 11:04:13 - INFO - Arctaris rename_statements.py:2006 - main - Extracted information: <__main__.StatementInfo object at 0x00000213D8879280>
2025-04-03 11:04:13 - INFO - Arctaris rename_statements.py:170 - process_pdf - Processing Online Statements file as Cambridge: Online Statements_2025-02-28 (7).pdf
2025-04-03 11:04:13 - INFO - Arctaris rename_statements.py:2019 - main - Would rename to: Cambridge\2025-02\OHIO INCLUSIVE HOUSING, LLC 3453 Cambridge Savings February 2025.pdf
2025-04-03 11:04:13 - INFO - Arctaris rename_statements.py:1999 - main - [44/110] Processing file: Online Statements_2025-02-28 (8).pdf
2025-04-03 11:04:13 - INFO - Arctaris rename_statements.py:170 - process_pdf - Processing Online Statements file as Cambridge: Online Statements_2025-02-28 (8).pdf
2025-04-03 11:04:13 - INFO - Arctaris rename_statements.py:2006 - main - Extracted information: <__main__.StatementInfo object at 0x00000213D85C8590>
2025-04-03 11:04:13 - INFO - Arctaris rename_statements.py:170 - process_pdf - Processing Online Statements file as Cambridge: Online Statements_2025-02-28 (8).pdf
2025-04-03 11:04:13 - INFO - Arctaris rename_statements.py:2019 - main - Would rename to: Cambridge\2025-02\MIDWEST COMMERCIAL DEVELOPMENT, LLC 3479 Cambridge Savings February 2025.pdf
2025-04-03 11:04:13 - INFO - Arctaris rename_statements.py:1999 - main - [45/110] Processing file: Online Statements_2025-02-28 (9).pdf
2025-04-03 11:04:13 - INFO - Arctaris rename_statements.py:170 - process_pdf - Processing Online Statements file as Cambridge: Online Statements_2025-02-28 (9).pdf
2025-04-03 11:04:13 - INFO - Arctaris rename_statements.py:2006 - main - Extracted information: <__main__.StatementInfo object at 0x00000213D887BFE0>
2025-04-03 11:04:13 - INFO - Arctaris rename_statements.py:170 - process_pdf - Processing Online Statements file as Cambridge: Online Statements_2025-02-28 (9).pdf
2025-04-03 11:04:13 - INFO - Arctaris rename_statements.py:2019 - main - Would rename to: Cambridge\2025-02\WEST COAST COMMERCIAL DEVELOPMENT LLC 3487 Cambridge Savings February 2025.pdf
2025-04-03 11:04:13 - INFO - Arctaris rename_statements.py:1999 - main - [46/110] Processing file: Online Statements_2025-02-28.pdf
2025-04-03 11:04:13 - INFO - Arctaris rename_statements.py:170 - process_pdf - Processing Online Statements file as Cambridge: Online Statements_2025-02-28.pdf
2025-04-03 11:04:13 - INFO - Arctaris rename_statements.py:2006 - main - Extracted information: <__main__.StatementInfo object at 0x00000213D887A900>
2025-04-03 11:04:13 - INFO - Arctaris rename_statements.py:170 - process_pdf - Processing Online Statements file as Cambridge: Online Statements_2025-02-28.pdf
2025-04-03 11:04:13 - INFO - Arctaris rename_statements.py:2019 - main - Would rename to: Cambridge\2025-02\ARCTARIS IMPACT INVESTORS, LLC 3346 Cambridge Savings February 2025.pdf
2025-04-03 11:04:13 - INFO - Arctaris rename_statements.py:1999 - main - [47/110] Processing file: Online Statements_2025-03-31 (1).pdf
2025-04-03 11:04:13 - INFO - Arctaris rename_statements.py:170 - process_pdf - Processing Online Statements file as Cambridge: Online Statements_2025-03-31 (1).pdf
2025-04-03 11:04:13 - INFO - Arctaris rename_statements.py:2006 - main - Extracted information: <__main__.StatementInfo object at 0x00000213D887B320>
2025-04-03 11:04:13 - INFO - Arctaris rename_statements.py:170 - process_pdf - Processing Online Statements file as Cambridge: Online Statements_2025-03-31 (1).pdf
2025-04-03 11:04:13 - INFO - Arctaris rename_statements.py:2019 - main - Would rename to: Cambridge\2025-03\ARCTARIS IMPACT INVESTORS, LLC 3346 Cambridge Savings March 2025.pdf
2025-04-03 11:04:13 - INFO - Arctaris rename_statements.py:1999 - main - [48/110] Processing file: Online Statements_2025-03-31 (10).pdf
2025-04-03 11:04:13 - INFO - Arctaris rename_statements.py:170 - process_pdf - Processing Online Statements file as Cambridge: Online Statements_2025-03-31 (10).pdf
2025-04-03 11:04:13 - INFO - Arctaris rename_statements.py:2006 - main - Extracted information: <__main__.StatementInfo object at 0x00000213D887BE00>
2025-04-03 11:04:13 - INFO - Arctaris rename_statements.py:170 - process_pdf - Processing Online Statements file as Cambridge: Online Statements_2025-03-31 (10).pdf
2025-04-03 11:04:13 - INFO - Arctaris rename_statements.py:2019 - main - Would rename to: Cambridge\2025-03\WEST COAST COMMERCIAL DEVELOPMENT LLC 3495 Cambridge Savings March 2025.pdf
2025-04-03 11:04:13 - INFO - Arctaris rename_statements.py:1999 - main - [49/110] Processing file: Online Statements_2025-03-31 (11).pdf
2025-04-03 11:04:13 - INFO - Arctaris rename_statements.py:170 - process_pdf - Processing Online Statements file as Cambridge: Online Statements_2025-03-31 (11).pdf
2025-04-03 11:04:13 - INFO - Arctaris rename_statements.py:2006 - main - Extracted information: <__main__.StatementInfo object at 0x00000213D887B410>
2025-04-03 11:04:13 - INFO - Arctaris rename_statements.py:170 - process_pdf - Processing Online Statements file as Cambridge: Online Statements_2025-03-31 (11).pdf
2025-04-03 11:04:13 - INFO - Arctaris rename_statements.py:2019 - main - Would rename to: Cambridge\2025-03\EAST COAST INDUSTRIAL, LLC 3502 Cambridge Savings March 2025.pdf
2025-04-03 11:04:13 - INFO - Arctaris rename_statements.py:1999 - main - [50/110] Processing file: Online Statements_2025-03-31 (12).pdf
2025-04-03 11:04:13 - INFO - Arctaris rename_statements.py:170 - process_pdf - Processing Online Statements file as Cambridge: Online Statements_2025-03-31 (12).pdf
2025-04-03 11:04:13 - INFO - Arctaris rename_statements.py:2006 - main - Extracted information: <__main__.StatementInfo object at 0x00000213D887BBC0>
2025-04-03 11:04:13 - INFO - Arctaris rename_statements.py:170 - process_pdf - Processing Online Statements file as Cambridge: Online Statements_2025-03-31 (12).pdf
2025-04-03 11:04:13 - INFO - Arctaris rename_statements.py:2019 - main - Would rename to: Cambridge\2025-03\EAST COAST INDUSTRIAL, LLC 3510 Cambridge Savings March 2025.pdf
2025-04-03 11:04:13 - INFO - Arctaris rename_statements.py:1999 - main - [51/110] Processing file: Online Statements_2025-03-31 (13).pdf
2025-04-03 11:04:13 - INFO - Arctaris rename_statements.py:170 - process_pdf - Processing Online Statements file as Cambridge: Online Statements_2025-03-31 (13).pdf
2025-04-03 11:04:13 - INFO - Arctaris rename_statements.py:2006 - main - Extracted information: <__main__.StatementInfo object at 0x00000213D887B2C0>
2025-04-03 11:04:13 - INFO - Arctaris rename_statements.py:170 - process_pdf - Processing Online Statements file as Cambridge: Online Statements_2025-03-31 (13).pdf
2025-04-03 11:04:13 - INFO - Arctaris rename_statements.py:2019 - main - Would rename to: Cambridge\2025-03\ARCTARIS OPPORTUNITY ZONE FUND 2024,LLC 3528 Cambridge Savings March 2025.pdf
2025-04-03 11:04:13 - INFO - Arctaris rename_statements.py:1999 - main - [52/110] Processing file: Online Statements_2025-03-31 (2).pdf
2025-04-03 11:04:13 - INFO - Arctaris rename_statements.py:170 - process_pdf - Processing Online Statements file as Cambridge: Online Statements_2025-03-31 (2).pdf
2025-04-03 11:04:13 - INFO - Arctaris rename_statements.py:2006 - main - Extracted information: <__main__.StatementInfo object at 0x00000213D887B2F0>
2025-04-03 11:04:13 - INFO - Arctaris rename_statements.py:170 - process_pdf - Processing Online Statements file as Cambridge: Online Statements_2025-03-31 (2).pdf
2025-04-03 11:04:13 - INFO - Arctaris rename_statements.py:2019 - main - Would rename to: Cambridge\2025-03\ARCTARIS IMPACT FUND, LP 3354 Cambridge Savings March 2025.pdf
2025-04-03 11:04:13 - INFO - Arctaris rename_statements.py:1999 - main - [53/110] Processing file: Online Statements_2025-03-31 (3).pdf
2025-04-03 11:04:13 - INFO - Arctaris rename_statements.py:170 - process_pdf - Processing Online Statements file as Cambridge: Online Statements_2025-03-31 (3).pdf
2025-04-03 11:04:13 - INFO - Arctaris rename_statements.py:2006 - main - Extracted information: <__main__.StatementInfo object at 0x00000213D887B260>
2025-04-03 11:04:13 - INFO - Arctaris rename_statements.py:170 - process_pdf - Processing Online Statements file as Cambridge: Online Statements_2025-03-31 (3).pdf
2025-04-03 11:04:13 - INFO - Arctaris rename_statements.py:2019 - main - Would rename to: Cambridge\2025-03\ARCTARIS IMPACT FUND, LP 3362 Cambridge Savings March 2025.pdf
2025-04-03 11:04:13 - INFO - Arctaris rename_statements.py:1999 - main - [54/110] Processing file: Online Statements_2025-03-31 (4).pdf
2025-04-03 11:04:13 - INFO - Arctaris rename_statements.py:170 - process_pdf - Processing Online Statements file as Cambridge: Online Statements_2025-03-31 (4).pdf
2025-04-03 11:04:13 - INFO - Arctaris rename_statements.py:2006 - main - Extracted information: <__main__.StatementInfo object at 0x00000213D887B230>
2025-04-03 11:04:13 - INFO - Arctaris rename_statements.py:170 - process_pdf - Processing Online Statements file as Cambridge: Online Statements_2025-03-31 (4).pdf
2025-04-03 11:04:13 - INFO - Arctaris rename_statements.py:2019 - main - Would rename to: Cambridge\2025-03\ARCTARIS OPPORTUNITY ZONE 2022, LLC 3396 Cambridge Savings March 2025.pdf
2025-04-03 11:04:13 - INFO - Arctaris rename_statements.py:1999 - main - [55/110] Processing file: Online Statements_2025-03-31 (5).pdf
2025-04-03 11:04:13 - INFO - Arctaris rename_statements.py:170 - process_pdf - Processing Online Statements file as Cambridge: Online Statements_2025-03-31 (5).pdf
2025-04-03 11:04:13 - INFO - Arctaris rename_statements.py:2006 - main - Extracted information: <__main__.StatementInfo object at 0x00000213D887B1D0>
2025-04-03 11:04:13 - INFO - Arctaris rename_statements.py:170 - process_pdf - Processing Online Statements file as Cambridge: Online Statements_2025-03-31 (5).pdf
2025-04-03 11:04:13 - INFO - Arctaris rename_statements.py:2019 - main - Would rename to: Cambridge\2025-03\ARCTARIS OPPORTUNITY ZONE 2022, LLC 3403 Cambridge Savings March 2025.pdf
2025-04-03 11:04:13 - INFO - Arctaris rename_statements.py:1999 - main - [56/110] Processing file: Online Statements_2025-03-31 (6).pdf
2025-04-03 11:04:13 - INFO - Arctaris rename_statements.py:170 - process_pdf - Processing Online Statements file as Cambridge: Online Statements_2025-03-31 (6).pdf
2025-04-03 11:04:13 - INFO - Arctaris rename_statements.py:2006 - main - Extracted information: <__main__.StatementInfo object at 0x00000213D887B170>
2025-04-03 11:04:13 - INFO - Arctaris rename_statements.py:170 - process_pdf - Processing Online Statements file as Cambridge: Online Statements_2025-03-31 (6).pdf
2025-04-03 11:04:13 - INFO - Arctaris rename_statements.py:2019 - main - Would rename to: Cambridge\2025-03\OHIO INCLUSIVE HOUSING, LLC 3445 Cambridge Savings March 2025.pdf
2025-04-03 11:04:13 - INFO - Arctaris rename_statements.py:1999 - main - [57/110] Processing file: Online Statements_2025-03-31 (7).pdf
2025-04-03 11:04:13 - INFO - Arctaris rename_statements.py:170 - process_pdf - Processing Online Statements file as Cambridge: Online Statements_2025-03-31 (7).pdf
2025-04-03 11:04:13 - INFO - Arctaris rename_statements.py:2006 - main - Extracted information: <__main__.StatementInfo object at 0x00000213D887B110>
2025-04-03 11:04:13 - INFO - Arctaris rename_statements.py:170 - process_pdf - Processing Online Statements file as Cambridge: Online Statements_2025-03-31 (7).pdf
2025-04-03 11:04:13 - INFO - Arctaris rename_statements.py:2019 - main - Would rename to: Cambridge\2025-03\OHIO INCLUSIVE HOUSING, LLC 3453 Cambridge Savings March 2025.pdf
2025-04-03 11:04:13 - INFO - Arctaris rename_statements.py:1999 - main - [58/110] Processing file: Online Statements_2025-03-31 (8).pdf
2025-04-03 11:04:13 - INFO - Arctaris rename_statements.py:170 - process_pdf - Processing Online Statements file as Cambridge: Online Statements_2025-03-31 (8).pdf
2025-04-03 11:04:13 - INFO - Arctaris rename_statements.py:2006 - main - Extracted information: <__main__.StatementInfo object at 0x00000213D887B0B0>
2025-04-03 11:04:13 - INFO - Arctaris rename_statements.py:170 - process_pdf - Processing Online Statements file as Cambridge: Online Statements_2025-03-31 (8).pdf
2025-04-03 11:04:13 - INFO - Arctaris rename_statements.py:2019 - main - Would rename to: Cambridge\2025-03\MIDWEST COMMERCIAL DEVELOPMENT, LLC 3479 Cambridge Savings March 2025.pdf
2025-04-03 11:04:13 - INFO - Arctaris rename_statements.py:1999 - main - [59/110] Processing file: Online Statements_2025-03-31 (9).pdf
2025-04-03 11:04:13 - INFO - Arctaris rename_statements.py:170 - process_pdf - Processing Online Statements file as Cambridge: Online Statements_2025-03-31 (9).pdf
2025-04-03 11:04:13 - INFO - Arctaris rename_statements.py:2006 - main - Extracted information: <__main__.StatementInfo object at 0x00000213D887B050>
2025-04-03 11:04:13 - INFO - Arctaris rename_statements.py:170 - process_pdf - Processing Online Statements file as Cambridge: Online Statements_2025-03-31 (9).pdf
2025-04-03 11:04:13 - INFO - Arctaris rename_statements.py:2019 - main - Would rename to: Cambridge\2025-03\WEST COAST COMMERCIAL DEVELOPMENT LLC 3487 Cambridge Savings March 2025.pdf
2025-04-03 11:04:13 - INFO - Arctaris rename_statements.py:1999 - main - [60/110] Processing file: Online Statements_2025-03-31.pdf
2025-04-03 11:04:13 - INFO - Arctaris rename_statements.py:170 - process_pdf - Processing Online Statements file as Cambridge: Online Statements_2025-03-31.pdf
2025-04-03 11:04:13 - INFO - Arctaris rename_statements.py:2006 - main - Extracted information: <__main__.StatementInfo object at 0x00000213D887AFF0>
2025-04-03 11:04:13 - INFO - Arctaris rename_statements.py:170 - process_pdf - Processing Online Statements file as Cambridge: Online Statements_2025-03-31.pdf
2025-04-03 11:04:13 - INFO - Arctaris rename_statements.py:2019 - main - Would rename to: Cambridge\2025-03\ARCTARIS IMPACT INVESTORS, LLC 3346 Cambridge Savings March 2025.pdf
2025-04-03 11:04:13 - INFO - Arctaris rename_statements.py:1994 - main - 
Processing batch 4 (61-80 of 110)
2025-04-03 11:04:13 - INFO - Arctaris rename_statements.py:1999 - main - [61/110] Processing file: statement_1092246474_2025-03-31.pdf
2025-04-03 11:04:13 - INFO - Arctaris rename_statements.py:371 - process_pdf - Successfully identified bank type: PNC
2025-04-03 11:04:13 - INFO - Arctaris rename_statements.py:2006 - main - Extracted information: <__main__.StatementInfo object at 0x00000213D887AC00>
2025-04-03 11:04:13 - INFO - Arctaris rename_statements.py:371 - process_pdf - Successfully identified bank type: PNC
2025-04-03 11:04:13 - INFO - Arctaris rename_statements.py:2019 - main - Would rename to: PNC\2025-03\ARCTARIS IMPACT SUB-CDE 2 LLC statement_1092246474_2025-03-31.pdf
2025-04-03 11:04:13 - INFO - Arctaris rename_statements.py:1999 - main - [62/110] Processing file: statement_4116465916_2025-03-31.pdf
2025-04-03 11:04:13 - INFO - Arctaris rename_statements.py:371 - process_pdf - Successfully identified bank type: PNC
2025-04-03 11:04:13 - INFO - Arctaris rename_statements.py:2006 - main - Extracted information: <__main__.StatementInfo object at 0x00000213D887ACF0>
2025-04-03 11:04:13 - INFO - Arctaris rename_statements.py:371 - process_pdf - Successfully identified bank type: PNC
2025-04-03 11:04:13 - INFO - Arctaris rename_statements.py:2019 - main - Would rename to: PNC\2025-03\MICHIGAN INCOME PRINCIPAL PR statement_4116465916_2025-03-31.pdf
2025-04-03 11:04:13 - INFO - Arctaris rename_statements.py:1999 - main - [63/110] Processing file: statement_4116465932_2025-03-31.pdf
2025-04-03 11:04:13 - INFO - Arctaris rename_statements.py:371 - process_pdf - Successfully identified bank type: PNC
2025-04-03 11:04:13 - INFO - Arctaris rename_statements.py:2006 - main - Extracted information: <__main__.StatementInfo object at 0x00000213D78CB6B0>
2025-04-03 11:04:13 - INFO - Arctaris rename_statements.py:371 - process_pdf - Successfully identified bank type: PNC
2025-04-03 11:04:13 - INFO - Arctaris rename_statements.py:2019 - main - Would rename to: PNC\2025-03\ARCTARIS MICHIGAN MANAGE statement_4116465932_2025-03-31.pdf
2025-04-03 11:04:13 - INFO - Arctaris rename_statements.py:1999 - main - [64/110] Processing file: statement_4116465959_2025-03-31.pdf
2025-04-03 11:04:13 - INFO - Arctaris rename_statements.py:371 - process_pdf - Successfully identified bank type: PNC
2025-04-03 11:04:13 - INFO - Arctaris rename_statements.py:2006 - main - Extracted information: <__main__.StatementInfo object at 0x00000213D8531610>
2025-04-03 11:04:13 - INFO - Arctaris rename_statements.py:371 - process_pdf - Successfully identified bank type: PNC
2025-04-03 11:04:13 - INFO - Arctaris rename_statements.py:2019 - main - Would rename to: PNC\2025-03\ARCTARIS ROYALTY VENTURES CO-I statement_4116465959_2025-03-31.pdf
2025-04-03 11:04:13 - INFO - Arctaris rename_statements.py:1999 - main - [65/110] Processing file: statement_4130261135_2025-03-31.pdf
2025-04-03 11:04:13 - INFO - Arctaris rename_statements.py:371 - process_pdf - Successfully identified bank type: PNC
2025-04-03 11:04:13 - INFO - Arctaris rename_statements.py:2006 - main - Extracted information: <__main__.StatementInfo object at 0x00000213D8532690>
2025-04-03 11:04:13 - INFO - Arctaris rename_statements.py:371 - process_pdf - Successfully identified bank type: PNC
2025-04-03 11:04:13 - INFO - Arctaris rename_statements.py:2019 - main - Would rename to: PNC\2025-03\ARCTARIS IMPACT FUND statement_4130261135_2025-03-31.pdf
2025-04-03 11:04:13 - INFO - Arctaris rename_statements.py:1999 - main - [66/110] Processing file: statement_4130263798_2025-03-31.pdf
2025-04-03 11:04:13 - INFO - Arctaris rename_statements.py:371 - process_pdf - Successfully identified bank type: PNC
2025-04-03 11:04:13 - INFO - Arctaris rename_statements.py:2006 - main - Extracted information: <__main__.StatementInfo object at 0x00000213D8531970>
2025-04-03 11:04:13 - INFO - Arctaris rename_statements.py:371 - process_pdf - Successfully identified bank type: PNC
2025-04-03 11:04:13 - INFO - Arctaris rename_statements.py:2019 - main - Would rename to: PNC\2025-03\ARP MANAGEMENT statement_4130263798_2025-03-31.pdf
2025-04-03 11:04:13 - INFO - Arctaris rename_statements.py:1999 - main - [67/110] Processing file: statement_4130272854_2025-03-31.pdf
2025-04-03 11:04:13 - INFO - Arctaris rename_statements.py:371 - process_pdf - Successfully identified bank type: PNC
2025-04-03 11:04:13 - INFO - Arctaris rename_statements.py:2006 - main - Extracted information: <__main__.StatementInfo object at 0x00000213D78CA720>
2025-04-03 11:04:14 - INFO - Arctaris rename_statements.py:371 - process_pdf - Successfully identified bank type: PNC
2025-04-03 11:04:14 - INFO - Arctaris rename_statements.py:2019 - main - Would rename to: PNC\2025-04\ARCTARIS OZ MAN statement_4130272854_2025-03-31.pdf
2025-04-03 11:04:14 - INFO - Arctaris rename_statements.py:1999 - main - [68/110] Processing file: statement_4130275895_2025-03-31.pdf
2025-04-03 11:04:14 - INFO - Arctaris rename_statements.py:371 - process_pdf - Successfully identified bank type: PNC
2025-04-03 11:04:14 - INFO - Arctaris rename_statements.py:2006 - main - Extracted information: <__main__.StatementInfo object at 0x00000213D8879070>
2025-04-03 11:04:14 - INFO - Arctaris rename_statements.py:371 - process_pdf - Successfully identified bank type: PNC
2025-04-03 11:04:14 - INFO - Arctaris rename_statements.py:2019 - main - Would rename to: PNC\2025-03\ARCTARIS SADDLEBACK SKI OPERAT statement_4130275895_2025-03-31.pdf
2025-04-03 11:04:14 - INFO - Arctaris rename_statements.py:1999 - main - [69/110] Processing file: statement_4130279968_2025-03-31.pdf
2025-04-03 11:04:14 - INFO - Arctaris rename_statements.py:371 - process_pdf - Successfully identified bank type: PNC
2025-04-03 11:04:14 - INFO - Arctaris rename_statements.py:2006 - main - Extracted information: <__main__.StatementInfo object at 0x00000213D887B770>
2025-04-03 11:04:14 - INFO - Arctaris rename_statements.py:371 - process_pdf - Successfully identified bank type: PNC
2025-04-03 11:04:14 - INFO - Arctaris rename_statements.py:2019 - main - Would rename to: PNC\2025-03\ARC-IMPACT PROGRAM ERIE LLC statement_4130279968_2025-03-31.pdf
2025-04-03 11:04:14 - INFO - Arctaris rename_statements.py:1999 - main - [70/110] Processing file: statement_4130281339_2025-03-31.pdf
2025-04-03 11:04:14 - INFO - Arctaris rename_statements.py:371 - process_pdf - Successfully identified bank type: PNC
2025-04-03 11:04:14 - INFO - Arctaris rename_statements.py:2006 - main - Extracted information: <__main__.StatementInfo object at 0x00000213D88D7740>
2025-04-03 11:04:14 - INFO - Arctaris rename_statements.py:371 - process_pdf - Successfully identified bank type: PNC
2025-04-03 11:04:14 - INFO - Arctaris rename_statements.py:2019 - main - Would rename to: PNC\2025-03\ARCTARIS BROADBAND statement_4130281339_2025-03-31.pdf
2025-04-03 11:04:14 - INFO - Arctaris rename_statements.py:1999 - main - [71/110] Processing file: statement_4130281355_2025-03-31.pdf
2025-04-03 11:04:14 - INFO - Arctaris rename_statements.py:371 - process_pdf - Successfully identified bank type: PNC
2025-04-03 11:04:14 - INFO - Arctaris rename_statements.py:2006 - main - Extracted information: <__main__.StatementInfo object at 0x00000213D855EBD0>
2025-04-03 11:04:14 - INFO - Arctaris rename_statements.py:371 - process_pdf - Successfully identified bank type: PNC
2025-04-03 11:04:14 - INFO - Arctaris rename_statements.py:2019 - main - Would rename to: PNC\2025-03\ARCTARIS OZ FUND 2020 statement_4130281355_2025-03-31.pdf
2025-04-03 11:04:14 - INFO - Arctaris rename_statements.py:1999 - main - [72/110] Processing file: statement_4130283078_2025-03-31.pdf
2025-04-03 11:04:14 - INFO - Arctaris rename_statements.py:371 - process_pdf - Successfully identified bank type: PNC
2025-04-03 11:04:14 - INFO - Arctaris rename_statements.py:2006 - main - Extracted information: <__main__.StatementInfo object at 0x00000213D85CAA50>
2025-04-03 11:04:14 - INFO - Arctaris rename_statements.py:371 - process_pdf - Successfully identified bank type: PNC
2025-04-03 11:04:14 - INFO - Arctaris rename_statements.py:2019 - main - Would rename to: PNC\2025-03\ARCTARIS IMPACT INVESTORS LLC statement_4130283078_2025-03-31.pdf
2025-04-03 11:04:14 - INFO - Arctaris rename_statements.py:1999 - main - [73/110] Processing file: statement_4130283369_2025-03-31.pdf
2025-04-03 11:04:14 - INFO - Arctaris rename_statements.py:371 - process_pdf - Successfully identified bank type: PNC
2025-04-03 11:04:14 - INFO - Arctaris rename_statements.py:2006 - main - Extracted information: <__main__.StatementInfo object at 0x00000213D85A9580>
2025-04-03 11:04:14 - INFO - Arctaris rename_statements.py:371 - process_pdf - Successfully identified bank type: PNC
2025-04-03 11:04:14 - INFO - Arctaris rename_statements.py:2019 - main - Would rename to: PNC\2025-03\ARC-IMPACT-PROGRAM SWPA LLC statement_4130283369_2025-03-31.pdf
2025-04-03 11:04:14 - INFO - Arctaris rename_statements.py:1999 - main - [74/110] Processing file: statement_4130283633_2025-03-31.pdf
2025-04-03 11:04:14 - INFO - Arctaris rename_statements.py:371 - process_pdf - Successfully identified bank type: PNC
2025-04-03 11:04:14 - INFO - Arctaris rename_statements.py:2006 - main - Extracted information: <__main__.StatementInfo object at 0x00000213D78CA090>
2025-04-03 11:04:14 - INFO - Arctaris rename_statements.py:371 - process_pdf - Successfully identified bank type: PNC
2025-04-03 11:04:14 - INFO - Arctaris rename_statements.py:2019 - main - Would rename to: PNC\2025-03\ARC-IMPACT PROGRAM CUYAHOGA LLC statement_4130283633_2025-03-31.pdf
2025-04-03 11:04:14 - INFO - Arctaris rename_statements.py:1999 - main - [75/110] Processing file: statement_4130290884_2025-03-31.pdf
2025-04-03 11:04:14 - INFO - Arctaris rename_statements.py:371 - process_pdf - Successfully identified bank type: PNC
2025-04-03 11:04:14 - INFO - Arctaris rename_statements.py:2006 - main - Extracted information: <__main__.StatementInfo object at 0x00000213D85319D0>
2025-04-03 11:04:14 - INFO - Arctaris rename_statements.py:371 - process_pdf - Successfully identified bank type: PNC
2025-04-03 11:04:14 - INFO - Arctaris rename_statements.py:2019 - main - Would rename to: PNC\2025-03\ARCTARIS INCOME FUND LP statement_4130290884_2025-03-31.pdf
2025-04-03 11:04:14 - INFO - Arctaris rename_statements.py:1999 - main - [76/110] Processing file: statement_4130293022_2025-03-31.pdf
2025-04-03 11:04:14 - INFO - Arctaris rename_statements.py:371 - process_pdf - Successfully identified bank type: PNC
2025-04-03 11:04:14 - INFO - Arctaris rename_statements.py:2006 - main - Extracted information: <__main__.StatementInfo object at 0x00000213D8531460>
2025-04-03 11:04:14 - INFO - Arctaris rename_statements.py:371 - process_pdf - Successfully identified bank type: PNC
2025-04-03 11:04:14 - INFO - Arctaris rename_statements.py:2019 - main - Would rename to: PNC\2025-03\OZ 2022 FUND statement_4130293022_2025-03-31.pdf
2025-04-03 11:04:14 - INFO - Arctaris rename_statements.py:1999 - main - [77/110] Processing file: statement_4130294324_2025-03-31.pdf
2025-04-03 11:04:14 - INFO - Arctaris rename_statements.py:371 - process_pdf - Successfully identified bank type: PNC
2025-04-03 11:04:14 - INFO - Arctaris rename_statements.py:2006 - main - Extracted information: <__main__.StatementInfo object at 0x00000213D841CAD0>
2025-04-03 11:04:14 - INFO - Arctaris rename_statements.py:371 - process_pdf - Successfully identified bank type: PNC
2025-04-03 11:04:14 - INFO - Arctaris rename_statements.py:2019 - main - Would rename to: PNC\2025-03\ARC-IMPACT-PROGRAM BUFFALO LLC statement_4130294324_2025-03-31.pdf
2025-04-03 11:04:14 - INFO - Arctaris rename_statements.py:1999 - main - [78/110] Processing file: statement_4130294332_2025-03-31.pdf
2025-04-03 11:04:14 - INFO - Arctaris rename_statements.py:371 - process_pdf - Successfully identified bank type: PNC
2025-04-03 11:04:14 - INFO - Arctaris rename_statements.py:2006 - main - Extracted information: <__main__.StatementInfo object at 0x00000213D8585FD0>
2025-04-03 11:04:14 - INFO - Arctaris rename_statements.py:371 - process_pdf - Successfully identified bank type: PNC
2025-04-03 11:04:14 - INFO - Arctaris rename_statements.py:2019 - main - Would rename to: PNC\2025-03\ARC-IMPACT-PROGRAM HARTFORD LL statement_4130294332_2025-03-31.pdf
2025-04-03 11:04:14 - INFO - Arctaris rename_statements.py:1999 - main - [79/110] Processing file: statement_4130294359_2025-03-31.pdf
2025-04-03 11:04:14 - INFO - Arctaris rename_statements.py:371 - process_pdf - Successfully identified bank type: PNC
2025-04-03 11:04:14 - INFO - Arctaris rename_statements.py:2006 - main - Extracted information: <__main__.StatementInfo object at 0x00000213D8587500>
2025-04-03 11:04:14 - INFO - Arctaris rename_statements.py:371 - process_pdf - Successfully identified bank type: PNC
2025-04-03 11:04:14 - INFO - Arctaris rename_statements.py:2019 - main - Would rename to: PNC\2025-04\ARC-IMPACT-PROGRAM LIMA LLC statement_4130294359_2025-03-31.pdf
2025-04-03 11:04:14 - INFO - Arctaris rename_statements.py:1999 - main - [80/110] Processing file: statement_4130294367_2025-03-31.pdf
2025-04-03 11:04:14 - INFO - Arctaris rename_statements.py:371 - process_pdf - Successfully identified bank type: PNC
2025-04-03 11:04:14 - INFO - Arctaris rename_statements.py:2006 - main - Extracted information: <__main__.StatementInfo object at 0x00000213D855FEF0>
2025-04-03 11:04:14 - INFO - Arctaris rename_statements.py:371 - process_pdf - Successfully identified bank type: PNC
2025-04-03 11:04:14 - INFO - Arctaris rename_statements.py:2019 - main - Would rename to: PNC\2025-03\ARC-IMPACT-PROGRAM PITTSBURGH statement_4130294367_2025-03-31.pdf
2025-04-03 11:04:14 - INFO - Arctaris rename_statements.py:1994 - main - 
Processing batch 5 (81-100 of 110)
2025-04-03 11:04:14 - INFO - Arctaris rename_statements.py:1999 - main - [81/110] Processing file: statement_4130294383_2025-03-31.pdf
2025-04-03 11:04:14 - INFO - Arctaris rename_statements.py:371 - process_pdf - Successfully identified bank type: PNC
2025-04-03 11:04:14 - INFO - Arctaris rename_statements.py:2006 - main - Extracted information: <__main__.StatementInfo object at 0x00000213D8586480>
2025-04-03 11:04:14 - INFO - Arctaris rename_statements.py:371 - process_pdf - Successfully identified bank type: PNC
2025-04-03 11:04:14 - INFO - Arctaris rename_statements.py:2019 - main - Would rename to: PNC\2025-03\PHASE 1B HOLDINGS statement_4130294383_2025-03-31.pdf
2025-04-03 11:04:14 - INFO - Arctaris rename_statements.py:1999 - main - [82/110] Processing file: statement_4130294412_2025-03-31.pdf
2025-04-03 11:04:14 - INFO - Arctaris rename_statements.py:371 - process_pdf - Successfully identified bank type: PNC
2025-04-03 11:04:14 - INFO - Arctaris rename_statements.py:2006 - main - Extracted information: <__main__.StatementInfo object at 0x00000213D887B5C0>
2025-04-03 11:04:14 - INFO - Arctaris rename_statements.py:371 - process_pdf - Successfully identified bank type: PNC
2025-04-03 11:04:14 - INFO - Arctaris rename_statements.py:2019 - main - Would rename to: PNC\2025-03\ARCTARIS PRODUCT DEV IV statement_4130294412_2025-03-31.pdf
2025-04-03 11:04:14 - INFO - Arctaris rename_statements.py:1999 - main - [83/110] Processing file: statement_4130294447_2025-03-31.pdf
2025-04-03 11:04:14 - INFO - Arctaris rename_statements.py:371 - process_pdf - Successfully identified bank type: PNC
2025-04-03 11:04:14 - INFO - Arctaris rename_statements.py:2006 - main - Extracted information: <__main__.StatementInfo object at 0x00000213D88D6300>
2025-04-03 11:04:14 - INFO - Arctaris rename_statements.py:371 - process_pdf - Successfully identified bank type: PNC
2025-04-03 11:04:14 - INFO - Arctaris rename_statements.py:2019 - main - Would rename to: PNC\2025-03\ARCTARIS PRODUCT DEV VI statement_4130294447_2025-03-31.pdf
2025-04-03 11:04:14 - INFO - Arctaris rename_statements.py:1999 - main - [84/110] Processing file: statement_4130294455_2025-03-31.pdf
2025-04-03 11:04:14 - INFO - Arctaris rename_statements.py:371 - process_pdf - Successfully identified bank type: PNC
2025-04-03 11:04:14 - INFO - Arctaris rename_statements.py:2006 - main - Extracted information: <__main__.StatementInfo object at 0x00000213D85AB500>
2025-04-03 11:04:14 - INFO - Arctaris rename_statements.py:371 - process_pdf - Successfully identified bank type: PNC
2025-04-03 11:04:14 - INFO - Arctaris rename_statements.py:2019 - main - Would rename to: PNC\2025-04\ARCTARIS PRODUCT DEV VII statement_4130294455_2025-03-31.pdf
2025-04-03 11:04:14 - INFO - Arctaris rename_statements.py:1999 - main - [85/110] Processing file: statement_4130297058_2025-03-31.pdf
2025-04-03 11:04:14 - INFO - Arctaris rename_statements.py:371 - process_pdf - Successfully identified bank type: PNC
2025-04-03 11:04:14 - INFO - Arctaris rename_statements.py:2006 - main - Extracted information: <__main__.StatementInfo object at 0x00000213D8585CD0>
2025-04-03 11:04:14 - INFO - Arctaris rename_statements.py:371 - process_pdf - Successfully identified bank type: PNC
2025-04-03 11:04:14 - INFO - Arctaris rename_statements.py:2019 - main - Would rename to: PNC\2025-03\NORTHEAST REAL ESTATE statement_4130297058_2025-03-31.pdf
2025-04-03 11:04:14 - INFO - Arctaris rename_statements.py:1999 - main - [86/110] Processing file: statement_4130297779_2025-03-31.pdf
2025-04-03 11:04:14 - INFO - Arctaris rename_statements.py:371 - process_pdf - Successfully identified bank type: PNC
2025-04-03 11:04:14 - INFO - Arctaris rename_statements.py:2006 - main - Extracted information: <__main__.StatementInfo object at 0x00000213D78CAAE0>
2025-04-03 11:04:14 - INFO - Arctaris rename_statements.py:371 - process_pdf - Successfully identified bank type: PNC
2025-04-03 11:04:14 - INFO - Arctaris rename_statements.py:2019 - main - Would rename to: PNC\2025-03\ARCTARIS IMPACT CDC LLC statement_4130297779_2025-03-31.pdf
2025-04-03 11:04:14 - INFO - Arctaris rename_statements.py:1999 - main - [87/110] Processing file: statement_4130300931_2025-03-31.pdf
2025-04-03 11:04:14 - INFO - Arctaris rename_statements.py:371 - process_pdf - Successfully identified bank type: PNC
2025-04-03 11:04:14 - INFO - Arctaris rename_statements.py:2006 - main - Extracted information: <__main__.StatementInfo object at 0x00000213D8531490>
2025-04-03 11:04:14 - INFO - Arctaris rename_statements.py:371 - process_pdf - Successfully identified bank type: PNC
2025-04-03 11:04:14 - INFO - Arctaris rename_statements.py:2019 - main - Would rename to: PNC\2025-03\ARCTARIS ROYALTY PARTNERS LLC statement_4130300931_2025-03-31.pdf
2025-04-03 11:04:14 - INFO - Arctaris rename_statements.py:1999 - main - [88/110] Processing file: statement_4130301336_2025-03-31.pdf
2025-04-03 11:04:14 - INFO - Arctaris rename_statements.py:371 - process_pdf - Successfully identified bank type: PNC
2025-04-03 11:04:14 - INFO - Arctaris rename_statements.py:2006 - main - Extracted information: <__main__.StatementInfo object at 0x00000213D83142F0>
2025-04-03 11:04:14 - INFO - Arctaris rename_statements.py:371 - process_pdf - Successfully identified bank type: PNC
2025-04-03 11:04:14 - INFO - Arctaris rename_statements.py:2019 - main - Would rename to: PNC\2025-03\DETROIT AFFORDABLE HOUSING statement_4130301336_2025-03-31.pdf
2025-04-03 11:04:14 - INFO - Arctaris rename_statements.py:1999 - main - [89/110] Processing file: statement_4130301344_2025-03-31.pdf
2025-04-03 11:04:14 - INFO - Arctaris rename_statements.py:371 - process_pdf - Successfully identified bank type: PNC
2025-04-03 11:04:14 - INFO - Arctaris rename_statements.py:2006 - main - Extracted information: <__main__.StatementInfo object at 0x00000213D855FBF0>
2025-04-03 11:04:14 - INFO - Arctaris rename_statements.py:371 - process_pdf - Successfully identified bank type: PNC
2025-04-03 11:04:14 - INFO - Arctaris rename_statements.py:2019 - main - Would rename to: PNC\2025-03\BRADDOCK FLEX statement_4130301344_2025-03-31.pdf
2025-04-03 11:04:14 - INFO - Arctaris rename_statements.py:1999 - main - [90/110] Processing file: statement_4130301694_2025-03-31.pdf
2025-04-03 11:04:14 - INFO - Arctaris rename_statements.py:371 - process_pdf - Successfully identified bank type: PNC
2025-04-03 11:04:14 - INFO - Arctaris rename_statements.py:2006 - main - Extracted information: <__main__.StatementInfo object at 0x00000213D887B380>
2025-04-03 11:04:14 - INFO - Arctaris rename_statements.py:371 - process_pdf - Successfully identified bank type: PNC
2025-04-03 11:04:14 - INFO - Arctaris rename_statements.py:2019 - main - Would rename to: PNC\2025-03\SADDLEBACK SERVICES LLC statement_4130301694_2025-03-31.pdf
2025-04-03 11:04:14 - INFO - Arctaris rename_statements.py:1999 - main - [91/110] Processing file: statement_4130301889_2025-03-31.pdf
2025-04-03 11:04:14 - INFO - Arctaris rename_statements.py:371 - process_pdf - Successfully identified bank type: PNC
2025-04-03 11:04:14 - INFO - Arctaris rename_statements.py:2006 - main - Extracted information: <__main__.StatementInfo object at 0x00000213D8584E90>
2025-04-03 11:04:14 - INFO - Arctaris rename_statements.py:371 - process_pdf - Successfully identified bank type: PNC
2025-04-03 11:04:14 - INFO - Arctaris rename_statements.py:2019 - main - Would rename to: PNC\2025-03\NEW ENGLAND INCLUSIVE HOUSING statement_4130301889_2025-03-31.pdf
2025-04-03 11:04:14 - INFO - Arctaris rename_statements.py:1999 - main - [92/110] Processing file: statement_4130301897_2025-03-31.pdf
2025-04-03 11:04:14 - INFO - Arctaris rename_statements.py:371 - process_pdf - Successfully identified bank type: PNC
2025-04-03 11:04:14 - INFO - Arctaris rename_statements.py:2006 - main - Extracted information: <__main__.StatementInfo object at 0x00000213D887BE60>
2025-04-03 11:04:14 - INFO - Arctaris rename_statements.py:371 - process_pdf - Successfully identified bank type: PNC
2025-04-03 11:04:14 - INFO - Arctaris rename_statements.py:2019 - main - Would rename to: PNC\2025-03\MIDWESTERN DEVELOPMENT I statement_4130301897_2025-03-31.pdf
2025-04-03 11:04:14 - INFO - Arctaris rename_statements.py:1999 - main - [93/110] Processing file: statement_4130301918_2025-03-31.pdf
2025-04-03 11:04:14 - INFO - Arctaris rename_statements.py:371 - process_pdf - Successfully identified bank type: PNC
2025-04-03 11:04:14 - INFO - Arctaris rename_statements.py:2006 - main - Extracted information: <__main__.StatementInfo object at 0x00000213D887AD80>
2025-04-03 11:04:14 - INFO - Arctaris rename_statements.py:371 - process_pdf - Successfully identified bank type: PNC
2025-04-03 11:04:14 - INFO - Arctaris rename_statements.py:2019 - main - Would rename to: PNC\2025-03\MID ATLANTIC INCLUSIVE HOUSING statement_4130301918_2025-03-31.pdf
2025-04-03 11:04:14 - INFO - Arctaris rename_statements.py:1999 - main - [94/110] Processing file: statement_4130301926_2025-03-31.pdf
2025-04-03 11:04:14 - INFO - Arctaris rename_statements.py:371 - process_pdf - Successfully identified bank type: PNC
2025-04-03 11:04:14 - INFO - Arctaris rename_statements.py:2006 - main - Extracted information: <__main__.StatementInfo object at 0x00000213D8585430>
2025-04-03 11:04:14 - INFO - Arctaris rename_statements.py:371 - process_pdf - Successfully identified bank type: PNC
2025-04-03 11:04:14 - INFO - Arctaris rename_statements.py:2019 - main - Would rename to: PNC\2025-03\SOUTH EAST DEVELOPMENT statement_4130301926_2025-03-31.pdf
2025-04-03 11:04:14 - INFO - Arctaris rename_statements.py:1999 - main - [95/110] Processing file: statement_4130301934_2025-03-31.pdf
2025-04-03 11:04:14 - INFO - Arctaris rename_statements.py:371 - process_pdf - Successfully identified bank type: PNC
2025-04-03 11:04:14 - INFO - Arctaris rename_statements.py:2006 - main - Extracted information: <__main__.StatementInfo object at 0x00000213D8587B30>
2025-04-03 11:04:15 - INFO - Arctaris rename_statements.py:371 - process_pdf - Successfully identified bank type: PNC
2025-04-03 11:04:15 - INFO - Arctaris rename_statements.py:2019 - main - Would rename to: PNC\2025-03\PENN INCLUSIVE HOUSING statement_4130301934_2025-03-31.pdf
2025-04-03 11:04:15 - INFO - Arctaris rename_statements.py:1999 - main - [96/110] Processing file: statement_4130302128_2025-03-31.pdf
2025-04-03 11:04:15 - INFO - Arctaris rename_statements.py:371 - process_pdf - Successfully identified bank type: PNC
2025-04-03 11:04:15 - INFO - Arctaris rename_statements.py:2006 - main - Extracted information: <__main__.StatementInfo object at 0x00000213D855FD10>
2025-04-03 11:04:15 - INFO - Arctaris rename_statements.py:371 - process_pdf - Successfully identified bank type: PNC
2025-04-03 11:04:15 - INFO - Arctaris rename_statements.py:2019 - main - Would rename to: PNC\2025-03\EASTERN DEVELOPMENT HOUSING statement_4130302128_2025-03-31.pdf
2025-04-03 11:04:15 - INFO - Arctaris rename_statements.py:1999 - main - [97/110] Processing file: statement_4175623128_2025-03-31.pdf
2025-04-03 11:04:15 - INFO - Arctaris rename_statements.py:371 - process_pdf - Successfully identified bank type: PNC
2025-04-03 11:04:15 - INFO - Arctaris rename_statements.py:2006 - main - Extracted information: <__main__.StatementInfo object at 0x00000213D85C8F20>
2025-04-03 11:04:15 - INFO - Arctaris rename_statements.py:371 - process_pdf - Successfully identified bank type: PNC
2025-04-03 11:04:15 - INFO - Arctaris rename_statements.py:2019 - main - Would rename to: PNC\2025-03\ARCTARIS OZ FUND 2024 statement_4175623128_2025-03-31.pdf
2025-04-03 11:04:15 - INFO - Arctaris rename_statements.py:1999 - main - [98/110] Processing file: statement_4176547892_2025-03-31.pdf
2025-04-03 11:04:15 - INFO - Arctaris rename_statements.py:371 - process_pdf - Successfully identified bank type: PNC
2025-04-03 11:04:15 - INFO - Arctaris rename_statements.py:2006 - main - Extracted information: <__main__.StatementInfo object at 0x00000213D85C8680>
2025-04-03 11:04:15 - INFO - Arctaris rename_statements.py:371 - process_pdf - Successfully identified bank type: PNC
2025-04-03 11:04:15 - INFO - Arctaris rename_statements.py:2019 - main - Would rename to: PNC\2025-03\SSP HOLDCO LLC statement_4176547892_2025-03-31.pdf
2025-04-03 11:04:15 - INFO - Arctaris rename_statements.py:1999 - main - [99/110] Processing file: statement_4176565548_2025-03-31.pdf
2025-04-03 11:04:15 - INFO - Arctaris rename_statements.py:371 - process_pdf - Successfully identified bank type: PNC
2025-04-03 11:04:15 - INFO - Arctaris rename_statements.py:2006 - main - Extracted information: <__main__.StatementInfo object at 0x00000213D8510680>
2025-04-03 11:04:15 - INFO - Arctaris rename_statements.py:371 - process_pdf - Successfully identified bank type: PNC
2025-04-03 11:04:15 - INFO - Arctaris rename_statements.py:2019 - main - Would rename to: PNC\2025-03\ARCTARIS EAST COAST DEVELOPMEN statement_4176565548_2025-03-31.pdf
2025-04-03 11:04:15 - INFO - Arctaris rename_statements.py:1999 - main - [100/110] Processing file: statement_4176641344_2025-03-31.pdf
2025-04-03 11:04:15 - INFO - Arctaris rename_statements.py:371 - process_pdf - Successfully identified bank type: PNC
2025-04-03 11:04:15 - INFO - Arctaris rename_statements.py:2006 - main - Extracted information: <__main__.StatementInfo object at 0x00000213D85CA390>
2025-04-03 11:04:15 - INFO - Arctaris rename_statements.py:371 - process_pdf - Successfully identified bank type: PNC
2025-04-03 11:04:15 - INFO - Arctaris rename_statements.py:2019 - main - Would rename to: PNC\2025-03\GREATER ERIE STRATEGIC INVESTM statement_4176641344_2025-03-31.pdf
2025-04-03 11:04:15 - INFO - Arctaris rename_statements.py:1994 - main - 
Processing batch 6 (101-110 of 110)
2025-04-03 11:04:15 - INFO - Arctaris rename_statements.py:1999 - main - [101/110] Processing file: statement_4176706259_2025-03-31.pdf
2025-04-03 11:04:15 - INFO - Arctaris rename_statements.py:371 - process_pdf - Successfully identified bank type: PNC
2025-04-03 11:04:15 - INFO - Arctaris rename_statements.py:2006 - main - Extracted information: <__main__.StatementInfo object at 0x00000213D85A99A0>
2025-04-03 11:04:15 - INFO - Arctaris rename_statements.py:371 - process_pdf - Successfully identified bank type: PNC
2025-04-03 11:04:15 - INFO - Arctaris rename_statements.py:2019 - main - Would rename to: PNC\2025-03\ARCTARIS ADVISORY HOLDING LLC statement_4176706259_2025-03-31.pdf
2025-04-03 11:04:15 - INFO - Arctaris rename_statements.py:1999 - main - [102/110] Processing file: statement_4176786746_2025-03-31.pdf
2025-04-03 11:04:15 - INFO - Arctaris rename_statements.py:371 - process_pdf - Successfully identified bank type: PNC
2025-04-03 11:04:15 - INFO - Arctaris rename_statements.py:2006 - main - Extracted information: <__main__.StatementInfo object at 0x00000213D78CB110>
2025-04-03 11:04:15 - INFO - Arctaris rename_statements.py:371 - process_pdf - Successfully identified bank type: PNC
2025-04-03 11:04:15 - INFO - Arctaris rename_statements.py:2019 - main - Would rename to: PNC\2025-03\ARC-IMPACT PROGRAM CT LLC statement_4176786746_2025-03-31.pdf
2025-04-03 11:04:15 - INFO - Arctaris rename_statements.py:1999 - main - [103/110] Processing file: statement_4176790542_2025-03-31.pdf
2025-04-03 11:04:15 - INFO - Arctaris rename_statements.py:371 - process_pdf - Successfully identified bank type: PNC
2025-04-03 11:04:15 - INFO - Arctaris rename_statements.py:2006 - main - Extracted information: <__main__.StatementInfo object at 0x00000213D855F8F0>
2025-04-03 11:04:15 - INFO - Arctaris rename_statements.py:371 - process_pdf - Successfully identified bank type: PNC
2025-04-03 11:04:15 - INFO - Arctaris rename_statements.py:2019 - main - Would rename to: PNC\2025-03\ARCTARIS HOLDCO LLC statement_4176790542_2025-03-31.pdf
2025-04-03 11:04:15 - INFO - Arctaris rename_statements.py:1999 - main - [104/110] Processing file: statement_4176790577_2025-03-31.pdf
2025-04-03 11:04:15 - INFO - Arctaris rename_statements.py:371 - process_pdf - Successfully identified bank type: PNC
2025-04-03 11:04:15 - INFO - Arctaris rename_statements.py:2006 - main - Extracted information: <__main__.StatementInfo object at 0x00000213D85C8410>
2025-04-03 11:04:15 - INFO - Arctaris rename_statements.py:371 - process_pdf - Successfully identified bank type: PNC
2025-04-03 11:04:15 - INFO - Arctaris rename_statements.py:2019 - main - Would rename to: PNC\2025-03\TOWER PERSONAL SERVICES LLC statement_4176790577_2025-03-31.pdf
2025-04-03 11:04:15 - INFO - Arctaris rename_statements.py:1999 - main - [105/110] Processing file: statement_4176790593_2025-03-31.pdf
2025-04-03 11:04:15 - INFO - Arctaris rename_statements.py:371 - process_pdf - Successfully identified bank type: PNC
2025-04-03 11:04:15 - INFO - Arctaris rename_statements.py:2006 - main - Extracted information: <__main__.StatementInfo object at 0x00000213D85C8230>
2025-04-03 11:04:15 - INFO - Arctaris rename_statements.py:371 - process_pdf - Successfully identified bank type: PNC
2025-04-03 11:04:15 - INFO - Arctaris rename_statements.py:2019 - main - Would rename to: PNC\2025-03\ARCTARIS MANAGEMENT CO LLC statement_4176790593_2025-03-31.pdf
2025-04-03 11:04:15 - INFO - Arctaris rename_statements.py:1999 - main - [106/110] Processing file: statement_4179447491_2025-03-31.pdf
2025-04-03 11:04:15 - INFO - Arctaris rename_statements.py:371 - process_pdf - Successfully identified bank type: PNC
2025-04-03 11:04:15 - INFO - Arctaris rename_statements.py:2006 - main - Extracted information: <__main__.StatementInfo object at 0x00000213D85A84D0>
2025-04-03 11:04:15 - INFO - Arctaris rename_statements.py:371 - process_pdf - Successfully identified bank type: PNC
2025-04-03 11:04:15 - INFO - Arctaris rename_statements.py:2019 - main - Would rename to: PNC\2025-03\ARCTARIS MICHIGAN PARTNERS LLC statement_4179447491_2025-03-31.pdf
2025-04-03 11:04:15 - INFO - Arctaris rename_statements.py:1999 - main - [107/110] Processing file: statement_4179559231_2025-03-31.pdf
2025-04-03 11:04:15 - INFO - Arctaris rename_statements.py:371 - process_pdf - Successfully identified bank type: PNC
2025-04-03 11:04:15 - INFO - Arctaris rename_statements.py:2006 - main - Extracted information: <__main__.StatementInfo object at 0x00000213D85C8B60>
2025-04-03 11:04:15 - INFO - Arctaris rename_statements.py:371 - process_pdf - Successfully identified bank type: PNC
2025-04-03 11:04:15 - INFO - Arctaris rename_statements.py:2019 - main - Would rename to: PNC\2025-03\ARCTARIS REAL ESTATE MANAGEMEN statement_4179559231_2025-03-31.pdf
2025-04-03 11:04:15 - INFO - Arctaris rename_statements.py:1999 - main - [108/110] Processing file: statement_4179559338_2025-03-31.pdf
2025-04-03 11:04:15 - INFO - Arctaris rename_statements.py:371 - process_pdf - Successfully identified bank type: PNC
2025-04-03 11:04:15 - INFO - Arctaris rename_statements.py:2006 - main - Extracted information: <__main__.StatementInfo object at 0x00000213D88D4E30>
2025-04-03 11:04:15 - INFO - Arctaris rename_statements.py:371 - process_pdf - Successfully identified bank type: PNC
2025-04-03 11:04:15 - INFO - Arctaris rename_statements.py:2019 - main - Would rename to: PNC\2025-03\ARCTARIS HOUSING CO LLC statement_4179559338_2025-03-31.pdf
2025-04-03 11:04:15 - INFO - Arctaris rename_statements.py:1999 - main - [109/110] Processing file: statement_4179667988_2025-03-31.pdf
2025-04-03 11:04:15 - INFO - Arctaris rename_statements.py:371 - process_pdf - Successfully identified bank type: PNC
2025-04-03 11:04:15 - INFO - Arctaris rename_statements.py:2006 - main - Extracted information: <__main__.StatementInfo object at 0x00000213D855FFE0>
2025-04-03 11:04:15 - INFO - Arctaris rename_statements.py:371 - process_pdf - Successfully identified bank type: PNC
2025-04-03 11:04:15 - INFO - Arctaris rename_statements.py:2019 - main - Would rename to: PNC\2025-03\ARCTARIS MIDWEST DEV II statement_4179667988_2025-03-31.pdf
2025-04-03 11:04:15 - INFO - Arctaris rename_statements.py:1999 - main - [110/110] Processing file: statement_4698117603_2025-03-31.pdf
2025-04-03 11:04:15 - INFO - Arctaris rename_statements.py:371 - process_pdf - Successfully identified bank type: PNC
2025-04-03 11:04:15 - INFO - Arctaris rename_statements.py:2006 - main - Extracted information: <__main__.StatementInfo object at 0x00000213D85AB230>
2025-04-03 11:04:15 - INFO - Arctaris rename_statements.py:371 - process_pdf - Successfully identified bank type: PNC
2025-04-03 11:04:15 - INFO - Arctaris rename_statements.py:2019 - main - Would rename to: PNC\2025-03\ARCTARIS OZ FUND 2019 statement_4698117603_2025-03-31.pdf
2025-04-03 11:04:15 - INFO - Arctaris rename_statements.py:2075 - main - 
Dry run completed in 3.47 seconds.
2025-04-03 11:04:15 - INFO - Arctaris rename_statements.py:2079 - main - Preview checklist saved to: checklists\preview_checklist_20250403_110415.csv
2025-04-03 11:04:15 - INFO - Arctaris rename_statements.py:2083 - main - 110 files would be processed.
