2025-04-03 10:52:53 - INFO - Arctaris rename_statements.py:1728 - setup_logging - Logging initialized at level INFO
2025-04-03 10:52:53 - INFO - Arctaris rename_statements.py:1729 - setup_logging - Log file: C:\Users\Christian\OneDrive - Arctaris Michigan Partners, LLC\Desktop\Bank Automation\Codes\Bank Statements\logs\pdf_processor_20250403_105253.log
2025-04-03 10:52:53 - INFO - Arctaris rename_statements.py:1794 - main - Starting PDF rename script (version 2.0)
2025-04-03 10:52:53 - INFO - Arctaris rename_statements.py:1795 - main - Input folder: C:\Users\Christian\OneDrive - Arctaris Michigan Partners, LLC\Desktop\Bank Automation\input_statements
2025-04-03 10:52:53 - INFO - Arctaris rename_statements.py:1796 - main - Output folder: C:\Users\Christian\OneDrive - Arctaris Michigan Partners, LLC\Desktop\Bank Automation\processed_statements
2025-04-03 10:52:53 - INFO - Arctaris rename_statements.py:1814 - main - Found 4 repaired files that will be skipped
2025-04-03 10:52:53 - INFO - Arctaris rename_statements.py:1829 - main - Found 110 PDF file(s) to process
2025-04-03 10:52:54 - INFO - Arctaris rename_statements.py:1464 - find_duplicate_files - Duplicate group - Original: dxweb (26).pdf, Duplicates: dxweb (27).pdf
2025-04-03 10:52:54 - INFO - Arctaris rename_statements.py:1464 - find_duplicate_files - Duplicate group - Original: dxweb (32).pdf, Duplicates: dxweb (33).pdf
2025-04-03 10:52:54 - WARNING - Arctaris rename_statements.py:1837 - main - Found 2 groups of duplicate files:
2025-04-03 10:52:54 - WARNING - Arctaris rename_statements.py:1839 - main -   Duplicate group (2 files):
2025-04-03 10:52:54 - WARNING - Arctaris rename_statements.py:1842 - main -     - dxweb (26).pdf
2025-04-03 10:52:54 - WARNING - Arctaris rename_statements.py:1842 - main -     - dxweb (27).pdf
2025-04-03 10:52:54 - INFO - Arctaris rename_statements.py:1847 - main -   Original: dxweb (26).pdf, Duplicates: dxweb (27).pdf
2025-04-03 10:52:54 - WARNING - Arctaris rename_statements.py:1839 - main -   Duplicate group (2 files):
2025-04-03 10:52:54 - WARNING - Arctaris rename_statements.py:1842 - main -     - dxweb (32).pdf
2025-04-03 10:52:54 - WARNING - Arctaris rename_statements.py:1842 - main -     - dxweb (33).pdf
2025-04-03 10:52:54 - INFO - Arctaris rename_statements.py:1847 - main -   Original: dxweb (32).pdf, Duplicates: dxweb (33).pdf
2025-04-03 10:52:54 - INFO - Arctaris rename_statements.py:1866 - main - 
=== PREVIEW MODE ===
2025-04-03 10:52:54 - INFO - Arctaris rename_statements.py:1874 - main - Verifying PDF files...
2025-04-03 10:52:55 - INFO - Arctaris rename_statements.py:1911 - main - 110 files verified and ready for processing
2025-04-03 10:52:55 - INFO - Arctaris rename_statements.py:1920 - main - 
Processing batch 1 (1-20 of 110)
2025-04-03 10:52:55 - INFO - Arctaris rename_statements.py:1925 - main - [1/110] Processing file: dxweb (10).pdf
2025-04-03 10:52:55 - INFO - Arctaris rename_statements.py:202 - process_pdf - Processing dxweb file as BankUnited: dxweb (10).pdf
2025-04-03 10:52:55 - INFO - Arctaris rename_statements.py:1932 - main - Extracted information: <__main__.StatementInfo object at 0x000002870D378650>
2025-04-03 10:52:55 - INFO - Arctaris rename_statements.py:202 - process_pdf - Processing dxweb file as BankUnited: dxweb (10).pdf
2025-04-03 10:52:55 - INFO - Arctaris rename_statements.py:1945 - main - Would rename to: BankUnited\2025-04\Bank United Arctaris-10 April 2025 Statement.pdf
2025-04-03 10:52:55 - INFO - Arctaris rename_statements.py:1925 - main - [2/110] Processing file: dxweb (11).pdf
2025-04-03 10:52:55 - INFO - Arctaris rename_statements.py:202 - process_pdf - Processing dxweb file as BankUnited: dxweb (11).pdf
2025-04-03 10:52:55 - INFO - Arctaris rename_statements.py:1932 - main - Extracted information: <__main__.StatementInfo object at 0x000002870B5581D0>
2025-04-03 10:52:55 - INFO - Arctaris rename_statements.py:202 - process_pdf - Processing dxweb file as BankUnited: dxweb (11).pdf
2025-04-03 10:52:55 - INFO - Arctaris rename_statements.py:1945 - main - Would rename to: BankUnited\2025-04\Bank United Arctaris-11 April 2025 Statement.pdf
2025-04-03 10:52:55 - INFO - Arctaris rename_statements.py:1925 - main - [3/110] Processing file: dxweb (12).pdf
2025-04-03 10:52:55 - INFO - Arctaris rename_statements.py:202 - process_pdf - Processing dxweb file as BankUnited: dxweb (12).pdf
2025-04-03 10:52:55 - INFO - Arctaris rename_statements.py:1932 - main - Extracted information: <__main__.StatementInfo object at 0x000002870D38BE60>
2025-04-03 10:52:55 - INFO - Arctaris rename_statements.py:202 - process_pdf - Processing dxweb file as BankUnited: dxweb (12).pdf
2025-04-03 10:52:55 - INFO - Arctaris rename_statements.py:1945 - main - Would rename to: BankUnited\2025-04\Bank United Arctaris-12 April 2025 Statement.pdf
2025-04-03 10:52:55 - INFO - Arctaris rename_statements.py:1925 - main - [4/110] Processing file: dxweb (13).pdf
2025-04-03 10:52:55 - INFO - Arctaris rename_statements.py:202 - process_pdf - Processing dxweb file as BankUnited: dxweb (13).pdf
2025-04-03 10:52:55 - INFO - Arctaris rename_statements.py:1932 - main - Extracted information: <__main__.StatementInfo object at 0x000002870D3B08C0>
2025-04-03 10:52:55 - INFO - Arctaris rename_statements.py:202 - process_pdf - Processing dxweb file as BankUnited: dxweb (13).pdf
2025-04-03 10:52:55 - INFO - Arctaris rename_statements.py:1945 - main - Would rename to: BankUnited\2025-04\Bank United Arctaris-13 April 2025 Statement.pdf
2025-04-03 10:52:55 - INFO - Arctaris rename_statements.py:1925 - main - [5/110] Processing file: dxweb (14).pdf
2025-04-03 10:52:55 - INFO - Arctaris rename_statements.py:202 - process_pdf - Processing dxweb file as BankUnited: dxweb (14).pdf
2025-04-03 10:52:55 - INFO - Arctaris rename_statements.py:1932 - main - Extracted information: <__main__.StatementInfo object at 0x000002870D3B0920>
2025-04-03 10:52:55 - INFO - Arctaris rename_statements.py:202 - process_pdf - Processing dxweb file as BankUnited: dxweb (14).pdf
2025-04-03 10:52:55 - INFO - Arctaris rename_statements.py:1945 - main - Would rename to: BankUnited\2025-04\Bank United Arctaris-14 April 2025 Statement.pdf
2025-04-03 10:52:55 - INFO - Arctaris rename_statements.py:1925 - main - [6/110] Processing file: dxweb (15).pdf
2025-04-03 10:52:55 - INFO - Arctaris rename_statements.py:202 - process_pdf - Processing dxweb file as BankUnited: dxweb (15).pdf
2025-04-03 10:52:55 - INFO - Arctaris rename_statements.py:1932 - main - Extracted information: <__main__.StatementInfo object at 0x000002870D3B0980>
2025-04-03 10:52:55 - INFO - Arctaris rename_statements.py:202 - process_pdf - Processing dxweb file as BankUnited: dxweb (15).pdf
2025-04-03 10:52:55 - INFO - Arctaris rename_statements.py:1945 - main - Would rename to: BankUnited\2025-04\Bank United Arctaris-15 April 2025 Statement.pdf
2025-04-03 10:52:55 - INFO - Arctaris rename_statements.py:1925 - main - [7/110] Processing file: dxweb (16).pdf
2025-04-03 10:52:55 - INFO - Arctaris rename_statements.py:202 - process_pdf - Processing dxweb file as BankUnited: dxweb (16).pdf
2025-04-03 10:52:55 - INFO - Arctaris rename_statements.py:1932 - main - Extracted information: <__main__.StatementInfo object at 0x000002870D3B09E0>
2025-04-03 10:52:55 - INFO - Arctaris rename_statements.py:202 - process_pdf - Processing dxweb file as BankUnited: dxweb (16).pdf
2025-04-03 10:52:55 - INFO - Arctaris rename_statements.py:1945 - main - Would rename to: BankUnited\2025-04\Bank United Arctaris-16 April 2025 Statement.pdf
2025-04-03 10:52:55 - INFO - Arctaris rename_statements.py:1925 - main - [8/110] Processing file: dxweb (17).pdf
2025-04-03 10:52:55 - INFO - Arctaris rename_statements.py:202 - process_pdf - Processing dxweb file as BankUnited: dxweb (17).pdf
2025-04-03 10:52:55 - INFO - Arctaris rename_statements.py:1932 - main - Extracted information: <__main__.StatementInfo object at 0x000002870D3B0A40>
2025-04-03 10:52:55 - INFO - Arctaris rename_statements.py:202 - process_pdf - Processing dxweb file as BankUnited: dxweb (17).pdf
2025-04-03 10:52:55 - INFO - Arctaris rename_statements.py:1945 - main - Would rename to: BankUnited\2025-04\Bank United Arctaris-17 April 2025 Statement.pdf
2025-04-03 10:52:55 - INFO - Arctaris rename_statements.py:1925 - main - [9/110] Processing file: dxweb (18).pdf
2025-04-03 10:52:55 - INFO - Arctaris rename_statements.py:202 - process_pdf - Processing dxweb file as BankUnited: dxweb (18).pdf
2025-04-03 10:52:55 - INFO - Arctaris rename_statements.py:1932 - main - Extracted information: <__main__.StatementInfo object at 0x000002870D38BC20>
2025-04-03 10:52:55 - INFO - Arctaris rename_statements.py:202 - process_pdf - Processing dxweb file as BankUnited: dxweb (18).pdf
2025-04-03 10:52:55 - INFO - Arctaris rename_statements.py:1945 - main - Would rename to: BankUnited\2025-04\Bank United Arctaris-18 April 2025 Statement.pdf
2025-04-03 10:52:55 - INFO - Arctaris rename_statements.py:1925 - main - [10/110] Processing file: dxweb (19).pdf
2025-04-03 10:52:55 - INFO - Arctaris rename_statements.py:202 - process_pdf - Processing dxweb file as BankUnited: dxweb (19).pdf
2025-04-03 10:52:55 - INFO - Arctaris rename_statements.py:1932 - main - Extracted information: <__main__.StatementInfo object at 0x000002870D38B410>
2025-04-03 10:52:55 - INFO - Arctaris rename_statements.py:202 - process_pdf - Processing dxweb file as BankUnited: dxweb (19).pdf
2025-04-03 10:52:55 - INFO - Arctaris rename_statements.py:1945 - main - Would rename to: BankUnited\2025-04\Bank United Arctaris-19 April 2025 Statement.pdf
2025-04-03 10:52:55 - INFO - Arctaris rename_statements.py:1925 - main - [11/110] Processing file: dxweb (20).pdf
2025-04-03 10:52:55 - INFO - Arctaris rename_statements.py:202 - process_pdf - Processing dxweb file as BankUnited: dxweb (20).pdf
2025-04-03 10:52:55 - INFO - Arctaris rename_statements.py:1932 - main - Extracted information: <__main__.StatementInfo object at 0x000002870D38BF20>
2025-04-03 10:52:55 - INFO - Arctaris rename_statements.py:202 - process_pdf - Processing dxweb file as BankUnited: dxweb (20).pdf
2025-04-03 10:52:55 - INFO - Arctaris rename_statements.py:1945 - main - Would rename to: BankUnited\2025-04\Bank United Arctaris-20 April 2025 Statement.pdf
2025-04-03 10:52:55 - INFO - Arctaris rename_statements.py:1925 - main - [12/110] Processing file: dxweb (21).pdf
2025-04-03 10:52:55 - INFO - Arctaris rename_statements.py:202 - process_pdf - Processing dxweb file as BankUnited: dxweb (21).pdf
2025-04-03 10:52:55 - INFO - Arctaris rename_statements.py:1932 - main - Extracted information: <__main__.StatementInfo object at 0x000002870D38BFB0>
2025-04-03 10:52:55 - INFO - Arctaris rename_statements.py:202 - process_pdf - Processing dxweb file as BankUnited: dxweb (21).pdf
2025-04-03 10:52:55 - INFO - Arctaris rename_statements.py:1945 - main - Would rename to: BankUnited\2025-04\Bank United Arctaris-21 April 2025 Statement.pdf
2025-04-03 10:52:55 - INFO - Arctaris rename_statements.py:1925 - main - [13/110] Processing file: dxweb (22).pdf
2025-04-03 10:52:55 - INFO - Arctaris rename_statements.py:202 - process_pdf - Processing dxweb file as BankUnited: dxweb (22).pdf
2025-04-03 10:52:55 - INFO - Arctaris rename_statements.py:1932 - main - Extracted information: <__main__.StatementInfo object at 0x000002870D38BEC0>
2025-04-03 10:52:55 - INFO - Arctaris rename_statements.py:202 - process_pdf - Processing dxweb file as BankUnited: dxweb (22).pdf
2025-04-03 10:52:55 - INFO - Arctaris rename_statements.py:1945 - main - Would rename to: BankUnited\2025-04\Bank United Arctaris-22 April 2025 Statement.pdf
2025-04-03 10:52:55 - INFO - Arctaris rename_statements.py:1925 - main - [14/110] Processing file: dxweb (23).pdf
2025-04-03 10:52:55 - INFO - Arctaris rename_statements.py:202 - process_pdf - Processing dxweb file as BankUnited: dxweb (23).pdf
2025-04-03 10:52:55 - INFO - Arctaris rename_statements.py:1932 - main - Extracted information: <__main__.StatementInfo object at 0x000002870D38BE00>
2025-04-03 10:52:55 - INFO - Arctaris rename_statements.py:202 - process_pdf - Processing dxweb file as BankUnited: dxweb (23).pdf
2025-04-03 10:52:55 - INFO - Arctaris rename_statements.py:1945 - main - Would rename to: BankUnited\2025-04\Bank United Arctaris-23 April 2025 Statement.pdf
2025-04-03 10:52:55 - INFO - Arctaris rename_statements.py:1925 - main - [15/110] Processing file: dxweb (24).pdf
2025-04-03 10:52:55 - INFO - Arctaris rename_statements.py:202 - process_pdf - Processing dxweb file as BankUnited: dxweb (24).pdf
2025-04-03 10:52:55 - INFO - Arctaris rename_statements.py:1932 - main - Extracted information: <__main__.StatementInfo object at 0x000002870D38BDA0>
2025-04-03 10:52:55 - INFO - Arctaris rename_statements.py:202 - process_pdf - Processing dxweb file as BankUnited: dxweb (24).pdf
2025-04-03 10:52:55 - INFO - Arctaris rename_statements.py:1945 - main - Would rename to: BankUnited\2025-04\Bank United Arctaris-24 April 2025 Statement.pdf
2025-04-03 10:52:55 - INFO - Arctaris rename_statements.py:1925 - main - [16/110] Processing file: dxweb (25).pdf
2025-04-03 10:52:55 - INFO - Arctaris rename_statements.py:202 - process_pdf - Processing dxweb file as BankUnited: dxweb (25).pdf
2025-04-03 10:52:55 - INFO - Arctaris rename_statements.py:1932 - main - Extracted information: <__main__.StatementInfo object at 0x000002870D38BCE0>
2025-04-03 10:52:55 - INFO - Arctaris rename_statements.py:202 - process_pdf - Processing dxweb file as BankUnited: dxweb (25).pdf
2025-04-03 10:52:55 - INFO - Arctaris rename_statements.py:1945 - main - Would rename to: BankUnited\2025-04\Bank United Arctaris-25 April 2025 Statement.pdf
2025-04-03 10:52:55 - INFO - Arctaris rename_statements.py:1925 - main - [17/110] Processing file: dxweb (26).pdf
2025-04-03 10:52:55 - INFO - Arctaris rename_statements.py:202 - process_pdf - Processing dxweb file as BankUnited: dxweb (26).pdf
2025-04-03 10:52:55 - INFO - Arctaris rename_statements.py:1932 - main - Extracted information: <__main__.StatementInfo object at 0x000002870D38BCB0>
2025-04-03 10:52:55 - INFO - Arctaris rename_statements.py:202 - process_pdf - Processing dxweb file as BankUnited: dxweb (26).pdf
2025-04-03 10:52:55 - INFO - Arctaris rename_statements.py:1945 - main - Would rename to: BankUnited\2025-04\Bank United Arctaris-26 April 2025 Statement.pdf
2025-04-03 10:52:55 - INFO - Arctaris rename_statements.py:1925 - main - [18/110] Processing file: dxweb (27).pdf
2025-04-03 10:52:55 - INFO - Arctaris rename_statements.py:202 - process_pdf - Processing dxweb file as BankUnited: dxweb (27).pdf
2025-04-03 10:52:55 - INFO - Arctaris rename_statements.py:1932 - main - Extracted information: <__main__.StatementInfo object at 0x000002870D38BC80>
2025-04-03 10:52:55 - INFO - Arctaris rename_statements.py:202 - process_pdf - Processing dxweb file as BankUnited: dxweb (27).pdf
2025-04-03 10:52:55 - INFO - Arctaris rename_statements.py:1945 - main - Would rename to: BankUnited\2025-04\Bank United Arctaris-27 April 2025 Statement.pdf
2025-04-03 10:52:55 - INFO - Arctaris rename_statements.py:1925 - main - [19/110] Processing file: dxweb (28).pdf
2025-04-03 10:52:55 - INFO - Arctaris rename_statements.py:202 - process_pdf - Processing dxweb file as BankUnited: dxweb (28).pdf
2025-04-03 10:52:55 - INFO - Arctaris rename_statements.py:1932 - main - Extracted information: <__main__.StatementInfo object at 0x000002870D38AE70>
2025-04-03 10:52:55 - INFO - Arctaris rename_statements.py:202 - process_pdf - Processing dxweb file as BankUnited: dxweb (28).pdf
2025-04-03 10:52:55 - INFO - Arctaris rename_statements.py:1945 - main - Would rename to: BankUnited\2025-04\Bank United Arctaris-28 April 2025 Statement.pdf
2025-04-03 10:52:55 - INFO - Arctaris rename_statements.py:1925 - main - [20/110] Processing file: dxweb (29).pdf
2025-04-03 10:52:55 - INFO - Arctaris rename_statements.py:202 - process_pdf - Processing dxweb file as BankUnited: dxweb (29).pdf
2025-04-03 10:52:55 - INFO - Arctaris rename_statements.py:1932 - main - Extracted information: <__main__.StatementInfo object at 0x000002870D388080>
2025-04-03 10:52:55 - INFO - Arctaris rename_statements.py:202 - process_pdf - Processing dxweb file as BankUnited: dxweb (29).pdf
2025-04-03 10:52:55 - INFO - Arctaris rename_statements.py:1945 - main - Would rename to: BankUnited\2025-04\Bank United Arctaris-29 April 2025 Statement.pdf
2025-04-03 10:52:55 - INFO - Arctaris rename_statements.py:1920 - main - 
Processing batch 2 (21-40 of 110)
2025-04-03 10:52:55 - INFO - Arctaris rename_statements.py:1925 - main - [21/110] Processing file: dxweb (30).pdf
2025-04-03 10:52:55 - INFO - Arctaris rename_statements.py:202 - process_pdf - Processing dxweb file as BankUnited: dxweb (30).pdf
2025-04-03 10:52:55 - INFO - Arctaris rename_statements.py:1932 - main - Extracted information: <__main__.StatementInfo object at 0x000002870D388860>
2025-04-03 10:52:55 - INFO - Arctaris rename_statements.py:202 - process_pdf - Processing dxweb file as BankUnited: dxweb (30).pdf
2025-04-03 10:52:55 - INFO - Arctaris rename_statements.py:1945 - main - Would rename to: BankUnited\2025-04\Bank United Arctaris-30 April 2025 Statement.pdf
2025-04-03 10:52:55 - INFO - Arctaris rename_statements.py:1925 - main - [22/110] Processing file: dxweb (31).pdf
2025-04-03 10:52:55 - INFO - Arctaris rename_statements.py:202 - process_pdf - Processing dxweb file as BankUnited: dxweb (31).pdf
2025-04-03 10:52:55 - INFO - Arctaris rename_statements.py:1932 - main - Extracted information: <__main__.StatementInfo object at 0x000002870B5ED0D0>
2025-04-03 10:52:55 - INFO - Arctaris rename_statements.py:202 - process_pdf - Processing dxweb file as BankUnited: dxweb (31).pdf
2025-04-03 10:52:55 - INFO - Arctaris rename_statements.py:1945 - main - Would rename to: BankUnited\2025-04\Bank United Arctaris-31 April 2025 Statement.pdf
2025-04-03 10:52:55 - INFO - Arctaris rename_statements.py:1925 - main - [23/110] Processing file: dxweb (32).pdf
2025-04-03 10:52:55 - INFO - Arctaris rename_statements.py:202 - process_pdf - Processing dxweb file as BankUnited: dxweb (32).pdf
2025-04-03 10:52:55 - INFO - Arctaris rename_statements.py:1932 - main - Extracted information: <__main__.StatementInfo object at 0x000002870D344B30>
2025-04-03 10:52:55 - INFO - Arctaris rename_statements.py:202 - process_pdf - Processing dxweb file as BankUnited: dxweb (32).pdf
2025-04-03 10:52:55 - INFO - Arctaris rename_statements.py:1945 - main - Would rename to: BankUnited\2025-04\Bank United Arctaris-32 April 2025 Statement.pdf
2025-04-03 10:52:55 - INFO - Arctaris rename_statements.py:1925 - main - [24/110] Processing file: dxweb (33).pdf
2025-04-03 10:52:55 - INFO - Arctaris rename_statements.py:202 - process_pdf - Processing dxweb file as BankUnited: dxweb (33).pdf
2025-04-03 10:52:55 - INFO - Arctaris rename_statements.py:1932 - main - Extracted information: <__main__.StatementInfo object at 0x000002870D38AC90>
2025-04-03 10:52:55 - INFO - Arctaris rename_statements.py:202 - process_pdf - Processing dxweb file as BankUnited: dxweb (33).pdf
2025-04-03 10:52:55 - INFO - Arctaris rename_statements.py:1945 - main - Would rename to: BankUnited\2025-04\Bank United Arctaris-33 April 2025 Statement.pdf
2025-04-03 10:52:55 - INFO - Arctaris rename_statements.py:1925 - main - [25/110] Processing file: dxweb (34).pdf
2025-04-03 10:52:55 - INFO - Arctaris rename_statements.py:202 - process_pdf - Processing dxweb file as BankUnited: dxweb (34).pdf
2025-04-03 10:52:55 - INFO - Arctaris rename_statements.py:1932 - main - Extracted information: <__main__.StatementInfo object at 0x000002870D38AE10>
2025-04-03 10:52:55 - INFO - Arctaris rename_statements.py:202 - process_pdf - Processing dxweb file as BankUnited: dxweb (34).pdf
2025-04-03 10:52:55 - INFO - Arctaris rename_statements.py:1945 - main - Would rename to: BankUnited\2025-04\Bank United Arctaris-34 April 2025 Statement.pdf
2025-04-03 10:52:55 - INFO - Arctaris rename_statements.py:1925 - main - [26/110] Processing file: dxweb (35).pdf
2025-04-03 10:52:55 - INFO - Arctaris rename_statements.py:202 - process_pdf - Processing dxweb file as BankUnited: dxweb (35).pdf
2025-04-03 10:52:55 - INFO - Arctaris rename_statements.py:1932 - main - Extracted information: <__main__.StatementInfo object at 0x000002870D388AD0>
2025-04-03 10:52:55 - INFO - Arctaris rename_statements.py:202 - process_pdf - Processing dxweb file as BankUnited: dxweb (35).pdf
2025-04-03 10:52:55 - INFO - Arctaris rename_statements.py:1945 - main - Would rename to: BankUnited\2025-04\Bank United Arctaris-35 April 2025 Statement.pdf
2025-04-03 10:52:55 - INFO - Arctaris rename_statements.py:1925 - main - [27/110] Processing file: dxweb (8).pdf
2025-04-03 10:52:55 - INFO - Arctaris rename_statements.py:202 - process_pdf - Processing dxweb file as BankUnited: dxweb (8).pdf
2025-04-03 10:52:55 - INFO - Arctaris rename_statements.py:1932 - main - Extracted information: <__main__.StatementInfo object at 0x000002870D3880E0>
2025-04-03 10:52:55 - INFO - Arctaris rename_statements.py:202 - process_pdf - Processing dxweb file as BankUnited: dxweb (8).pdf
2025-04-03 10:52:55 - INFO - Arctaris rename_statements.py:1945 - main - Would rename to: BankUnited\2025-04\Bank United Arctaris-8 April 2025 Statement.pdf
2025-04-03 10:52:55 - INFO - Arctaris rename_statements.py:1925 - main - [28/110] Processing file: dxweb (9).pdf
2025-04-03 10:52:55 - INFO - Arctaris rename_statements.py:202 - process_pdf - Processing dxweb file as BankUnited: dxweb (9).pdf
2025-04-03 10:52:55 - INFO - Arctaris rename_statements.py:1932 - main - Extracted information: <__main__.StatementInfo object at 0x000002870D38AB10>
2025-04-03 10:52:55 - INFO - Arctaris rename_statements.py:202 - process_pdf - Processing dxweb file as BankUnited: dxweb (9).pdf
2025-04-03 10:52:55 - INFO - Arctaris rename_statements.py:1945 - main - Would rename to: BankUnited\2025-04\Bank United Arctaris-9 April 2025 Statement.pdf
2025-04-03 10:52:55 - INFO - Arctaris rename_statements.py:1925 - main - [29/110] Processing file: NewStatement (1).pdf
2025-04-03 10:52:55 - WARNING - Arctaris rename_statements.py:241 - process_pdf - Limited text extracted from newstatement (1).pdf, attempting filename-based detection
2025-04-03 10:52:55 - INFO - Arctaris rename_statements.py:252 - process_pdf - Using filename-based detection: Classified as Berkshire
2025-04-03 10:52:55 - INFO - Arctaris rename_statements.py:1932 - main - Extracted information: <__main__.StatementInfo object at 0x000002870D3897C0>
2025-04-03 10:52:55 - WARNING - Arctaris rename_statements.py:241 - process_pdf - Limited text extracted from newstatement (1).pdf, attempting filename-based detection
2025-04-03 10:52:55 - INFO - Arctaris rename_statements.py:252 - process_pdf - Using filename-based detection: Classified as Berkshire
2025-04-03 10:52:55 - INFO - Arctaris rename_statements.py:1945 - main - Would rename to: Berkshire\2025-04\0000 - ARCTARIS FUND-20250403.pdf
2025-04-03 10:52:55 - INFO - Arctaris rename_statements.py:1925 - main - [30/110] Processing file: NewStatement (2).pdf
2025-04-03 10:52:55 - WARNING - Arctaris rename_statements.py:241 - process_pdf - Limited text extracted from newstatement (2).pdf, attempting filename-based detection
2025-04-03 10:52:55 - INFO - Arctaris rename_statements.py:252 - process_pdf - Using filename-based detection: Classified as Berkshire
2025-04-03 10:52:55 - INFO - Arctaris rename_statements.py:1932 - main - Extracted information: <__main__.StatementInfo object at 0x000002870D3E3380>
2025-04-03 10:52:55 - WARNING - Arctaris rename_statements.py:241 - process_pdf - Limited text extracted from newstatement (2).pdf, attempting filename-based detection
2025-04-03 10:52:55 - INFO - Arctaris rename_statements.py:252 - process_pdf - Using filename-based detection: Classified as Berkshire
2025-04-03 10:52:55 - INFO - Arctaris rename_statements.py:1945 - main - Would rename to: Berkshire\2025-04\0000 - ARCTARIS FUND-20250403.pdf
2025-04-03 10:52:55 - INFO - Arctaris rename_statements.py:1925 - main - [31/110] Processing file: NewStatement (3).pdf
2025-04-03 10:52:55 - WARNING - Arctaris rename_statements.py:241 - process_pdf - Limited text extracted from newstatement (3).pdf, attempting filename-based detection
2025-04-03 10:52:55 - INFO - Arctaris rename_statements.py:252 - process_pdf - Using filename-based detection: Classified as Berkshire
2025-04-03 10:52:55 - INFO - Arctaris rename_statements.py:1932 - main - Extracted information: <__main__.StatementInfo object at 0x000002870D835FA0>
2025-04-03 10:52:55 - WARNING - Arctaris rename_statements.py:241 - process_pdf - Limited text extracted from newstatement (3).pdf, attempting filename-based detection
2025-04-03 10:52:55 - INFO - Arctaris rename_statements.py:252 - process_pdf - Using filename-based detection: Classified as Berkshire
2025-04-03 10:52:55 - INFO - Arctaris rename_statements.py:1945 - main - Would rename to: Berkshire\2025-04\0000 - ARCTARIS FUND-20250403.pdf
2025-04-03 10:52:55 - INFO - Arctaris rename_statements.py:1925 - main - [32/110] Processing file: NewStatement.pdf
2025-04-03 10:52:55 - WARNING - Arctaris rename_statements.py:241 - process_pdf - Limited text extracted from newstatement.pdf, attempting filename-based detection
2025-04-03 10:52:55 - INFO - Arctaris rename_statements.py:252 - process_pdf - Using filename-based detection: Classified as Berkshire
2025-04-03 10:52:55 - INFO - Arctaris rename_statements.py:1932 - main - Extracted information: <__main__.StatementInfo object at 0x000002870D8B3EC0>
2025-04-03 10:52:55 - WARNING - Arctaris rename_statements.py:241 - process_pdf - Limited text extracted from newstatement.pdf, attempting filename-based detection
2025-04-03 10:52:55 - INFO - Arctaris rename_statements.py:252 - process_pdf - Using filename-based detection: Classified as Berkshire
2025-04-03 10:52:55 - INFO - Arctaris rename_statements.py:1945 - main - Would rename to: Berkshire\2025-04\0000 - ARCTARIS FUND-20250403.pdf
2025-04-03 10:52:55 - INFO - Arctaris rename_statements.py:1925 - main - [33/110] Processing file: Online Statements_2025-02-28 (1).pdf
2025-04-03 10:52:55 - INFO - Arctaris rename_statements.py:170 - process_pdf - Processing Online Statements file as Cambridge: Online Statements_2025-02-28 (1).pdf
2025-04-03 10:52:55 - INFO - Arctaris rename_statements.py:1932 - main - Extracted information: <__main__.StatementInfo object at 0x000002870D362120>
2025-04-03 10:52:55 - INFO - Arctaris rename_statements.py:170 - process_pdf - Processing Online Statements file as Cambridge: Online Statements_2025-02-28 (1).pdf
2025-04-03 10:52:55 - INFO - Arctaris rename_statements.py:1945 - main - Would rename to: Cambridge\2025-02\Arctaris-1 0001 February 2025.pdf
2025-04-03 10:52:55 - INFO - Arctaris rename_statements.py:1925 - main - [34/110] Processing file: Online Statements_2025-02-28 (10).pdf
2025-04-03 10:52:55 - INFO - Arctaris rename_statements.py:170 - process_pdf - Processing Online Statements file as Cambridge: Online Statements_2025-02-28 (10).pdf
2025-04-03 10:52:55 - INFO - Arctaris rename_statements.py:1932 - main - Extracted information: <__main__.StatementInfo object at 0x000002870D8B3FB0>
2025-04-03 10:52:55 - INFO - Arctaris rename_statements.py:170 - process_pdf - Processing Online Statements file as Cambridge: Online Statements_2025-02-28 (10).pdf
2025-04-03 10:52:55 - INFO - Arctaris rename_statements.py:1945 - main - Would rename to: Cambridge\2025-02\Arctaris-10 0010 February 2025.pdf
2025-04-03 10:52:55 - INFO - Arctaris rename_statements.py:1925 - main - [35/110] Processing file: Online Statements_2025-02-28 (11).pdf
2025-04-03 10:52:55 - INFO - Arctaris rename_statements.py:170 - process_pdf - Processing Online Statements file as Cambridge: Online Statements_2025-02-28 (11).pdf
2025-04-03 10:52:55 - INFO - Arctaris rename_statements.py:1932 - main - Extracted information: <__main__.StatementInfo object at 0x000002870D3623C0>
2025-04-03 10:52:55 - INFO - Arctaris rename_statements.py:170 - process_pdf - Processing Online Statements file as Cambridge: Online Statements_2025-02-28 (11).pdf
2025-04-03 10:52:55 - INFO - Arctaris rename_statements.py:1945 - main - Would rename to: Cambridge\2025-02\Arctaris-11 0011 February 2025.pdf
2025-04-03 10:52:55 - INFO - Arctaris rename_statements.py:1925 - main - [36/110] Processing file: Online Statements_2025-02-28 (12).pdf
2025-04-03 10:52:55 - INFO - Arctaris rename_statements.py:170 - process_pdf - Processing Online Statements file as Cambridge: Online Statements_2025-02-28 (12).pdf
2025-04-03 10:52:55 - INFO - Arctaris rename_statements.py:1932 - main - Extracted information: <__main__.StatementInfo object at 0x000002870D834E00>
2025-04-03 10:52:55 - INFO - Arctaris rename_statements.py:170 - process_pdf - Processing Online Statements file as Cambridge: Online Statements_2025-02-28 (12).pdf
2025-04-03 10:52:55 - INFO - Arctaris rename_statements.py:1945 - main - Would rename to: Cambridge\2025-02\Arctaris-12 0012 February 2025.pdf
2025-04-03 10:52:55 - INFO - Arctaris rename_statements.py:1925 - main - [37/110] Processing file: Online Statements_2025-02-28 (13).pdf
2025-04-03 10:52:55 - INFO - Arctaris rename_statements.py:170 - process_pdf - Processing Online Statements file as Cambridge: Online Statements_2025-02-28 (13).pdf
2025-04-03 10:52:55 - INFO - Arctaris rename_statements.py:1932 - main - Extracted information: <__main__.StatementInfo object at 0x000002870D8352E0>
2025-04-03 10:52:55 - INFO - Arctaris rename_statements.py:170 - process_pdf - Processing Online Statements file as Cambridge: Online Statements_2025-02-28 (13).pdf
2025-04-03 10:52:55 - INFO - Arctaris rename_statements.py:1945 - main - Would rename to: Cambridge\2025-02\Arctaris-13 0013 February 2025.pdf
2025-04-03 10:52:55 - INFO - Arctaris rename_statements.py:1925 - main - [38/110] Processing file: Online Statements_2025-02-28 (2).pdf
2025-04-03 10:52:55 - INFO - Arctaris rename_statements.py:170 - process_pdf - Processing Online Statements file as Cambridge: Online Statements_2025-02-28 (2).pdf
2025-04-03 10:52:55 - INFO - Arctaris rename_statements.py:1932 - main - Extracted information: <__main__.StatementInfo object at 0x000002870D836A80>
2025-04-03 10:52:55 - INFO - Arctaris rename_statements.py:170 - process_pdf - Processing Online Statements file as Cambridge: Online Statements_2025-02-28 (2).pdf
2025-04-03 10:52:55 - INFO - Arctaris rename_statements.py:1945 - main - Would rename to: Cambridge\2025-02\Arctaris-2 0002 February 2025.pdf
2025-04-03 10:52:55 - INFO - Arctaris rename_statements.py:1925 - main - [39/110] Processing file: Online Statements_2025-02-28 (3).pdf
2025-04-03 10:52:55 - INFO - Arctaris rename_statements.py:170 - process_pdf - Processing Online Statements file as Cambridge: Online Statements_2025-02-28 (3).pdf
2025-04-03 10:52:55 - INFO - Arctaris rename_statements.py:1932 - main - Extracted information: <__main__.StatementInfo object at 0x000002870D8353D0>
2025-04-03 10:52:55 - INFO - Arctaris rename_statements.py:170 - process_pdf - Processing Online Statements file as Cambridge: Online Statements_2025-02-28 (3).pdf
2025-04-03 10:52:55 - INFO - Arctaris rename_statements.py:1945 - main - Would rename to: Cambridge\2025-02\Arctaris-3 0003 February 2025.pdf
2025-04-03 10:52:55 - INFO - Arctaris rename_statements.py:1925 - main - [40/110] Processing file: Online Statements_2025-02-28 (4).pdf
2025-04-03 10:52:55 - INFO - Arctaris rename_statements.py:170 - process_pdf - Processing Online Statements file as Cambridge: Online Statements_2025-02-28 (4).pdf
2025-04-03 10:52:55 - INFO - Arctaris rename_statements.py:1932 - main - Extracted information: <__main__.StatementInfo object at 0x000002870D8352B0>
2025-04-03 10:52:55 - INFO - Arctaris rename_statements.py:170 - process_pdf - Processing Online Statements file as Cambridge: Online Statements_2025-02-28 (4).pdf
2025-04-03 10:52:55 - INFO - Arctaris rename_statements.py:1945 - main - Would rename to: Cambridge\2025-02\Arctaris-4 0004 February 2025.pdf
2025-04-03 10:52:55 - INFO - Arctaris rename_statements.py:1920 - main - 
Processing batch 3 (41-60 of 110)
2025-04-03 10:52:55 - INFO - Arctaris rename_statements.py:1925 - main - [41/110] Processing file: Online Statements_2025-02-28 (5).pdf
2025-04-03 10:52:55 - INFO - Arctaris rename_statements.py:170 - process_pdf - Processing Online Statements file as Cambridge: Online Statements_2025-02-28 (5).pdf
2025-04-03 10:52:55 - INFO - Arctaris rename_statements.py:1932 - main - Extracted information: <__main__.StatementInfo object at 0x000002870D8350A0>
2025-04-03 10:52:55 - INFO - Arctaris rename_statements.py:170 - process_pdf - Processing Online Statements file as Cambridge: Online Statements_2025-02-28 (5).pdf
2025-04-03 10:52:55 - INFO - Arctaris rename_statements.py:1945 - main - Would rename to: Cambridge\2025-02\Arctaris-5 0005 February 2025.pdf
2025-04-03 10:52:55 - INFO - Arctaris rename_statements.py:1925 - main - [42/110] Processing file: Online Statements_2025-02-28 (6).pdf
2025-04-03 10:52:55 - INFO - Arctaris rename_statements.py:170 - process_pdf - Processing Online Statements file as Cambridge: Online Statements_2025-02-28 (6).pdf
2025-04-03 10:52:55 - INFO - Arctaris rename_statements.py:1932 - main - Extracted information: <__main__.StatementInfo object at 0x000002870D834F80>
2025-04-03 10:52:55 - INFO - Arctaris rename_statements.py:170 - process_pdf - Processing Online Statements file as Cambridge: Online Statements_2025-02-28 (6).pdf
2025-04-03 10:52:55 - INFO - Arctaris rename_statements.py:1945 - main - Would rename to: Cambridge\2025-02\Arctaris-6 0006 February 2025.pdf
2025-04-03 10:52:55 - INFO - Arctaris rename_statements.py:1925 - main - [43/110] Processing file: Online Statements_2025-02-28 (7).pdf
2025-04-03 10:52:55 - INFO - Arctaris rename_statements.py:170 - process_pdf - Processing Online Statements file as Cambridge: Online Statements_2025-02-28 (7).pdf
2025-04-03 10:52:55 - INFO - Arctaris rename_statements.py:1932 - main - Extracted information: <__main__.StatementInfo object at 0x000002870D834E30>
2025-04-03 10:52:55 - INFO - Arctaris rename_statements.py:170 - process_pdf - Processing Online Statements file as Cambridge: Online Statements_2025-02-28 (7).pdf
2025-04-03 10:52:55 - INFO - Arctaris rename_statements.py:1945 - main - Would rename to: Cambridge\2025-02\Arctaris-7 0007 February 2025.pdf
2025-04-03 10:52:55 - INFO - Arctaris rename_statements.py:1925 - main - [44/110] Processing file: Online Statements_2025-02-28 (8).pdf
2025-04-03 10:52:55 - INFO - Arctaris rename_statements.py:170 - process_pdf - Processing Online Statements file as Cambridge: Online Statements_2025-02-28 (8).pdf
2025-04-03 10:52:55 - INFO - Arctaris rename_statements.py:1932 - main - Extracted information: <__main__.StatementInfo object at 0x000002870D8368D0>
2025-04-03 10:52:55 - INFO - Arctaris rename_statements.py:170 - process_pdf - Processing Online Statements file as Cambridge: Online Statements_2025-02-28 (8).pdf
2025-04-03 10:52:55 - INFO - Arctaris rename_statements.py:1945 - main - Would rename to: Cambridge\2025-02\Arctaris-8 0008 February 2025.pdf
2025-04-03 10:52:55 - INFO - Arctaris rename_statements.py:1925 - main - [45/110] Processing file: Online Statements_2025-02-28 (9).pdf
2025-04-03 10:52:55 - INFO - Arctaris rename_statements.py:170 - process_pdf - Processing Online Statements file as Cambridge: Online Statements_2025-02-28 (9).pdf
2025-04-03 10:52:55 - INFO - Arctaris rename_statements.py:1932 - main - Extracted information: <__main__.StatementInfo object at 0x000002870D836C30>
2025-04-03 10:52:55 - INFO - Arctaris rename_statements.py:170 - process_pdf - Processing Online Statements file as Cambridge: Online Statements_2025-02-28 (9).pdf
2025-04-03 10:52:55 - INFO - Arctaris rename_statements.py:1945 - main - Would rename to: Cambridge\2025-02\Arctaris-9 0009 February 2025.pdf
2025-04-03 10:52:55 - INFO - Arctaris rename_statements.py:1925 - main - [46/110] Processing file: Online Statements_2025-02-28.pdf
2025-04-03 10:52:55 - INFO - Arctaris rename_statements.py:170 - process_pdf - Processing Online Statements file as Cambridge: Online Statements_2025-02-28.pdf
2025-04-03 10:52:55 - INFO - Arctaris rename_statements.py:1932 - main - Extracted information: <__main__.StatementInfo object at 0x000002870D836C90>
2025-04-03 10:52:55 - INFO - Arctaris rename_statements.py:170 - process_pdf - Processing Online Statements file as Cambridge: Online Statements_2025-02-28.pdf
2025-04-03 10:52:55 - INFO - Arctaris rename_statements.py:1945 - main - Would rename to: Cambridge\2025-02\Arctaris 0000 February 2025.pdf
2025-04-03 10:52:55 - INFO - Arctaris rename_statements.py:1925 - main - [47/110] Processing file: Online Statements_2025-03-31 (1).pdf
2025-04-03 10:52:55 - INFO - Arctaris rename_statements.py:170 - process_pdf - Processing Online Statements file as Cambridge: Online Statements_2025-03-31 (1).pdf
2025-04-03 10:52:55 - INFO - Arctaris rename_statements.py:1932 - main - Extracted information: <__main__.StatementInfo object at 0x000002870D834B60>
2025-04-03 10:52:55 - INFO - Arctaris rename_statements.py:170 - process_pdf - Processing Online Statements file as Cambridge: Online Statements_2025-03-31 (1).pdf
2025-04-03 10:52:55 - INFO - Arctaris rename_statements.py:1945 - main - Would rename to: Cambridge\2025-03\Arctaris-1 0001 March 2025.pdf
2025-04-03 10:52:55 - INFO - Arctaris rename_statements.py:1925 - main - [48/110] Processing file: Online Statements_2025-03-31 (10).pdf
2025-04-03 10:52:55 - INFO - Arctaris rename_statements.py:170 - process_pdf - Processing Online Statements file as Cambridge: Online Statements_2025-03-31 (10).pdf
2025-04-03 10:52:55 - INFO - Arctaris rename_statements.py:1932 - main - Extracted information: <__main__.StatementInfo object at 0x000002870D834CE0>
2025-04-03 10:52:55 - INFO - Arctaris rename_statements.py:170 - process_pdf - Processing Online Statements file as Cambridge: Online Statements_2025-03-31 (10).pdf
2025-04-03 10:52:55 - INFO - Arctaris rename_statements.py:1945 - main - Would rename to: Cambridge\2025-03\Arctaris-10 0010 March 2025.pdf
2025-04-03 10:52:55 - INFO - Arctaris rename_statements.py:1925 - main - [49/110] Processing file: Online Statements_2025-03-31 (11).pdf
2025-04-03 10:52:55 - INFO - Arctaris rename_statements.py:170 - process_pdf - Processing Online Statements file as Cambridge: Online Statements_2025-03-31 (11).pdf
2025-04-03 10:52:55 - INFO - Arctaris rename_statements.py:1932 - main - Extracted information: <__main__.StatementInfo object at 0x000002870D8372F0>
2025-04-03 10:52:55 - INFO - Arctaris rename_statements.py:170 - process_pdf - Processing Online Statements file as Cambridge: Online Statements_2025-03-31 (11).pdf
2025-04-03 10:52:55 - INFO - Arctaris rename_statements.py:1945 - main - Would rename to: Cambridge\2025-03\Arctaris-11 0011 March 2025.pdf
2025-04-03 10:52:55 - INFO - Arctaris rename_statements.py:1925 - main - [50/110] Processing file: Online Statements_2025-03-31 (12).pdf
2025-04-03 10:52:55 - INFO - Arctaris rename_statements.py:170 - process_pdf - Processing Online Statements file as Cambridge: Online Statements_2025-03-31 (12).pdf
2025-04-03 10:52:55 - INFO - Arctaris rename_statements.py:1932 - main - Extracted information: <__main__.StatementInfo object at 0x000002870D8373E0>
2025-04-03 10:52:55 - INFO - Arctaris rename_statements.py:170 - process_pdf - Processing Online Statements file as Cambridge: Online Statements_2025-03-31 (12).pdf
2025-04-03 10:52:55 - INFO - Arctaris rename_statements.py:1945 - main - Would rename to: Cambridge\2025-03\Arctaris-12 0012 March 2025.pdf
2025-04-03 10:52:55 - INFO - Arctaris rename_statements.py:1925 - main - [51/110] Processing file: Online Statements_2025-03-31 (13).pdf
2025-04-03 10:52:55 - INFO - Arctaris rename_statements.py:170 - process_pdf - Processing Online Statements file as Cambridge: Online Statements_2025-03-31 (13).pdf
2025-04-03 10:52:55 - INFO - Arctaris rename_statements.py:1932 - main - Extracted information: <__main__.StatementInfo object at 0x000002870D837410>
2025-04-03 10:52:55 - INFO - Arctaris rename_statements.py:170 - process_pdf - Processing Online Statements file as Cambridge: Online Statements_2025-03-31 (13).pdf
2025-04-03 10:52:55 - INFO - Arctaris rename_statements.py:1945 - main - Would rename to: Cambridge\2025-03\Arctaris-13 0013 March 2025.pdf
2025-04-03 10:52:55 - INFO - Arctaris rename_statements.py:1925 - main - [52/110] Processing file: Online Statements_2025-03-31 (2).pdf
2025-04-03 10:52:55 - INFO - Arctaris rename_statements.py:170 - process_pdf - Processing Online Statements file as Cambridge: Online Statements_2025-03-31 (2).pdf
2025-04-03 10:52:55 - INFO - Arctaris rename_statements.py:1932 - main - Extracted information: <__main__.StatementInfo object at 0x000002870D835E80>
2025-04-03 10:52:55 - INFO - Arctaris rename_statements.py:170 - process_pdf - Processing Online Statements file as Cambridge: Online Statements_2025-03-31 (2).pdf
2025-04-03 10:52:55 - INFO - Arctaris rename_statements.py:1945 - main - Would rename to: Cambridge\2025-03\Arctaris-2 0002 March 2025.pdf
2025-04-03 10:52:55 - INFO - Arctaris rename_statements.py:1925 - main - [53/110] Processing file: Online Statements_2025-03-31 (3).pdf
2025-04-03 10:52:55 - INFO - Arctaris rename_statements.py:170 - process_pdf - Processing Online Statements file as Cambridge: Online Statements_2025-03-31 (3).pdf
2025-04-03 10:52:55 - INFO - Arctaris rename_statements.py:1932 - main - Extracted information: <__main__.StatementInfo object at 0x000002870D837AA0>
2025-04-03 10:52:55 - INFO - Arctaris rename_statements.py:170 - process_pdf - Processing Online Statements file as Cambridge: Online Statements_2025-03-31 (3).pdf
2025-04-03 10:52:55 - INFO - Arctaris rename_statements.py:1945 - main - Would rename to: Cambridge\2025-03\Arctaris-3 0003 March 2025.pdf
2025-04-03 10:52:55 - INFO - Arctaris rename_statements.py:1925 - main - [54/110] Processing file: Online Statements_2025-03-31 (4).pdf
2025-04-03 10:52:55 - INFO - Arctaris rename_statements.py:170 - process_pdf - Processing Online Statements file as Cambridge: Online Statements_2025-03-31 (4).pdf
2025-04-03 10:52:55 - INFO - Arctaris rename_statements.py:1932 - main - Extracted information: <__main__.StatementInfo object at 0x000002870D8375C0>
2025-04-03 10:52:55 - INFO - Arctaris rename_statements.py:170 - process_pdf - Processing Online Statements file as Cambridge: Online Statements_2025-03-31 (4).pdf
2025-04-03 10:52:55 - INFO - Arctaris rename_statements.py:1945 - main - Would rename to: Cambridge\2025-03\Arctaris-4 0004 March 2025.pdf
2025-04-03 10:52:55 - INFO - Arctaris rename_statements.py:1925 - main - [55/110] Processing file: Online Statements_2025-03-31 (5).pdf
2025-04-03 10:52:55 - INFO - Arctaris rename_statements.py:170 - process_pdf - Processing Online Statements file as Cambridge: Online Statements_2025-03-31 (5).pdf
2025-04-03 10:52:55 - INFO - Arctaris rename_statements.py:1932 - main - Extracted information: <__main__.StatementInfo object at 0x000002870D837530>
2025-04-03 10:52:55 - INFO - Arctaris rename_statements.py:170 - process_pdf - Processing Online Statements file as Cambridge: Online Statements_2025-03-31 (5).pdf
2025-04-03 10:52:55 - INFO - Arctaris rename_statements.py:1945 - main - Would rename to: Cambridge\2025-03\Arctaris-5 0005 March 2025.pdf
2025-04-03 10:52:55 - INFO - Arctaris rename_statements.py:1925 - main - [56/110] Processing file: Online Statements_2025-03-31 (6).pdf
2025-04-03 10:52:55 - INFO - Arctaris rename_statements.py:170 - process_pdf - Processing Online Statements file as Cambridge: Online Statements_2025-03-31 (6).pdf
2025-04-03 10:52:55 - INFO - Arctaris rename_statements.py:1932 - main - Extracted information: <__main__.StatementInfo object at 0x000002870D8379E0>
2025-04-03 10:52:55 - INFO - Arctaris rename_statements.py:170 - process_pdf - Processing Online Statements file as Cambridge: Online Statements_2025-03-31 (6).pdf
2025-04-03 10:52:55 - INFO - Arctaris rename_statements.py:1945 - main - Would rename to: Cambridge\2025-03\Arctaris-6 0006 March 2025.pdf
2025-04-03 10:52:55 - INFO - Arctaris rename_statements.py:1925 - main - [57/110] Processing file: Online Statements_2025-03-31 (7).pdf
2025-04-03 10:52:55 - INFO - Arctaris rename_statements.py:170 - process_pdf - Processing Online Statements file as Cambridge: Online Statements_2025-03-31 (7).pdf
2025-04-03 10:52:55 - INFO - Arctaris rename_statements.py:1932 - main - Extracted information: <__main__.StatementInfo object at 0x000002870D834BC0>
2025-04-03 10:52:55 - INFO - Arctaris rename_statements.py:170 - process_pdf - Processing Online Statements file as Cambridge: Online Statements_2025-03-31 (7).pdf
2025-04-03 10:52:55 - INFO - Arctaris rename_statements.py:1945 - main - Would rename to: Cambridge\2025-03\Arctaris-7 0007 March 2025.pdf
2025-04-03 10:52:55 - INFO - Arctaris rename_statements.py:1925 - main - [58/110] Processing file: Online Statements_2025-03-31 (8).pdf
2025-04-03 10:52:55 - INFO - Arctaris rename_statements.py:170 - process_pdf - Processing Online Statements file as Cambridge: Online Statements_2025-03-31 (8).pdf
2025-04-03 10:52:55 - INFO - Arctaris rename_statements.py:1932 - main - Extracted information: <__main__.StatementInfo object at 0x000002870D834A40>
2025-04-03 10:52:55 - INFO - Arctaris rename_statements.py:170 - process_pdf - Processing Online Statements file as Cambridge: Online Statements_2025-03-31 (8).pdf
2025-04-03 10:52:55 - INFO - Arctaris rename_statements.py:1945 - main - Would rename to: Cambridge\2025-03\Arctaris-8 0008 March 2025.pdf
2025-04-03 10:52:55 - INFO - Arctaris rename_statements.py:1925 - main - [59/110] Processing file: Online Statements_2025-03-31 (9).pdf
2025-04-03 10:52:55 - INFO - Arctaris rename_statements.py:170 - process_pdf - Processing Online Statements file as Cambridge: Online Statements_2025-03-31 (9).pdf
2025-04-03 10:52:55 - INFO - Arctaris rename_statements.py:1932 - main - Extracted information: <__main__.StatementInfo object at 0x000002870D8349B0>
2025-04-03 10:52:55 - INFO - Arctaris rename_statements.py:170 - process_pdf - Processing Online Statements file as Cambridge: Online Statements_2025-03-31 (9).pdf
2025-04-03 10:52:55 - INFO - Arctaris rename_statements.py:1945 - main - Would rename to: Cambridge\2025-03\Arctaris-9 0009 March 2025.pdf
2025-04-03 10:52:55 - INFO - Arctaris rename_statements.py:1925 - main - [60/110] Processing file: Online Statements_2025-03-31.pdf
2025-04-03 10:52:55 - INFO - Arctaris rename_statements.py:170 - process_pdf - Processing Online Statements file as Cambridge: Online Statements_2025-03-31.pdf
2025-04-03 10:52:55 - INFO - Arctaris rename_statements.py:1932 - main - Extracted information: <__main__.StatementInfo object at 0x000002870D834920>
2025-04-03 10:52:55 - INFO - Arctaris rename_statements.py:170 - process_pdf - Processing Online Statements file as Cambridge: Online Statements_2025-03-31.pdf
2025-04-03 10:52:55 - INFO - Arctaris rename_statements.py:1945 - main - Would rename to: Cambridge\2025-03\Arctaris 0000 March 2025.pdf
2025-04-03 10:52:55 - INFO - Arctaris rename_statements.py:1920 - main - 
Processing batch 4 (61-80 of 110)
2025-04-03 10:52:55 - INFO - Arctaris rename_statements.py:1925 - main - [61/110] Processing file: statement_1092246474_2025-03-31.pdf
2025-04-03 10:52:55 - INFO - Arctaris rename_statements.py:303 - process_pdf - Successfully identified bank type: PNC
2025-04-03 10:52:55 - INFO - Arctaris rename_statements.py:1932 - main - Extracted information: <__main__.StatementInfo object at 0x000002870D8342C0>
2025-04-03 10:52:55 - INFO - Arctaris rename_statements.py:303 - process_pdf - Successfully identified bank type: PNC
2025-04-03 10:52:55 - INFO - Arctaris rename_statements.py:1945 - main - Would rename to: PNC\2025-03\ARCTARIS IMPACT SUB-CDE 2 LLC statement_1092246474_2025-03-31.pdf
2025-04-03 10:52:55 - INFO - Arctaris rename_statements.py:1925 - main - [62/110] Processing file: statement_4116465916_2025-03-31.pdf
2025-04-03 10:52:55 - INFO - Arctaris rename_statements.py:303 - process_pdf - Successfully identified bank type: PNC
2025-04-03 10:52:55 - INFO - Arctaris rename_statements.py:1932 - main - Extracted information: <__main__.StatementInfo object at 0x000002870D8DF140>
2025-04-03 10:52:55 - INFO - Arctaris rename_statements.py:303 - process_pdf - Successfully identified bank type: PNC
2025-04-03 10:52:55 - INFO - Arctaris rename_statements.py:1945 - main - Would rename to: PNC\2025-03\MICHIGAN INCOME PRINCIPAL PR statement_4116465916_2025-03-31.pdf
2025-04-03 10:52:55 - INFO - Arctaris rename_statements.py:1925 - main - [63/110] Processing file: statement_4116465932_2025-03-31.pdf
2025-04-03 10:52:55 - INFO - Arctaris rename_statements.py:303 - process_pdf - Successfully identified bank type: PNC
2025-04-03 10:52:55 - INFO - Arctaris rename_statements.py:1932 - main - Extracted information: <__main__.StatementInfo object at 0x000002870B615BE0>
2025-04-03 10:52:55 - INFO - Arctaris rename_statements.py:303 - process_pdf - Successfully identified bank type: PNC
2025-04-03 10:52:55 - INFO - Arctaris rename_statements.py:1945 - main - Would rename to: PNC\2025-03\ARCTARIS MICHIGAN MANAGE statement_4116465932_2025-03-31.pdf
2025-04-03 10:52:55 - INFO - Arctaris rename_statements.py:1925 - main - [64/110] Processing file: statement_4116465959_2025-03-31.pdf
2025-04-03 10:52:55 - INFO - Arctaris rename_statements.py:303 - process_pdf - Successfully identified bank type: PNC
2025-04-03 10:52:55 - INFO - Arctaris rename_statements.py:1932 - main - Extracted information: <__main__.StatementInfo object at 0x000002870D246F60>
2025-04-03 10:52:55 - INFO - Arctaris rename_statements.py:303 - process_pdf - Successfully identified bank type: PNC
2025-04-03 10:52:55 - INFO - Arctaris rename_statements.py:1945 - main - Would rename to: PNC\2025-03\ARCTARIS ROYALTY VENTURES CO-I statement_4116465959_2025-03-31.pdf
2025-04-03 10:52:55 - INFO - Arctaris rename_statements.py:1925 - main - [65/110] Processing file: statement_4130261135_2025-03-31.pdf
2025-04-03 10:52:55 - INFO - Arctaris rename_statements.py:303 - process_pdf - Successfully identified bank type: PNC
2025-04-03 10:52:55 - INFO - Arctaris rename_statements.py:1932 - main - Extracted information: <__main__.StatementInfo object at 0x000002870D2F3320>
2025-04-03 10:52:55 - INFO - Arctaris rename_statements.py:303 - process_pdf - Successfully identified bank type: PNC
2025-04-03 10:52:55 - INFO - Arctaris rename_statements.py:1945 - main - Would rename to: PNC\2025-03\ARCTARIS IMPACT FUND statement_4130261135_2025-03-31.pdf
2025-04-03 10:52:55 - INFO - Arctaris rename_statements.py:1925 - main - [66/110] Processing file: statement_4130263798_2025-03-31.pdf
2025-04-03 10:52:55 - INFO - Arctaris rename_statements.py:303 - process_pdf - Successfully identified bank type: PNC
2025-04-03 10:52:55 - INFO - Arctaris rename_statements.py:1932 - main - Extracted information: <__main__.StatementInfo object at 0x000002870D103080>
2025-04-03 10:52:55 - INFO - Arctaris rename_statements.py:303 - process_pdf - Successfully identified bank type: PNC
2025-04-03 10:52:55 - INFO - Arctaris rename_statements.py:1945 - main - Would rename to: PNC\2025-03\ARP MANAGEMENT statement_4130263798_2025-03-31.pdf
2025-04-03 10:52:55 - INFO - Arctaris rename_statements.py:1925 - main - [67/110] Processing file: statement_4130272854_2025-03-31.pdf
2025-04-03 10:52:55 - INFO - Arctaris rename_statements.py:303 - process_pdf - Successfully identified bank type: PNC
2025-04-03 10:52:55 - INFO - Arctaris rename_statements.py:1932 - main - Extracted information: <__main__.StatementInfo object at 0x000002870D836180>
2025-04-03 10:52:55 - INFO - Arctaris rename_statements.py:303 - process_pdf - Successfully identified bank type: PNC
2025-04-03 10:52:55 - INFO - Arctaris rename_statements.py:1945 - main - Would rename to: PNC\2025-04\ARCTARIS OZ MAN statement_4130272854_2025-03-31.pdf
2025-04-03 10:52:55 - INFO - Arctaris rename_statements.py:1925 - main - [68/110] Processing file: statement_4130275895_2025-03-31.pdf
2025-04-03 10:52:55 - INFO - Arctaris rename_statements.py:303 - process_pdf - Successfully identified bank type: PNC
2025-04-03 10:52:55 - INFO - Arctaris rename_statements.py:1932 - main - Extracted information: <__main__.StatementInfo object at 0x000002870D344B90>
2025-04-03 10:52:55 - INFO - Arctaris rename_statements.py:303 - process_pdf - Successfully identified bank type: PNC
2025-04-03 10:52:55 - INFO - Arctaris rename_statements.py:1945 - main - Would rename to: PNC\2025-03\ARCTARIS SADDLEBACK SKI OPERAT statement_4130275895_2025-03-31.pdf
2025-04-03 10:52:55 - INFO - Arctaris rename_statements.py:1925 - main - [69/110] Processing file: statement_4130279968_2025-03-31.pdf
2025-04-03 10:52:55 - INFO - Arctaris rename_statements.py:303 - process_pdf - Successfully identified bank type: PNC
2025-04-03 10:52:55 - INFO - Arctaris rename_statements.py:1932 - main - Extracted information: <__main__.StatementInfo object at 0x000002870D85F200>
2025-04-03 10:52:55 - INFO - Arctaris rename_statements.py:303 - process_pdf - Successfully identified bank type: PNC
2025-04-03 10:52:55 - INFO - Arctaris rename_statements.py:1945 - main - Would rename to: PNC\2025-03\ARC-IMPACT PROGRAM ERIE LLC statement_4130279968_2025-03-31.pdf
2025-04-03 10:52:55 - INFO - Arctaris rename_statements.py:1925 - main - [70/110] Processing file: statement_4130281339_2025-03-31.pdf
2025-04-03 10:52:55 - INFO - Arctaris rename_statements.py:303 - process_pdf - Successfully identified bank type: PNC
2025-04-03 10:52:55 - INFO - Arctaris rename_statements.py:1932 - main - Extracted information: <__main__.StatementInfo object at 0x000002870D3E07D0>
2025-04-03 10:52:55 - INFO - Arctaris rename_statements.py:303 - process_pdf - Successfully identified bank type: PNC
2025-04-03 10:52:55 - INFO - Arctaris rename_statements.py:1945 - main - Would rename to: PNC\2025-03\ARCTARIS BROADBAND statement_4130281339_2025-03-31.pdf
2025-04-03 10:52:55 - INFO - Arctaris rename_statements.py:1925 - main - [71/110] Processing file: statement_4130281355_2025-03-31.pdf
2025-04-03 10:52:55 - INFO - Arctaris rename_statements.py:303 - process_pdf - Successfully identified bank type: PNC
2025-04-03 10:52:55 - INFO - Arctaris rename_statements.py:1932 - main - Extracted information: <__main__.StatementInfo object at 0x000002870D3E1190>
2025-04-03 10:52:55 - INFO - Arctaris rename_statements.py:303 - process_pdf - Successfully identified bank type: PNC
2025-04-03 10:52:55 - INFO - Arctaris rename_statements.py:1945 - main - Would rename to: PNC\2025-03\ARCTARIS OZ FUND 2020 statement_4130281355_2025-03-31.pdf
2025-04-03 10:52:55 - INFO - Arctaris rename_statements.py:1925 - main - [72/110] Processing file: statement_4130283078_2025-03-31.pdf
2025-04-03 10:52:55 - INFO - Arctaris rename_statements.py:303 - process_pdf - Successfully identified bank type: PNC
2025-04-03 10:52:55 - INFO - Arctaris rename_statements.py:1932 - main - Extracted information: <__main__.StatementInfo object at 0x000002870D85E7B0>
2025-04-03 10:52:55 - INFO - Arctaris rename_statements.py:303 - process_pdf - Successfully identified bank type: PNC
2025-04-03 10:52:55 - INFO - Arctaris rename_statements.py:1945 - main - Would rename to: PNC\2025-03\ARCTARIS IMPACT INVESTORS LLC statement_4130283078_2025-03-31.pdf
2025-04-03 10:52:55 - INFO - Arctaris rename_statements.py:1925 - main - [73/110] Processing file: statement_4130283369_2025-03-31.pdf
2025-04-03 10:52:55 - INFO - Arctaris rename_statements.py:303 - process_pdf - Successfully identified bank type: PNC
2025-04-03 10:52:55 - INFO - Arctaris rename_statements.py:1932 - main - Extracted information: <__main__.StatementInfo object at 0x000002870D31FDD0>
2025-04-03 10:52:55 - INFO - Arctaris rename_statements.py:303 - process_pdf - Successfully identified bank type: PNC
2025-04-03 10:52:55 - INFO - Arctaris rename_statements.py:1945 - main - Would rename to: PNC\2025-03\ARC-IMPACT-PROGRAM SWPA LLC statement_4130283369_2025-03-31.pdf
2025-04-03 10:52:55 - INFO - Arctaris rename_statements.py:1925 - main - [74/110] Processing file: statement_4130283633_2025-03-31.pdf
2025-04-03 10:52:55 - INFO - Arctaris rename_statements.py:303 - process_pdf - Successfully identified bank type: PNC
2025-04-03 10:52:55 - INFO - Arctaris rename_statements.py:1932 - main - Extracted information: <__main__.StatementInfo object at 0x000002870D31FE30>
2025-04-03 10:52:55 - INFO - Arctaris rename_statements.py:303 - process_pdf - Successfully identified bank type: PNC
2025-04-03 10:52:55 - INFO - Arctaris rename_statements.py:1945 - main - Would rename to: PNC\2025-03\ARC-IMPACT PROGRAM CUYAHOGA LLC statement_4130283633_2025-03-31.pdf
2025-04-03 10:52:55 - INFO - Arctaris rename_statements.py:1925 - main - [75/110] Processing file: statement_4130290884_2025-03-31.pdf
2025-04-03 10:52:55 - INFO - Arctaris rename_statements.py:303 - process_pdf - Successfully identified bank type: PNC
2025-04-03 10:52:55 - INFO - Arctaris rename_statements.py:1932 - main - Extracted information: <__main__.StatementInfo object at 0x000002870D103140>
2025-04-03 10:52:55 - INFO - Arctaris rename_statements.py:303 - process_pdf - Successfully identified bank type: PNC
2025-04-03 10:52:55 - INFO - Arctaris rename_statements.py:1945 - main - Would rename to: PNC\2025-03\ARCTARIS INCOME FUND LP statement_4130290884_2025-03-31.pdf
2025-04-03 10:52:55 - INFO - Arctaris rename_statements.py:1925 - main - [76/110] Processing file: statement_4130293022_2025-03-31.pdf
2025-04-03 10:52:55 - INFO - Arctaris rename_statements.py:303 - process_pdf - Successfully identified bank type: PNC
2025-04-03 10:52:55 - INFO - Arctaris rename_statements.py:1932 - main - Extracted information: <__main__.StatementInfo object at 0x000002870D2CD040>
2025-04-03 10:52:55 - INFO - Arctaris rename_statements.py:303 - process_pdf - Successfully identified bank type: PNC
2025-04-03 10:52:55 - INFO - Arctaris rename_statements.py:1945 - main - Would rename to: PNC\2025-03\OZ 2022 FUND statement_4130293022_2025-03-31.pdf
2025-04-03 10:52:55 - INFO - Arctaris rename_statements.py:1925 - main - [77/110] Processing file: statement_4130294324_2025-03-31.pdf
2025-04-03 10:52:55 - INFO - Arctaris rename_statements.py:303 - process_pdf - Successfully identified bank type: PNC
2025-04-03 10:52:55 - INFO - Arctaris rename_statements.py:1932 - main - Extracted information: <__main__.StatementInfo object at 0x000002870D835490>
2025-04-03 10:52:55 - INFO - Arctaris rename_statements.py:303 - process_pdf - Successfully identified bank type: PNC
2025-04-03 10:52:55 - INFO - Arctaris rename_statements.py:1945 - main - Would rename to: PNC\2025-03\ARC-IMPACT-PROGRAM BUFFALO LLC statement_4130294324_2025-03-31.pdf
2025-04-03 10:52:55 - INFO - Arctaris rename_statements.py:1925 - main - [78/110] Processing file: statement_4130294332_2025-03-31.pdf
2025-04-03 10:52:55 - INFO - Arctaris rename_statements.py:303 - process_pdf - Successfully identified bank type: PNC
2025-04-03 10:52:55 - INFO - Arctaris rename_statements.py:1932 - main - Extracted information: <__main__.StatementInfo object at 0x000002870D362600>
2025-04-03 10:52:55 - INFO - Arctaris rename_statements.py:303 - process_pdf - Successfully identified bank type: PNC
2025-04-03 10:52:55 - INFO - Arctaris rename_statements.py:1945 - main - Would rename to: PNC\2025-03\ARC-IMPACT-PROGRAM HARTFORD LL statement_4130294332_2025-03-31.pdf
2025-04-03 10:52:55 - INFO - Arctaris rename_statements.py:1925 - main - [79/110] Processing file: statement_4130294359_2025-03-31.pdf
2025-04-03 10:52:55 - INFO - Arctaris rename_statements.py:303 - process_pdf - Successfully identified bank type: PNC
2025-04-03 10:52:55 - INFO - Arctaris rename_statements.py:1932 - main - Extracted information: <__main__.StatementInfo object at 0x000002870D361AF0>
2025-04-03 10:52:55 - INFO - Arctaris rename_statements.py:303 - process_pdf - Successfully identified bank type: PNC
2025-04-03 10:52:55 - INFO - Arctaris rename_statements.py:1945 - main - Would rename to: PNC\2025-04\ARC-IMPACT-PROGRAM LIMA LLC statement_4130294359_2025-03-31.pdf
2025-04-03 10:52:55 - INFO - Arctaris rename_statements.py:1925 - main - [80/110] Processing file: statement_4130294367_2025-03-31.pdf
2025-04-03 10:52:55 - INFO - Arctaris rename_statements.py:303 - process_pdf - Successfully identified bank type: PNC
2025-04-03 10:52:55 - INFO - Arctaris rename_statements.py:1932 - main - Extracted information: <__main__.StatementInfo object at 0x000002870D1F6390>
2025-04-03 10:52:55 - INFO - Arctaris rename_statements.py:303 - process_pdf - Successfully identified bank type: PNC
2025-04-03 10:52:55 - INFO - Arctaris rename_statements.py:1945 - main - Would rename to: PNC\2025-03\ARC-IMPACT-PROGRAM PITTSBURGH statement_4130294367_2025-03-31.pdf
2025-04-03 10:52:55 - INFO - Arctaris rename_statements.py:1920 - main - 
Processing batch 5 (81-100 of 110)
2025-04-03 10:52:55 - INFO - Arctaris rename_statements.py:1925 - main - [81/110] Processing file: statement_4130294383_2025-03-31.pdf
2025-04-03 10:52:55 - INFO - Arctaris rename_statements.py:303 - process_pdf - Successfully identified bank type: PNC
2025-04-03 10:52:55 - INFO - Arctaris rename_statements.py:1932 - main - Extracted information: <__main__.StatementInfo object at 0x000002870D3E2720>
2025-04-03 10:52:55 - INFO - Arctaris rename_statements.py:303 - process_pdf - Successfully identified bank type: PNC
2025-04-03 10:52:55 - INFO - Arctaris rename_statements.py:1945 - main - Would rename to: PNC\2025-03\PHASE 1B HOLDINGS statement_4130294383_2025-03-31.pdf
2025-04-03 10:52:55 - INFO - Arctaris rename_statements.py:1925 - main - [82/110] Processing file: statement_4130294412_2025-03-31.pdf
2025-04-03 10:52:55 - INFO - Arctaris rename_statements.py:303 - process_pdf - Successfully identified bank type: PNC
2025-04-03 10:52:55 - INFO - Arctaris rename_statements.py:1932 - main - Extracted information: <__main__.StatementInfo object at 0x000002870D835A00>
2025-04-03 10:52:55 - INFO - Arctaris rename_statements.py:303 - process_pdf - Successfully identified bank type: PNC
2025-04-03 10:52:55 - INFO - Arctaris rename_statements.py:1945 - main - Would rename to: PNC\2025-03\ARCTARIS PRODUCT DEV IV statement_4130294412_2025-03-31.pdf
2025-04-03 10:52:55 - INFO - Arctaris rename_statements.py:1925 - main - [83/110] Processing file: statement_4130294447_2025-03-31.pdf
2025-04-03 10:52:55 - INFO - Arctaris rename_statements.py:303 - process_pdf - Successfully identified bank type: PNC
2025-04-03 10:52:55 - INFO - Arctaris rename_statements.py:1932 - main - Extracted information: <__main__.StatementInfo object at 0x000002870D3B3860>
2025-04-03 10:52:55 - INFO - Arctaris rename_statements.py:303 - process_pdf - Successfully identified bank type: PNC
2025-04-03 10:52:55 - INFO - Arctaris rename_statements.py:1945 - main - Would rename to: PNC\2025-03\ARCTARIS PRODUCT DEV VI statement_4130294447_2025-03-31.pdf
2025-04-03 10:52:55 - INFO - Arctaris rename_statements.py:1925 - main - [84/110] Processing file: statement_4130294455_2025-03-31.pdf
2025-04-03 10:52:55 - INFO - Arctaris rename_statements.py:303 - process_pdf - Successfully identified bank type: PNC
2025-04-03 10:52:55 - INFO - Arctaris rename_statements.py:1932 - main - Extracted information: <__main__.StatementInfo object at 0x000002870D85CA40>
2025-04-03 10:52:55 - INFO - Arctaris rename_statements.py:303 - process_pdf - Successfully identified bank type: PNC
2025-04-03 10:52:55 - INFO - Arctaris rename_statements.py:1945 - main - Would rename to: PNC\2025-04\ARCTARIS PRODUCT DEV VII statement_4130294455_2025-03-31.pdf
2025-04-03 10:52:55 - INFO - Arctaris rename_statements.py:1925 - main - [85/110] Processing file: statement_4130297058_2025-03-31.pdf
2025-04-03 10:52:55 - INFO - Arctaris rename_statements.py:303 - process_pdf - Successfully identified bank type: PNC
2025-04-03 10:52:55 - INFO - Arctaris rename_statements.py:1932 - main - Extracted information: <__main__.StatementInfo object at 0x000002870D361010>
2025-04-03 10:52:55 - INFO - Arctaris rename_statements.py:303 - process_pdf - Successfully identified bank type: PNC
2025-04-03 10:52:55 - INFO - Arctaris rename_statements.py:1945 - main - Would rename to: PNC\2025-03\NORTHEAST REAL ESTATE statement_4130297058_2025-03-31.pdf
2025-04-03 10:52:55 - INFO - Arctaris rename_statements.py:1925 - main - [86/110] Processing file: statement_4130297779_2025-03-31.pdf
2025-04-03 10:52:55 - INFO - Arctaris rename_statements.py:303 - process_pdf - Successfully identified bank type: PNC
2025-04-03 10:52:55 - INFO - Arctaris rename_statements.py:1932 - main - Extracted information: <__main__.StatementInfo object at 0x000002870BC5E3C0>
2025-04-03 10:52:55 - INFO - Arctaris rename_statements.py:303 - process_pdf - Successfully identified bank type: PNC
2025-04-03 10:52:55 - INFO - Arctaris rename_statements.py:1945 - main - Would rename to: PNC\2025-03\ARCTARIS IMPACT CDC LLC statement_4130297779_2025-03-31.pdf
2025-04-03 10:52:55 - INFO - Arctaris rename_statements.py:1925 - main - [87/110] Processing file: statement_4130300931_2025-03-31.pdf
2025-04-03 10:52:55 - INFO - Arctaris rename_statements.py:303 - process_pdf - Successfully identified bank type: PNC
2025-04-03 10:52:55 - INFO - Arctaris rename_statements.py:1932 - main - Extracted information: <__main__.StatementInfo object at 0x000002870B615B20>
2025-04-03 10:52:56 - INFO - Arctaris rename_statements.py:303 - process_pdf - Successfully identified bank type: PNC
2025-04-03 10:52:56 - INFO - Arctaris rename_statements.py:1945 - main - Would rename to: PNC\2025-03\ARCTARIS ROYALTY PARTNERS LLC statement_4130300931_2025-03-31.pdf
2025-04-03 10:52:56 - INFO - Arctaris rename_statements.py:1925 - main - [88/110] Processing file: statement_4130301336_2025-03-31.pdf
2025-04-03 10:52:56 - INFO - Arctaris rename_statements.py:303 - process_pdf - Successfully identified bank type: PNC
2025-04-03 10:52:56 - INFO - Arctaris rename_statements.py:1932 - main - Extracted information: <__main__.StatementInfo object at 0x000002870D1D89E0>
2025-04-03 10:52:56 - INFO - Arctaris rename_statements.py:303 - process_pdf - Successfully identified bank type: PNC
2025-04-03 10:52:56 - INFO - Arctaris rename_statements.py:1945 - main - Would rename to: PNC\2025-03\DETROIT AFFORDABLE HOUSING statement_4130301336_2025-03-31.pdf
2025-04-03 10:52:56 - INFO - Arctaris rename_statements.py:1925 - main - [89/110] Processing file: statement_4130301344_2025-03-31.pdf
2025-04-03 10:52:56 - INFO - Arctaris rename_statements.py:303 - process_pdf - Successfully identified bank type: PNC
2025-04-03 10:52:56 - INFO - Arctaris rename_statements.py:1932 - main - Extracted information: <__main__.StatementInfo object at 0x000002870D2F21B0>
2025-04-03 10:52:56 - INFO - Arctaris rename_statements.py:303 - process_pdf - Successfully identified bank type: PNC
2025-04-03 10:52:56 - INFO - Arctaris rename_statements.py:1945 - main - Would rename to: PNC\2025-03\BRADDOCK FLEX statement_4130301344_2025-03-31.pdf
2025-04-03 10:52:56 - INFO - Arctaris rename_statements.py:1925 - main - [90/110] Processing file: statement_4130301694_2025-03-31.pdf
2025-04-03 10:52:56 - INFO - Arctaris rename_statements.py:303 - process_pdf - Successfully identified bank type: PNC
2025-04-03 10:52:56 - INFO - Arctaris rename_statements.py:1932 - main - Extracted information: <__main__.StatementInfo object at 0x000002870D31F8F0>
2025-04-03 10:52:56 - INFO - Arctaris rename_statements.py:303 - process_pdf - Successfully identified bank type: PNC
2025-04-03 10:52:56 - INFO - Arctaris rename_statements.py:1945 - main - Would rename to: PNC\2025-03\SADDLEBACK SERVICES LLC statement_4130301694_2025-03-31.pdf
2025-04-03 10:52:56 - INFO - Arctaris rename_statements.py:1925 - main - [91/110] Processing file: statement_4130301889_2025-03-31.pdf
2025-04-03 10:52:56 - INFO - Arctaris rename_statements.py:303 - process_pdf - Successfully identified bank type: PNC
2025-04-03 10:52:56 - INFO - Arctaris rename_statements.py:1932 - main - Extracted information: <__main__.StatementInfo object at 0x000002870D31FC50>
2025-04-03 10:52:56 - INFO - Arctaris rename_statements.py:303 - process_pdf - Successfully identified bank type: PNC
2025-04-03 10:52:56 - INFO - Arctaris rename_statements.py:1945 - main - Would rename to: PNC\2025-03\NEW ENGLAND INCLUSIVE HOUSING statement_4130301889_2025-03-31.pdf
2025-04-03 10:52:56 - INFO - Arctaris rename_statements.py:1925 - main - [92/110] Processing file: statement_4130301897_2025-03-31.pdf
2025-04-03 10:52:56 - INFO - Arctaris rename_statements.py:303 - process_pdf - Successfully identified bank type: PNC
2025-04-03 10:52:56 - INFO - Arctaris rename_statements.py:1932 - main - Extracted information: <__main__.StatementInfo object at 0x000002870D836840>
2025-04-03 10:52:56 - INFO - Arctaris rename_statements.py:303 - process_pdf - Successfully identified bank type: PNC
2025-04-03 10:52:56 - INFO - Arctaris rename_statements.py:1945 - main - Would rename to: PNC\2025-03\MIDWESTERN DEVELOPMENT I statement_4130301897_2025-03-31.pdf
2025-04-03 10:52:56 - INFO - Arctaris rename_statements.py:1925 - main - [93/110] Processing file: statement_4130301918_2025-03-31.pdf
2025-04-03 10:52:56 - INFO - Arctaris rename_statements.py:303 - process_pdf - Successfully identified bank type: PNC
2025-04-03 10:52:56 - INFO - Arctaris rename_statements.py:1932 - main - Extracted information: <__main__.StatementInfo object at 0x000002870D2F3410>
2025-04-03 10:52:56 - INFO - Arctaris rename_statements.py:303 - process_pdf - Successfully identified bank type: PNC
2025-04-03 10:52:56 - INFO - Arctaris rename_statements.py:1945 - main - Would rename to: PNC\2025-03\MID ATLANTIC INCLUSIVE HOUSING statement_4130301918_2025-03-31.pdf
2025-04-03 10:52:56 - INFO - Arctaris rename_statements.py:1925 - main - [94/110] Processing file: statement_4130301926_2025-03-31.pdf
2025-04-03 10:52:56 - INFO - Arctaris rename_statements.py:303 - process_pdf - Successfully identified bank type: PNC
2025-04-03 10:52:56 - INFO - Arctaris rename_statements.py:1932 - main - Extracted information: <__main__.StatementInfo object at 0x000002870D835550>
2025-04-03 10:52:56 - INFO - Arctaris rename_statements.py:303 - process_pdf - Successfully identified bank type: PNC
2025-04-03 10:52:56 - INFO - Arctaris rename_statements.py:1945 - main - Would rename to: PNC\2025-03\SOUTH EAST DEVELOPMENT statement_4130301926_2025-03-31.pdf
2025-04-03 10:52:56 - INFO - Arctaris rename_statements.py:1925 - main - [95/110] Processing file: statement_4130301934_2025-03-31.pdf
2025-04-03 10:52:56 - INFO - Arctaris rename_statements.py:303 - process_pdf - Successfully identified bank type: PNC
2025-04-03 10:52:56 - INFO - Arctaris rename_statements.py:1932 - main - Extracted information: <__main__.StatementInfo object at 0x000002870D31DC10>
2025-04-03 10:52:56 - INFO - Arctaris rename_statements.py:303 - process_pdf - Successfully identified bank type: PNC
2025-04-03 10:52:56 - INFO - Arctaris rename_statements.py:1945 - main - Would rename to: PNC\2025-03\PENN INCLUSIVE HOUSING statement_4130301934_2025-03-31.pdf
2025-04-03 10:52:56 - INFO - Arctaris rename_statements.py:1925 - main - [96/110] Processing file: statement_4130302128_2025-03-31.pdf
2025-04-03 10:52:56 - INFO - Arctaris rename_statements.py:303 - process_pdf - Successfully identified bank type: PNC
2025-04-03 10:52:56 - INFO - Arctaris rename_statements.py:1932 - main - Extracted information: <__main__.StatementInfo object at 0x000002870D3E0530>
2025-04-03 10:52:56 - INFO - Arctaris rename_statements.py:303 - process_pdf - Successfully identified bank type: PNC
2025-04-03 10:52:56 - INFO - Arctaris rename_statements.py:1945 - main - Would rename to: PNC\2025-03\EASTERN DEVELOPMENT HOUSING statement_4130302128_2025-03-31.pdf
2025-04-03 10:52:56 - INFO - Arctaris rename_statements.py:1925 - main - [97/110] Processing file: statement_4175623128_2025-03-31.pdf
2025-04-03 10:52:56 - INFO - Arctaris rename_statements.py:303 - process_pdf - Successfully identified bank type: PNC
2025-04-03 10:52:56 - INFO - Arctaris rename_statements.py:1932 - main - Extracted information: <__main__.StatementInfo object at 0x000002870D361220>
2025-04-03 10:52:56 - INFO - Arctaris rename_statements.py:303 - process_pdf - Successfully identified bank type: PNC
2025-04-03 10:52:56 - INFO - Arctaris rename_statements.py:1945 - main - Would rename to: PNC\2025-03\ARCTARIS OZ FUND 2024 statement_4175623128_2025-03-31.pdf
2025-04-03 10:52:56 - INFO - Arctaris rename_statements.py:1925 - main - [98/110] Processing file: statement_4176547892_2025-03-31.pdf
2025-04-03 10:52:56 - INFO - Arctaris rename_statements.py:303 - process_pdf - Successfully identified bank type: PNC
2025-04-03 10:52:56 - INFO - Arctaris rename_statements.py:1932 - main - Extracted information: <__main__.StatementInfo object at 0x000002870D3B3410>
2025-04-03 10:52:56 - INFO - Arctaris rename_statements.py:303 - process_pdf - Successfully identified bank type: PNC
2025-04-03 10:52:56 - INFO - Arctaris rename_statements.py:1945 - main - Would rename to: PNC\2025-03\SSP HOLDCO LLC statement_4176547892_2025-03-31.pdf
2025-04-03 10:52:56 - INFO - Arctaris rename_statements.py:1925 - main - [99/110] Processing file: statement_4176565548_2025-03-31.pdf
2025-04-03 10:52:56 - INFO - Arctaris rename_statements.py:303 - process_pdf - Successfully identified bank type: PNC
2025-04-03 10:52:56 - INFO - Arctaris rename_statements.py:1932 - main - Extracted information: <__main__.StatementInfo object at 0x000002870D3B0B90>
2025-04-03 10:52:56 - INFO - Arctaris rename_statements.py:303 - process_pdf - Successfully identified bank type: PNC
2025-04-03 10:52:56 - INFO - Arctaris rename_statements.py:1945 - main - Would rename to: PNC\2025-03\ARCTARIS EAST COAST DEVELOPMEN statement_4176565548_2025-03-31.pdf
2025-04-03 10:52:56 - INFO - Arctaris rename_statements.py:1925 - main - [100/110] Processing file: statement_4176641344_2025-03-31.pdf
2025-04-03 10:52:56 - INFO - Arctaris rename_statements.py:303 - process_pdf - Successfully identified bank type: PNC
2025-04-03 10:52:56 - INFO - Arctaris rename_statements.py:1932 - main - Extracted information: <__main__.StatementInfo object at 0x000002870D2F33E0>
2025-04-03 10:52:56 - INFO - Arctaris rename_statements.py:303 - process_pdf - Successfully identified bank type: PNC
2025-04-03 10:52:56 - INFO - Arctaris rename_statements.py:1945 - main - Would rename to: PNC\2025-03\GREATER ERIE STRATEGIC INVESTM statement_4176641344_2025-03-31.pdf
2025-04-03 10:52:56 - INFO - Arctaris rename_statements.py:1920 - main - 
Processing batch 6 (101-110 of 110)
2025-04-03 10:52:56 - INFO - Arctaris rename_statements.py:1925 - main - [101/110] Processing file: statement_4176706259_2025-03-31.pdf
2025-04-03 10:52:56 - INFO - Arctaris rename_statements.py:303 - process_pdf - Successfully identified bank type: PNC
2025-04-03 10:52:56 - INFO - Arctaris rename_statements.py:1932 - main - Extracted information: <__main__.StatementInfo object at 0x000002870D2F3B90>
2025-04-03 10:52:56 - INFO - Arctaris rename_statements.py:303 - process_pdf - Successfully identified bank type: PNC
2025-04-03 10:52:56 - INFO - Arctaris rename_statements.py:1945 - main - Would rename to: PNC\2025-03\ARCTARIS ADVISORY HOLDING LLC statement_4176706259_2025-03-31.pdf
2025-04-03 10:52:56 - INFO - Arctaris rename_statements.py:1925 - main - [102/110] Processing file: statement_4176786746_2025-03-31.pdf
2025-04-03 10:52:56 - INFO - Arctaris rename_statements.py:303 - process_pdf - Successfully identified bank type: PNC
2025-04-03 10:52:56 - INFO - Arctaris rename_statements.py:1932 - main - Extracted information: <__main__.StatementInfo object at 0x000002870D2F3D10>
2025-04-03 10:52:56 - INFO - Arctaris rename_statements.py:303 - process_pdf - Successfully identified bank type: PNC
2025-04-03 10:52:56 - INFO - Arctaris rename_statements.py:1945 - main - Would rename to: PNC\2025-03\ARC-IMPACT PROGRAM CT LLC statement_4176786746_2025-03-31.pdf
2025-04-03 10:52:56 - INFO - Arctaris rename_statements.py:1925 - main - [103/110] Processing file: statement_4176790542_2025-03-31.pdf
2025-04-03 10:52:56 - INFO - Arctaris rename_statements.py:303 - process_pdf - Successfully identified bank type: PNC
2025-04-03 10:52:56 - INFO - Arctaris rename_statements.py:1932 - main - Extracted information: <__main__.StatementInfo object at 0x000002870D3E3980>
2025-04-03 10:52:56 - INFO - Arctaris rename_statements.py:303 - process_pdf - Successfully identified bank type: PNC
2025-04-03 10:52:56 - INFO - Arctaris rename_statements.py:1945 - main - Would rename to: PNC\2025-03\ARCTARIS HOLDCO LLC statement_4176790542_2025-03-31.pdf
2025-04-03 10:52:56 - INFO - Arctaris rename_statements.py:1925 - main - [104/110] Processing file: statement_4176790577_2025-03-31.pdf
2025-04-03 10:52:56 - INFO - Arctaris rename_statements.py:303 - process_pdf - Successfully identified bank type: PNC
2025-04-03 10:52:56 - INFO - Arctaris rename_statements.py:1932 - main - Extracted information: <__main__.StatementInfo object at 0x000002870D3B1070>
2025-04-03 10:52:56 - INFO - Arctaris rename_statements.py:303 - process_pdf - Successfully identified bank type: PNC
2025-04-03 10:52:56 - INFO - Arctaris rename_statements.py:1945 - main - Would rename to: PNC\2025-03\TOWER PERSONAL SERVICES LLC statement_4176790577_2025-03-31.pdf
2025-04-03 10:52:56 - INFO - Arctaris rename_statements.py:1925 - main - [105/110] Processing file: statement_4176790593_2025-03-31.pdf
2025-04-03 10:52:56 - INFO - Arctaris rename_statements.py:303 - process_pdf - Successfully identified bank type: PNC
2025-04-03 10:52:56 - INFO - Arctaris rename_statements.py:1932 - main - Extracted information: <__main__.StatementInfo object at 0x000002870D3B13D0>
2025-04-03 10:52:56 - INFO - Arctaris rename_statements.py:303 - process_pdf - Successfully identified bank type: PNC
2025-04-03 10:52:56 - INFO - Arctaris rename_statements.py:1945 - main - Would rename to: PNC\2025-03\ARCTARIS MANAGEMENT CO LLC statement_4176790593_2025-03-31.pdf
2025-04-03 10:52:56 - INFO - Arctaris rename_statements.py:1925 - main - [106/110] Processing file: statement_4179447491_2025-03-31.pdf
2025-04-03 10:52:56 - INFO - Arctaris rename_statements.py:303 - process_pdf - Successfully identified bank type: PNC
2025-04-03 10:52:56 - INFO - Arctaris rename_statements.py:1932 - main - Extracted information: <__main__.StatementInfo object at 0x000002870D362FC0>
2025-04-03 10:52:56 - INFO - Arctaris rename_statements.py:303 - process_pdf - Successfully identified bank type: PNC
2025-04-03 10:52:56 - INFO - Arctaris rename_statements.py:1945 - main - Would rename to: PNC\2025-03\ARCTARIS MICHIGAN PARTNERS LLC statement_4179447491_2025-03-31.pdf
2025-04-03 10:52:56 - INFO - Arctaris rename_statements.py:1925 - main - [107/110] Processing file: statement_4179559231_2025-03-31.pdf
2025-04-03 10:52:56 - INFO - Arctaris rename_statements.py:303 - process_pdf - Successfully identified bank type: PNC
2025-04-03 10:52:56 - INFO - Arctaris rename_statements.py:1932 - main - Extracted information: <__main__.StatementInfo object at 0x000002870D3B3E90>
2025-04-03 10:52:56 - INFO - Arctaris rename_statements.py:303 - process_pdf - Successfully identified bank type: PNC
2025-04-03 10:52:56 - INFO - Arctaris rename_statements.py:1945 - main - Would rename to: PNC\2025-03\ARCTARIS REAL ESTATE MANAGEMEN statement_4179559231_2025-03-31.pdf
2025-04-03 10:52:56 - INFO - Arctaris rename_statements.py:1925 - main - [108/110] Processing file: statement_4179559338_2025-03-31.pdf
2025-04-03 10:52:56 - INFO - Arctaris rename_statements.py:303 - process_pdf - Successfully identified bank type: PNC
2025-04-03 10:52:56 - INFO - Arctaris rename_statements.py:1932 - main - Extracted information: <__main__.StatementInfo object at 0x000002870D85DD30>
2025-04-03 10:52:56 - INFO - Arctaris rename_statements.py:303 - process_pdf - Successfully identified bank type: PNC
2025-04-03 10:52:56 - INFO - Arctaris rename_statements.py:1945 - main - Would rename to: PNC\2025-03\ARCTARIS HOUSING CO LLC statement_4179559338_2025-03-31.pdf
2025-04-03 10:52:56 - INFO - Arctaris rename_statements.py:1925 - main - [109/110] Processing file: statement_4179667988_2025-03-31.pdf
2025-04-03 10:52:56 - INFO - Arctaris rename_statements.py:303 - process_pdf - Successfully identified bank type: PNC
2025-04-03 10:52:56 - INFO - Arctaris rename_statements.py:1932 - main - Extracted information: <__main__.StatementInfo object at 0x000002870D3E2C90>
2025-04-03 10:52:56 - INFO - Arctaris rename_statements.py:303 - process_pdf - Successfully identified bank type: PNC
2025-04-03 10:52:56 - INFO - Arctaris rename_statements.py:1945 - main - Would rename to: PNC\2025-03\ARCTARIS MIDWEST DEV II statement_4179667988_2025-03-31.pdf
2025-04-03 10:52:56 - INFO - Arctaris rename_statements.py:1925 - main - [110/110] Processing file: statement_4698117603_2025-03-31.pdf
2025-04-03 10:52:56 - INFO - Arctaris rename_statements.py:303 - process_pdf - Successfully identified bank type: PNC
2025-04-03 10:52:56 - INFO - Arctaris rename_statements.py:1932 - main - Extracted information: <__main__.StatementInfo object at 0x000002870D361880>
2025-04-03 10:52:56 - INFO - Arctaris rename_statements.py:303 - process_pdf - Successfully identified bank type: PNC
2025-04-03 10:52:56 - INFO - Arctaris rename_statements.py:1945 - main - Would rename to: PNC\2025-03\ARCTARIS OZ FUND 2019 statement_4698117603_2025-03-31.pdf
2025-04-03 10:52:56 - INFO - Arctaris rename_statements.py:2001 - main - 
Dry run completed in 2.60 seconds.
2025-04-03 10:52:56 - INFO - Arctaris rename_statements.py:2005 - main - Preview checklist saved to: checklists\preview_checklist_20250403_105256.csv
2025-04-03 10:52:56 - INFO - Arctaris rename_statements.py:2009 - main - 110 files would be processed.
